running egg_info
writing ../build/autonomy_manager/autonomy_manager.egg-info/PKG-INFO
writing dependency_links to ../build/autonomy_manager/autonomy_manager.egg-info/dependency_links.txt
writing entry points to ../build/autonomy_manager/autonomy_manager.egg-info/entry_points.txt
writing requirements to ../build/autonomy_manager/autonomy_manager.egg-info/requires.txt
writing top-level names to ../build/autonomy_manager/autonomy_manager.egg-info/top_level.txt
reading manifest file '../build/autonomy_manager/autonomy_manager.egg-info/SOURCES.txt'
writing manifest file '../build/autonomy_manager/autonomy_manager.egg-info/SOURCES.txt'
running build
running build_py
running install
running install_lib
byte-compiling /home/jetson/f1tenth2_ws/src/f1tenth_workspace_airos/install/autonomy_manager/lib/python3.8/site-packages/autonomy_manager/autonomy_manager_node.py to autonomy_manager_node.cpython-38.pyc
running install_data
copying launch/navigation.launch.py -> /home/jetson/f1tenth2_ws/src/f1tenth_workspace_airos/install/autonomy_manager/share/autonomy_manager/launch
running install_egg_info
removing '/home/jetson/f1tenth2_ws/src/f1tenth_workspace_airos/install/autonomy_manager/lib/python3.8/site-packages/autonomy_manager-0.0.0-py3.8.egg-info' (and everything under it)
Copying ../build/autonomy_manager/autonomy_manager.egg-info to /home/jetson/f1tenth2_ws/src/f1tenth_workspace_airos/install/autonomy_manager/lib/python3.8/site-packages/autonomy_manager-0.0.0-py3.8.egg-info
running install_scripts
Installing autonomy_manager_node script to /home/jetson/f1tenth2_ws/src/f1tenth_workspace_airos/install/autonomy_manager/lib/autonomy_manager
writing list of installed files to '/home/jetson/f1tenth2_ws/src/f1tenth_workspace_airos/build/autonomy_manager/install.log'
