[4.222s] Invoking command in '/home/jetson/f1tenth2_ws/src/f1tenth_workspace_airos/autonomy_manager': PYTHONPATH=/home/jetson/f1tenth2_ws/src/f1tenth_workspace_airos/build/autonomy_manager/prefix_override:/usr/lib/python3/dist-packages/colcon_core/task/python/colcon_distutils_commands:/home/jetson/f1tenth2_ws/src/f1tenth_workspace_airos/install/autonomy_manager/lib/python3.8/site-packages:${PYTHONPATH} /usr/bin/python3 -W ignore:setup.py install is deprecated -W ignore:easy_install command is deprecated setup.py egg_info --egg-base ../build/autonomy_manager build --build-base /home/jetson/f1tenth2_ws/src/f1tenth_workspace_airos/build/autonomy_manager/build install --record /home/jetson/f1tenth2_ws/src/f1tenth_workspace_airos/build/autonomy_manager/install.log --install-scripts $base/lib/autonomy_manager --single-version-externally-managed install_data
[5.446s] running egg_info
[5.448s] writing ../build/autonomy_manager/autonomy_manager.egg-info/PKG-INFO
[5.449s] writing dependency_links to ../build/autonomy_manager/autonomy_manager.egg-info/dependency_links.txt
[5.451s] writing entry points to ../build/autonomy_manager/autonomy_manager.egg-info/entry_points.txt
[5.451s] writing requirements to ../build/autonomy_manager/autonomy_manager.egg-info/requires.txt
[5.452s] writing top-level names to ../build/autonomy_manager/autonomy_manager.egg-info/top_level.txt
[5.597s] reading manifest file '../build/autonomy_manager/autonomy_manager.egg-info/SOURCES.txt'
[5.601s] writing manifest file '../build/autonomy_manager/autonomy_manager.egg-info/SOURCES.txt'
[5.603s] running build
[5.603s] running build_py
[5.603s] running install
[5.607s] running install_lib
[5.614s] byte-compiling /home/jetson/f1tenth2_ws/src/f1tenth_workspace_airos/install/autonomy_manager/lib/python3.8/site-packages/autonomy_manager/autonomy_manager_node.py to autonomy_manager_node.cpython-38.pyc
[5.618s] Sorry: TabError: inconsistent use of tabs and spaces in indentation (autonomy_manager_node.py, line 26)
[5.619s] running install_data
[5.619s] copying launch/navigation.launch.py -> /home/jetson/f1tenth2_ws/src/f1tenth_workspace_airos/install/autonomy_manager/share/autonomy_manager/launch
[5.620s] running install_egg_info
[5.628s] removing '/home/jetson/f1tenth2_ws/src/f1tenth_workspace_airos/install/autonomy_manager/lib/python3.8/site-packages/autonomy_manager-0.0.0-py3.8.egg-info' (and everything under it)
[5.629s] Copying ../build/autonomy_manager/autonomy_manager.egg-info to /home/jetson/f1tenth2_ws/src/f1tenth_workspace_airos/install/autonomy_manager/lib/python3.8/site-packages/autonomy_manager-0.0.0-py3.8.egg-info
[5.634s] running install_scripts
[5.710s] Installing autonomy_manager_node script to /home/jetson/f1tenth2_ws/src/f1tenth_workspace_airos/install/autonomy_manager/lib/autonomy_manager
[5.711s] writing list of installed files to '/home/jetson/f1tenth2_ws/src/f1tenth_workspace_airos/build/autonomy_manager/install.log'
[6.250s] Invoked command in '/home/jetson/f1tenth2_ws/src/f1tenth_workspace_airos/autonomy_manager' returned '0': PYTHONPATH=/home/jetson/f1tenth2_ws/src/f1tenth_workspace_airos/build/autonomy_manager/prefix_override:/usr/lib/python3/dist-packages/colcon_core/task/python/colcon_distutils_commands:/home/jetson/f1tenth2_ws/src/f1tenth_workspace_airos/install/autonomy_manager/lib/python3.8/site-packages:${PYTHONPATH} /usr/bin/python3 -W ignore:setup.py install is deprecated -W ignore:easy_install command is deprecated setup.py egg_info --egg-base ../build/autonomy_manager build --build-base /home/jetson/f1tenth2_ws/src/f1tenth_workspace_airos/build/autonomy_manager/build install --record /home/jetson/f1tenth2_ws/src/f1tenth_workspace_airos/build/autonomy_manager/install.log --install-scripts $base/lib/autonomy_manager --single-version-externally-managed install_data
