[2.664s] Invoking command in '/home/jetson/f1tenth2_ws/src/f1tenth_workspace_airos/f1tenth_system/f1tenth_stack': AMENT_PREFIX_PATH=/home/jetson/f1tenth2_ws/src/f1tenth_workspace_airos/install/vesc:/home/jetson/f1tenth2_ws/src/f1tenth_workspace_airos/install/vesc_driver:/home/jetson/f1tenth2_ws/src/f1tenth_workspace_airos/install/vesc_ackermann:/home/jetson/f1tenth2_ws/src/f1tenth_workspace_airos/install/joy_teleop:/home/jetson/f1tenth2_ws/src/f1tenth_workspace_airos/install/vesc_msgs:/home/jetson/f1tenth2_ws/src/f1tenth_workspace_airos/install/teleop_tools_msgs:/home/jetson/f1tenth2_ws/src/f1tenth_workspace_airos/install/ackermann_mux:${AMENT_PREFIX_PATH} CMAKE_PREFIX_PATH=/home/jetson/f1tenth2_ws/src/f1tenth_workspace_airos/install/vesc:/home/jetson/f1tenth2_ws/src/f1tenth_workspace_airos/install/vesc_driver:/home/jetson/f1tenth2_ws/src/f1tenth_workspace_airos/install/vesc_ackermann:/home/jetson/f1tenth2_ws/src/f1tenth_workspace_airos/install/vesc_msgs:/home/jetson/f1tenth2_ws/src/f1tenth_workspace_airos/install/teleop_tools_msgs:/home/jetson/f1tenth2_ws/src/f1tenth_workspace_airos/install/ackermann_mux LD_LIBRARY_PATH=/home/jetson/f1tenth2_ws/src/f1tenth_workspace_airos/install/vesc_driver/lib:/home/jetson/f1tenth2_ws/src/f1tenth_workspace_airos/install/vesc_ackermann/lib:/home/jetson/f1tenth2_ws/src/f1tenth_workspace_airos/install/vesc_msgs/lib:/home/jetson/f1tenth2_ws/src/f1tenth_workspace_airos/install/teleop_tools_msgs/lib:${LD_LIBRARY_PATH} PYTHONPATH=/home/jetson/f1tenth2_ws/src/f1tenth_workspace_airos/build/f1tenth_stack/prefix_override:/usr/lib/python3/dist-packages/colcon_core/task/python/colcon_distutils_commands:/home/jetson/f1tenth2_ws/src/f1tenth_workspace_airos/install/f1tenth_stack/lib/python3.8/site-packages:/home/jetson/f1tenth2_ws/src/f1tenth_workspace_airos/install/joy_teleop/lib/python3.8/site-packages:/home/jetson/f1tenth2_ws/src/f1tenth_workspace_airos/install/vesc_msgs/lib/python3.8/site-packages:/home/jetson/f1tenth2_ws/src/f1tenth_workspace_airos/install/teleop_tools_msgs/lib/python3.8/site-packages:${PYTHONPATH} /usr/bin/python3 -W ignore:setup.py install is deprecated -W ignore:easy_install command is deprecated setup.py egg_info --egg-base ../../build/f1tenth_stack build --build-base /home/jetson/f1tenth2_ws/src/f1tenth_workspace_airos/build/f1tenth_stack/build install --record /home/jetson/f1tenth2_ws/src/f1tenth_workspace_airos/build/f1tenth_stack/install.log --install-scripts $base/lib/f1tenth_stack --single-version-externally-managed install_data
[3.528s] running egg_info
[3.530s] creating ../../build/f1tenth_stack/f1tenth_stack.egg-info
[3.531s] writing ../../build/f1tenth_stack/f1tenth_stack.egg-info/PKG-INFO
[3.532s] writing dependency_links to ../../build/f1tenth_stack/f1tenth_stack.egg-info/dependency_links.txt
[3.532s] writing entry points to ../../build/f1tenth_stack/f1tenth_stack.egg-info/entry_points.txt
[3.533s] writing requirements to ../../build/f1tenth_stack/f1tenth_stack.egg-info/requires.txt
[3.533s] writing top-level names to ../../build/f1tenth_stack/f1tenth_stack.egg-info/top_level.txt
[3.538s] writing manifest file '../../build/f1tenth_stack/f1tenth_stack.egg-info/SOURCES.txt'
[3.668s] reading manifest file '../../build/f1tenth_stack/f1tenth_stack.egg-info/SOURCES.txt'
[3.672s] writing manifest file '../../build/f1tenth_stack/f1tenth_stack.egg-info/SOURCES.txt'
[3.672s] running build
[3.672s] running build_py
[3.673s] creating /home/jetson/f1tenth2_ws/src/f1tenth_workspace_airos/build/f1tenth_stack/build
[3.674s] creating /home/jetson/f1tenth2_ws/src/f1tenth_workspace_airos/build/f1tenth_stack/build/lib
[3.674s] creating /home/jetson/f1tenth2_ws/src/f1tenth_workspace_airos/build/f1tenth_stack/build/lib/f1tenth_stack
[3.674s] copying f1tenth_stack/throttle_interpolator.py -> /home/jetson/f1tenth2_ws/src/f1tenth_workspace_airos/build/f1tenth_stack/build/lib/f1tenth_stack
[3.675s] copying f1tenth_stack/tf_publisher.py -> /home/jetson/f1tenth2_ws/src/f1tenth_workspace_airos/build/f1tenth_stack/build/lib/f1tenth_stack
[3.676s] copying f1tenth_stack/__init__.py -> /home/jetson/f1tenth2_ws/src/f1tenth_workspace_airos/build/f1tenth_stack/build/lib/f1tenth_stack
[3.677s] running install
[3.680s] running install_lib
[3.684s] creating /home/jetson/f1tenth2_ws/src/f1tenth_workspace_airos/install/f1tenth_stack/lib/python3.8/site-packages/f1tenth_stack
[3.684s] copying /home/jetson/f1tenth2_ws/src/f1tenth_workspace_airos/build/f1tenth_stack/build/lib/f1tenth_stack/throttle_interpolator.py -> /home/jetson/f1tenth2_ws/src/f1tenth_workspace_airos/install/f1tenth_stack/lib/python3.8/site-packages/f1tenth_stack
[3.685s] copying /home/jetson/f1tenth2_ws/src/f1tenth_workspace_airos/build/f1tenth_stack/build/lib/f1tenth_stack/tf_publisher.py -> /home/jetson/f1tenth2_ws/src/f1tenth_workspace_airos/install/f1tenth_stack/lib/python3.8/site-packages/f1tenth_stack
[3.686s] copying /home/jetson/f1tenth2_ws/src/f1tenth_workspace_airos/build/f1tenth_stack/build/lib/f1tenth_stack/__init__.py -> /home/jetson/f1tenth2_ws/src/f1tenth_workspace_airos/install/f1tenth_stack/lib/python3.8/site-packages/f1tenth_stack
[3.688s] byte-compiling /home/jetson/f1tenth2_ws/src/f1tenth_workspace_airos/install/f1tenth_stack/lib/python3.8/site-packages/f1tenth_stack/throttle_interpolator.py to throttle_interpolator.cpython-38.pyc
[3.696s] byte-compiling /home/jetson/f1tenth2_ws/src/f1tenth_workspace_airos/install/f1tenth_stack/lib/python3.8/site-packages/f1tenth_stack/tf_publisher.py to tf_publisher.cpython-38.pyc
[3.697s] byte-compiling /home/jetson/f1tenth2_ws/src/f1tenth_workspace_airos/install/f1tenth_stack/lib/python3.8/site-packages/f1tenth_stack/__init__.py to __init__.cpython-38.pyc
[3.698s] running install_data
[3.699s] creating /home/jetson/f1tenth2_ws/src/f1tenth_workspace_airos/install/f1tenth_stack/share/ament_index
[3.699s] creating /home/jetson/f1tenth2_ws/src/f1tenth_workspace_airos/install/f1tenth_stack/share/ament_index/resource_index
[3.699s] creating /home/jetson/f1tenth2_ws/src/f1tenth_workspace_airos/install/f1tenth_stack/share/ament_index/resource_index/packages
[3.700s] copying resource/f1tenth_stack -> /home/jetson/f1tenth2_ws/src/f1tenth_workspace_airos/install/f1tenth_stack/share/ament_index/resource_index/packages
[3.700s] copying package.xml -> /home/jetson/f1tenth2_ws/src/f1tenth_workspace_airos/install/f1tenth_stack/share/f1tenth_stack
[3.701s] creating /home/jetson/f1tenth2_ws/src/f1tenth_workspace_airos/install/f1tenth_stack/share/f1tenth_stack/launch
[3.701s] copying launch/bringup_launch.py -> /home/jetson/f1tenth2_ws/src/f1tenth_workspace_airos/install/f1tenth_stack/share/f1tenth_stack/launch
[3.701s] copying launch/amcl_f1tenth.launch.py -> /home/jetson/f1tenth2_ws/src/f1tenth_workspace_airos/install/f1tenth_stack/share/f1tenth_stack/launch
[3.702s] copying launch/slam.launch.py -> /home/jetson/f1tenth2_ws/src/f1tenth_workspace_airos/install/f1tenth_stack/share/f1tenth_stack/launch
[3.703s] creating /home/jetson/f1tenth2_ws/src/f1tenth_workspace_airos/install/f1tenth_stack/share/f1tenth_stack/config
[3.703s] copying config/sensors.yaml -> /home/jetson/f1tenth2_ws/src/f1tenth_workspace_airos/install/f1tenth_stack/share/f1tenth_stack/config
[3.704s] copying config/joy_teleop.yaml -> /home/jetson/f1tenth2_ws/src/f1tenth_workspace_airos/install/f1tenth_stack/share/f1tenth_stack/config
[3.705s] copying config/mux.yaml -> /home/jetson/f1tenth2_ws/src/f1tenth_workspace_airos/install/f1tenth_stack/share/f1tenth_stack/config
[3.705s] copying config/vesc.yaml -> /home/jetson/f1tenth2_ws/src/f1tenth_workspace_airos/install/f1tenth_stack/share/f1tenth_stack/config
[3.706s] copying config/slam_toolbox.yaml -> /home/jetson/f1tenth2_ws/src/f1tenth_workspace_airos/install/f1tenth_stack/share/f1tenth_stack/config
[3.707s] copying config/f1tenth_online_async.yaml -> /home/jetson/f1tenth2_ws/src/f1tenth_workspace_airos/install/f1tenth_stack/share/f1tenth_stack/config
[3.708s] creating /home/jetson/f1tenth2_ws/src/f1tenth_workspace_airos/install/f1tenth_stack/share/f1tenth_stack/maps
[3.708s] copying maps/mapa1.yaml -> /home/jetson/f1tenth2_ws/src/f1tenth_workspace_airos/install/f1tenth_stack/share/f1tenth_stack/maps
[3.709s] copying maps/crespo.yaml -> /home/jetson/f1tenth2_ws/src/f1tenth_workspace_airos/install/f1tenth_stack/share/f1tenth_stack/maps
[3.709s] copying maps/mapa1.pgm -> /home/jetson/f1tenth2_ws/src/f1tenth_workspace_airos/install/f1tenth_stack/share/f1tenth_stack/maps
[3.710s] copying maps/crespo.pgm -> /home/jetson/f1tenth2_ws/src/f1tenth_workspace_airos/install/f1tenth_stack/share/f1tenth_stack/maps
[3.711s] running install_egg_info
[3.718s] Copying ../../build/f1tenth_stack/f1tenth_stack.egg-info to /home/jetson/f1tenth2_ws/src/f1tenth_workspace_airos/install/f1tenth_stack/lib/python3.8/site-packages/f1tenth_stack-0.0.1-py3.8.egg-info
[3.722s] running install_scripts
[3.785s] Installing tf_publisher script to /home/jetson/f1tenth2_ws/src/f1tenth_workspace_airos/install/f1tenth_stack/lib/f1tenth_stack
[3.785s] Installing throttle_interpolator script to /home/jetson/f1tenth2_ws/src/f1tenth_workspace_airos/install/f1tenth_stack/lib/f1tenth_stack
[3.786s] writing list of installed files to '/home/jetson/f1tenth2_ws/src/f1tenth_workspace_airos/build/f1tenth_stack/install.log'
[3.874s] Invoked command in '/home/jetson/f1tenth2_ws/src/f1tenth_workspace_airos/f1tenth_system/f1tenth_stack' returned '0': AMENT_PREFIX_PATH=/home/jetson/f1tenth2_ws/src/f1tenth_workspace_airos/install/vesc:/home/jetson/f1tenth2_ws/src/f1tenth_workspace_airos/install/vesc_driver:/home/jetson/f1tenth2_ws/src/f1tenth_workspace_airos/install/vesc_ackermann:/home/jetson/f1tenth2_ws/src/f1tenth_workspace_airos/install/joy_teleop:/home/jetson/f1tenth2_ws/src/f1tenth_workspace_airos/install/vesc_msgs:/home/jetson/f1tenth2_ws/src/f1tenth_workspace_airos/install/teleop_tools_msgs:/home/jetson/f1tenth2_ws/src/f1tenth_workspace_airos/install/ackermann_mux:${AMENT_PREFIX_PATH} CMAKE_PREFIX_PATH=/home/jetson/f1tenth2_ws/src/f1tenth_workspace_airos/install/vesc:/home/jetson/f1tenth2_ws/src/f1tenth_workspace_airos/install/vesc_driver:/home/jetson/f1tenth2_ws/src/f1tenth_workspace_airos/install/vesc_ackermann:/home/jetson/f1tenth2_ws/src/f1tenth_workspace_airos/install/vesc_msgs:/home/jetson/f1tenth2_ws/src/f1tenth_workspace_airos/install/teleop_tools_msgs:/home/jetson/f1tenth2_ws/src/f1tenth_workspace_airos/install/ackermann_mux LD_LIBRARY_PATH=/home/jetson/f1tenth2_ws/src/f1tenth_workspace_airos/install/vesc_driver/lib:/home/jetson/f1tenth2_ws/src/f1tenth_workspace_airos/install/vesc_ackermann/lib:/home/jetson/f1tenth2_ws/src/f1tenth_workspace_airos/install/vesc_msgs/lib:/home/jetson/f1tenth2_ws/src/f1tenth_workspace_airos/install/teleop_tools_msgs/lib:${LD_LIBRARY_PATH} PYTHONPATH=/home/jetson/f1tenth2_ws/src/f1tenth_workspace_airos/build/f1tenth_stack/prefix_override:/usr/lib/python3/dist-packages/colcon_core/task/python/colcon_distutils_commands:/home/jetson/f1tenth2_ws/src/f1tenth_workspace_airos/install/f1tenth_stack/lib/python3.8/site-packages:/home/jetson/f1tenth2_ws/src/f1tenth_workspace_airos/install/joy_teleop/lib/python3.8/site-packages:/home/jetson/f1tenth2_ws/src/f1tenth_workspace_airos/install/vesc_msgs/lib/python3.8/site-packages:/home/jetson/f1tenth2_ws/src/f1tenth_workspace_airos/install/teleop_tools_msgs/lib/python3.8/site-packages:${PYTHONPATH} /usr/bin/python3 -W ignore:setup.py install is deprecated -W ignore:easy_install command is deprecated setup.py egg_info --egg-base ../../build/f1tenth_stack build --build-base /home/jetson/f1tenth2_ws/src/f1tenth_workspace_airos/build/f1tenth_stack/build install --record /home/jetson/f1tenth2_ws/src/f1tenth_workspace_airos/build/f1tenth_stack/install.log --install-scripts $base/lib/f1tenth_stack --single-version-externally-managed install_data
