[0.192s] Invoking command in '/home/jetson/f1tenth2_ws/src/f1tenth_workspace_airos/build/teleop_tools_msgs': CMAKE_PREFIX_PATH=${CMAKE_PREFIX_PATH}:/home/jetson/f1tenth2_ws/src/f1tenth_workspace_airos/install/f1tenth_stack:/home/jetson/f1tenth2_ws/src/f1tenth_workspace_airos/install/joy_teleop:/home/jetson/f1tenth2_ws/src/f1tenth_workspace_airos/install/mouse_teleop:/home/jetson/f1tenth2_ws/src/f1tenth_workspace_airos/install/key_teleop:/home/jetson/f1tenth2_ws/src/f1tenth_workspace_airos/install/autonomy_manager:/home/jetson/f1tenth2_ws/src/f1tenth_workspace_airos/install/RPP_node:/home/jetson/f1tenth2_ws/src/f1tenth_workspace_airos/install/FTG_node:/home/jetson/f1tenth2_ws/install/f1tenth_stack:/home/jetson/f1tenth2_ws/install/joy_teleop:/home/jetson/f1tenth2_ws/install/mouse_teleop:/home/jetson/f1tenth2_ws/install/key_teleop:/home/jetson/f1tenth2_ws/install/autonomy_manager:/home/jetson/f1tenth2_ws/install/RPP_node:/home/jetson/f1tenth2_ws/install/FTG_node:/opt/ros/foxy /usr/bin/cmake --build /home/jetson/f1tenth2_ws/src/f1tenth_workspace_airos/build/teleop_tools_msgs -- -j4 -l4
[0.554s] [  3%] Built target teleop_tools_msgs__cpp
[0.593s] [ 12%] Built target teleop_tools_msgs__rosidl_generator_c
[0.771s] [ 22%] Built target teleop_tools_msgs__rosidl_typesupport_introspection_cpp
[0.803s] [ 32%] Built target teleop_tools_msgs__rosidl_typesupport_cpp
[0.837s] [ 41%] Built target teleop_tools_msgs__rosidl_typesupport_introspection_c
[0.898s] [ 51%] Built target teleop_tools_msgs__rosidl_typesupport_fastrtps_cpp
[0.978s] [ 61%] Built target teleop_tools_msgs__rosidl_typesupport_c
[1.102s] [ 70%] Built target teleop_tools_msgs__rosidl_typesupport_fastrtps_c
[1.209s] [ 70%] Built target teleop_tools_msgs
[1.328s] [ 74%] Built target teleop_tools_msgs__py
[1.465s] [ 80%] Built target teleop_tools_msgs__python
[1.650s] [ 87%] Built target teleop_tools_msgs__rosidl_typesupport_c__pyext
[1.658s] [ 93%] Built target teleop_tools_msgs__rosidl_typesupport_introspection_c__pyext
[1.709s] [100%] Built target teleop_tools_msgs__rosidl_typesupport_fastrtps_c__pyext
[1.821s] Invoked command in '/home/jetson/f1tenth2_ws/src/f1tenth_workspace_airos/build/teleop_tools_msgs' returned '0': CMAKE_PREFIX_PATH=${CMAKE_PREFIX_PATH}:/home/jetson/f1tenth2_ws/src/f1tenth_workspace_airos/install/f1tenth_stack:/home/jetson/f1tenth2_ws/src/f1tenth_workspace_airos/install/joy_teleop:/home/jetson/f1tenth2_ws/src/f1tenth_workspace_airos/install/mouse_teleop:/home/jetson/f1tenth2_ws/src/f1tenth_workspace_airos/install/key_teleop:/home/jetson/f1tenth2_ws/src/f1tenth_workspace_airos/install/autonomy_manager:/home/jetson/f1tenth2_ws/src/f1tenth_workspace_airos/install/RPP_node:/home/jetson/f1tenth2_ws/src/f1tenth_workspace_airos/install/FTG_node:/home/jetson/f1tenth2_ws/install/f1tenth_stack:/home/jetson/f1tenth2_ws/install/joy_teleop:/home/jetson/f1tenth2_ws/install/mouse_teleop:/home/jetson/f1tenth2_ws/install/key_teleop:/home/jetson/f1tenth2_ws/install/autonomy_manager:/home/jetson/f1tenth2_ws/install/RPP_node:/home/jetson/f1tenth2_ws/install/FTG_node:/opt/ros/foxy /usr/bin/cmake --build /home/jetson/f1tenth2_ws/src/f1tenth_workspace_airos/build/teleop_tools_msgs -- -j4 -l4
[1.838s] Invoking command in '/home/jetson/f1tenth2_ws/src/f1tenth_workspace_airos/build/teleop_tools_msgs': CMAKE_PREFIX_PATH=${CMAKE_PREFIX_PATH}:/home/jetson/f1tenth2_ws/src/f1tenth_workspace_airos/install/f1tenth_stack:/home/jetson/f1tenth2_ws/src/f1tenth_workspace_airos/install/joy_teleop:/home/jetson/f1tenth2_ws/src/f1tenth_workspace_airos/install/mouse_teleop:/home/jetson/f1tenth2_ws/src/f1tenth_workspace_airos/install/key_teleop:/home/jetson/f1tenth2_ws/src/f1tenth_workspace_airos/install/autonomy_manager:/home/jetson/f1tenth2_ws/src/f1tenth_workspace_airos/install/RPP_node:/home/jetson/f1tenth2_ws/src/f1tenth_workspace_airos/install/FTG_node:/home/jetson/f1tenth2_ws/install/f1tenth_stack:/home/jetson/f1tenth2_ws/install/joy_teleop:/home/jetson/f1tenth2_ws/install/mouse_teleop:/home/jetson/f1tenth2_ws/install/key_teleop:/home/jetson/f1tenth2_ws/install/autonomy_manager:/home/jetson/f1tenth2_ws/install/RPP_node:/home/jetson/f1tenth2_ws/install/FTG_node:/opt/ros/foxy /usr/bin/cmake --install /home/jetson/f1tenth2_ws/src/f1tenth_workspace_airos/build/teleop_tools_msgs
[1.902s] -- Install configuration: ""
[1.902s] -- Up-to-date: /home/jetson/f1tenth2_ws/src/f1tenth_workspace_airos/install/teleop_tools_msgs/share/ament_index/resource_index/rosidl_interfaces/teleop_tools_msgs
[1.904s] -- Up-to-date: /home/jetson/f1tenth2_ws/src/f1tenth_workspace_airos/install/teleop_tools_msgs/include/teleop_tools_msgs
[1.904s] -- Up-to-date: /home/jetson/f1tenth2_ws/src/f1tenth_workspace_airos/install/teleop_tools_msgs/include/teleop_tools_msgs/action
[1.905s] -- Up-to-date: /home/jetson/f1tenth2_ws/src/f1tenth_workspace_airos/install/teleop_tools_msgs/include/teleop_tools_msgs/action/detail
[1.905s] -- Up-to-date: /home/jetson/f1tenth2_ws/src/f1tenth_workspace_airos/install/teleop_tools_msgs/include/teleop_tools_msgs/action/detail/increment__functions.c
[1.905s] -- Up-to-date: /home/jetson/f1tenth2_ws/src/f1tenth_workspace_airos/install/teleop_tools_msgs/include/teleop_tools_msgs/action/detail/increment__struct.h
[1.906s] -- Up-to-date: /home/jetson/f1tenth2_ws/src/f1tenth_workspace_airos/install/teleop_tools_msgs/include/teleop_tools_msgs/action/detail/increment__type_support.h
[1.906s] -- Up-to-date: /home/jetson/f1tenth2_ws/src/f1tenth_workspace_airos/install/teleop_tools_msgs/include/teleop_tools_msgs/action/detail/increment__functions.h
[1.906s] -- Up-to-date: /home/jetson/f1tenth2_ws/src/f1tenth_workspace_airos/install/teleop_tools_msgs/include/teleop_tools_msgs/action/increment.h
[1.907s] -- Up-to-date: /home/jetson/f1tenth2_ws/src/f1tenth_workspace_airos/install/teleop_tools_msgs/include/teleop_tools_msgs/msg
[1.907s] -- Up-to-date: /home/jetson/f1tenth2_ws/src/f1tenth_workspace_airos/install/teleop_tools_msgs/include/teleop_tools_msgs/msg/rosidl_generator_c__visibility_control.h
[1.907s] -- Up-to-date: /home/jetson/f1tenth2_ws/src/f1tenth_workspace_airos/install/teleop_tools_msgs/share/teleop_tools_msgs/environment/library_path.sh
[1.907s] -- Up-to-date: /home/jetson/f1tenth2_ws/src/f1tenth_workspace_airos/install/teleop_tools_msgs/share/teleop_tools_msgs/environment/library_path.dsv
[1.908s] -- Up-to-date: /home/jetson/f1tenth2_ws/src/f1tenth_workspace_airos/install/teleop_tools_msgs/lib/libteleop_tools_msgs__rosidl_generator_c.so
[1.917s] -- Up-to-date: /home/jetson/f1tenth2_ws/src/f1tenth_workspace_airos/install/teleop_tools_msgs/include/teleop_tools_msgs
[1.918s] -- Up-to-date: /home/jetson/f1tenth2_ws/src/f1tenth_workspace_airos/install/teleop_tools_msgs/include/teleop_tools_msgs/action
[1.918s] -- Up-to-date: /home/jetson/f1tenth2_ws/src/f1tenth_workspace_airos/install/teleop_tools_msgs/include/teleop_tools_msgs/action/detail
[1.918s] -- Up-to-date: /home/jetson/f1tenth2_ws/src/f1tenth_workspace_airos/install/teleop_tools_msgs/include/teleop_tools_msgs/action/detail/increment__rosidl_typesupport_fastrtps_c.h
[1.919s] -- Up-to-date: /home/jetson/f1tenth2_ws/src/f1tenth_workspace_airos/install/teleop_tools_msgs/include/teleop_tools_msgs/msg
[1.919s] -- Up-to-date: /home/jetson/f1tenth2_ws/src/f1tenth_workspace_airos/install/teleop_tools_msgs/include/teleop_tools_msgs/msg/rosidl_typesupport_fastrtps_c__visibility_control.h
[1.919s] -- Up-to-date: /home/jetson/f1tenth2_ws/src/f1tenth_workspace_airos/install/teleop_tools_msgs/lib/libteleop_tools_msgs__rosidl_typesupport_fastrtps_c.so
[1.919s] -- Up-to-date: /home/jetson/f1tenth2_ws/src/f1tenth_workspace_airos/install/teleop_tools_msgs/include/teleop_tools_msgs
[1.922s] -- Up-to-date: /home/jetson/f1tenth2_ws/src/f1tenth_workspace_airos/install/teleop_tools_msgs/include/teleop_tools_msgs/action
[1.924s] -- Up-to-date: /home/jetson/f1tenth2_ws/src/f1tenth_workspace_airos/install/teleop_tools_msgs/include/teleop_tools_msgs/action/detail
[1.924s] -- Up-to-date: /home/jetson/f1tenth2_ws/src/f1tenth_workspace_airos/install/teleop_tools_msgs/include/teleop_tools_msgs/action/detail/dds_fastrtps
[1.925s] -- Up-to-date: /home/jetson/f1tenth2_ws/src/f1tenth_workspace_airos/install/teleop_tools_msgs/include/teleop_tools_msgs/action/detail/increment__rosidl_typesupport_fastrtps_cpp.hpp
[1.926s] -- Up-to-date: /home/jetson/f1tenth2_ws/src/f1tenth_workspace_airos/install/teleop_tools_msgs/include/teleop_tools_msgs/msg
[1.927s] -- Up-to-date: /home/jetson/f1tenth2_ws/src/f1tenth_workspace_airos/install/teleop_tools_msgs/include/teleop_tools_msgs/msg/rosidl_typesupport_fastrtps_cpp__visibility_control.h
[1.929s] -- Up-to-date: /home/jetson/f1tenth2_ws/src/f1tenth_workspace_airos/install/teleop_tools_msgs/lib/libteleop_tools_msgs__rosidl_typesupport_fastrtps_cpp.so
[1.929s] -- Up-to-date: /home/jetson/f1tenth2_ws/src/f1tenth_workspace_airos/install/teleop_tools_msgs/include/teleop_tools_msgs
[1.930s] -- Up-to-date: /home/jetson/f1tenth2_ws/src/f1tenth_workspace_airos/install/teleop_tools_msgs/include/teleop_tools_msgs/action
[1.931s] -- Up-to-date: /home/jetson/f1tenth2_ws/src/f1tenth_workspace_airos/install/teleop_tools_msgs/include/teleop_tools_msgs/action/detail
[1.931s] -- Up-to-date: /home/jetson/f1tenth2_ws/src/f1tenth_workspace_airos/install/teleop_tools_msgs/include/teleop_tools_msgs/action/detail/increment__rosidl_typesupport_introspection_c.h
[1.933s] -- Up-to-date: /home/jetson/f1tenth2_ws/src/f1tenth_workspace_airos/install/teleop_tools_msgs/include/teleop_tools_msgs/action/detail/increment__type_support.c
[1.934s] -- Up-to-date: /home/jetson/f1tenth2_ws/src/f1tenth_workspace_airos/install/teleop_tools_msgs/include/teleop_tools_msgs/msg
[1.935s] -- Up-to-date: /home/jetson/f1tenth2_ws/src/f1tenth_workspace_airos/install/teleop_tools_msgs/include/teleop_tools_msgs/msg/rosidl_typesupport_introspection_c__visibility_control.h
[1.935s] -- Up-to-date: /home/jetson/f1tenth2_ws/src/f1tenth_workspace_airos/install/teleop_tools_msgs/lib/libteleop_tools_msgs__rosidl_typesupport_introspection_c.so
[1.937s] -- Up-to-date: /home/jetson/f1tenth2_ws/src/f1tenth_workspace_airos/install/teleop_tools_msgs/lib/libteleop_tools_msgs__rosidl_typesupport_c.so
[1.939s] -- Up-to-date: /home/jetson/f1tenth2_ws/src/f1tenth_workspace_airos/install/teleop_tools_msgs/include/teleop_tools_msgs
[1.940s] -- Up-to-date: /home/jetson/f1tenth2_ws/src/f1tenth_workspace_airos/install/teleop_tools_msgs/include/teleop_tools_msgs/action
[1.941s] -- Up-to-date: /home/jetson/f1tenth2_ws/src/f1tenth_workspace_airos/install/teleop_tools_msgs/include/teleop_tools_msgs/action/increment.hpp
[1.942s] -- Up-to-date: /home/jetson/f1tenth2_ws/src/f1tenth_workspace_airos/install/teleop_tools_msgs/include/teleop_tools_msgs/action/detail
[1.943s] -- Up-to-date: /home/jetson/f1tenth2_ws/src/f1tenth_workspace_airos/install/teleop_tools_msgs/include/teleop_tools_msgs/action/detail/increment__builder.hpp
[1.944s] -- Up-to-date: /home/jetson/f1tenth2_ws/src/f1tenth_workspace_airos/install/teleop_tools_msgs/include/teleop_tools_msgs/action/detail/increment__type_support.hpp
[1.944s] -- Up-to-date: /home/jetson/f1tenth2_ws/src/f1tenth_workspace_airos/install/teleop_tools_msgs/include/teleop_tools_msgs/action/detail/increment__struct.hpp
[1.945s] -- Up-to-date: /home/jetson/f1tenth2_ws/src/f1tenth_workspace_airos/install/teleop_tools_msgs/include/teleop_tools_msgs/action/detail/increment__traits.hpp
[1.946s] -- Up-to-date: /home/jetson/f1tenth2_ws/src/f1tenth_workspace_airos/install/teleop_tools_msgs/include/teleop_tools_msgs/msg
[1.946s] -- Up-to-date: /home/jetson/f1tenth2_ws/src/f1tenth_workspace_airos/install/teleop_tools_msgs/include/teleop_tools_msgs/msg/rosidl_generator_cpp__visibility_control.hpp
[1.947s] -- Up-to-date: /home/jetson/f1tenth2_ws/src/f1tenth_workspace_airos/install/teleop_tools_msgs/include/teleop_tools_msgs
[1.948s] -- Up-to-date: /home/jetson/f1tenth2_ws/src/f1tenth_workspace_airos/install/teleop_tools_msgs/include/teleop_tools_msgs/action
[1.949s] -- Up-to-date: /home/jetson/f1tenth2_ws/src/f1tenth_workspace_airos/install/teleop_tools_msgs/include/teleop_tools_msgs/action/detail
[1.950s] -- Up-to-date: /home/jetson/f1tenth2_ws/src/f1tenth_workspace_airos/install/teleop_tools_msgs/include/teleop_tools_msgs/action/detail/increment__rosidl_typesupport_introspection_cpp.hpp
[1.951s] -- Up-to-date: /home/jetson/f1tenth2_ws/src/f1tenth_workspace_airos/install/teleop_tools_msgs/include/teleop_tools_msgs/action/detail/increment__type_support.cpp
[1.951s] -- Up-to-date: /home/jetson/f1tenth2_ws/src/f1tenth_workspace_airos/install/teleop_tools_msgs/lib/libteleop_tools_msgs__rosidl_typesupport_introspection_cpp.so
[1.952s] -- Up-to-date: /home/jetson/f1tenth2_ws/src/f1tenth_workspace_airos/install/teleop_tools_msgs/lib/libteleop_tools_msgs__rosidl_typesupport_cpp.so
[1.953s] -- Up-to-date: /home/jetson/f1tenth2_ws/src/f1tenth_workspace_airos/install/teleop_tools_msgs/share/teleop_tools_msgs/environment/pythonpath.sh
[1.956s] -- Up-to-date: /home/jetson/f1tenth2_ws/src/f1tenth_workspace_airos/install/teleop_tools_msgs/share/teleop_tools_msgs/environment/pythonpath.dsv
[1.958s] -- Up-to-date: /home/jetson/f1tenth2_ws/src/f1tenth_workspace_airos/install/teleop_tools_msgs/lib/python3.8/site-packages/teleop_tools_msgs/__init__.py
[2.155s] -- Up-to-date: /home/jetson/f1tenth2_ws/src/f1tenth_workspace_airos/install/teleop_tools_msgs/lib/python3.8/site-packages/teleop_tools_msgs/action
[2.157s] -- Up-to-date: /home/jetson/f1tenth2_ws/src/f1tenth_workspace_airos/install/teleop_tools_msgs/lib/python3.8/site-packages/teleop_tools_msgs/action/_increment.py
[2.158s] -- Up-to-date: /home/jetson/f1tenth2_ws/src/f1tenth_workspace_airos/install/teleop_tools_msgs/lib/python3.8/site-packages/teleop_tools_msgs/action/__init__.py
[2.158s] -- Up-to-date: /home/jetson/f1tenth2_ws/src/f1tenth_workspace_airos/install/teleop_tools_msgs/lib/python3.8/site-packages/teleop_tools_msgs/action/_increment_s.c
[2.159s] -- Up-to-date: /home/jetson/f1tenth2_ws/src/f1tenth_workspace_airos/install/teleop_tools_msgs/lib/python3.8/site-packages/teleop_tools_msgs/teleop_tools_msgs_s__rosidl_typesupport_fastrtps_c.cpython-38-aarch64-linux-gnu.so
[2.160s] -- Up-to-date: /home/jetson/f1tenth2_ws/src/f1tenth_workspace_airos/install/teleop_tools_msgs/lib/python3.8/site-packages/teleop_tools_msgs/teleop_tools_msgs_s__rosidl_typesupport_introspection_c.cpython-38-aarch64-linux-gnu.so
[2.161s] -- Up-to-date: /home/jetson/f1tenth2_ws/src/f1tenth_workspace_airos/install/teleop_tools_msgs/lib/python3.8/site-packages/teleop_tools_msgs/teleop_tools_msgs_s__rosidl_typesupport_c.cpython-38-aarch64-linux-gnu.so
[2.188s] -- Up-to-date: /home/jetson/f1tenth2_ws/src/f1tenth_workspace_airos/install/teleop_tools_msgs/lib/libteleop_tools_msgs__python.so
[2.204s] -- Up-to-date: /home/jetson/f1tenth2_ws/src/f1tenth_workspace_airos/install/teleop_tools_msgs/share/teleop_tools_msgs/action/Increment.idl
[2.205s] -- Up-to-date: /home/jetson/f1tenth2_ws/src/f1tenth_workspace_airos/install/teleop_tools_msgs/share/teleop_tools_msgs/action/Increment.action
[2.205s] -- Up-to-date: /home/jetson/f1tenth2_ws/src/f1tenth_workspace_airos/install/teleop_tools_msgs/share/ament_index/resource_index/package_run_dependencies/teleop_tools_msgs
[2.205s] -- Up-to-date: /home/jetson/f1tenth2_ws/src/f1tenth_workspace_airos/install/teleop_tools_msgs/share/ament_index/resource_index/parent_prefix_path/teleop_tools_msgs
[2.205s] -- Up-to-date: /home/jetson/f1tenth2_ws/src/f1tenth_workspace_airos/install/teleop_tools_msgs/share/teleop_tools_msgs/environment/ament_prefix_path.sh
[2.206s] -- Up-to-date: /home/jetson/f1tenth2_ws/src/f1tenth_workspace_airos/install/teleop_tools_msgs/share/teleop_tools_msgs/environment/ament_prefix_path.dsv
[2.206s] -- Up-to-date: /home/jetson/f1tenth2_ws/src/f1tenth_workspace_airos/install/teleop_tools_msgs/share/teleop_tools_msgs/environment/path.sh
[2.206s] -- Up-to-date: /home/jetson/f1tenth2_ws/src/f1tenth_workspace_airos/install/teleop_tools_msgs/share/teleop_tools_msgs/environment/path.dsv
[2.207s] -- Up-to-date: /home/jetson/f1tenth2_ws/src/f1tenth_workspace_airos/install/teleop_tools_msgs/share/teleop_tools_msgs/local_setup.bash
[2.207s] -- Up-to-date: /home/jetson/f1tenth2_ws/src/f1tenth_workspace_airos/install/teleop_tools_msgs/share/teleop_tools_msgs/local_setup.sh
[2.207s] -- Up-to-date: /home/jetson/f1tenth2_ws/src/f1tenth_workspace_airos/install/teleop_tools_msgs/share/teleop_tools_msgs/local_setup.zsh
[2.208s] -- Up-to-date: /home/jetson/f1tenth2_ws/src/f1tenth_workspace_airos/install/teleop_tools_msgs/share/teleop_tools_msgs/local_setup.dsv
[2.208s] -- Installing: /home/jetson/f1tenth2_ws/src/f1tenth_workspace_airos/install/teleop_tools_msgs/share/teleop_tools_msgs/package.dsv
[2.208s] -- Up-to-date: /home/jetson/f1tenth2_ws/src/f1tenth_workspace_airos/install/teleop_tools_msgs/share/ament_index/resource_index/packages/teleop_tools_msgs
[2.211s] -- Up-to-date: /home/jetson/f1tenth2_ws/src/f1tenth_workspace_airos/install/teleop_tools_msgs/share/teleop_tools_msgs/cmake/teleop_tools_msgs__rosidl_generator_cExport.cmake
[2.213s] -- Up-to-date: /home/jetson/f1tenth2_ws/src/f1tenth_workspace_airos/install/teleop_tools_msgs/share/teleop_tools_msgs/cmake/teleop_tools_msgs__rosidl_generator_cExport-noconfig.cmake
[2.215s] -- Up-to-date: /home/jetson/f1tenth2_ws/src/f1tenth_workspace_airos/install/teleop_tools_msgs/share/teleop_tools_msgs/cmake/teleop_tools_msgs__rosidl_typesupport_introspection_cExport.cmake
[2.215s] -- Up-to-date: /home/jetson/f1tenth2_ws/src/f1tenth_workspace_airos/install/teleop_tools_msgs/share/teleop_tools_msgs/cmake/teleop_tools_msgs__rosidl_typesupport_introspection_cExport-noconfig.cmake
[2.216s] -- Up-to-date: /home/jetson/f1tenth2_ws/src/f1tenth_workspace_airos/install/teleop_tools_msgs/share/teleop_tools_msgs/cmake/teleop_tools_msgs__rosidl_typesupport_cExport.cmake
[2.216s] -- Up-to-date: /home/jetson/f1tenth2_ws/src/f1tenth_workspace_airos/install/teleop_tools_msgs/share/teleop_tools_msgs/cmake/teleop_tools_msgs__rosidl_typesupport_cExport-noconfig.cmake
[2.216s] -- Up-to-date: /home/jetson/f1tenth2_ws/src/f1tenth_workspace_airos/install/teleop_tools_msgs/share/teleop_tools_msgs/cmake/teleop_tools_msgs__rosidl_generator_cppExport.cmake
[2.217s] -- Up-to-date: /home/jetson/f1tenth2_ws/src/f1tenth_workspace_airos/install/teleop_tools_msgs/share/teleop_tools_msgs/cmake/teleop_tools_msgs__rosidl_typesupport_introspection_cppExport.cmake
[2.220s] -- Up-to-date: /home/jetson/f1tenth2_ws/src/f1tenth_workspace_airos/install/teleop_tools_msgs/share/teleop_tools_msgs/cmake/teleop_tools_msgs__rosidl_typesupport_introspection_cppExport-noconfig.cmake
[2.229s] -- Up-to-date: /home/jetson/f1tenth2_ws/src/f1tenth_workspace_airos/install/teleop_tools_msgs/share/teleop_tools_msgs/cmake/teleop_tools_msgs__rosidl_typesupport_cppExport.cmake
[2.229s] -- Up-to-date: /home/jetson/f1tenth2_ws/src/f1tenth_workspace_airos/install/teleop_tools_msgs/share/teleop_tools_msgs/cmake/teleop_tools_msgs__rosidl_typesupport_cppExport-noconfig.cmake
[2.230s] -- Up-to-date: /home/jetson/f1tenth2_ws/src/f1tenth_workspace_airos/install/teleop_tools_msgs/share/teleop_tools_msgs/cmake/rosidl_cmake-extras.cmake
[2.230s] -- Up-to-date: /home/jetson/f1tenth2_ws/src/f1tenth_workspace_airos/install/teleop_tools_msgs/share/teleop_tools_msgs/cmake/ament_cmake_export_dependencies-extras.cmake
[2.230s] -- Up-to-date: /home/jetson/f1tenth2_ws/src/f1tenth_workspace_airos/install/teleop_tools_msgs/share/teleop_tools_msgs/cmake/ament_cmake_export_libraries-extras.cmake
[2.230s] -- Up-to-date: /home/jetson/f1tenth2_ws/src/f1tenth_workspace_airos/install/teleop_tools_msgs/share/teleop_tools_msgs/cmake/ament_cmake_export_targets-extras.cmake
[2.231s] -- Up-to-date: /home/jetson/f1tenth2_ws/src/f1tenth_workspace_airos/install/teleop_tools_msgs/share/teleop_tools_msgs/cmake/ament_cmake_export_include_directories-extras.cmake
[2.231s] -- Up-to-date: /home/jetson/f1tenth2_ws/src/f1tenth_workspace_airos/install/teleop_tools_msgs/share/teleop_tools_msgs/cmake/rosidl_cmake_export_typesupport_libraries-extras.cmake
[2.231s] -- Up-to-date: /home/jetson/f1tenth2_ws/src/f1tenth_workspace_airos/install/teleop_tools_msgs/share/teleop_tools_msgs/cmake/rosidl_cmake_export_typesupport_targets-extras.cmake
[2.232s] -- Up-to-date: /home/jetson/f1tenth2_ws/src/f1tenth_workspace_airos/install/teleop_tools_msgs/share/teleop_tools_msgs/cmake/teleop_tools_msgsConfig.cmake
[2.232s] -- Up-to-date: /home/jetson/f1tenth2_ws/src/f1tenth_workspace_airos/install/teleop_tools_msgs/share/teleop_tools_msgs/cmake/teleop_tools_msgsConfig-version.cmake
[2.234s] -- Up-to-date: /home/jetson/f1tenth2_ws/src/f1tenth_workspace_airos/install/teleop_tools_msgs/share/teleop_tools_msgs/package.xml
[3.376s] Invoked command in '/home/jetson/f1tenth2_ws/src/f1tenth_workspace_airos/build/teleop_tools_msgs' returned '0': CMAKE_PREFIX_PATH=${CMAKE_PREFIX_PATH}:/home/jetson/f1tenth2_ws/src/f1tenth_workspace_airos/install/f1tenth_stack:/home/jetson/f1tenth2_ws/src/f1tenth_workspace_airos/install/joy_teleop:/home/jetson/f1tenth2_ws/src/f1tenth_workspace_airos/install/mouse_teleop:/home/jetson/f1tenth2_ws/src/f1tenth_workspace_airos/install/key_teleop:/home/jetson/f1tenth2_ws/src/f1tenth_workspace_airos/install/autonomy_manager:/home/jetson/f1tenth2_ws/src/f1tenth_workspace_airos/install/RPP_node:/home/jetson/f1tenth2_ws/src/f1tenth_workspace_airos/install/FTG_node:/home/jetson/f1tenth2_ws/install/f1tenth_stack:/home/jetson/f1tenth2_ws/install/joy_teleop:/home/jetson/f1tenth2_ws/install/mouse_teleop:/home/jetson/f1tenth2_ws/install/key_teleop:/home/jetson/f1tenth2_ws/install/autonomy_manager:/home/jetson/f1tenth2_ws/install/RPP_node:/home/jetson/f1tenth2_ws/install/FTG_node:/opt/ros/foxy /usr/bin/cmake --install /home/jetson/f1tenth2_ws/src/f1tenth_workspace_airos/build/teleop_tools_msgs
