[0.077s] Invoking command in '/home/jetson/f1tenth2_ws/src/f1tenth_workspace_airos/build/vesc': AMENT_PREFIX_PATH=/home/jetson/f1tenth2_ws/src/f1tenth_workspace_airos/install/vesc_driver:/home/jetson/f1tenth2_ws/src/f1tenth_workspace_airos/install/vesc_ackermann:/home/jetson/f1tenth2_ws/src/f1tenth_workspace_airos/install/vesc_msgs:${AMENT_PREFIX_PATH} CMAKE_PREFIX_PATH=/home/jetson/f1tenth2_ws/src/f1tenth_workspace_airos/install/vesc_driver:/home/jetson/f1tenth2_ws/src/f1tenth_workspace_airos/install/vesc_ackermann:/home/jetson/f1tenth2_ws/src/f1tenth_workspace_airos/install/vesc_msgs:/opt/ros/foxy LD_LIBRARY_PATH=/home/jetson/f1tenth2_ws/src/f1tenth_workspace_airos/install/vesc_driver/lib:/home/jetson/f1tenth2_ws/src/f1tenth_workspace_airos/install/vesc_ackermann/lib:/home/jetson/f1tenth2_ws/src/f1tenth_workspace_airos/install/vesc_msgs/lib:${LD_LIBRARY_PATH} PYTHONPATH=/home/jetson/f1tenth2_ws/src/f1tenth_workspace_airos/install/vesc_msgs/lib/python3.8/site-packages:${PYTHONPATH} /usr/bin/cmake /home/jetson/f1tenth2_ws/src/f1tenth_workspace_airos/f1tenth_system/vesc/vesc -DCMAKE_INSTALL_PREFIX=/home/jetson/f1tenth2_ws/src/f1tenth_workspace_airos/install/vesc
[0.343s] -- The C compiler identification is GNU 9.4.0
[0.603s] -- The CXX compiler identification is GNU 9.4.0
[0.623s] -- Check for working C compiler: /usr/bin/cc
[0.948s] -- Check for working C compiler: /usr/bin/cc -- works
[0.951s] -- Detecting C compiler ABI info
[1.277s] -- Detecting C compiler ABI info - done
[1.330s] -- Detecting C compile features
[1.331s] -- Detecting C compile features - done
[1.341s] -- Check for working CXX compiler: /usr/bin/c++
[1.709s] -- Check for working CXX compiler: /usr/bin/c++ -- works
[1.714s] -- Detecting CXX compiler ABI info
[2.087s] -- Detecting CXX compiler ABI info - done
[2.140s] -- Detecting CXX compile features
[2.142s] -- Detecting CXX compile features - done
[2.151s] -- Found ament_cmake_auto: 0.9.12 (/opt/ros/foxy/share/ament_cmake_auto/cmake)
[2.261s] -- Found PythonInterp: /usr/bin/python3 (found suitable version "3.8.10", minimum required is "3") 
[2.262s] -- Using PYTHON_EXECUTABLE: /usr/bin/python3
[3.282s] -- Configuring done
[3.292s] -- Generating done
[3.299s] -- Build files have been written to: /home/jetson/f1tenth2_ws/src/f1tenth_workspace_airos/build/vesc
[3.315s] Invoked command in '/home/jetson/f1tenth2_ws/src/f1tenth_workspace_airos/build/vesc' returned '0': AMENT_PREFIX_PATH=/home/jetson/f1tenth2_ws/src/f1tenth_workspace_airos/install/vesc_driver:/home/jetson/f1tenth2_ws/src/f1tenth_workspace_airos/install/vesc_ackermann:/home/jetson/f1tenth2_ws/src/f1tenth_workspace_airos/install/vesc_msgs:${AMENT_PREFIX_PATH} CMAKE_PREFIX_PATH=/home/jetson/f1tenth2_ws/src/f1tenth_workspace_airos/install/vesc_driver:/home/jetson/f1tenth2_ws/src/f1tenth_workspace_airos/install/vesc_ackermann:/home/jetson/f1tenth2_ws/src/f1tenth_workspace_airos/install/vesc_msgs:/opt/ros/foxy LD_LIBRARY_PATH=/home/jetson/f1tenth2_ws/src/f1tenth_workspace_airos/install/vesc_driver/lib:/home/jetson/f1tenth2_ws/src/f1tenth_workspace_airos/install/vesc_ackermann/lib:/home/jetson/f1tenth2_ws/src/f1tenth_workspace_airos/install/vesc_msgs/lib:${LD_LIBRARY_PATH} PYTHONPATH=/home/jetson/f1tenth2_ws/src/f1tenth_workspace_airos/install/vesc_msgs/lib/python3.8/site-packages:${PYTHONPATH} /usr/bin/cmake /home/jetson/f1tenth2_ws/src/f1tenth_workspace_airos/f1tenth_system/vesc/vesc -DCMAKE_INSTALL_PREFIX=/home/jetson/f1tenth2_ws/src/f1tenth_workspace_airos/install/vesc
[3.327s] Invoking command in '/home/jetson/f1tenth2_ws/src/f1tenth_workspace_airos/build/vesc': AMENT_PREFIX_PATH=/home/jetson/f1tenth2_ws/src/f1tenth_workspace_airos/install/vesc_driver:/home/jetson/f1tenth2_ws/src/f1tenth_workspace_airos/install/vesc_ackermann:/home/jetson/f1tenth2_ws/src/f1tenth_workspace_airos/install/vesc_msgs:${AMENT_PREFIX_PATH} CMAKE_PREFIX_PATH=/home/jetson/f1tenth2_ws/src/f1tenth_workspace_airos/install/vesc_driver:/home/jetson/f1tenth2_ws/src/f1tenth_workspace_airos/install/vesc_ackermann:/home/jetson/f1tenth2_ws/src/f1tenth_workspace_airos/install/vesc_msgs:/opt/ros/foxy LD_LIBRARY_PATH=/home/jetson/f1tenth2_ws/src/f1tenth_workspace_airos/install/vesc_driver/lib:/home/jetson/f1tenth2_ws/src/f1tenth_workspace_airos/install/vesc_ackermann/lib:/home/jetson/f1tenth2_ws/src/f1tenth_workspace_airos/install/vesc_msgs/lib:${LD_LIBRARY_PATH} PYTHONPATH=/home/jetson/f1tenth2_ws/src/f1tenth_workspace_airos/install/vesc_msgs/lib/python3.8/site-packages:${PYTHONPATH} /usr/bin/cmake --build /home/jetson/f1tenth2_ws/src/f1tenth_workspace_airos/build/vesc -- -j4 -l4
[3.503s] Invoked command in '/home/jetson/f1tenth2_ws/src/f1tenth_workspace_airos/build/vesc' returned '0': AMENT_PREFIX_PATH=/home/jetson/f1tenth2_ws/src/f1tenth_workspace_airos/install/vesc_driver:/home/jetson/f1tenth2_ws/src/f1tenth_workspace_airos/install/vesc_ackermann:/home/jetson/f1tenth2_ws/src/f1tenth_workspace_airos/install/vesc_msgs:${AMENT_PREFIX_PATH} CMAKE_PREFIX_PATH=/home/jetson/f1tenth2_ws/src/f1tenth_workspace_airos/install/vesc_driver:/home/jetson/f1tenth2_ws/src/f1tenth_workspace_airos/install/vesc_ackermann:/home/jetson/f1tenth2_ws/src/f1tenth_workspace_airos/install/vesc_msgs:/opt/ros/foxy LD_LIBRARY_PATH=/home/jetson/f1tenth2_ws/src/f1tenth_workspace_airos/install/vesc_driver/lib:/home/jetson/f1tenth2_ws/src/f1tenth_workspace_airos/install/vesc_ackermann/lib:/home/jetson/f1tenth2_ws/src/f1tenth_workspace_airos/install/vesc_msgs/lib:${LD_LIBRARY_PATH} PYTHONPATH=/home/jetson/f1tenth2_ws/src/f1tenth_workspace_airos/install/vesc_msgs/lib/python3.8/site-packages:${PYTHONPATH} /usr/bin/cmake --build /home/jetson/f1tenth2_ws/src/f1tenth_workspace_airos/build/vesc -- -j4 -l4
[3.519s] Invoking command in '/home/jetson/f1tenth2_ws/src/f1tenth_workspace_airos/build/vesc': AMENT_PREFIX_PATH=/home/jetson/f1tenth2_ws/src/f1tenth_workspace_airos/install/vesc_driver:/home/jetson/f1tenth2_ws/src/f1tenth_workspace_airos/install/vesc_ackermann:/home/jetson/f1tenth2_ws/src/f1tenth_workspace_airos/install/vesc_msgs:${AMENT_PREFIX_PATH} CMAKE_PREFIX_PATH=/home/jetson/f1tenth2_ws/src/f1tenth_workspace_airos/install/vesc_driver:/home/jetson/f1tenth2_ws/src/f1tenth_workspace_airos/install/vesc_ackermann:/home/jetson/f1tenth2_ws/src/f1tenth_workspace_airos/install/vesc_msgs:/opt/ros/foxy LD_LIBRARY_PATH=/home/jetson/f1tenth2_ws/src/f1tenth_workspace_airos/install/vesc_driver/lib:/home/jetson/f1tenth2_ws/src/f1tenth_workspace_airos/install/vesc_ackermann/lib:/home/jetson/f1tenth2_ws/src/f1tenth_workspace_airos/install/vesc_msgs/lib:${LD_LIBRARY_PATH} PYTHONPATH=/home/jetson/f1tenth2_ws/src/f1tenth_workspace_airos/install/vesc_msgs/lib/python3.8/site-packages:${PYTHONPATH} /usr/bin/cmake --install /home/jetson/f1tenth2_ws/src/f1tenth_workspace_airos/build/vesc
[3.555s] -- Install configuration: ""
[3.556s] -- Installing: /home/jetson/f1tenth2_ws/src/f1tenth_workspace_airos/install/vesc/share/ament_index/resource_index/package_run_dependencies/vesc
[3.558s] -- Installing: /home/jetson/f1tenth2_ws/src/f1tenth_workspace_airos/install/vesc/share/ament_index/resource_index/parent_prefix_path/vesc
[3.559s] -- Installing: /home/jetson/f1tenth2_ws/src/f1tenth_workspace_airos/install/vesc/share/vesc/environment/ament_prefix_path.sh
[3.560s] -- Installing: /home/jetson/f1tenth2_ws/src/f1tenth_workspace_airos/install/vesc/share/vesc/environment/ament_prefix_path.dsv
[3.561s] -- Installing: /home/jetson/f1tenth2_ws/src/f1tenth_workspace_airos/install/vesc/share/vesc/environment/path.sh
[3.562s] -- Installing: /home/jetson/f1tenth2_ws/src/f1tenth_workspace_airos/install/vesc/share/vesc/environment/path.dsv
[3.562s] -- Installing: /home/jetson/f1tenth2_ws/src/f1tenth_workspace_airos/install/vesc/share/vesc/local_setup.bash
[3.563s] -- Installing: /home/jetson/f1tenth2_ws/src/f1tenth_workspace_airos/install/vesc/share/vesc/local_setup.sh
[3.564s] -- Installing: /home/jetson/f1tenth2_ws/src/f1tenth_workspace_airos/install/vesc/share/vesc/local_setup.zsh
[3.565s] -- Installing: /home/jetson/f1tenth2_ws/src/f1tenth_workspace_airos/install/vesc/share/vesc/local_setup.dsv
[3.566s] -- Installing: /home/jetson/f1tenth2_ws/src/f1tenth_workspace_airos/install/vesc/share/vesc/package.dsv
[3.567s] -- Installing: /home/jetson/f1tenth2_ws/src/f1tenth_workspace_airos/install/vesc/share/ament_index/resource_index/packages/vesc
[3.568s] -- Installing: /home/jetson/f1tenth2_ws/src/f1tenth_workspace_airos/install/vesc/share/vesc/cmake/vescConfig.cmake
[3.569s] -- Installing: /home/jetson/f1tenth2_ws/src/f1tenth_workspace_airos/install/vesc/share/vesc/cmake/vescConfig-version.cmake
[3.570s] -- Installing: /home/jetson/f1tenth2_ws/src/f1tenth_workspace_airos/install/vesc/share/vesc/package.xml
[3.583s] Invoked command in '/home/jetson/f1tenth2_ws/src/f1tenth_workspace_airos/build/vesc' returned '0': AMENT_PREFIX_PATH=/home/jetson/f1tenth2_ws/src/f1tenth_workspace_airos/install/vesc_driver:/home/jetson/f1tenth2_ws/src/f1tenth_workspace_airos/install/vesc_ackermann:/home/jetson/f1tenth2_ws/src/f1tenth_workspace_airos/install/vesc_msgs:${AMENT_PREFIX_PATH} CMAKE_PREFIX_PATH=/home/jetson/f1tenth2_ws/src/f1tenth_workspace_airos/install/vesc_driver:/home/jetson/f1tenth2_ws/src/f1tenth_workspace_airos/install/vesc_ackermann:/home/jetson/f1tenth2_ws/src/f1tenth_workspace_airos/install/vesc_msgs:/opt/ros/foxy LD_LIBRARY_PATH=/home/jetson/f1tenth2_ws/src/f1tenth_workspace_airos/install/vesc_driver/lib:/home/jetson/f1tenth2_ws/src/f1tenth_workspace_airos/install/vesc_ackermann/lib:/home/jetson/f1tenth2_ws/src/f1tenth_workspace_airos/install/vesc_msgs/lib:${LD_LIBRARY_PATH} PYTHONPATH=/home/jetson/f1tenth2_ws/src/f1tenth_workspace_airos/install/vesc_msgs/lib/python3.8/site-packages:${PYTHONPATH} /usr/bin/cmake --install /home/jetson/f1tenth2_ws/src/f1tenth_workspace_airos/build/vesc
