running egg_info
creating ../build/autonomy_manager/autonomy_manager.egg-info
writing ../build/autonomy_manager/autonomy_manager.egg-info/PKG-INFO
writing dependency_links to ../build/autonomy_manager/autonomy_manager.egg-info/dependency_links.txt
writing entry points to ../build/autonomy_manager/autonomy_manager.egg-info/entry_points.txt
writing requirements to ../build/autonomy_manager/autonomy_manager.egg-info/requires.txt
writing top-level names to ../build/autonomy_manager/autonomy_manager.egg-info/top_level.txt
writing manifest file '../build/autonomy_manager/autonomy_manager.egg-info/SOURCES.txt'
reading manifest file '../build/autonomy_manager/autonomy_manager.egg-info/SOURCES.txt'
writing manifest file '../build/autonomy_manager/autonomy_manager.egg-info/SOURCES.txt'
running build
running build_py
creating /home/jetson/f1tenth2_ws/src/f1tenth_workspace_airos/build/autonomy_manager/build
creating /home/jetson/f1tenth2_ws/src/f1tenth_workspace_airos/build/autonomy_manager/build/lib
creating /home/jetson/f1tenth2_ws/src/f1tenth_workspace_airos/build/autonomy_manager/build/lib/autonomy_manager
copying autonomy_manager/autonomy_manager_node.py -> /home/jetson/f1tenth2_ws/src/f1tenth_workspace_airos/build/autonomy_manager/build/lib/autonomy_manager
copying autonomy_manager/__init__.py -> /home/jetson/f1tenth2_ws/src/f1tenth_workspace_airos/build/autonomy_manager/build/lib/autonomy_manager
running install
running install_lib
creating /home/jetson/f1tenth2_ws/src/f1tenth_workspace_airos/install/autonomy_manager/lib/python3.8/site-packages/autonomy_manager
copying /home/jetson/f1tenth2_ws/src/f1tenth_workspace_airos/build/autonomy_manager/build/lib/autonomy_manager/autonomy_manager_node.py -> /home/jetson/f1tenth2_ws/src/f1tenth_workspace_airos/install/autonomy_manager/lib/python3.8/site-packages/autonomy_manager
copying /home/jetson/f1tenth2_ws/src/f1tenth_workspace_airos/build/autonomy_manager/build/lib/autonomy_manager/__init__.py -> /home/jetson/f1tenth2_ws/src/f1tenth_workspace_airos/install/autonomy_manager/lib/python3.8/site-packages/autonomy_manager
byte-compiling /home/jetson/f1tenth2_ws/src/f1tenth_workspace_airos/install/autonomy_manager/lib/python3.8/site-packages/autonomy_manager/autonomy_manager_node.py to autonomy_manager_node.cpython-38.pyc
byte-compiling /home/jetson/f1tenth2_ws/src/f1tenth_workspace_airos/install/autonomy_manager/lib/python3.8/site-packages/autonomy_manager/__init__.py to __init__.cpython-38.pyc
running install_data
creating /home/jetson/f1tenth2_ws/src/f1tenth_workspace_airos/install/autonomy_manager/share/ament_index
creating /home/jetson/f1tenth2_ws/src/f1tenth_workspace_airos/install/autonomy_manager/share/ament_index/resource_index
creating /home/jetson/f1tenth2_ws/src/f1tenth_workspace_airos/install/autonomy_manager/share/ament_index/resource_index/packages
copying resource/autonomy_manager -> /home/jetson/f1tenth2_ws/src/f1tenth_workspace_airos/install/autonomy_manager/share/ament_index/resource_index/packages
copying package.xml -> /home/jetson/f1tenth2_ws/src/f1tenth_workspace_airos/install/autonomy_manager/share/autonomy_manager
creating /home/jetson/f1tenth2_ws/src/f1tenth_workspace_airos/install/autonomy_manager/share/autonomy_manager/launch
copying launch/rpp_2.launch.py -> /home/jetson/f1tenth2_ws/src/f1tenth_workspace_airos/install/autonomy_manager/share/autonomy_manager/launch
copying launch/navigation.launch.py -> /home/jetson/f1tenth2_ws/src/f1tenth_workspace_airos/install/autonomy_manager/share/autonomy_manager/launch
creating /home/jetson/f1tenth2_ws/src/f1tenth_workspace_airos/install/autonomy_manager/share/autonomy_manager/autonomy_manager
creating /home/jetson/f1tenth2_ws/src/f1tenth_workspace_airos/install/autonomy_manager/share/autonomy_manager/src
running install_egg_info
Copying ../build/autonomy_manager/autonomy_manager.egg-info to /home/jetson/f1tenth2_ws/src/f1tenth_workspace_airos/install/autonomy_manager/lib/python3.8/site-packages/autonomy_manager-0.0.0-py3.8.egg-info
running install_scripts
Installing autonomy_manager_node script to /home/jetson/f1tenth2_ws/src/f1tenth_workspace_airos/install/autonomy_manager/lib/autonomy_manager
writing list of installed files to '/home/jetson/f1tenth2_ws/src/f1tenth_workspace_airos/build/autonomy_manager/install.log'
