[0.075s] Invoking command in '/home/jetson/f1tenth2_ws/src/f1tenth_workspace_airos/build/vesc_driver': AMENT_PREFIX_PATH=/home/jetson/f1tenth2_ws/src/f1tenth_workspace_airos/install/vesc_msgs:${AMENT_PREFIX_PATH} CMAKE_PREFIX_PATH=/home/jetson/f1tenth2_ws/src/f1tenth_workspace_airos/install/vesc_msgs:/opt/ros/foxy LD_LIBRARY_PATH=/home/jetson/f1tenth2_ws/src/f1tenth_workspace_airos/install/vesc_msgs/lib:${LD_LIBRARY_PATH} PYTHONPATH=/home/jetson/f1tenth2_ws/src/f1tenth_workspace_airos/install/vesc_msgs/lib/python3.8/site-packages:${PYTHONPATH} /usr/bin/cmake /home/jetson/f1tenth2_ws/src/f1tenth_workspace_airos/f1tenth_system/vesc/vesc_driver -DCMAKE_INSTALL_PREFIX=/home/jetson/f1tenth2_ws/src/f1tenth_workspace_airos/install/vesc_driver
[0.379s] -- The C compiler identification is GNU 9.4.0
[0.656s] -- The CXX compiler identification is GNU 9.4.0
[0.679s] -- Check for working C compiler: /usr/bin/cc
[1.031s] -- Check for working C compiler: /usr/bin/cc -- works
[1.036s] -- Detecting C compiler ABI info
[1.392s] -- Detecting C compiler ABI info - done
[1.452s] -- Detecting C compile features
[1.453s] -- Detecting C compile features - done
[1.465s] -- Check for working CXX compiler: /usr/bin/c++
[1.850s] -- Check for working CXX compiler: /usr/bin/c++ -- works
[1.855s] -- Detecting CXX compiler ABI info
[2.262s] -- Detecting CXX compiler ABI info - done
[2.318s] -- Detecting CXX compile features
[2.322s] -- Detecting CXX compile features - done
[2.330s] -- Found ament_cmake_auto: 0.9.12 (/opt/ros/foxy/share/ament_cmake_auto/cmake)
[2.452s] -- Found PythonInterp: /usr/bin/python3 (found suitable version "3.8.10", minimum required is "3") 
[2.453s] -- Using PYTHON_EXECUTABLE: /usr/bin/python3
[3.905s] -- Using all available rosidl_typesupport_c: rosidl_typesupport_fastrtps_c;rosidl_typesupport_introspection_c
[3.940s] -- Found rosidl_adapter: 1.3.1 (/opt/ros/foxy/share/rosidl_adapter/cmake)
[4.377s] -- Found OpenSSL: /usr/lib/aarch64-linux-gnu/libcrypto.so (found version "1.1.1f")  
[4.523s] -- Found FastRTPS: /opt/ros/foxy/include  
[4.905s] -- Using all available rosidl_typesupport_cpp: rosidl_typesupport_fastrtps_cpp;rosidl_typesupport_introspection_cpp
[5.188s] -- Found rmw_implementation_cmake: 1.0.4 (/opt/ros/foxy/share/rmw_implementation_cmake/cmake)
[5.195s] -- Using RMW implementation 'rmw_fastrtps_cpp' as default
[5.200s] -- Looking for pthread.h
[5.547s] -- Looking for pthread.h - found
[5.550s] -- Performing Test CMAKE_HAVE_LIBC_PTHREAD
[5.906s] -- Performing Test CMAKE_HAVE_LIBC_PTHREAD - Failed
[5.908s] -- Looking for pthread_create in pthreads
[6.197s] -- Looking for pthread_create in pthreads - not found
[6.198s] -- Looking for pthread_create in pthread
[6.529s] -- Looking for pthread_create in pthread - found
[6.536s] -- Found Threads: TRUE  
[9.276s] -- Found ament_lint_auto: 0.9.8 (/opt/ros/foxy/share/ament_lint_auto/cmake)
[9.354s] -- Added test 'copyright' to check source files copyright and LICENSE
[9.366s] -- Added test 'cppcheck' to perform static code analysis on C / C++ code
[9.368s] -- Configured cppcheck include dirs: /home/jetson/f1tenth2_ws/src/f1tenth_workspace_airos/f1tenth_system/vesc/vesc_driver/include
[9.368s] -- Configured cppcheck exclude dirs and/or files: 
[9.377s] -- Added test 'cpplint' to check C / C++ code against the Google style
[9.377s] -- Configured cpplint exclude dirs and/or files: 
[9.380s] -- Added test 'flake8' to check Python code syntax and style conventions
[9.384s] -- Added test 'lint_cmake' to check CMake code style
[9.387s] -- Added test 'pep257' to check Python code against some of the style conventions in PEP 257
[9.397s] -- Added test 'uncrustify' to check C / C++ code style
[9.397s] -- Configured uncrustify additional arguments: 
[9.399s] -- Added test 'xmllint' to check XML markup files
[9.432s] -- Configuring done
[9.754s] -- Generating done
[9.842s] -- Build files have been written to: /home/jetson/f1tenth2_ws/src/f1tenth_workspace_airos/build/vesc_driver
[9.882s] Invoked command in '/home/jetson/f1tenth2_ws/src/f1tenth_workspace_airos/build/vesc_driver' returned '0': AMENT_PREFIX_PATH=/home/jetson/f1tenth2_ws/src/f1tenth_workspace_airos/install/vesc_msgs:${AMENT_PREFIX_PATH} CMAKE_PREFIX_PATH=/home/jetson/f1tenth2_ws/src/f1tenth_workspace_airos/install/vesc_msgs:/opt/ros/foxy LD_LIBRARY_PATH=/home/jetson/f1tenth2_ws/src/f1tenth_workspace_airos/install/vesc_msgs/lib:${LD_LIBRARY_PATH} PYTHONPATH=/home/jetson/f1tenth2_ws/src/f1tenth_workspace_airos/install/vesc_msgs/lib/python3.8/site-packages:${PYTHONPATH} /usr/bin/cmake /home/jetson/f1tenth2_ws/src/f1tenth_workspace_airos/f1tenth_system/vesc/vesc_driver -DCMAKE_INSTALL_PREFIX=/home/jetson/f1tenth2_ws/src/f1tenth_workspace_airos/install/vesc_driver
[9.895s] Invoking command in '/home/jetson/f1tenth2_ws/src/f1tenth_workspace_airos/build/vesc_driver': AMENT_PREFIX_PATH=/home/jetson/f1tenth2_ws/src/f1tenth_workspace_airos/install/vesc_msgs:${AMENT_PREFIX_PATH} CMAKE_PREFIX_PATH=/home/jetson/f1tenth2_ws/src/f1tenth_workspace_airos/install/vesc_msgs:/opt/ros/foxy LD_LIBRARY_PATH=/home/jetson/f1tenth2_ws/src/f1tenth_workspace_airos/install/vesc_msgs/lib:${LD_LIBRARY_PATH} PYTHONPATH=/home/jetson/f1tenth2_ws/src/f1tenth_workspace_airos/install/vesc_msgs/lib/python3.8/site-packages:${PYTHONPATH} /usr/bin/cmake --build /home/jetson/f1tenth2_ws/src/f1tenth_workspace_airos/build/vesc_driver -- -j4 -l4
[10.113s] [35m[1mScanning dependencies of target vesc_driver_node[0m
[10.126s] [35m[1mScanning dependencies of target vesc_driver[0m
[10.483s] [ 10%] [32mBuilding CXX object CMakeFiles/vesc_driver_node.dir/rclcpp_components/node_main_vesc_driver_node.cpp.o[0m
[10.501s] [ 20%] [32mBuilding CXX object CMakeFiles/vesc_driver.dir/src/vesc_driver.cpp.o[0m
[10.549s] [ 30%] [32mBuilding CXX object CMakeFiles/vesc_driver.dir/src/vesc_packet.cpp.o[0m
[10.598s] [ 40%] [32mBuilding CXX object CMakeFiles/vesc_driver.dir/src/vesc_interface.cpp.o[0m
[19.653s] [ 50%] [32mBuilding CXX object CMakeFiles/vesc_driver.dir/src/vesc_packet_factory.cpp.o[0m
[29.167s] [ 60%] [32m[1mLinking CXX executable vesc_driver_node[0m
[30.461s] [ 60%] Built target vesc_driver_node
[46.644s] [ 70%] [32m[1mLinking CXX shared library libvesc_driver.so[0m
[48.513s] [ 70%] Built target vesc_driver
[48.560s] [35m[1mScanning dependencies of target vesc_device_namer[0m
[48.621s] [ 80%] [32mBuilding CXX object CMakeFiles/vesc_device_namer.dir/src/vesc_device_namer.cpp.o[0m
[50.531s] [ 90%] [32mBuilding CXX object CMakeFiles/vesc_device_namer.dir/src/vesc_device_uuid_lookup.cpp.o[0m
[53.008s] [100%] [32m[1mLinking CXX executable vesc_device_namer[0m
[53.844s] [100%] Built target vesc_device_namer
[53.894s] Invoked command in '/home/jetson/f1tenth2_ws/src/f1tenth_workspace_airos/build/vesc_driver' returned '0': AMENT_PREFIX_PATH=/home/jetson/f1tenth2_ws/src/f1tenth_workspace_airos/install/vesc_msgs:${AMENT_PREFIX_PATH} CMAKE_PREFIX_PATH=/home/jetson/f1tenth2_ws/src/f1tenth_workspace_airos/install/vesc_msgs:/opt/ros/foxy LD_LIBRARY_PATH=/home/jetson/f1tenth2_ws/src/f1tenth_workspace_airos/install/vesc_msgs/lib:${LD_LIBRARY_PATH} PYTHONPATH=/home/jetson/f1tenth2_ws/src/f1tenth_workspace_airos/install/vesc_msgs/lib/python3.8/site-packages:${PYTHONPATH} /usr/bin/cmake --build /home/jetson/f1tenth2_ws/src/f1tenth_workspace_airos/build/vesc_driver -- -j4 -l4
[53.907s] Invoking command in '/home/jetson/f1tenth2_ws/src/f1tenth_workspace_airos/build/vesc_driver': AMENT_PREFIX_PATH=/home/jetson/f1tenth2_ws/src/f1tenth_workspace_airos/install/vesc_msgs:${AMENT_PREFIX_PATH} CMAKE_PREFIX_PATH=/home/jetson/f1tenth2_ws/src/f1tenth_workspace_airos/install/vesc_msgs:/opt/ros/foxy LD_LIBRARY_PATH=/home/jetson/f1tenth2_ws/src/f1tenth_workspace_airos/install/vesc_msgs/lib:${LD_LIBRARY_PATH} PYTHONPATH=/home/jetson/f1tenth2_ws/src/f1tenth_workspace_airos/install/vesc_msgs/lib/python3.8/site-packages:${PYTHONPATH} /usr/bin/cmake --install /home/jetson/f1tenth2_ws/src/f1tenth_workspace_airos/build/vesc_driver
[53.951s] -- Install configuration: ""
[53.952s] -- Installing: /home/jetson/f1tenth2_ws/src/f1tenth_workspace_airos/install/vesc_driver/lib/vesc_driver/vesc_driver_node
[53.958s] -- Set runtime path of "/home/jetson/f1tenth2_ws/src/f1tenth_workspace_airos/install/vesc_driver/lib/vesc_driver/vesc_driver_node" to ""
[53.958s] -- Installing: /home/jetson/f1tenth2_ws/src/f1tenth_workspace_airos/install/vesc_driver/include
[53.959s] -- Installing: /home/jetson/f1tenth2_ws/src/f1tenth_workspace_airos/install/vesc_driver/include/vesc_driver
[53.960s] -- Installing: /home/jetson/f1tenth2_ws/src/f1tenth_workspace_airos/install/vesc_driver/include/vesc_driver/datatypes.hpp
[53.960s] -- Installing: /home/jetson/f1tenth2_ws/src/f1tenth_workspace_airos/install/vesc_driver/include/vesc_driver/vesc_interface.hpp
[53.961s] -- Installing: /home/jetson/f1tenth2_ws/src/f1tenth_workspace_airos/install/vesc_driver/include/vesc_driver/vesc_driver.hpp
[53.961s] -- Installing: /home/jetson/f1tenth2_ws/src/f1tenth_workspace_airos/install/vesc_driver/include/vesc_driver/vesc_device_uuid_lookup.hpp
[53.962s] -- Installing: /home/jetson/f1tenth2_ws/src/f1tenth_workspace_airos/install/vesc_driver/include/vesc_driver/vesc_packet_factory.hpp
[53.963s] -- Installing: /home/jetson/f1tenth2_ws/src/f1tenth_workspace_airos/install/vesc_driver/include/vesc_driver/crc.hpp
[53.965s] -- Installing: /home/jetson/f1tenth2_ws/src/f1tenth_workspace_airos/install/vesc_driver/include/vesc_driver/vesc_packet.hpp
[53.966s] -- Installing: /home/jetson/f1tenth2_ws/src/f1tenth_workspace_airos/install/vesc_driver/share/vesc_driver/environment/library_path.sh
[53.967s] -- Installing: /home/jetson/f1tenth2_ws/src/f1tenth_workspace_airos/install/vesc_driver/share/vesc_driver/environment/library_path.dsv
[53.969s] -- Installing: /home/jetson/f1tenth2_ws/src/f1tenth_workspace_airos/install/vesc_driver/lib/libvesc_driver.so
[54.017s] -- Set runtime path of "/home/jetson/f1tenth2_ws/src/f1tenth_workspace_airos/install/vesc_driver/lib/libvesc_driver.so" to ""
[54.018s] -- Installing: /home/jetson/f1tenth2_ws/src/f1tenth_workspace_airos/install/vesc_driver/lib/vesc_driver/vesc_device_namer
[54.022s] -- Set runtime path of "/home/jetson/f1tenth2_ws/src/f1tenth_workspace_airos/install/vesc_driver/lib/vesc_driver/vesc_device_namer" to ""
[54.022s] -- Installing: /home/jetson/f1tenth2_ws/src/f1tenth_workspace_airos/install/vesc_driver/share/vesc_driver/launch
[54.023s] -- Installing: /home/jetson/f1tenth2_ws/src/f1tenth_workspace_airos/install/vesc_driver/share/vesc_driver/launch/vesc_driver_node.launch.py
[54.027s] -- Installing: /home/jetson/f1tenth2_ws/src/f1tenth_workspace_airos/install/vesc_driver/share/vesc_driver/params
[54.027s] -- Installing: /home/jetson/f1tenth2_ws/src/f1tenth_workspace_airos/install/vesc_driver/share/vesc_driver/params/vesc_config.yaml
[54.029s] -- Installing: /home/jetson/f1tenth2_ws/src/f1tenth_workspace_airos/install/vesc_driver/share/ament_index/resource_index/package_run_dependencies/vesc_driver
[54.030s] -- Installing: /home/jetson/f1tenth2_ws/src/f1tenth_workspace_airos/install/vesc_driver/share/ament_index/resource_index/parent_prefix_path/vesc_driver
[54.031s] -- Installing: /home/jetson/f1tenth2_ws/src/f1tenth_workspace_airos/install/vesc_driver/share/vesc_driver/environment/ament_prefix_path.sh
[54.032s] -- Installing: /home/jetson/f1tenth2_ws/src/f1tenth_workspace_airos/install/vesc_driver/share/vesc_driver/environment/ament_prefix_path.dsv
[54.033s] -- Installing: /home/jetson/f1tenth2_ws/src/f1tenth_workspace_airos/install/vesc_driver/share/vesc_driver/environment/path.sh
[54.034s] -- Installing: /home/jetson/f1tenth2_ws/src/f1tenth_workspace_airos/install/vesc_driver/share/vesc_driver/environment/path.dsv
[54.035s] -- Installing: /home/jetson/f1tenth2_ws/src/f1tenth_workspace_airos/install/vesc_driver/share/vesc_driver/local_setup.bash
[54.036s] -- Installing: /home/jetson/f1tenth2_ws/src/f1tenth_workspace_airos/install/vesc_driver/share/vesc_driver/local_setup.sh
[54.037s] -- Installing: /home/jetson/f1tenth2_ws/src/f1tenth_workspace_airos/install/vesc_driver/share/vesc_driver/local_setup.zsh
[54.038s] -- Installing: /home/jetson/f1tenth2_ws/src/f1tenth_workspace_airos/install/vesc_driver/share/vesc_driver/local_setup.dsv
[54.039s] -- Installing: /home/jetson/f1tenth2_ws/src/f1tenth_workspace_airos/install/vesc_driver/share/vesc_driver/package.dsv
[54.040s] -- Installing: /home/jetson/f1tenth2_ws/src/f1tenth_workspace_airos/install/vesc_driver/share/ament_index/resource_index/packages/vesc_driver
[54.041s] -- Installing: /home/jetson/f1tenth2_ws/src/f1tenth_workspace_airos/install/vesc_driver/share/ament_index/resource_index/rclcpp_components/vesc_driver
[54.042s] -- Installing: /home/jetson/f1tenth2_ws/src/f1tenth_workspace_airos/install/vesc_driver/share/vesc_driver/cmake/ament_cmake_export_dependencies-extras.cmake
[54.044s] -- Installing: /home/jetson/f1tenth2_ws/src/f1tenth_workspace_airos/install/vesc_driver/share/vesc_driver/cmake/ament_cmake_export_include_directories-extras.cmake
[54.044s] -- Installing: /home/jetson/f1tenth2_ws/src/f1tenth_workspace_airos/install/vesc_driver/share/vesc_driver/cmake/ament_cmake_export_libraries-extras.cmake
[54.045s] -- Installing: /home/jetson/f1tenth2_ws/src/f1tenth_workspace_airos/install/vesc_driver/share/vesc_driver/cmake/vesc_driverConfig.cmake
[54.046s] -- Installing: /home/jetson/f1tenth2_ws/src/f1tenth_workspace_airos/install/vesc_driver/share/vesc_driver/cmake/vesc_driverConfig-version.cmake
[54.047s] -- Installing: /home/jetson/f1tenth2_ws/src/f1tenth_workspace_airos/install/vesc_driver/share/vesc_driver/package.xml
[54.060s] Invoked command in '/home/jetson/f1tenth2_ws/src/f1tenth_workspace_airos/build/vesc_driver' returned '0': AMENT_PREFIX_PATH=/home/jetson/f1tenth2_ws/src/f1tenth_workspace_airos/install/vesc_msgs:${AMENT_PREFIX_PATH} CMAKE_PREFIX_PATH=/home/jetson/f1tenth2_ws/src/f1tenth_workspace_airos/install/vesc_msgs:/opt/ros/foxy LD_LIBRARY_PATH=/home/jetson/f1tenth2_ws/src/f1tenth_workspace_airos/install/vesc_msgs/lib:${LD_LIBRARY_PATH} PYTHONPATH=/home/jetson/f1tenth2_ws/src/f1tenth_workspace_airos/install/vesc_msgs/lib/python3.8/site-packages:${PYTHONPATH} /usr/bin/cmake --install /home/jetson/f1tenth2_ws/src/f1tenth_workspace_airos/build/vesc_driver
