[3.174s] Invoking command in '/home/jetson/f1tenth2_ws/src/f1tenth_workspace_airos/f1tenth_system/teleop_tools/key_teleop': PYTHONPATH=/home/jetson/f1tenth2_ws/src/f1tenth_workspace_airos/build/key_teleop/prefix_override:/usr/lib/python3/dist-packages/colcon_core/task/python/colcon_distutils_commands:/home/jetson/f1tenth2_ws/src/f1tenth_workspace_airos/install/key_teleop/lib/python3.8/site-packages:${PYTHONPATH} /usr/bin/python3 -W ignore:setup.py install is deprecated -W ignore:easy_install command is deprecated setup.py egg_info --egg-base ../../../build/key_teleop build --build-base /home/jetson/f1tenth2_ws/src/f1tenth_workspace_airos/build/key_teleop/build install --record /home/jetson/f1tenth2_ws/src/f1tenth_workspace_airos/build/key_teleop/install.log --install-scripts $base/lib/key_teleop --single-version-externally-managed install_data
[4.177s] running egg_info
[4.183s] creating ../../../build/key_teleop/key_teleop.egg-info
[4.184s] writing ../../../build/key_teleop/key_teleop.egg-info/PKG-INFO
[4.186s] writing dependency_links to ../../../build/key_teleop/key_teleop.egg-info/dependency_links.txt
[4.188s] writing entry points to ../../../build/key_teleop/key_teleop.egg-info/entry_points.txt
[4.188s] writing requirements to ../../../build/key_teleop/key_teleop.egg-info/requires.txt
[4.189s] writing top-level names to ../../../build/key_teleop/key_teleop.egg-info/top_level.txt
[4.197s] writing manifest file '../../../build/key_teleop/key_teleop.egg-info/SOURCES.txt'
[4.359s] reading manifest file '../../../build/key_teleop/key_teleop.egg-info/SOURCES.txt'
[4.363s] writing manifest file '../../../build/key_teleop/key_teleop.egg-info/SOURCES.txt'
[4.363s] running build
[4.364s] running build_py
[4.365s] creating /home/jetson/f1tenth2_ws/src/f1tenth_workspace_airos/build/key_teleop/build
[4.365s] creating /home/jetson/f1tenth2_ws/src/f1tenth_workspace_airos/build/key_teleop/build/lib
[4.365s] creating /home/jetson/f1tenth2_ws/src/f1tenth_workspace_airos/build/key_teleop/build/lib/key_teleop
[4.366s] copying key_teleop/key_teleop.py -> /home/jetson/f1tenth2_ws/src/f1tenth_workspace_airos/build/key_teleop/build/lib/key_teleop
[4.367s] copying key_teleop/__init__.py -> /home/jetson/f1tenth2_ws/src/f1tenth_workspace_airos/build/key_teleop/build/lib/key_teleop
[4.367s] running install
[4.371s] running install_lib
[4.376s] creating /home/jetson/f1tenth2_ws/src/f1tenth_workspace_airos/install/key_teleop/lib/python3.8/site-packages/key_teleop
[4.377s] copying /home/jetson/f1tenth2_ws/src/f1tenth_workspace_airos/build/key_teleop/build/lib/key_teleop/key_teleop.py -> /home/jetson/f1tenth2_ws/src/f1tenth_workspace_airos/install/key_teleop/lib/python3.8/site-packages/key_teleop
[4.377s] copying /home/jetson/f1tenth2_ws/src/f1tenth_workspace_airos/build/key_teleop/build/lib/key_teleop/__init__.py -> /home/jetson/f1tenth2_ws/src/f1tenth_workspace_airos/install/key_teleop/lib/python3.8/site-packages/key_teleop
[4.379s] byte-compiling /home/jetson/f1tenth2_ws/src/f1tenth_workspace_airos/install/key_teleop/lib/python3.8/site-packages/key_teleop/key_teleop.py to key_teleop.cpython-38.pyc
[4.390s] byte-compiling /home/jetson/f1tenth2_ws/src/f1tenth_workspace_airos/install/key_teleop/lib/python3.8/site-packages/key_teleop/__init__.py to __init__.cpython-38.pyc
[4.391s] running install_data
[4.392s] copying package.xml -> /home/jetson/f1tenth2_ws/src/f1tenth_workspace_airos/install/key_teleop/share/key_teleop
[4.392s] creating /home/jetson/f1tenth2_ws/src/f1tenth_workspace_airos/install/key_teleop/share/key_teleop/config
[4.393s] copying config/key_teleop.yaml -> /home/jetson/f1tenth2_ws/src/f1tenth_workspace_airos/install/key_teleop/share/key_teleop/config
[4.395s] creating /home/jetson/f1tenth2_ws/src/f1tenth_workspace_airos/install/key_teleop/share/ament_index
[4.396s] creating /home/jetson/f1tenth2_ws/src/f1tenth_workspace_airos/install/key_teleop/share/ament_index/resource_index
[4.396s] creating /home/jetson/f1tenth2_ws/src/f1tenth_workspace_airos/install/key_teleop/share/ament_index/resource_index/packages
[4.397s] copying resource/key_teleop -> /home/jetson/f1tenth2_ws/src/f1tenth_workspace_airos/install/key_teleop/share/ament_index/resource_index/packages
[4.397s] running install_egg_info
[4.403s] Copying ../../../build/key_teleop/key_teleop.egg-info to /home/jetson/f1tenth2_ws/src/f1tenth_workspace_airos/install/key_teleop/lib/python3.8/site-packages/key_teleop-0.3.0-py3.8.egg-info
[4.408s] running install_scripts
[4.486s] Installing key_teleop script to /home/jetson/f1tenth2_ws/src/f1tenth_workspace_airos/install/key_teleop/lib/key_teleop
[4.488s] writing list of installed files to '/home/jetson/f1tenth2_ws/src/f1tenth_workspace_airos/build/key_teleop/install.log'
[4.603s] Invoked command in '/home/jetson/f1tenth2_ws/src/f1tenth_workspace_airos/f1tenth_system/teleop_tools/key_teleop' returned '0': PYTHONPATH=/home/jetson/f1tenth2_ws/src/f1tenth_workspace_airos/build/key_teleop/prefix_override:/usr/lib/python3/dist-packages/colcon_core/task/python/colcon_distutils_commands:/home/jetson/f1tenth2_ws/src/f1tenth_workspace_airos/install/key_teleop/lib/python3.8/site-packages:${PYTHONPATH} /usr/bin/python3 -W ignore:setup.py install is deprecated -W ignore:easy_install command is deprecated setup.py egg_info --egg-base ../../../build/key_teleop build --build-base /home/jetson/f1tenth2_ws/src/f1tenth_workspace_airos/build/key_teleop/build install --record /home/jetson/f1tenth2_ws/src/f1tenth_workspace_airos/build/key_teleop/install.log --install-scripts $base/lib/key_teleop --single-version-externally-managed install_data
