running egg_info
creating ../build/RPP_node/RPP_node.egg-info
writing ../build/RPP_node/RPP_node.egg-info/PKG-INFO
writing dependency_links to ../build/RPP_node/RPP_node.egg-info/dependency_links.txt
writing entry points to ../build/RPP_node/RPP_node.egg-info/entry_points.txt
writing requirements to ../build/RPP_node/RPP_node.egg-info/requires.txt
writing top-level names to ../build/RPP_node/RPP_node.egg-info/top_level.txt
writing manifest file '../build/RPP_node/RPP_node.egg-info/SOURCES.txt'
reading manifest file '../build/RPP_node/RPP_node.egg-info/SOURCES.txt'
writing manifest file '../build/RPP_node/RPP_node.egg-info/SOURCES.txt'
running build
running build_py
creating /home/jetson/f1tenth2_ws/src/f1tenth_workspace_airos/build/RPP_node/build
creating /home/jetson/f1tenth2_ws/src/f1tenth_workspace_airos/build/RPP_node/build/lib
creating /home/jetson/f1tenth2_ws/src/f1tenth_workspace_airos/build/RPP_node/build/lib/RPP_node
copying RPP_node/rpp_node.py -> /home/jetson/f1tenth2_ws/src/f1tenth_workspace_airos/build/RPP_node/build/lib/RPP_node
copying RPP_node/__init__.py -> /home/jetson/f1tenth2_ws/src/f1tenth_workspace_airos/build/RPP_node/build/lib/RPP_node
copying RPP_node/rpp_node_2.py -> /home/jetson/f1tenth2_ws/src/f1tenth_workspace_airos/build/RPP_node/build/lib/RPP_node
running install
running install_lib
creating /home/jetson/f1tenth2_ws/src/f1tenth_workspace_airos/install/RPP_node/lib/python3.8/site-packages/RPP_node
copying /home/jetson/f1tenth2_ws/src/f1tenth_workspace_airos/build/RPP_node/build/lib/RPP_node/rpp_node.py -> /home/jetson/f1tenth2_ws/src/f1tenth_workspace_airos/install/RPP_node/lib/python3.8/site-packages/RPP_node
copying /home/jetson/f1tenth2_ws/src/f1tenth_workspace_airos/build/RPP_node/build/lib/RPP_node/__init__.py -> /home/jetson/f1tenth2_ws/src/f1tenth_workspace_airos/install/RPP_node/lib/python3.8/site-packages/RPP_node
copying /home/jetson/f1tenth2_ws/src/f1tenth_workspace_airos/build/RPP_node/build/lib/RPP_node/rpp_node_2.py -> /home/jetson/f1tenth2_ws/src/f1tenth_workspace_airos/install/RPP_node/lib/python3.8/site-packages/RPP_node
byte-compiling /home/jetson/f1tenth2_ws/src/f1tenth_workspace_airos/install/RPP_node/lib/python3.8/site-packages/RPP_node/rpp_node.py to rpp_node.cpython-38.pyc
byte-compiling /home/jetson/f1tenth2_ws/src/f1tenth_workspace_airos/install/RPP_node/lib/python3.8/site-packages/RPP_node/__init__.py to __init__.cpython-38.pyc
byte-compiling /home/jetson/f1tenth2_ws/src/f1tenth_workspace_airos/install/RPP_node/lib/python3.8/site-packages/RPP_node/rpp_node_2.py to rpp_node_2.cpython-38.pyc
running install_data
creating /home/jetson/f1tenth2_ws/src/f1tenth_workspace_airos/install/RPP_node/share/ament_index
creating /home/jetson/f1tenth2_ws/src/f1tenth_workspace_airos/install/RPP_node/share/ament_index/resource_index
creating /home/jetson/f1tenth2_ws/src/f1tenth_workspace_airos/install/RPP_node/share/ament_index/resource_index/packages
copying resource/RPP_node -> /home/jetson/f1tenth2_ws/src/f1tenth_workspace_airos/install/RPP_node/share/ament_index/resource_index/packages
copying package.xml -> /home/jetson/f1tenth2_ws/src/f1tenth_workspace_airos/install/RPP_node/share/RPP_node
creating /home/jetson/f1tenth2_ws/src/f1tenth_workspace_airos/install/RPP_node/share/RPP_node/launch
creating /home/jetson/f1tenth2_ws/src/f1tenth_workspace_airos/install/RPP_node/share/RPP_node/config
copying config/rpp_params.yaml -> /home/jetson/f1tenth2_ws/src/f1tenth_workspace_airos/install/RPP_node/share/RPP_node/config
creating /home/jetson/f1tenth2_ws/src/f1tenth_workspace_airos/install/RPP_node/share/RPP_node/waypoints
copying waypoints/mapa1.csv -> /home/jetson/f1tenth2_ws/src/f1tenth_workspace_airos/install/RPP_node/share/RPP_node/waypoints
copying waypoints/crespo.csv -> /home/jetson/f1tenth2_ws/src/f1tenth_workspace_airos/install/RPP_node/share/RPP_node/waypoints
running install_egg_info
Copying ../build/RPP_node/RPP_node.egg-info to /home/jetson/f1tenth2_ws/src/f1tenth_workspace_airos/install/RPP_node/lib/python3.8/site-packages/RPP_node-0.0.0-py3.8.egg-info
running install_scripts
Installing rpp_node_executable script to /home/jetson/f1tenth2_ws/src/f1tenth_workspace_airos/install/RPP_node/lib/RPP_node
Installing rpp_node_executable_2 script to /home/jetson/f1tenth2_ws/src/f1tenth_workspace_airos/install/RPP_node/lib/RPP_node
writing list of installed files to '/home/jetson/f1tenth2_ws/src/f1tenth_workspace_airos/build/RPP_node/install.log'
