[2.681s] Invoking command in '/home/jetson/f1tenth2_ws/src/f1tenth_workspace_airos/f1tenth_system/f1tenth_stack': AMENT_PREFIX_PATH=/home/jetson/f1tenth2_ws/src/f1tenth_workspace_airos/install/vesc:/home/jetson/f1tenth2_ws/src/f1tenth_workspace_airos/install/vesc_driver:/home/jetson/f1tenth2_ws/src/f1tenth_workspace_airos/install/vesc_ackermann:/home/jetson/f1tenth2_ws/src/f1tenth_workspace_airos/install/joy_teleop:/home/jetson/f1tenth2_ws/src/f1tenth_workspace_airos/install/vesc_msgs:/home/jetson/f1tenth2_ws/src/f1tenth_workspace_airos/install/teleop_tools_msgs:/home/jetson/f1tenth2_ws/src/f1tenth_workspace_airos/install/ackermann_mux:${AMENT_PREFIX_PATH} CMAKE_PREFIX_PATH=/home/jetson/f1tenth2_ws/src/f1tenth_workspace_airos/install/vesc:/home/jetson/f1tenth2_ws/src/f1tenth_workspace_airos/install/vesc_driver:/home/jetson/f1tenth2_ws/src/f1tenth_workspace_airos/install/vesc_ackermann:/home/jetson/f1tenth2_ws/src/f1tenth_workspace_airos/install/vesc_msgs:/home/jetson/f1tenth2_ws/src/f1tenth_workspace_airos/install/teleop_tools_msgs:/home/jetson/f1tenth2_ws/src/f1tenth_workspace_airos/install/ackermann_mux LD_LIBRARY_PATH=/home/jetson/f1tenth2_ws/src/f1tenth_workspace_airos/install/vesc_driver/lib:/home/jetson/f1tenth2_ws/src/f1tenth_workspace_airos/install/vesc_ackermann/lib:/home/jetson/f1tenth2_ws/src/f1tenth_workspace_airos/install/vesc_msgs/lib:/home/jetson/f1tenth2_ws/src/f1tenth_workspace_airos/install/teleop_tools_msgs/lib:${LD_LIBRARY_PATH} PYTHONPATH=/home/jetson/f1tenth2_ws/src/f1tenth_workspace_airos/build/f1tenth_stack/prefix_override:/usr/lib/python3/dist-packages/colcon_core/task/python/colcon_distutils_commands:/home/jetson/f1tenth2_ws/src/f1tenth_workspace_airos/install/f1tenth_stack/lib/python3.8/site-packages:/home/jetson/f1tenth2_ws/src/f1tenth_workspace_airos/install/joy_teleop/lib/python3.8/site-packages:/home/jetson/f1tenth2_ws/src/f1tenth_workspace_airos/install/vesc_msgs/lib/python3.8/site-packages:/home/jetson/f1tenth2_ws/src/f1tenth_workspace_airos/install/teleop_tools_msgs/lib/python3.8/site-packages:${PYTHONPATH} /usr/bin/python3 -W ignore:setup.py install is deprecated -W ignore:easy_install command is deprecated setup.py egg_info --egg-base ../../build/f1tenth_stack build --build-base /home/jetson/f1tenth2_ws/src/f1tenth_workspace_airos/build/f1tenth_stack/build install --record /home/jetson/f1tenth2_ws/src/f1tenth_workspace_airos/build/f1tenth_stack/install.log --install-scripts $base/lib/f1tenth_stack --single-version-externally-managed install_data
[3.544s] running egg_info
[3.547s] creating ../../build/f1tenth_stack/f1tenth_stack.egg-info
[3.547s] writing ../../build/f1tenth_stack/f1tenth_stack.egg-info/PKG-INFO
[3.548s] writing dependency_links to ../../build/f1tenth_stack/f1tenth_stack.egg-info/dependency_links.txt
[3.549s] writing entry points to ../../build/f1tenth_stack/f1tenth_stack.egg-info/entry_points.txt
[3.549s] writing requirements to ../../build/f1tenth_stack/f1tenth_stack.egg-info/requires.txt
[3.550s] writing top-level names to ../../build/f1tenth_stack/f1tenth_stack.egg-info/top_level.txt
[3.554s] writing manifest file '../../build/f1tenth_stack/f1tenth_stack.egg-info/SOURCES.txt'
[3.677s] reading manifest file '../../build/f1tenth_stack/f1tenth_stack.egg-info/SOURCES.txt'
[3.681s] writing manifest file '../../build/f1tenth_stack/f1tenth_stack.egg-info/SOURCES.txt'
[3.682s] running build
[3.682s] running build_py
[3.683s] creating /home/jetson/f1tenth2_ws/src/f1tenth_workspace_airos/build/f1tenth_stack/build
[3.683s] creating /home/jetson/f1tenth2_ws/src/f1tenth_workspace_airos/build/f1tenth_stack/build/lib
[3.683s] creating /home/jetson/f1tenth2_ws/src/f1tenth_workspace_airos/build/f1tenth_stack/build/lib/f1tenth_stack
[3.684s] copying f1tenth_stack/throttle_interpolator.py -> /home/jetson/f1tenth2_ws/src/f1tenth_workspace_airos/build/f1tenth_stack/build/lib/f1tenth_stack
[3.688s] copying f1tenth_stack/tf_publisher.py -> /home/jetson/f1tenth2_ws/src/f1tenth_workspace_airos/build/f1tenth_stack/build/lib/f1tenth_stack
[3.689s] copying f1tenth_stack/__init__.py -> /home/jetson/f1tenth2_ws/src/f1tenth_workspace_airos/build/f1tenth_stack/build/lib/f1tenth_stack
[3.690s] running install
[3.693s] running install_lib
[3.697s] creating /home/jetson/f1tenth2_ws/src/f1tenth_workspace_airos/install/f1tenth_stack/lib/python3.8/site-packages/f1tenth_stack
[3.697s] copying /home/jetson/f1tenth2_ws/src/f1tenth_workspace_airos/build/f1tenth_stack/build/lib/f1tenth_stack/throttle_interpolator.py -> /home/jetson/f1tenth2_ws/src/f1tenth_workspace_airos/install/f1tenth_stack/lib/python3.8/site-packages/f1tenth_stack
[3.698s] copying /home/jetson/f1tenth2_ws/src/f1tenth_workspace_airos/build/f1tenth_stack/build/lib/f1tenth_stack/tf_publisher.py -> /home/jetson/f1tenth2_ws/src/f1tenth_workspace_airos/install/f1tenth_stack/lib/python3.8/site-packages/f1tenth_stack
[3.698s] copying /home/jetson/f1tenth2_ws/src/f1tenth_workspace_airos/build/f1tenth_stack/build/lib/f1tenth_stack/__init__.py -> /home/jetson/f1tenth2_ws/src/f1tenth_workspace_airos/install/f1tenth_stack/lib/python3.8/site-packages/f1tenth_stack
[3.700s] byte-compiling /home/jetson/f1tenth2_ws/src/f1tenth_workspace_airos/install/f1tenth_stack/lib/python3.8/site-packages/f1tenth_stack/throttle_interpolator.py to throttle_interpolator.cpython-38.pyc
[3.707s] byte-compiling /home/jetson/f1tenth2_ws/src/f1tenth_workspace_airos/install/f1tenth_stack/lib/python3.8/site-packages/f1tenth_stack/tf_publisher.py to tf_publisher.cpython-38.pyc
[3.709s] byte-compiling /home/jetson/f1tenth2_ws/src/f1tenth_workspace_airos/install/f1tenth_stack/lib/python3.8/site-packages/f1tenth_stack/__init__.py to __init__.cpython-38.pyc
[3.710s] running install_data
[3.710s] creating /home/jetson/f1tenth2_ws/src/f1tenth_workspace_airos/install/f1tenth_stack/share/ament_index
[3.711s] creating /home/jetson/f1tenth2_ws/src/f1tenth_workspace_airos/install/f1tenth_stack/share/ament_index/resource_index
[3.712s] creating /home/jetson/f1tenth2_ws/src/f1tenth_workspace_airos/install/f1tenth_stack/share/ament_index/resource_index/packages
[3.712s] copying resource/f1tenth_stack -> /home/jetson/f1tenth2_ws/src/f1tenth_workspace_airos/install/f1tenth_stack/share/ament_index/resource_index/packages
[3.712s] copying package.xml -> /home/jetson/f1tenth2_ws/src/f1tenth_workspace_airos/install/f1tenth_stack/share/f1tenth_stack
[3.713s] creating /home/jetson/f1tenth2_ws/src/f1tenth_workspace_airos/install/f1tenth_stack/share/f1tenth_stack/launch
[3.713s] copying launch/bringup_launch.py -> /home/jetson/f1tenth2_ws/src/f1tenth_workspace_airos/install/f1tenth_stack/share/f1tenth_stack/launch
[3.714s] copying launch/amcl_f1tenth.launch.py -> /home/jetson/f1tenth2_ws/src/f1tenth_workspace_airos/install/f1tenth_stack/share/f1tenth_stack/launch
[3.714s] copying launch/slam.launch.py -> /home/jetson/f1tenth2_ws/src/f1tenth_workspace_airos/install/f1tenth_stack/share/f1tenth_stack/launch
[3.715s] creating /home/jetson/f1tenth2_ws/src/f1tenth_workspace_airos/install/f1tenth_stack/share/f1tenth_stack/config
[3.715s] copying config/sensors.yaml -> /home/jetson/f1tenth2_ws/src/f1tenth_workspace_airos/install/f1tenth_stack/share/f1tenth_stack/config
[3.716s] copying config/joy_teleop.yaml -> /home/jetson/f1tenth2_ws/src/f1tenth_workspace_airos/install/f1tenth_stack/share/f1tenth_stack/config
[3.716s] copying config/mux.yaml -> /home/jetson/f1tenth2_ws/src/f1tenth_workspace_airos/install/f1tenth_stack/share/f1tenth_stack/config
[3.717s] copying config/vesc.yaml -> /home/jetson/f1tenth2_ws/src/f1tenth_workspace_airos/install/f1tenth_stack/share/f1tenth_stack/config
[3.718s] copying config/slam_toolbox.yaml -> /home/jetson/f1tenth2_ws/src/f1tenth_workspace_airos/install/f1tenth_stack/share/f1tenth_stack/config
[3.718s] copying config/f1tenth_online_async.yaml -> /home/jetson/f1tenth2_ws/src/f1tenth_workspace_airos/install/f1tenth_stack/share/f1tenth_stack/config
[3.719s] creating /home/jetson/f1tenth2_ws/src/f1tenth_workspace_airos/install/f1tenth_stack/share/f1tenth_stack/maps
[3.719s] copying maps/mapa1.yaml -> /home/jetson/f1tenth2_ws/src/f1tenth_workspace_airos/install/f1tenth_stack/share/f1tenth_stack/maps
[3.720s] copying maps/crespo.yaml -> /home/jetson/f1tenth2_ws/src/f1tenth_workspace_airos/install/f1tenth_stack/share/f1tenth_stack/maps
[3.721s] copying maps/mapa1.pgm -> /home/jetson/f1tenth2_ws/src/f1tenth_workspace_airos/install/f1tenth_stack/share/f1tenth_stack/maps
[3.722s] copying maps/crespo.pgm -> /home/jetson/f1tenth2_ws/src/f1tenth_workspace_airos/install/f1tenth_stack/share/f1tenth_stack/maps
[3.722s] running install_egg_info
[3.729s] Copying ../../build/f1tenth_stack/f1tenth_stack.egg-info to /home/jetson/f1tenth2_ws/src/f1tenth_workspace_airos/install/f1tenth_stack/lib/python3.8/site-packages/f1tenth_stack-0.0.1-py3.8.egg-info
[3.733s] running install_scripts
[3.792s] Installing tf_publisher script to /home/jetson/f1tenth2_ws/src/f1tenth_workspace_airos/install/f1tenth_stack/lib/f1tenth_stack
[3.793s] Installing throttle_interpolator script to /home/jetson/f1tenth2_ws/src/f1tenth_workspace_airos/install/f1tenth_stack/lib/f1tenth_stack
[3.794s] writing list of installed files to '/home/jetson/f1tenth2_ws/src/f1tenth_workspace_airos/build/f1tenth_stack/install.log'
[3.880s] Invoked command in '/home/jetson/f1tenth2_ws/src/f1tenth_workspace_airos/f1tenth_system/f1tenth_stack' returned '0': AMENT_PREFIX_PATH=/home/jetson/f1tenth2_ws/src/f1tenth_workspace_airos/install/vesc:/home/jetson/f1tenth2_ws/src/f1tenth_workspace_airos/install/vesc_driver:/home/jetson/f1tenth2_ws/src/f1tenth_workspace_airos/install/vesc_ackermann:/home/jetson/f1tenth2_ws/src/f1tenth_workspace_airos/install/joy_teleop:/home/jetson/f1tenth2_ws/src/f1tenth_workspace_airos/install/vesc_msgs:/home/jetson/f1tenth2_ws/src/f1tenth_workspace_airos/install/teleop_tools_msgs:/home/jetson/f1tenth2_ws/src/f1tenth_workspace_airos/install/ackermann_mux:${AMENT_PREFIX_PATH} CMAKE_PREFIX_PATH=/home/jetson/f1tenth2_ws/src/f1tenth_workspace_airos/install/vesc:/home/jetson/f1tenth2_ws/src/f1tenth_workspace_airos/install/vesc_driver:/home/jetson/f1tenth2_ws/src/f1tenth_workspace_airos/install/vesc_ackermann:/home/jetson/f1tenth2_ws/src/f1tenth_workspace_airos/install/vesc_msgs:/home/jetson/f1tenth2_ws/src/f1tenth_workspace_airos/install/teleop_tools_msgs:/home/jetson/f1tenth2_ws/src/f1tenth_workspace_airos/install/ackermann_mux LD_LIBRARY_PATH=/home/jetson/f1tenth2_ws/src/f1tenth_workspace_airos/install/vesc_driver/lib:/home/jetson/f1tenth2_ws/src/f1tenth_workspace_airos/install/vesc_ackermann/lib:/home/jetson/f1tenth2_ws/src/f1tenth_workspace_airos/install/vesc_msgs/lib:/home/jetson/f1tenth2_ws/src/f1tenth_workspace_airos/install/teleop_tools_msgs/lib:${LD_LIBRARY_PATH} PYTHONPATH=/home/jetson/f1tenth2_ws/src/f1tenth_workspace_airos/build/f1tenth_stack/prefix_override:/usr/lib/python3/dist-packages/colcon_core/task/python/colcon_distutils_commands:/home/jetson/f1tenth2_ws/src/f1tenth_workspace_airos/install/f1tenth_stack/lib/python3.8/site-packages:/home/jetson/f1tenth2_ws/src/f1tenth_workspace_airos/install/joy_teleop/lib/python3.8/site-packages:/home/jetson/f1tenth2_ws/src/f1tenth_workspace_airos/install/vesc_msgs/lib/python3.8/site-packages:/home/jetson/f1tenth2_ws/src/f1tenth_workspace_airos/install/teleop_tools_msgs/lib/python3.8/site-packages:${PYTHONPATH} /usr/bin/python3 -W ignore:setup.py install is deprecated -W ignore:easy_install command is deprecated setup.py egg_info --egg-base ../../build/f1tenth_stack build --build-base /home/jetson/f1tenth2_ws/src/f1tenth_workspace_airos/build/f1tenth_stack/build install --record /home/jetson/f1tenth2_ws/src/f1tenth_workspace_airos/build/f1tenth_stack/install.log --install-scripts $base/lib/f1tenth_stack --single-version-externally-managed install_data
