running egg_info
creating ../build/FTG_node/FTG_node.egg-info
writing ../build/FTG_node/FTG_node.egg-info/PKG-INFO
writing dependency_links to ../build/FTG_node/FTG_node.egg-info/dependency_links.txt
writing entry points to ../build/FTG_node/FTG_node.egg-info/entry_points.txt
writing requirements to ../build/FTG_node/FTG_node.egg-info/requires.txt
writing top-level names to ../build/FTG_node/FTG_node.egg-info/top_level.txt
writing manifest file '../build/FTG_node/FTG_node.egg-info/SOURCES.txt'
reading manifest file '../build/FTG_node/FTG_node.egg-info/SOURCES.txt'
writing manifest file '../build/FTG_node/FTG_node.egg-info/SOURCES.txt'
running build
running build_py
creating /home/jetson/f1tenth2_ws/src/f1tenth_workspace_airos/build/FTG_node/build
creating /home/jetson/f1tenth2_ws/src/f1tenth_workspace_airos/build/FTG_node/build/lib
creating /home/jetson/f1tenth2_ws/src/f1tenth_workspace_airos/build/FTG_node/build/lib/FTG_node
copying FTG_node/__init__.py -> /home/jetson/f1tenth2_ws/src/f1tenth_workspace_airos/build/FTG_node/build/lib/FTG_node
running install
running install_lib
creating /home/jetson/f1tenth2_ws/src/f1tenth_workspace_airos/install/FTG_node/lib/python3.8/site-packages/FTG_node
copying /home/jetson/f1tenth2_ws/src/f1tenth_workspace_airos/build/FTG_node/build/lib/FTG_node/__init__.py -> /home/jetson/f1tenth2_ws/src/f1tenth_workspace_airos/install/FTG_node/lib/python3.8/site-packages/FTG_node
byte-compiling /home/jetson/f1tenth2_ws/src/f1tenth_workspace_airos/install/FTG_node/lib/python3.8/site-packages/FTG_node/__init__.py to __init__.cpython-38.pyc
running install_data
creating /home/jetson/f1tenth2_ws/src/f1tenth_workspace_airos/install/FTG_node/share/ament_index
creating /home/jetson/f1tenth2_ws/src/f1tenth_workspace_airos/install/FTG_node/share/ament_index/resource_index
creating /home/jetson/f1tenth2_ws/src/f1tenth_workspace_airos/install/FTG_node/share/ament_index/resource_index/packages
copying resource/FTG_node -> /home/jetson/f1tenth2_ws/src/f1tenth_workspace_airos/install/FTG_node/share/ament_index/resource_index/packages
copying package.xml -> /home/jetson/f1tenth2_ws/src/f1tenth_workspace_airos/install/FTG_node/share/FTG_node
running install_egg_info
Copying ../build/FTG_node/FTG_node.egg-info to /home/jetson/f1tenth2_ws/src/f1tenth_workspace_airos/install/FTG_node/lib/python3.8/site-packages/FTG_node-0.0.0-py3.8.egg-info
running install_scripts
writing list of installed files to '/home/jetson/f1tenth2_ws/src/f1tenth_workspace_airos/build/FTG_node/install.log'
