[2.856s] Invoking command in '/home/jetson/f1tenth2_ws/src/f1tenth_workspace_airos/FTG_node': PYTHONPATH=/home/jetson/f1tenth2_ws/src/f1tenth_workspace_airos/build/FTG_node/prefix_override:/usr/lib/python3/dist-packages/colcon_core/task/python/colcon_distutils_commands:/home/jetson/f1tenth2_ws/src/f1tenth_workspace_airos/install/FTG_node/lib/python3.8/site-packages:${PYTHONPATH} /usr/bin/python3 -W ignore:setup.py install is deprecated -W ignore:easy_install command is deprecated setup.py egg_info --egg-base ../build/FTG_node build --build-base /home/jetson/f1tenth2_ws/src/f1tenth_workspace_airos/build/FTG_node/build install --record /home/jetson/f1tenth2_ws/src/f1tenth_workspace_airos/build/FTG_node/install.log --install-scripts $base/lib/FTG_node --single-version-externally-managed install_data
[3.823s] running egg_info
[3.826s] creating ../build/FTG_node/FTG_node.egg-info
[3.826s] writing ../build/FTG_node/FTG_node.egg-info/PKG-INFO
[3.827s] writing dependency_links to ../build/FTG_node/FTG_node.egg-info/dependency_links.txt
[3.830s] writing entry points to ../build/FTG_node/FTG_node.egg-info/entry_points.txt
[3.831s] writing requirements to ../build/FTG_node/FTG_node.egg-info/requires.txt
[3.831s] writing top-level names to ../build/FTG_node/FTG_node.egg-info/top_level.txt
[3.835s] writing manifest file '../build/FTG_node/FTG_node.egg-info/SOURCES.txt'
[3.988s] reading manifest file '../build/FTG_node/FTG_node.egg-info/SOURCES.txt'
[3.990s] writing manifest file '../build/FTG_node/FTG_node.egg-info/SOURCES.txt'
[3.991s] running build
[3.991s] running build_py
[3.992s] creating /home/jetson/f1tenth2_ws/src/f1tenth_workspace_airos/build/FTG_node/build
[3.993s] creating /home/jetson/f1tenth2_ws/src/f1tenth_workspace_airos/build/FTG_node/build/lib
[3.993s] creating /home/jetson/f1tenth2_ws/src/f1tenth_workspace_airos/build/FTG_node/build/lib/FTG_node
[3.994s] copying FTG_node/__init__.py -> /home/jetson/f1tenth2_ws/src/f1tenth_workspace_airos/build/FTG_node/build/lib/FTG_node
[3.994s] running install
[3.997s] running install_lib
[4.001s] creating /home/jetson/f1tenth2_ws/src/f1tenth_workspace_airos/install/FTG_node/lib/python3.8/site-packages/FTG_node
[4.003s] copying /home/jetson/f1tenth2_ws/src/f1tenth_workspace_airos/build/FTG_node/build/lib/FTG_node/__init__.py -> /home/jetson/f1tenth2_ws/src/f1tenth_workspace_airos/install/FTG_node/lib/python3.8/site-packages/FTG_node
[4.004s] byte-compiling /home/jetson/f1tenth2_ws/src/f1tenth_workspace_airos/install/FTG_node/lib/python3.8/site-packages/FTG_node/__init__.py to __init__.cpython-38.pyc
[4.009s] running install_data
[4.010s] creating /home/jetson/f1tenth2_ws/src/f1tenth_workspace_airos/install/FTG_node/share/ament_index
[4.010s] creating /home/jetson/f1tenth2_ws/src/f1tenth_workspace_airos/install/FTG_node/share/ament_index/resource_index
[4.011s] creating /home/jetson/f1tenth2_ws/src/f1tenth_workspace_airos/install/FTG_node/share/ament_index/resource_index/packages
[4.011s] copying resource/FTG_node -> /home/jetson/f1tenth2_ws/src/f1tenth_workspace_airos/install/FTG_node/share/ament_index/resource_index/packages
[4.012s] copying package.xml -> /home/jetson/f1tenth2_ws/src/f1tenth_workspace_airos/install/FTG_node/share/FTG_node
[4.013s] running install_egg_info
[4.020s] Copying ../build/FTG_node/FTG_node.egg-info to /home/jetson/f1tenth2_ws/src/f1tenth_workspace_airos/install/FTG_node/lib/python3.8/site-packages/FTG_node-0.0.0-py3.8.egg-info
[4.027s] running install_scripts
[4.095s] writing list of installed files to '/home/jetson/f1tenth2_ws/src/f1tenth_workspace_airos/build/FTG_node/install.log'
[4.206s] Invoked command in '/home/jetson/f1tenth2_ws/src/f1tenth_workspace_airos/FTG_node' returned '0': PYTHONPATH=/home/jetson/f1tenth2_ws/src/f1tenth_workspace_airos/build/FTG_node/prefix_override:/usr/lib/python3/dist-packages/colcon_core/task/python/colcon_distutils_commands:/home/jetson/f1tenth2_ws/src/f1tenth_workspace_airos/install/FTG_node/lib/python3.8/site-packages:${PYTHONPATH} /usr/bin/python3 -W ignore:setup.py install is deprecated -W ignore:easy_install command is deprecated setup.py egg_info --egg-base ../build/FTG_node build --build-base /home/jetson/f1tenth2_ws/src/f1tenth_workspace_airos/build/FTG_node/build install --record /home/jetson/f1tenth2_ws/src/f1tenth_workspace_airos/build/FTG_node/install.log --install-scripts $base/lib/FTG_node --single-version-externally-managed install_data
