[3.193s] Invoking command in '/home/jetson/f1tenth2_ws/src/f1tenth_workspace_airos/f1tenth_system/teleop_tools/mouse_teleop': PYTHONPATH=/home/jetson/f1tenth2_ws/src/f1tenth_workspace_airos/build/mouse_teleop/prefix_override:/usr/lib/python3/dist-packages/colcon_core/task/python/colcon_distutils_commands:/home/jetson/f1tenth2_ws/src/f1tenth_workspace_airos/install/mouse_teleop/lib/python3.8/site-packages:${PYTHONPATH} /usr/bin/python3 -W ignore:setup.py install is deprecated -W ignore:easy_install command is deprecated setup.py egg_info --egg-base ../../../build/mouse_teleop build --build-base /home/jetson/f1tenth2_ws/src/f1tenth_workspace_airos/build/mouse_teleop/build install --record /home/jetson/f1tenth2_ws/src/f1tenth_workspace_airos/build/mouse_teleop/install.log --install-scripts $base/lib/mouse_teleop --single-version-externally-managed install_data
[4.402s] running egg_info
[4.404s] writing ../../../build/mouse_teleop/mouse_teleop.egg-info/PKG-INFO
[4.405s] writing dependency_links to ../../../build/mouse_teleop/mouse_teleop.egg-info/dependency_links.txt
[4.407s] writing entry points to ../../../build/mouse_teleop/mouse_teleop.egg-info/entry_points.txt
[4.407s] writing requirements to ../../../build/mouse_teleop/mouse_teleop.egg-info/requires.txt
[4.408s] writing top-level names to ../../../build/mouse_teleop/mouse_teleop.egg-info/top_level.txt
[4.548s] reading manifest file '../../../build/mouse_teleop/mouse_teleop.egg-info/SOURCES.txt'
[4.553s] writing manifest file '../../../build/mouse_teleop/mouse_teleop.egg-info/SOURCES.txt'
[4.554s] running build
[4.554s] running build_py
[4.555s] running install
[4.559s] running install_lib
[4.567s] running install_data
[4.567s] running install_egg_info
[4.575s] removing '/home/jetson/f1tenth2_ws/src/f1tenth_workspace_airos/install/mouse_teleop/lib/python3.8/site-packages/mouse_teleop-0.3.0-py3.8.egg-info' (and everything under it)
[4.577s] Copying ../../../build/mouse_teleop/mouse_teleop.egg-info to /home/jetson/f1tenth2_ws/src/f1tenth_workspace_airos/install/mouse_teleop/lib/python3.8/site-packages/mouse_teleop-0.3.0-py3.8.egg-info
[4.583s] running install_scripts
[4.662s] Installing mouse_teleop script to /home/jetson/f1tenth2_ws/src/f1tenth_workspace_airos/install/mouse_teleop/lib/mouse_teleop
[4.663s] writing list of installed files to '/home/jetson/f1tenth2_ws/src/f1tenth_workspace_airos/build/mouse_teleop/install.log'
[4.778s] Invoked command in '/home/jetson/f1tenth2_ws/src/f1tenth_workspace_airos/f1tenth_system/teleop_tools/mouse_teleop' returned '0': PYTHONPATH=/home/jetson/f1tenth2_ws/src/f1tenth_workspace_airos/build/mouse_teleop/prefix_override:/usr/lib/python3/dist-packages/colcon_core/task/python/colcon_distutils_commands:/home/jetson/f1tenth2_ws/src/f1tenth_workspace_airos/install/mouse_teleop/lib/python3.8/site-packages:${PYTHONPATH} /usr/bin/python3 -W ignore:setup.py install is deprecated -W ignore:easy_install command is deprecated setup.py egg_info --egg-base ../../../build/mouse_teleop build --build-base /home/jetson/f1tenth2_ws/src/f1tenth_workspace_airos/build/mouse_teleop/build install --record /home/jetson/f1tenth2_ws/src/f1tenth_workspace_airos/build/mouse_teleop/install.log --install-scripts $base/lib/mouse_teleop --single-version-externally-managed install_data
