[3.636s] Invoking command in '/home/jetson/f1tenth2_ws/src/f1tenth_workspace_airos/FTG_node': PYTHONPATH=/home/jetson/f1tenth2_ws/src/f1tenth_workspace_airos/build/FTG_node/prefix_override:/usr/lib/python3/dist-packages/colcon_core/task/python/colcon_distutils_commands:/home/jetson/f1tenth2_ws/src/f1tenth_workspace_airos/install/FTG_node/lib/python3.8/site-packages:${PYTHONPATH} /usr/bin/python3 -W ignore:setup.py install is deprecated -W ignore:easy_install command is deprecated setup.py egg_info --egg-base ../build/FTG_node build --build-base /home/jetson/f1tenth2_ws/src/f1tenth_workspace_airos/build/FTG_node/build install --record /home/jetson/f1tenth2_ws/src/f1tenth_workspace_airos/build/FTG_node/install.log --install-scripts $base/lib/FTG_node --single-version-externally-managed install_data
[4.795s] running egg_info
[4.798s] writing ../build/FTG_node/FTG_node.egg-info/PKG-INFO
[4.799s] writing dependency_links to ../build/FTG_node/FTG_node.egg-info/dependency_links.txt
[4.799s] writing entry points to ../build/FTG_node/FTG_node.egg-info/entry_points.txt
[4.800s] writing requirements to ../build/FTG_node/FTG_node.egg-info/requires.txt
[4.801s] writing top-level names to ../build/FTG_node/FTG_node.egg-info/top_level.txt
[4.954s] reading manifest file '../build/FTG_node/FTG_node.egg-info/SOURCES.txt'
[4.958s] writing manifest file '../build/FTG_node/FTG_node.egg-info/SOURCES.txt'
[4.958s] running build
[4.959s] running build_py
[4.960s] running install
[4.963s] running install_lib
[4.970s] running install_data
[4.971s] running install_egg_info
[4.978s] removing '/home/jetson/f1tenth2_ws/src/f1tenth_workspace_airos/install/FTG_node/lib/python3.8/site-packages/FTG_node-0.0.0-py3.8.egg-info' (and everything under it)
[4.980s] Copying ../build/FTG_node/FTG_node.egg-info to /home/jetson/f1tenth2_ws/src/f1tenth_workspace_airos/install/FTG_node/lib/python3.8/site-packages/FTG_node-0.0.0-py3.8.egg-info
[4.986s] running install_scripts
[5.053s] writing list of installed files to '/home/jetson/f1tenth2_ws/src/f1tenth_workspace_airos/build/FTG_node/install.log'
[5.231s] Invoked command in '/home/jetson/f1tenth2_ws/src/f1tenth_workspace_airos/FTG_node' returned '0': PYTHONPATH=/home/jetson/f1tenth2_ws/src/f1tenth_workspace_airos/build/FTG_node/prefix_override:/usr/lib/python3/dist-packages/colcon_core/task/python/colcon_distutils_commands:/home/jetson/f1tenth2_ws/src/f1tenth_workspace_airos/install/FTG_node/lib/python3.8/site-packages:${PYTHONPATH} /usr/bin/python3 -W ignore:setup.py install is deprecated -W ignore:easy_install command is deprecated setup.py egg_info --egg-base ../build/FTG_node build --build-base /home/jetson/f1tenth2_ws/src/f1tenth_workspace_airos/build/FTG_node/build install --record /home/jetson/f1tenth2_ws/src/f1tenth_workspace_airos/build/FTG_node/install.log --install-scripts $base/lib/FTG_node --single-version-externally-managed install_data
