[6.357s] Invoking command in '/home/jetson/f1tenth2_ws/src/f1tenth_workspace_airos/f1tenth_system/teleop_tools/mouse_teleop': PYTHONPATH=/home/jetson/f1tenth2_ws/src/f1tenth_workspace_airos/build/mouse_teleop/prefix_override:/usr/lib/python3/dist-packages/colcon_core/task/python/colcon_distutils_commands:/home/jetson/f1tenth2_ws/src/f1tenth_workspace_airos/install/mouse_teleop/lib/python3.8/site-packages:${PYTHONPATH} /usr/bin/python3 -W ignore:setup.py install is deprecated -W ignore:easy_install command is deprecated setup.py egg_info --egg-base ../../../build/mouse_teleop build --build-base /home/jetson/f1tenth2_ws/src/f1tenth_workspace_airos/build/mouse_teleop/build install --record /home/jetson/f1tenth2_ws/src/f1tenth_workspace_airos/build/mouse_teleop/install.log --install-scripts $base/lib/mouse_teleop --single-version-externally-managed install_data
[7.499s] running egg_info
[7.502s] creating ../../../build/mouse_teleop/mouse_teleop.egg-info
[7.503s] writing ../../../build/mouse_teleop/mouse_teleop.egg-info/PKG-INFO
[7.505s] writing dependency_links to ../../../build/mouse_teleop/mouse_teleop.egg-info/dependency_links.txt
[7.506s] writing entry points to ../../../build/mouse_teleop/mouse_teleop.egg-info/entry_points.txt
[7.507s] writing requirements to ../../../build/mouse_teleop/mouse_teleop.egg-info/requires.txt
[7.508s] writing top-level names to ../../../build/mouse_teleop/mouse_teleop.egg-info/top_level.txt
[7.513s] writing manifest file '../../../build/mouse_teleop/mouse_teleop.egg-info/SOURCES.txt'
[7.684s] reading manifest file '../../../build/mouse_teleop/mouse_teleop.egg-info/SOURCES.txt'
[7.687s] writing manifest file '../../../build/mouse_teleop/mouse_teleop.egg-info/SOURCES.txt'
[7.688s] running build
[7.689s] running build_py
[7.689s] creating /home/jetson/f1tenth2_ws/src/f1tenth_workspace_airos/build/mouse_teleop/build
[7.690s] creating /home/jetson/f1tenth2_ws/src/f1tenth_workspace_airos/build/mouse_teleop/build/lib
[7.690s] creating /home/jetson/f1tenth2_ws/src/f1tenth_workspace_airos/build/mouse_teleop/build/lib/mouse_teleop
[7.691s] copying mouse_teleop/__init__.py -> /home/jetson/f1tenth2_ws/src/f1tenth_workspace_airos/build/mouse_teleop/build/lib/mouse_teleop
[7.691s] copying mouse_teleop/mouse_teleop.py -> /home/jetson/f1tenth2_ws/src/f1tenth_workspace_airos/build/mouse_teleop/build/lib/mouse_teleop
[7.694s] running install
[7.698s] running install_lib
[7.711s] creating /home/jetson/f1tenth2_ws/src/f1tenth_workspace_airos/install/mouse_teleop/lib/python3.8/site-packages/mouse_teleop
[7.711s] copying /home/jetson/f1tenth2_ws/src/f1tenth_workspace_airos/build/mouse_teleop/build/lib/mouse_teleop/__init__.py -> /home/jetson/f1tenth2_ws/src/f1tenth_workspace_airos/install/mouse_teleop/lib/python3.8/site-packages/mouse_teleop
[7.712s] copying /home/jetson/f1tenth2_ws/src/f1tenth_workspace_airos/build/mouse_teleop/build/lib/mouse_teleop/mouse_teleop.py -> /home/jetson/f1tenth2_ws/src/f1tenth_workspace_airos/install/mouse_teleop/lib/python3.8/site-packages/mouse_teleop
[7.719s] byte-compiling /home/jetson/f1tenth2_ws/src/f1tenth_workspace_airos/install/mouse_teleop/lib/python3.8/site-packages/mouse_teleop/__init__.py to __init__.cpython-38.pyc
[7.733s] byte-compiling /home/jetson/f1tenth2_ws/src/f1tenth_workspace_airos/install/mouse_teleop/lib/python3.8/site-packages/mouse_teleop/mouse_teleop.py to mouse_teleop.cpython-38.pyc
[7.741s] running install_data
[7.742s] copying package.xml -> /home/jetson/f1tenth2_ws/src/f1tenth_workspace_airos/install/mouse_teleop/share/mouse_teleop
[7.742s] creating /home/jetson/f1tenth2_ws/src/f1tenth_workspace_airos/install/mouse_teleop/share/mouse_teleop/config
[7.743s] copying config/mouse_teleop.yaml -> /home/jetson/f1tenth2_ws/src/f1tenth_workspace_airos/install/mouse_teleop/share/mouse_teleop/config
[7.743s] creating /home/jetson/f1tenth2_ws/src/f1tenth_workspace_airos/install/mouse_teleop/share/mouse_teleop/launch
[7.744s] copying launch/mouse_teleop.launch.py -> /home/jetson/f1tenth2_ws/src/f1tenth_workspace_airos/install/mouse_teleop/share/mouse_teleop/launch
[7.744s] creating /home/jetson/f1tenth2_ws/src/f1tenth_workspace_airos/install/mouse_teleop/share/ament_index
[7.745s] creating /home/jetson/f1tenth2_ws/src/f1tenth_workspace_airos/install/mouse_teleop/share/ament_index/resource_index
[7.745s] creating /home/jetson/f1tenth2_ws/src/f1tenth_workspace_airos/install/mouse_teleop/share/ament_index/resource_index/packages
[7.746s] copying resource/mouse_teleop -> /home/jetson/f1tenth2_ws/src/f1tenth_workspace_airos/install/mouse_teleop/share/ament_index/resource_index/packages
[7.746s] running install_egg_info
[7.754s] Copying ../../../build/mouse_teleop/mouse_teleop.egg-info to /home/jetson/f1tenth2_ws/src/f1tenth_workspace_airos/install/mouse_teleop/lib/python3.8/site-packages/mouse_teleop-0.3.0-py3.8.egg-info
[7.759s] running install_scripts
[7.839s] Installing mouse_teleop script to /home/jetson/f1tenth2_ws/src/f1tenth_workspace_airos/install/mouse_teleop/lib/mouse_teleop
[7.840s] writing list of installed files to '/home/jetson/f1tenth2_ws/src/f1tenth_workspace_airos/build/mouse_teleop/install.log'
[7.956s] Invoked command in '/home/jetson/f1tenth2_ws/src/f1tenth_workspace_airos/f1tenth_system/teleop_tools/mouse_teleop' returned '0': PYTHONPATH=/home/jetson/f1tenth2_ws/src/f1tenth_workspace_airos/build/mouse_teleop/prefix_override:/usr/lib/python3/dist-packages/colcon_core/task/python/colcon_distutils_commands:/home/jetson/f1tenth2_ws/src/f1tenth_workspace_airos/install/mouse_teleop/lib/python3.8/site-packages:${PYTHONPATH} /usr/bin/python3 -W ignore:setup.py install is deprecated -W ignore:easy_install command is deprecated setup.py egg_info --egg-base ../../../build/mouse_teleop build --build-base /home/jetson/f1tenth2_ws/src/f1tenth_workspace_airos/build/mouse_teleop/build install --record /home/jetson/f1tenth2_ws/src/f1tenth_workspace_airos/build/mouse_teleop/install.log --install-scripts $base/lib/mouse_teleop --single-version-externally-managed install_data
