[0.163s] Invoking command in '/home/jetson/f1tenth2_ws/src/f1tenth_workspace_airos/build/vesc_msgs': CMAKE_PREFIX_PATH=/opt/ros/foxy /usr/bin/cmake /home/jetson/f1tenth2_ws/src/f1tenth_workspace_airos/f1tenth_system/vesc/vesc_msgs -DCMAKE_INSTALL_PREFIX=/home/jetson/f1tenth2_ws/src/f1tenth_workspace_airos/install/vesc_msgs
[1.408s] -- The C compiler identification is GNU 9.4.0
[1.409s] -- The CXX compiler identification is GNU 9.4.0
[1.409s] -- Check for working C compiler: /usr/bin/cc
[1.410s] -- Check for working C compiler: /usr/bin/cc -- works
[1.410s] -- Detecting C compiler ABI info
[1.756s] -- Detecting C compiler ABI info - done
[1.817s] -- Detecting C compile features
[1.821s] -- Detecting C compile features - done
[1.835s] -- Check for working CXX compiler: /usr/bin/c++
[2.238s] -- Check for working CXX compiler: /usr/bin/c++ -- works
[2.246s] -- Detecting CXX compiler ABI info
[2.694s] -- Detecting CXX compiler ABI info - done
[2.767s] -- Detecting CXX compile features
[2.769s] -- Detecting CXX compile features - done
[2.783s] -- Found ament_cmake_auto: 0.9.12 (/opt/ros/foxy/share/ament_cmake_auto/cmake)
[2.913s] -- Found PythonInterp: /usr/bin/python3 (found suitable version "3.8.10", minimum required is "3") 
[2.913s] -- Using PYTHON_EXECUTABLE: /usr/bin/python3
[4.167s] -- Using all available rosidl_typesupport_c: rosidl_typesupport_fastrtps_c;rosidl_typesupport_introspection_c
[4.199s] -- Found rosidl_adapter: 1.3.1 (/opt/ros/foxy/share/rosidl_adapter/cmake)
[4.729s] -- Found OpenSSL: /usr/lib/aarch64-linux-gnu/libcrypto.so (found version "1.1.1f")  
[4.862s] -- Found FastRTPS: /opt/ros/foxy/include  
[5.255s] -- Using all available rosidl_typesupport_cpp: rosidl_typesupport_fastrtps_cpp;rosidl_typesupport_introspection_cpp
[5.931s] -- Found PythonInterp: /usr/bin/python3 (found version "3.8.10") 
[6.719s] -- Found ament_cmake_ros: 0.9.2 (/opt/ros/foxy/share/ament_cmake_ros/cmake)
[8.166s] -- Using all available rosidl_typesupport_c: rosidl_typesupport_fastrtps_c;rosidl_typesupport_introspection_c
[8.879s] -- Using all available rosidl_typesupport_cpp: rosidl_typesupport_fastrtps_cpp;rosidl_typesupport_introspection_cpp
[9.002s] -- Found PythonInterp: /usr/bin/python3 (found suitable version "3.8.10", minimum required is "3.5") 
[9.009s] -- Found python_cmake_module: 0.8.1 (/opt/ros/foxy/share/python_cmake_module/cmake)
[9.146s] -- Found PythonLibs: /usr/lib/aarch64-linux-gnu/libpython3.8.so (found suitable version "3.8.10", minimum required is "3.5") 
[9.147s] -- Using PYTHON_EXECUTABLE: /usr/bin/python3
[9.147s] -- Using PYTHON_INCLUDE_DIRS: /usr/include/python3.8
[9.147s] -- Using PYTHON_LIBRARIES: /usr/lib/aarch64-linux-gnu/libpython3.8.so
[9.245s] -- Found PythonExtra: .so  
[9.696s] -- Found ament_lint_auto: 0.9.8 (/opt/ros/foxy/share/ament_lint_auto/cmake)
[9.792s] -- Added test 'copyright' to check source files copyright and LICENSE
[9.804s] -- Added test 'lint_cmake' to check CMake code style
[9.810s] -- Added test 'xmllint' to check XML markup files
[9.842s] -- Configuring done
[10.245s] -- Generating done
[10.354s] -- Build files have been written to: /home/jetson/f1tenth2_ws/src/f1tenth_workspace_airos/build/vesc_msgs
[10.408s] Invoked command in '/home/jetson/f1tenth2_ws/src/f1tenth_workspace_airos/build/vesc_msgs' returned '0': CMAKE_PREFIX_PATH=/opt/ros/foxy /usr/bin/cmake /home/jetson/f1tenth2_ws/src/f1tenth_workspace_airos/f1tenth_system/vesc/vesc_msgs -DCMAKE_INSTALL_PREFIX=/home/jetson/f1tenth2_ws/src/f1tenth_workspace_airos/install/vesc_msgs
[10.423s] Invoking command in '/home/jetson/f1tenth2_ws/src/f1tenth_workspace_airos/build/vesc_msgs': CMAKE_PREFIX_PATH=/opt/ros/foxy /usr/bin/cmake --build /home/jetson/f1tenth2_ws/src/f1tenth_workspace_airos/build/vesc_msgs -- -j4 -l4
[10.817s] [35m[1mScanning dependencies of target vesc_msgs__cpp[0m
[10.827s] [  1%] [34m[1mGenerating C code for ROS interfaces[0m
[10.975s] [  3%] [34m[1mGenerating C++ code for ROS interfaces[0m
[15.317s] [35m[1mScanning dependencies of target vesc_msgs__rosidl_generator_c[0m
[15.564s] [  5%] [32mBuilding C object CMakeFiles/vesc_msgs__rosidl_generator_c.dir/rosidl_generator_c/vesc_msgs/msg/detail/vesc_state_stamped__functions.c.o[0m
[15.695s] [  7%] [32mBuilding C object CMakeFiles/vesc_msgs__rosidl_generator_c.dir/rosidl_generator_c/vesc_msgs/msg/detail/vesc_state__functions.c.o[0m
[15.738s] [  9%] [32mBuilding C object CMakeFiles/vesc_msgs__rosidl_generator_c.dir/rosidl_generator_c/vesc_msgs/msg/detail/vesc_imu__functions.c.o[0m
[16.240s] [ 10%] [32mBuilding C object CMakeFiles/vesc_msgs__rosidl_generator_c.dir/rosidl_generator_c/vesc_msgs/msg/detail/vesc_imu_stamped__functions.c.o[0m
[16.975s] [ 12%] [32m[1mLinking C shared library libvesc_msgs__rosidl_generator_c.so[0m
[17.985s] [ 12%] Built target vesc_msgs__rosidl_generator_c
[18.145s] [ 14%] [34m[1mGenerating C type support dispatch for ROS interfaces[0m
[18.337s] [ 16%] [34m[1mGenerating C introspection for ROS interfaces[0m
[19.756s] [ 16%] Built target vesc_msgs__cpp
[19.909s] [ 18%] [34m[1mGenerating C++ type support for eProsima Fast-RTPS[0m
[19.950s] [ 20%] [34m[1mGenerating C++ type support dispatch for ROS interfaces[0m
[21.176s] [35m[1mScanning dependencies of target vesc_msgs__rosidl_typesupport_c[0m
[21.426s] [ 21%] [32mBuilding CXX object CMakeFiles/vesc_msgs__rosidl_typesupport_c.dir/rosidl_typesupport_c/vesc_msgs/msg/vesc_state__type_support.cpp.o[0m
[21.750s] [ 23%] [32mBuilding CXX object CMakeFiles/vesc_msgs__rosidl_typesupport_c.dir/rosidl_typesupport_c/vesc_msgs/msg/vesc_state_stamped__type_support.cpp.o[0m
[22.098s] [ 25%] [32mBuilding CXX object CMakeFiles/vesc_msgs__rosidl_typesupport_c.dir/rosidl_typesupport_c/vesc_msgs/msg/vesc_imu__type_support.cpp.o[0m
[22.807s] [35m[1mScanning dependencies of target vesc_msgs__rosidl_typesupport_cpp[0m
[22.893s] [ 27%] [32mBuilding CXX object CMakeFiles/vesc_msgs__rosidl_typesupport_cpp.dir/rosidl_typesupport_cpp/vesc_msgs/msg/vesc_state__type_support.cpp.o[0m
[22.910s] [ 29%] [32mBuilding CXX object CMakeFiles/vesc_msgs__rosidl_typesupport_c.dir/rosidl_typesupport_c/vesc_msgs/msg/vesc_imu_stamped__type_support.cpp.o[0m
[23.306s] [ 30%] [32m[1mLinking CXX shared library libvesc_msgs__rosidl_typesupport_c.so[0m
[24.210s] [ 30%] Built target vesc_msgs__rosidl_typesupport_c
[24.335s] [ 32%] [34m[1mGenerating C++ introspection for ROS interfaces[0m
[24.985s] [35m[1mScanning dependencies of target vesc_msgs__rosidl_typesupport_introspection_c[0m
[25.299s] [ 34%] [32mBuilding CXX object CMakeFiles/vesc_msgs__rosidl_typesupport_cpp.dir/rosidl_typesupport_cpp/vesc_msgs/msg/vesc_state_stamped__type_support.cpp.o[0m
[25.354s] [ 36%] [32mBuilding C object CMakeFiles/vesc_msgs__rosidl_typesupport_introspection_c.dir/rosidl_typesupport_introspection_c/vesc_msgs/msg/detail/vesc_state__type_support.c.o[0m
[25.931s] [ 38%] [32mBuilding C object CMakeFiles/vesc_msgs__rosidl_typesupport_introspection_c.dir/rosidl_typesupport_introspection_c/vesc_msgs/msg/detail/vesc_state_stamped__type_support.c.o[0m
[26.354s] [35m[1mScanning dependencies of target vesc_msgs__rosidl_typesupport_fastrtps_cpp[0m
[26.452s] [ 40%] [32mBuilding C object CMakeFiles/vesc_msgs__rosidl_typesupport_introspection_c.dir/rosidl_typesupport_introspection_c/vesc_msgs/msg/detail/vesc_imu__type_support.c.o[0m
[26.560s] [ 41%] [32mBuilding CXX object CMakeFiles/vesc_msgs__rosidl_typesupport_fastrtps_cpp.dir/rosidl_typesupport_fastrtps_cpp/vesc_msgs/msg/detail/dds_fastrtps/vesc_state__type_support.cpp.o[0m
[26.740s] [ 43%] [32mBuilding C object CMakeFiles/vesc_msgs__rosidl_typesupport_introspection_c.dir/rosidl_typesupport_introspection_c/vesc_msgs/msg/detail/vesc_imu_stamped__type_support.c.o[0m
[27.090s] [ 45%] [32m[1mLinking C shared library libvesc_msgs__rosidl_typesupport_introspection_c.so[0m
[27.446s] [ 45%] Built target vesc_msgs__rosidl_typesupport_introspection_c
[27.525s] [ 47%] [32mBuilding CXX object CMakeFiles/vesc_msgs__rosidl_typesupport_fastrtps_cpp.dir/rosidl_typesupport_fastrtps_cpp/vesc_msgs/msg/detail/dds_fastrtps/vesc_state_stamped__type_support.cpp.o[0m
[28.182s] [35m[1mScanning dependencies of target vesc_msgs__rosidl_typesupport_introspection_cpp[0m
[28.373s] [ 49%] [32mBuilding CXX object CMakeFiles/vesc_msgs__rosidl_typesupport_introspection_cpp.dir/rosidl_typesupport_introspection_cpp/vesc_msgs/msg/detail/vesc_state__type_support.cpp.o[0m
[30.256s] [ 50%] [32mBuilding CXX object CMakeFiles/vesc_msgs__rosidl_typesupport_cpp.dir/rosidl_typesupport_cpp/vesc_msgs/msg/vesc_imu__type_support.cpp.o[0m
[31.212s] [ 52%] [32mBuilding CXX object CMakeFiles/vesc_msgs__rosidl_typesupport_fastrtps_cpp.dir/rosidl_typesupport_fastrtps_cpp/vesc_msgs/msg/detail/dds_fastrtps/vesc_imu__type_support.cpp.o[0m
[31.877s] [ 54%] [32mBuilding CXX object CMakeFiles/vesc_msgs__rosidl_typesupport_fastrtps_cpp.dir/rosidl_typesupport_fastrtps_cpp/vesc_msgs/msg/detail/dds_fastrtps/vesc_imu_stamped__type_support.cpp.o[0m
[32.228s] [ 56%] [32mBuilding CXX object CMakeFiles/vesc_msgs__rosidl_typesupport_introspection_cpp.dir/rosidl_typesupport_introspection_cpp/vesc_msgs/msg/detail/vesc_state_stamped__type_support.cpp.o[0m
[33.888s] [ 58%] [32mBuilding CXX object CMakeFiles/vesc_msgs__rosidl_typesupport_cpp.dir/rosidl_typesupport_cpp/vesc_msgs/msg/vesc_imu_stamped__type_support.cpp.o[0m
[36.805s] [ 60%] [32mBuilding CXX object CMakeFiles/vesc_msgs__rosidl_typesupport_introspection_cpp.dir/rosidl_typesupport_introspection_cpp/vesc_msgs/msg/detail/vesc_imu__type_support.cpp.o[0m
[37.287s] [ 61%] [32m[1mLinking CXX shared library libvesc_msgs__rosidl_typesupport_cpp.so[0m
[37.624s] [ 61%] Built target vesc_msgs__rosidl_typesupport_cpp
[37.933s] [ 63%] [32m[1mLinking CXX shared library libvesc_msgs__rosidl_typesupport_fastrtps_cpp.so[0m
[38.766s] [ 65%] [32mBuilding CXX object CMakeFiles/vesc_msgs__rosidl_typesupport_introspection_cpp.dir/rosidl_typesupport_introspection_cpp/vesc_msgs/msg/detail/vesc_imu_stamped__type_support.cpp.o[0m
[38.819s] [ 65%] Built target vesc_msgs__rosidl_typesupport_fastrtps_cpp
[40.350s] [ 67%] [32m[1mLinking CXX shared library libvesc_msgs__rosidl_typesupport_introspection_cpp.so[0m
[40.699s] [ 67%] Built target vesc_msgs__rosidl_typesupport_introspection_cpp
[40.757s] [ 69%] [34m[1mGenerating C type support for eProsima Fast-RTPS[0m
[43.258s] [35m[1mScanning dependencies of target vesc_msgs__rosidl_typesupport_fastrtps_c[0m
[43.409s] [ 70%] [32mBuilding CXX object CMakeFiles/vesc_msgs__rosidl_typesupport_fastrtps_c.dir/rosidl_typesupport_fastrtps_c/vesc_msgs/msg/detail/vesc_state__type_support_c.cpp.o[0m
[45.446s] [ 72%] [32mBuilding CXX object CMakeFiles/vesc_msgs__rosidl_typesupport_fastrtps_c.dir/rosidl_typesupport_fastrtps_c/vesc_msgs/msg/detail/vesc_imu_stamped__type_support_c.cpp.o[0m
[47.337s] [ 74%] [32mBuilding CXX object CMakeFiles/vesc_msgs__rosidl_typesupport_fastrtps_c.dir/rosidl_typesupport_fastrtps_c/vesc_msgs/msg/detail/vesc_imu__type_support_c.cpp.o[0m
[49.200s] [ 76%] [32mBuilding CXX object CMakeFiles/vesc_msgs__rosidl_typesupport_fastrtps_c.dir/rosidl_typesupport_fastrtps_c/vesc_msgs/msg/detail/vesc_state_stamped__type_support_c.cpp.o[0m
[50.988s] [ 78%] [32m[1mLinking CXX shared library libvesc_msgs__rosidl_typesupport_fastrtps_c.so[0m
[51.443s] [ 78%] Built target vesc_msgs__rosidl_typesupport_fastrtps_c
[51.488s] [35m[1mScanning dependencies of target vesc_msgs[0m
[51.537s] [ 78%] Built target vesc_msgs
[51.583s] [35m[1mScanning dependencies of target vesc_msgs__py[0m
[51.633s] [ 80%] [34m[1mGenerating Python code for ROS interfaces[0m
[55.396s] [ 80%] Built target vesc_msgs__py
[55.442s] [35m[1mScanning dependencies of target vesc_msgs__python[0m
[55.593s] [ 81%] [32mBuilding C object CMakeFiles/vesc_msgs__python.dir/rosidl_generator_py/vesc_msgs/msg/_vesc_state_stamped_s.c.o[0m
[55.594s] [ 83%] [32mBuilding C object CMakeFiles/vesc_msgs__python.dir/rosidl_generator_py/vesc_msgs/msg/_vesc_state_s.c.o[0m
[56.085s] [ 85%] [32mBuilding C object CMakeFiles/vesc_msgs__python.dir/rosidl_generator_py/vesc_msgs/msg/_vesc_imu_stamped_s.c.o[0m
[56.177s] [ 87%] [32mBuilding C object CMakeFiles/vesc_msgs__python.dir/rosidl_generator_py/vesc_msgs/msg/_vesc_imu_s.c.o[0m
[56.678s] [ 89%] [32m[1mLinking C shared library rosidl_generator_py/vesc_msgs/libvesc_msgs__python.so[0m
[56.893s] [ 89%] Built target vesc_msgs__python
[56.939s] [35m[1mScanning dependencies of target vesc_msgs__rosidl_typesupport_introspection_c__pyext[0m
[56.945s] [35m[1mScanning dependencies of target vesc_msgs__rosidl_typesupport_c__pyext[0m
[57.039s] [ 90%] [32mBuilding C object CMakeFiles/vesc_msgs__rosidl_typesupport_introspection_c__pyext.dir/rosidl_generator_py/vesc_msgs/_vesc_msgs_s.ep.rosidl_typesupport_introspection_c.c.o[0m
[57.058s] [ 92%] [32mBuilding C object CMakeFiles/vesc_msgs__rosidl_typesupport_c__pyext.dir/rosidl_generator_py/vesc_msgs/_vesc_msgs_s.ep.rosidl_typesupport_c.c.o[0m
[57.543s] [ 94%] [32m[1mLinking C shared library rosidl_generator_py/vesc_msgs/vesc_msgs_s__rosidl_typesupport_c.cpython-38-aarch64-linux-gnu.so[0m
[57.588s] [ 96%] [32m[1mLinking C shared library rosidl_generator_py/vesc_msgs/vesc_msgs_s__rosidl_typesupport_introspection_c.cpython-38-aarch64-linux-gnu.so[0m
[57.750s] [ 96%] Built target vesc_msgs__rosidl_typesupport_c__pyext
[57.781s] [ 96%] Built target vesc_msgs__rosidl_typesupport_introspection_c__pyext
[57.802s] [35m[1mScanning dependencies of target vesc_msgs__rosidl_typesupport_fastrtps_c__pyext[0m
[57.922s] [ 98%] [32mBuilding C object CMakeFiles/vesc_msgs__rosidl_typesupport_fastrtps_c__pyext.dir/rosidl_generator_py/vesc_msgs/_vesc_msgs_s.ep.rosidl_typesupport_fastrtps_c.c.o[0m
[58.419s] [100%] [32m[1mLinking CXX shared library rosidl_generator_py/vesc_msgs/vesc_msgs_s__rosidl_typesupport_fastrtps_c.cpython-38-aarch64-linux-gnu.so[0m
[58.735s] [100%] Built target vesc_msgs__rosidl_typesupport_fastrtps_c__pyext
[58.789s] Invoked command in '/home/jetson/f1tenth2_ws/src/f1tenth_workspace_airos/build/vesc_msgs' returned '0': CMAKE_PREFIX_PATH=/opt/ros/foxy /usr/bin/cmake --build /home/jetson/f1tenth2_ws/src/f1tenth_workspace_airos/build/vesc_msgs -- -j4 -l4
[58.804s] Invoking command in '/home/jetson/f1tenth2_ws/src/f1tenth_workspace_airos/build/vesc_msgs': CMAKE_PREFIX_PATH=/opt/ros/foxy /usr/bin/cmake --install /home/jetson/f1tenth2_ws/src/f1tenth_workspace_airos/build/vesc_msgs
[58.841s] -- Install configuration: ""
[58.843s] -- Installing: /home/jetson/f1tenth2_ws/src/f1tenth_workspace_airos/install/vesc_msgs/share/ament_index/resource_index/rosidl_interfaces/vesc_msgs
[58.844s] -- Installing: /home/jetson/f1tenth2_ws/src/f1tenth_workspace_airos/install/vesc_msgs/include/vesc_msgs
[58.845s] -- Installing: /home/jetson/f1tenth2_ws/src/f1tenth_workspace_airos/install/vesc_msgs/include/vesc_msgs/msg
[58.845s] -- Installing: /home/jetson/f1tenth2_ws/src/f1tenth_workspace_airos/install/vesc_msgs/include/vesc_msgs/msg/vesc_state.h
[58.846s] -- Installing: /home/jetson/f1tenth2_ws/src/f1tenth_workspace_airos/install/vesc_msgs/include/vesc_msgs/msg/vesc_imu.h
[58.846s] -- Installing: /home/jetson/f1tenth2_ws/src/f1tenth_workspace_airos/install/vesc_msgs/include/vesc_msgs/msg/rosidl_generator_c__visibility_control.h
[58.847s] -- Installing: /home/jetson/f1tenth2_ws/src/f1tenth_workspace_airos/install/vesc_msgs/include/vesc_msgs/msg/vesc_imu_stamped.h
[58.848s] -- Installing: /home/jetson/f1tenth2_ws/src/f1tenth_workspace_airos/install/vesc_msgs/include/vesc_msgs/msg/vesc_state_stamped.h
[58.848s] -- Installing: /home/jetson/f1tenth2_ws/src/f1tenth_workspace_airos/install/vesc_msgs/include/vesc_msgs/msg/detail
[58.849s] -- Installing: /home/jetson/f1tenth2_ws/src/f1tenth_workspace_airos/install/vesc_msgs/include/vesc_msgs/msg/detail/vesc_imu_stamped__functions.h
[58.850s] -- Installing: /home/jetson/f1tenth2_ws/src/f1tenth_workspace_airos/install/vesc_msgs/include/vesc_msgs/msg/detail/vesc_imu__functions.h
[58.850s] -- Installing: /home/jetson/f1tenth2_ws/src/f1tenth_workspace_airos/install/vesc_msgs/include/vesc_msgs/msg/detail/vesc_state__functions.h
[58.851s] -- Installing: /home/jetson/f1tenth2_ws/src/f1tenth_workspace_airos/install/vesc_msgs/include/vesc_msgs/msg/detail/vesc_imu__type_support.h
[58.852s] -- Installing: /home/jetson/f1tenth2_ws/src/f1tenth_workspace_airos/install/vesc_msgs/include/vesc_msgs/msg/detail/vesc_imu__functions.c
[58.853s] -- Installing: /home/jetson/f1tenth2_ws/src/f1tenth_workspace_airos/install/vesc_msgs/include/vesc_msgs/msg/detail/vesc_state_stamped__functions.h
[58.853s] -- Installing: /home/jetson/f1tenth2_ws/src/f1tenth_workspace_airos/install/vesc_msgs/include/vesc_msgs/msg/detail/vesc_state_stamped__functions.c
[58.854s] -- Installing: /home/jetson/f1tenth2_ws/src/f1tenth_workspace_airos/install/vesc_msgs/include/vesc_msgs/msg/detail/vesc_state__struct.h
[58.855s] -- Installing: /home/jetson/f1tenth2_ws/src/f1tenth_workspace_airos/install/vesc_msgs/include/vesc_msgs/msg/detail/vesc_imu_stamped__struct.h
[58.855s] -- Installing: /home/jetson/f1tenth2_ws/src/f1tenth_workspace_airos/install/vesc_msgs/include/vesc_msgs/msg/detail/vesc_state__type_support.h
[58.856s] -- Installing: /home/jetson/f1tenth2_ws/src/f1tenth_workspace_airos/install/vesc_msgs/include/vesc_msgs/msg/detail/vesc_imu_stamped__functions.c
[58.857s] -- Installing: /home/jetson/f1tenth2_ws/src/f1tenth_workspace_airos/install/vesc_msgs/include/vesc_msgs/msg/detail/vesc_state_stamped__type_support.h
[58.858s] -- Installing: /home/jetson/f1tenth2_ws/src/f1tenth_workspace_airos/install/vesc_msgs/include/vesc_msgs/msg/detail/vesc_state__functions.c
[58.858s] -- Installing: /home/jetson/f1tenth2_ws/src/f1tenth_workspace_airos/install/vesc_msgs/include/vesc_msgs/msg/detail/vesc_imu__struct.h
[58.859s] -- Installing: /home/jetson/f1tenth2_ws/src/f1tenth_workspace_airos/install/vesc_msgs/include/vesc_msgs/msg/detail/vesc_imu_stamped__type_support.h
[58.860s] -- Installing: /home/jetson/f1tenth2_ws/src/f1tenth_workspace_airos/install/vesc_msgs/include/vesc_msgs/msg/detail/vesc_state_stamped__struct.h
[58.861s] -- Installing: /home/jetson/f1tenth2_ws/src/f1tenth_workspace_airos/install/vesc_msgs/share/vesc_msgs/environment/library_path.sh
[58.862s] -- Installing: /home/jetson/f1tenth2_ws/src/f1tenth_workspace_airos/install/vesc_msgs/share/vesc_msgs/environment/library_path.dsv
[58.864s] -- Installing: /home/jetson/f1tenth2_ws/src/f1tenth_workspace_airos/install/vesc_msgs/lib/libvesc_msgs__rosidl_generator_c.so
[58.867s] -- Set runtime path of "/home/jetson/f1tenth2_ws/src/f1tenth_workspace_airos/install/vesc_msgs/lib/libvesc_msgs__rosidl_generator_c.so" to ""
[58.868s] -- Up-to-date: /home/jetson/f1tenth2_ws/src/f1tenth_workspace_airos/install/vesc_msgs/include/vesc_msgs
[58.868s] -- Up-to-date: /home/jetson/f1tenth2_ws/src/f1tenth_workspace_airos/install/vesc_msgs/include/vesc_msgs/msg
[58.870s] -- Installing: /home/jetson/f1tenth2_ws/src/f1tenth_workspace_airos/install/vesc_msgs/include/vesc_msgs/msg/rosidl_typesupport_fastrtps_c__visibility_control.h
[58.870s] -- Up-to-date: /home/jetson/f1tenth2_ws/src/f1tenth_workspace_airos/install/vesc_msgs/include/vesc_msgs/msg/detail
[58.871s] -- Installing: /home/jetson/f1tenth2_ws/src/f1tenth_workspace_airos/install/vesc_msgs/include/vesc_msgs/msg/detail/vesc_state__rosidl_typesupport_fastrtps_c.h
[58.871s] -- Installing: /home/jetson/f1tenth2_ws/src/f1tenth_workspace_airos/install/vesc_msgs/include/vesc_msgs/msg/detail/vesc_imu_stamped__rosidl_typesupport_fastrtps_c.h
[58.872s] -- Installing: /home/jetson/f1tenth2_ws/src/f1tenth_workspace_airos/install/vesc_msgs/include/vesc_msgs/msg/detail/vesc_state_stamped__rosidl_typesupport_fastrtps_c.h
[58.872s] -- Installing: /home/jetson/f1tenth2_ws/src/f1tenth_workspace_airos/install/vesc_msgs/include/vesc_msgs/msg/detail/vesc_imu__rosidl_typesupport_fastrtps_c.h
[58.873s] -- Installing: /home/jetson/f1tenth2_ws/src/f1tenth_workspace_airos/install/vesc_msgs/lib/libvesc_msgs__rosidl_typesupport_fastrtps_c.so
[58.876s] -- Set runtime path of "/home/jetson/f1tenth2_ws/src/f1tenth_workspace_airos/install/vesc_msgs/lib/libvesc_msgs__rosidl_typesupport_fastrtps_c.so" to ""
[58.877s] -- Up-to-date: /home/jetson/f1tenth2_ws/src/f1tenth_workspace_airos/install/vesc_msgs/include/vesc_msgs
[58.878s] -- Up-to-date: /home/jetson/f1tenth2_ws/src/f1tenth_workspace_airos/install/vesc_msgs/include/vesc_msgs/msg
[58.878s] -- Installing: /home/jetson/f1tenth2_ws/src/f1tenth_workspace_airos/install/vesc_msgs/include/vesc_msgs/msg/rosidl_typesupport_fastrtps_cpp__visibility_control.h
[58.879s] -- Up-to-date: /home/jetson/f1tenth2_ws/src/f1tenth_workspace_airos/install/vesc_msgs/include/vesc_msgs/msg/detail
[58.879s] -- Installing: /home/jetson/f1tenth2_ws/src/f1tenth_workspace_airos/install/vesc_msgs/include/vesc_msgs/msg/detail/vesc_state__rosidl_typesupport_fastrtps_cpp.hpp
[58.880s] -- Installing: /home/jetson/f1tenth2_ws/src/f1tenth_workspace_airos/install/vesc_msgs/include/vesc_msgs/msg/detail/vesc_state_stamped__rosidl_typesupport_fastrtps_cpp.hpp
[58.881s] -- Installing: /home/jetson/f1tenth2_ws/src/f1tenth_workspace_airos/install/vesc_msgs/include/vesc_msgs/msg/detail/dds_fastrtps
[58.881s] -- Installing: /home/jetson/f1tenth2_ws/src/f1tenth_workspace_airos/install/vesc_msgs/include/vesc_msgs/msg/detail/vesc_imu_stamped__rosidl_typesupport_fastrtps_cpp.hpp
[58.882s] -- Installing: /home/jetson/f1tenth2_ws/src/f1tenth_workspace_airos/install/vesc_msgs/include/vesc_msgs/msg/detail/vesc_imu__rosidl_typesupport_fastrtps_cpp.hpp
[58.882s] -- Installing: /home/jetson/f1tenth2_ws/src/f1tenth_workspace_airos/install/vesc_msgs/lib/libvesc_msgs__rosidl_typesupport_fastrtps_cpp.so
[58.885s] -- Set runtime path of "/home/jetson/f1tenth2_ws/src/f1tenth_workspace_airos/install/vesc_msgs/lib/libvesc_msgs__rosidl_typesupport_fastrtps_cpp.so" to ""
[58.887s] -- Up-to-date: /home/jetson/f1tenth2_ws/src/f1tenth_workspace_airos/install/vesc_msgs/include/vesc_msgs
[58.887s] -- Up-to-date: /home/jetson/f1tenth2_ws/src/f1tenth_workspace_airos/install/vesc_msgs/include/vesc_msgs/msg
[58.888s] -- Installing: /home/jetson/f1tenth2_ws/src/f1tenth_workspace_airos/install/vesc_msgs/include/vesc_msgs/msg/rosidl_typesupport_introspection_c__visibility_control.h
[58.889s] -- Up-to-date: /home/jetson/f1tenth2_ws/src/f1tenth_workspace_airos/install/vesc_msgs/include/vesc_msgs/msg/detail
[58.890s] -- Installing: /home/jetson/f1tenth2_ws/src/f1tenth_workspace_airos/install/vesc_msgs/include/vesc_msgs/msg/detail/vesc_imu_stamped__type_support.c
[58.890s] -- Installing: /home/jetson/f1tenth2_ws/src/f1tenth_workspace_airos/install/vesc_msgs/include/vesc_msgs/msg/detail/vesc_state_stamped__type_support.c
[58.891s] -- Installing: /home/jetson/f1tenth2_ws/src/f1tenth_workspace_airos/install/vesc_msgs/include/vesc_msgs/msg/detail/vesc_state__rosidl_typesupport_introspection_c.h
[58.891s] -- Installing: /home/jetson/f1tenth2_ws/src/f1tenth_workspace_airos/install/vesc_msgs/include/vesc_msgs/msg/detail/vesc_state_stamped__rosidl_typesupport_introspection_c.h
[58.892s] -- Installing: /home/jetson/f1tenth2_ws/src/f1tenth_workspace_airos/install/vesc_msgs/include/vesc_msgs/msg/detail/vesc_state__type_support.c
[58.892s] -- Installing: /home/jetson/f1tenth2_ws/src/f1tenth_workspace_airos/install/vesc_msgs/include/vesc_msgs/msg/detail/vesc_imu__rosidl_typesupport_introspection_c.h
[58.893s] -- Installing: /home/jetson/f1tenth2_ws/src/f1tenth_workspace_airos/install/vesc_msgs/include/vesc_msgs/msg/detail/vesc_imu_stamped__rosidl_typesupport_introspection_c.h
[58.894s] -- Installing: /home/jetson/f1tenth2_ws/src/f1tenth_workspace_airos/install/vesc_msgs/include/vesc_msgs/msg/detail/vesc_imu__type_support.c
[58.894s] -- Installing: /home/jetson/f1tenth2_ws/src/f1tenth_workspace_airos/install/vesc_msgs/lib/libvesc_msgs__rosidl_typesupport_introspection_c.so
[58.896s] -- Set runtime path of "/home/jetson/f1tenth2_ws/src/f1tenth_workspace_airos/install/vesc_msgs/lib/libvesc_msgs__rosidl_typesupport_introspection_c.so" to ""
[58.897s] -- Installing: /home/jetson/f1tenth2_ws/src/f1tenth_workspace_airos/install/vesc_msgs/lib/libvesc_msgs__rosidl_typesupport_c.so
[58.900s] -- Set runtime path of "/home/jetson/f1tenth2_ws/src/f1tenth_workspace_airos/install/vesc_msgs/lib/libvesc_msgs__rosidl_typesupport_c.so" to ""
[58.901s] -- Up-to-date: /home/jetson/f1tenth2_ws/src/f1tenth_workspace_airos/install/vesc_msgs/include/vesc_msgs
[58.901s] -- Up-to-date: /home/jetson/f1tenth2_ws/src/f1tenth_workspace_airos/install/vesc_msgs/include/vesc_msgs/msg
[58.902s] -- Installing: /home/jetson/f1tenth2_ws/src/f1tenth_workspace_airos/install/vesc_msgs/include/vesc_msgs/msg/vesc_imu.hpp
[58.903s] -- Installing: /home/jetson/f1tenth2_ws/src/f1tenth_workspace_airos/install/vesc_msgs/include/vesc_msgs/msg/vesc_state_stamped.hpp
[58.903s] -- Installing: /home/jetson/f1tenth2_ws/src/f1tenth_workspace_airos/install/vesc_msgs/include/vesc_msgs/msg/vesc_imu_stamped.hpp
[58.904s] -- Installing: /home/jetson/f1tenth2_ws/src/f1tenth_workspace_airos/install/vesc_msgs/include/vesc_msgs/msg/rosidl_generator_cpp__visibility_control.hpp
[58.904s] -- Up-to-date: /home/jetson/f1tenth2_ws/src/f1tenth_workspace_airos/install/vesc_msgs/include/vesc_msgs/msg/detail
[58.905s] -- Installing: /home/jetson/f1tenth2_ws/src/f1tenth_workspace_airos/install/vesc_msgs/include/vesc_msgs/msg/detail/vesc_imu_stamped__builder.hpp
[58.906s] -- Installing: /home/jetson/f1tenth2_ws/src/f1tenth_workspace_airos/install/vesc_msgs/include/vesc_msgs/msg/detail/vesc_imu__struct.hpp
[58.906s] -- Installing: /home/jetson/f1tenth2_ws/src/f1tenth_workspace_airos/install/vesc_msgs/include/vesc_msgs/msg/detail/vesc_state_stamped__struct.hpp
[58.907s] -- Installing: /home/jetson/f1tenth2_ws/src/f1tenth_workspace_airos/install/vesc_msgs/include/vesc_msgs/msg/detail/vesc_state__traits.hpp
[58.907s] -- Installing: /home/jetson/f1tenth2_ws/src/f1tenth_workspace_airos/install/vesc_msgs/include/vesc_msgs/msg/detail/vesc_state__type_support.hpp
[58.908s] -- Installing: /home/jetson/f1tenth2_ws/src/f1tenth_workspace_airos/install/vesc_msgs/include/vesc_msgs/msg/detail/vesc_state__struct.hpp
[58.909s] -- Installing: /home/jetson/f1tenth2_ws/src/f1tenth_workspace_airos/install/vesc_msgs/include/vesc_msgs/msg/detail/vesc_imu_stamped__type_support.hpp
[58.909s] -- Installing: /home/jetson/f1tenth2_ws/src/f1tenth_workspace_airos/install/vesc_msgs/include/vesc_msgs/msg/detail/vesc_state_stamped__builder.hpp
[58.909s] -- Installing: /home/jetson/f1tenth2_ws/src/f1tenth_workspace_airos/install/vesc_msgs/include/vesc_msgs/msg/detail/vesc_imu_stamped__traits.hpp
[58.910s] -- Installing: /home/jetson/f1tenth2_ws/src/f1tenth_workspace_airos/install/vesc_msgs/include/vesc_msgs/msg/detail/vesc_imu__builder.hpp
[58.911s] -- Installing: /home/jetson/f1tenth2_ws/src/f1tenth_workspace_airos/install/vesc_msgs/include/vesc_msgs/msg/detail/vesc_imu__type_support.hpp
[58.911s] -- Installing: /home/jetson/f1tenth2_ws/src/f1tenth_workspace_airos/install/vesc_msgs/include/vesc_msgs/msg/detail/vesc_state__builder.hpp
[58.912s] -- Installing: /home/jetson/f1tenth2_ws/src/f1tenth_workspace_airos/install/vesc_msgs/include/vesc_msgs/msg/detail/vesc_state_stamped__traits.hpp
[58.913s] -- Installing: /home/jetson/f1tenth2_ws/src/f1tenth_workspace_airos/install/vesc_msgs/include/vesc_msgs/msg/detail/vesc_state_stamped__type_support.hpp
[58.914s] -- Installing: /home/jetson/f1tenth2_ws/src/f1tenth_workspace_airos/install/vesc_msgs/include/vesc_msgs/msg/detail/vesc_imu__traits.hpp
[58.914s] -- Installing: /home/jetson/f1tenth2_ws/src/f1tenth_workspace_airos/install/vesc_msgs/include/vesc_msgs/msg/detail/vesc_imu_stamped__struct.hpp
[58.915s] -- Installing: /home/jetson/f1tenth2_ws/src/f1tenth_workspace_airos/install/vesc_msgs/include/vesc_msgs/msg/vesc_state.hpp
[58.916s] -- Up-to-date: /home/jetson/f1tenth2_ws/src/f1tenth_workspace_airos/install/vesc_msgs/include/vesc_msgs
[58.917s] -- Up-to-date: /home/jetson/f1tenth2_ws/src/f1tenth_workspace_airos/install/vesc_msgs/include/vesc_msgs/msg
[58.917s] -- Up-to-date: /home/jetson/f1tenth2_ws/src/f1tenth_workspace_airos/install/vesc_msgs/include/vesc_msgs/msg/detail
[58.918s] -- Installing: /home/jetson/f1tenth2_ws/src/f1tenth_workspace_airos/install/vesc_msgs/include/vesc_msgs/msg/detail/vesc_state__type_support.cpp
[58.919s] -- Installing: /home/jetson/f1tenth2_ws/src/f1tenth_workspace_airos/install/vesc_msgs/include/vesc_msgs/msg/detail/vesc_imu_stamped__type_support.cpp
[58.919s] -- Installing: /home/jetson/f1tenth2_ws/src/f1tenth_workspace_airos/install/vesc_msgs/include/vesc_msgs/msg/detail/vesc_state_stamped__rosidl_typesupport_introspection_cpp.hpp
[58.919s] -- Installing: /home/jetson/f1tenth2_ws/src/f1tenth_workspace_airos/install/vesc_msgs/include/vesc_msgs/msg/detail/vesc_imu_stamped__rosidl_typesupport_introspection_cpp.hpp
[58.920s] -- Installing: /home/jetson/f1tenth2_ws/src/f1tenth_workspace_airos/install/vesc_msgs/include/vesc_msgs/msg/detail/vesc_state_stamped__type_support.cpp
[58.921s] -- Installing: /home/jetson/f1tenth2_ws/src/f1tenth_workspace_airos/install/vesc_msgs/include/vesc_msgs/msg/detail/vesc_state__rosidl_typesupport_introspection_cpp.hpp
[58.921s] -- Installing: /home/jetson/f1tenth2_ws/src/f1tenth_workspace_airos/install/vesc_msgs/include/vesc_msgs/msg/detail/vesc_imu__rosidl_typesupport_introspection_cpp.hpp
[58.922s] -- Installing: /home/jetson/f1tenth2_ws/src/f1tenth_workspace_airos/install/vesc_msgs/include/vesc_msgs/msg/detail/vesc_imu__type_support.cpp
[58.923s] -- Installing: /home/jetson/f1tenth2_ws/src/f1tenth_workspace_airos/install/vesc_msgs/lib/libvesc_msgs__rosidl_typesupport_introspection_cpp.so
[58.926s] -- Set runtime path of "/home/jetson/f1tenth2_ws/src/f1tenth_workspace_airos/install/vesc_msgs/lib/libvesc_msgs__rosidl_typesupport_introspection_cpp.so" to ""
[58.927s] -- Installing: /home/jetson/f1tenth2_ws/src/f1tenth_workspace_airos/install/vesc_msgs/lib/libvesc_msgs__rosidl_typesupport_cpp.so
[58.929s] -- Set runtime path of "/home/jetson/f1tenth2_ws/src/f1tenth_workspace_airos/install/vesc_msgs/lib/libvesc_msgs__rosidl_typesupport_cpp.so" to ""
[58.930s] -- Installing: /home/jetson/f1tenth2_ws/src/f1tenth_workspace_airos/install/vesc_msgs/share/vesc_msgs/environment/pythonpath.sh
[58.931s] -- Installing: /home/jetson/f1tenth2_ws/src/f1tenth_workspace_airos/install/vesc_msgs/share/vesc_msgs/environment/pythonpath.dsv
[58.932s] -- Installing: /home/jetson/f1tenth2_ws/src/f1tenth_workspace_airos/install/vesc_msgs/lib/python3.8/site-packages/vesc_msgs/__init__.py
[59.062s] Compiling '/home/jetson/f1tenth2_ws/src/f1tenth_workspace_airos/install/vesc_msgs/lib/python3.8/site-packages/vesc_msgs/__init__.py'...
[59.079s] -- Installing: /home/jetson/f1tenth2_ws/src/f1tenth_workspace_airos/install/vesc_msgs/lib/python3.8/site-packages/vesc_msgs/msg
[59.080s] -- Installing: /home/jetson/f1tenth2_ws/src/f1tenth_workspace_airos/install/vesc_msgs/lib/python3.8/site-packages/vesc_msgs/msg/_vesc_state_stamped_s.c
[59.081s] -- Installing: /home/jetson/f1tenth2_ws/src/f1tenth_workspace_airos/install/vesc_msgs/lib/python3.8/site-packages/vesc_msgs/msg/_vesc_state_stamped.py
[59.082s] -- Installing: /home/jetson/f1tenth2_ws/src/f1tenth_workspace_airos/install/vesc_msgs/lib/python3.8/site-packages/vesc_msgs/msg/_vesc_state.py
[59.083s] -- Installing: /home/jetson/f1tenth2_ws/src/f1tenth_workspace_airos/install/vesc_msgs/lib/python3.8/site-packages/vesc_msgs/msg/_vesc_imu.py
[59.083s] -- Installing: /home/jetson/f1tenth2_ws/src/f1tenth_workspace_airos/install/vesc_msgs/lib/python3.8/site-packages/vesc_msgs/msg/_vesc_state_s.c
[59.084s] -- Installing: /home/jetson/f1tenth2_ws/src/f1tenth_workspace_airos/install/vesc_msgs/lib/python3.8/site-packages/vesc_msgs/msg/_vesc_imu_stamped.py
[59.085s] -- Installing: /home/jetson/f1tenth2_ws/src/f1tenth_workspace_airos/install/vesc_msgs/lib/python3.8/site-packages/vesc_msgs/msg/__init__.py
[59.085s] -- Installing: /home/jetson/f1tenth2_ws/src/f1tenth_workspace_airos/install/vesc_msgs/lib/python3.8/site-packages/vesc_msgs/msg/_vesc_imu_stamped_s.c
[59.086s] -- Installing: /home/jetson/f1tenth2_ws/src/f1tenth_workspace_airos/install/vesc_msgs/lib/python3.8/site-packages/vesc_msgs/msg/_vesc_imu_s.c
[59.087s] -- Installing: /home/jetson/f1tenth2_ws/src/f1tenth_workspace_airos/install/vesc_msgs/lib/python3.8/site-packages/vesc_msgs/vesc_msgs_s__rosidl_typesupport_fastrtps_c.cpython-38-aarch64-linux-gnu.so
[59.090s] -- Set runtime path of "/home/jetson/f1tenth2_ws/src/f1tenth_workspace_airos/install/vesc_msgs/lib/python3.8/site-packages/vesc_msgs/vesc_msgs_s__rosidl_typesupport_fastrtps_c.cpython-38-aarch64-linux-gnu.so" to ""
[59.090s] -- Installing: /home/jetson/f1tenth2_ws/src/f1tenth_workspace_airos/install/vesc_msgs/lib/python3.8/site-packages/vesc_msgs/vesc_msgs_s__rosidl_typesupport_introspection_c.cpython-38-aarch64-linux-gnu.so
[59.095s] -- Set runtime path of "/home/jetson/f1tenth2_ws/src/f1tenth_workspace_airos/install/vesc_msgs/lib/python3.8/site-packages/vesc_msgs/vesc_msgs_s__rosidl_typesupport_introspection_c.cpython-38-aarch64-linux-gnu.so" to ""
[59.095s] -- Installing: /home/jetson/f1tenth2_ws/src/f1tenth_workspace_airos/install/vesc_msgs/lib/python3.8/site-packages/vesc_msgs/vesc_msgs_s__rosidl_typesupport_c.cpython-38-aarch64-linux-gnu.so
[59.098s] -- Set runtime path of "/home/jetson/f1tenth2_ws/src/f1tenth_workspace_airos/install/vesc_msgs/lib/python3.8/site-packages/vesc_msgs/vesc_msgs_s__rosidl_typesupport_c.cpython-38-aarch64-linux-gnu.so" to ""
[59.098s] -- Installing: /home/jetson/f1tenth2_ws/src/f1tenth_workspace_airos/install/vesc_msgs/lib/libvesc_msgs__python.so
[59.101s] -- Set runtime path of "/home/jetson/f1tenth2_ws/src/f1tenth_workspace_airos/install/vesc_msgs/lib/libvesc_msgs__python.so" to ""
[59.102s] -- Installing: /home/jetson/f1tenth2_ws/src/f1tenth_workspace_airos/install/vesc_msgs/share/vesc_msgs/msg/VescState.idl
[59.103s] -- Installing: /home/jetson/f1tenth2_ws/src/f1tenth_workspace_airos/install/vesc_msgs/share/vesc_msgs/msg/VescStateStamped.idl
[59.103s] -- Installing: /home/jetson/f1tenth2_ws/src/f1tenth_workspace_airos/install/vesc_msgs/share/vesc_msgs/msg/VescImu.idl
[59.104s] -- Installing: /home/jetson/f1tenth2_ws/src/f1tenth_workspace_airos/install/vesc_msgs/share/vesc_msgs/msg/VescImuStamped.idl
[59.105s] -- Installing: /home/jetson/f1tenth2_ws/src/f1tenth_workspace_airos/install/vesc_msgs/share/vesc_msgs/msg/VescState.msg
[59.106s] -- Installing: /home/jetson/f1tenth2_ws/src/f1tenth_workspace_airos/install/vesc_msgs/share/vesc_msgs/msg/VescStateStamped.msg
[59.107s] -- Installing: /home/jetson/f1tenth2_ws/src/f1tenth_workspace_airos/install/vesc_msgs/share/vesc_msgs/msg/VescImu.msg
[59.108s] -- Installing: /home/jetson/f1tenth2_ws/src/f1tenth_workspace_airos/install/vesc_msgs/share/vesc_msgs/msg/VescImuStamped.msg
[59.109s] -- Installing: /home/jetson/f1tenth2_ws/src/f1tenth_workspace_airos/install/vesc_msgs/share/ament_index/resource_index/package_run_dependencies/vesc_msgs
[59.110s] -- Installing: /home/jetson/f1tenth2_ws/src/f1tenth_workspace_airos/install/vesc_msgs/share/ament_index/resource_index/parent_prefix_path/vesc_msgs
[59.111s] -- Installing: /home/jetson/f1tenth2_ws/src/f1tenth_workspace_airos/install/vesc_msgs/share/vesc_msgs/environment/ament_prefix_path.sh
[59.112s] -- Installing: /home/jetson/f1tenth2_ws/src/f1tenth_workspace_airos/install/vesc_msgs/share/vesc_msgs/environment/ament_prefix_path.dsv
[59.113s] -- Installing: /home/jetson/f1tenth2_ws/src/f1tenth_workspace_airos/install/vesc_msgs/share/vesc_msgs/environment/path.sh
[59.114s] -- Installing: /home/jetson/f1tenth2_ws/src/f1tenth_workspace_airos/install/vesc_msgs/share/vesc_msgs/environment/path.dsv
[59.115s] -- Installing: /home/jetson/f1tenth2_ws/src/f1tenth_workspace_airos/install/vesc_msgs/share/vesc_msgs/local_setup.bash
[59.115s] -- Installing: /home/jetson/f1tenth2_ws/src/f1tenth_workspace_airos/install/vesc_msgs/share/vesc_msgs/local_setup.sh
[59.117s] -- Installing: /home/jetson/f1tenth2_ws/src/f1tenth_workspace_airos/install/vesc_msgs/share/vesc_msgs/local_setup.zsh
[59.117s] -- Installing: /home/jetson/f1tenth2_ws/src/f1tenth_workspace_airos/install/vesc_msgs/share/vesc_msgs/local_setup.dsv
[59.118s] -- Installing: /home/jetson/f1tenth2_ws/src/f1tenth_workspace_airos/install/vesc_msgs/share/vesc_msgs/package.dsv
[59.119s] -- Installing: /home/jetson/f1tenth2_ws/src/f1tenth_workspace_airos/install/vesc_msgs/share/ament_index/resource_index/packages/vesc_msgs
[59.121s] -- Installing: /home/jetson/f1tenth2_ws/src/f1tenth_workspace_airos/install/vesc_msgs/share/vesc_msgs/cmake/vesc_msgs__rosidl_generator_cExport.cmake
[59.122s] -- Installing: /home/jetson/f1tenth2_ws/src/f1tenth_workspace_airos/install/vesc_msgs/share/vesc_msgs/cmake/vesc_msgs__rosidl_generator_cExport-noconfig.cmake
[59.123s] -- Installing: /home/jetson/f1tenth2_ws/src/f1tenth_workspace_airos/install/vesc_msgs/share/vesc_msgs/cmake/vesc_msgs__rosidl_typesupport_introspection_cExport.cmake
[59.124s] -- Installing: /home/jetson/f1tenth2_ws/src/f1tenth_workspace_airos/install/vesc_msgs/share/vesc_msgs/cmake/vesc_msgs__rosidl_typesupport_introspection_cExport-noconfig.cmake
[59.125s] -- Installing: /home/jetson/f1tenth2_ws/src/f1tenth_workspace_airos/install/vesc_msgs/share/vesc_msgs/cmake/vesc_msgs__rosidl_typesupport_cExport.cmake
[59.126s] -- Installing: /home/jetson/f1tenth2_ws/src/f1tenth_workspace_airos/install/vesc_msgs/share/vesc_msgs/cmake/vesc_msgs__rosidl_typesupport_cExport-noconfig.cmake
[59.127s] -- Installing: /home/jetson/f1tenth2_ws/src/f1tenth_workspace_airos/install/vesc_msgs/share/vesc_msgs/cmake/vesc_msgs__rosidl_generator_cppExport.cmake
[59.128s] -- Installing: /home/jetson/f1tenth2_ws/src/f1tenth_workspace_airos/install/vesc_msgs/share/vesc_msgs/cmake/vesc_msgs__rosidl_typesupport_introspection_cppExport.cmake
[59.129s] -- Installing: /home/jetson/f1tenth2_ws/src/f1tenth_workspace_airos/install/vesc_msgs/share/vesc_msgs/cmake/vesc_msgs__rosidl_typesupport_introspection_cppExport-noconfig.cmake
[59.130s] -- Installing: /home/jetson/f1tenth2_ws/src/f1tenth_workspace_airos/install/vesc_msgs/share/vesc_msgs/cmake/vesc_msgs__rosidl_typesupport_cppExport.cmake
[59.131s] -- Installing: /home/jetson/f1tenth2_ws/src/f1tenth_workspace_airos/install/vesc_msgs/share/vesc_msgs/cmake/vesc_msgs__rosidl_typesupport_cppExport-noconfig.cmake
[59.133s] -- Installing: /home/jetson/f1tenth2_ws/src/f1tenth_workspace_airos/install/vesc_msgs/share/vesc_msgs/cmake/rosidl_cmake-extras.cmake
[59.134s] -- Installing: /home/jetson/f1tenth2_ws/src/f1tenth_workspace_airos/install/vesc_msgs/share/vesc_msgs/cmake/ament_cmake_export_dependencies-extras.cmake
[59.135s] -- Installing: /home/jetson/f1tenth2_ws/src/f1tenth_workspace_airos/install/vesc_msgs/share/vesc_msgs/cmake/ament_cmake_export_libraries-extras.cmake
[59.136s] -- Installing: /home/jetson/f1tenth2_ws/src/f1tenth_workspace_airos/install/vesc_msgs/share/vesc_msgs/cmake/ament_cmake_export_targets-extras.cmake
[59.137s] -- Installing: /home/jetson/f1tenth2_ws/src/f1tenth_workspace_airos/install/vesc_msgs/share/vesc_msgs/cmake/ament_cmake_export_include_directories-extras.cmake
[59.138s] -- Installing: /home/jetson/f1tenth2_ws/src/f1tenth_workspace_airos/install/vesc_msgs/share/vesc_msgs/cmake/rosidl_cmake_export_typesupport_libraries-extras.cmake
[59.138s] -- Installing: /home/jetson/f1tenth2_ws/src/f1tenth_workspace_airos/install/vesc_msgs/share/vesc_msgs/cmake/rosidl_cmake_export_typesupport_targets-extras.cmake
[59.139s] -- Installing: /home/jetson/f1tenth2_ws/src/f1tenth_workspace_airos/install/vesc_msgs/share/vesc_msgs/cmake/vesc_msgsConfig.cmake
[59.140s] -- Installing: /home/jetson/f1tenth2_ws/src/f1tenth_workspace_airos/install/vesc_msgs/share/vesc_msgs/cmake/vesc_msgsConfig-version.cmake
[59.141s] -- Installing: /home/jetson/f1tenth2_ws/src/f1tenth_workspace_airos/install/vesc_msgs/share/vesc_msgs/package.xml
[59.157s] Invoked command in '/home/jetson/f1tenth2_ws/src/f1tenth_workspace_airos/build/vesc_msgs' returned '0': CMAKE_PREFIX_PATH=/opt/ros/foxy /usr/bin/cmake --install /home/jetson/f1tenth2_ws/src/f1tenth_workspace_airos/build/vesc_msgs
