[5.429s] Invoking command in '/home/jetson/f1tenth2_ws/src/f1tenth_workspace_airos/RPP_node': PYTHONPATH=/home/jetson/f1tenth2_ws/src/f1tenth_workspace_airos/build/RPP_node/prefix_override:/usr/lib/python3/dist-packages/colcon_core/task/python/colcon_distutils_commands:/home/jetson/f1tenth2_ws/src/f1tenth_workspace_airos/install/RPP_node/lib/python3.8/site-packages:${PYTHONPATH} /usr/bin/python3 -W ignore:setup.py install is deprecated -W ignore:easy_install command is deprecated setup.py egg_info --egg-base ../build/RPP_node build --build-base /home/jetson/f1tenth2_ws/src/f1tenth_workspace_airos/build/RPP_node/build install --record /home/jetson/f1tenth2_ws/src/f1tenth_workspace_airos/build/RPP_node/install.log --install-scripts $base/lib/RPP_node --single-version-externally-managed install_data
[8.274s] running egg_info
[8.302s] creating ../build/RPP_node/RPP_node.egg-info
[8.302s] writing ../build/RPP_node/RPP_node.egg-info/PKG-INFO
[8.303s] writing dependency_links to ../build/RPP_node/RPP_node.egg-info/dependency_links.txt
[8.304s] writing entry points to ../build/RPP_node/RPP_node.egg-info/entry_points.txt
[8.305s] writing requirements to ../build/RPP_node/RPP_node.egg-info/requires.txt
[8.307s] writing top-level names to ../build/RPP_node/RPP_node.egg-info/top_level.txt
[8.328s] writing manifest file '../build/RPP_node/RPP_node.egg-info/SOURCES.txt'
[8.771s] reading manifest file '../build/RPP_node/RPP_node.egg-info/SOURCES.txt'
[8.791s] writing manifest file '../build/RPP_node/RPP_node.egg-info/SOURCES.txt'
[8.792s] running build
[8.793s] running build_py
[8.796s] creating /home/jetson/f1tenth2_ws/src/f1tenth_workspace_airos/build/RPP_node/build
[8.804s] creating /home/jetson/f1tenth2_ws/src/f1tenth_workspace_airos/build/RPP_node/build/lib
[8.805s] creating /home/jetson/f1tenth2_ws/src/f1tenth_workspace_airos/build/RPP_node/build/lib/RPP_node
[8.806s] copying RPP_node/rpp_node.py -> /home/jetson/f1tenth2_ws/src/f1tenth_workspace_airos/build/RPP_node/build/lib/RPP_node
[8.812s] copying RPP_node/__init__.py -> /home/jetson/f1tenth2_ws/src/f1tenth_workspace_airos/build/RPP_node/build/lib/RPP_node
[8.814s] running install
[8.818s] running install_lib
[8.840s] creating /home/jetson/f1tenth2_ws/src/f1tenth_workspace_airos/install/RPP_node/lib/python3.8/site-packages/RPP_node
[8.843s] copying /home/jetson/f1tenth2_ws/src/f1tenth_workspace_airos/build/RPP_node/build/lib/RPP_node/rpp_node.py -> /home/jetson/f1tenth2_ws/src/f1tenth_workspace_airos/install/RPP_node/lib/python3.8/site-packages/RPP_node
[8.845s] copying /home/jetson/f1tenth2_ws/src/f1tenth_workspace_airos/build/RPP_node/build/lib/RPP_node/__init__.py -> /home/jetson/f1tenth2_ws/src/f1tenth_workspace_airos/install/RPP_node/lib/python3.8/site-packages/RPP_node
[8.854s] byte-compiling /home/jetson/f1tenth2_ws/src/f1tenth_workspace_airos/install/RPP_node/lib/python3.8/site-packages/RPP_node/rpp_node.py to rpp_node.cpython-38.pyc
[8.913s] byte-compiling /home/jetson/f1tenth2_ws/src/f1tenth_workspace_airos/install/RPP_node/lib/python3.8/site-packages/RPP_node/__init__.py to __init__.cpython-38.pyc
[8.931s] running install_data
[8.932s] creating /home/jetson/f1tenth2_ws/src/f1tenth_workspace_airos/install/RPP_node/share/ament_index
[8.933s] creating /home/jetson/f1tenth2_ws/src/f1tenth_workspace_airos/install/RPP_node/share/ament_index/resource_index
[8.934s] creating /home/jetson/f1tenth2_ws/src/f1tenth_workspace_airos/install/RPP_node/share/ament_index/resource_index/packages
[8.935s] copying resource/RPP_node -> /home/jetson/f1tenth2_ws/src/f1tenth_workspace_airos/install/RPP_node/share/ament_index/resource_index/packages
[8.942s] copying package.xml -> /home/jetson/f1tenth2_ws/src/f1tenth_workspace_airos/install/RPP_node/share/RPP_node
[8.954s] creating /home/jetson/f1tenth2_ws/src/f1tenth_workspace_airos/install/RPP_node/share/RPP_node/launch
[8.956s] creating /home/jetson/f1tenth2_ws/src/f1tenth_workspace_airos/install/RPP_node/share/RPP_node/config
[8.960s] copying config/rpp_params.yaml -> /home/jetson/f1tenth2_ws/src/f1tenth_workspace_airos/install/RPP_node/share/RPP_node/config
[8.964s] creating /home/jetson/f1tenth2_ws/src/f1tenth_workspace_airos/install/RPP_node/share/RPP_node/waypoints
[8.964s] copying waypoints/mapa1.csv -> /home/jetson/f1tenth2_ws/src/f1tenth_workspace_airos/install/RPP_node/share/RPP_node/waypoints
[8.965s] copying waypoints/crespo.csv -> /home/jetson/f1tenth2_ws/src/f1tenth_workspace_airos/install/RPP_node/share/RPP_node/waypoints
[8.967s] running install_egg_info
[8.990s] Copying ../build/RPP_node/RPP_node.egg-info to /home/jetson/f1tenth2_ws/src/f1tenth_workspace_airos/install/RPP_node/lib/python3.8/site-packages/RPP_node-0.0.0-py3.8.egg-info
[9.004s] running install_scripts
[9.248s] Installing rpp_node_executable script to /home/jetson/f1tenth2_ws/src/f1tenth_workspace_airos/install/RPP_node/lib/RPP_node
[9.249s] writing list of installed files to '/home/jetson/f1tenth2_ws/src/f1tenth_workspace_airos/build/RPP_node/install.log'
[9.609s] Invoked command in '/home/jetson/f1tenth2_ws/src/f1tenth_workspace_airos/RPP_node' returned '0': PYTHONPATH=/home/jetson/f1tenth2_ws/src/f1tenth_workspace_airos/build/RPP_node/prefix_override:/usr/lib/python3/dist-packages/colcon_core/task/python/colcon_distutils_commands:/home/jetson/f1tenth2_ws/src/f1tenth_workspace_airos/install/RPP_node/lib/python3.8/site-packages:${PYTHONPATH} /usr/bin/python3 -W ignore:setup.py install is deprecated -W ignore:easy_install command is deprecated setup.py egg_info --egg-base ../build/RPP_node build --build-base /home/jetson/f1tenth2_ws/src/f1tenth_workspace_airos/build/RPP_node/build install --record /home/jetson/f1tenth2_ws/src/f1tenth_workspace_airos/build/RPP_node/install.log --install-scripts $base/lib/RPP_node --single-version-externally-managed install_data
