[0.139s] Invoking command in '/home/jetson/f1tenth2_ws/src/f1tenth_workspace_airos/build/teleop_tools_msgs': CMAKE_PREFIX_PATH=/opt/ros/foxy /usr/bin/cmake /home/jetson/f1tenth2_ws/src/f1tenth_workspace_airos/f1tenth_system/teleop_tools/teleop_tools_msgs -DCMAKE_INSTALL_PREFIX=/home/jetson/f1tenth2_ws/src/f1tenth_workspace_airos/install/teleop_tools_msgs
[1.309s] -- The C compiler identification is GNU 9.4.0
[1.310s] -- The CXX compiler identification is GNU 9.4.0
[1.310s] -- Check for working C compiler: /usr/bin/cc
[1.311s] -- Check for working C compiler: /usr/bin/cc -- works
[1.315s] -- Detecting C compiler ABI info
[1.695s] -- Detecting C compiler ABI info - done
[1.757s] -- Detecting C compile features
[1.760s] -- Detecting C compile features - done
[1.777s] -- Check for working CXX compiler: /usr/bin/c++
[2.181s] -- Check for working CXX compiler: /usr/bin/c++ -- works
[2.190s] -- Detecting CXX compiler ABI info
[2.638s] -- Detecting CXX compiler ABI info - done
[2.701s] -- Detecting CXX compile features
[2.703s] -- Detecting CXX compile features - done
[2.716s] -- Found ament_cmake: 0.9.12 (/opt/ros/foxy/share/ament_cmake/cmake)
[2.846s] -- Found PythonInterp: /usr/bin/python3 (found suitable version "3.8.10", minimum required is "3") 
[2.847s] -- Using PYTHON_EXECUTABLE: /usr/bin/python3
[3.838s] -- Found rosidl_default_generators: 1.0.1 (/opt/ros/foxy/share/rosidl_default_generators/cmake)
[3.857s] -- Using all available rosidl_typesupport_c: rosidl_typesupport_fastrtps_c;rosidl_typesupport_introspection_c
[3.897s] -- Found rosidl_adapter: 1.3.1 (/opt/ros/foxy/share/rosidl_adapter/cmake)
[4.474s] -- Found OpenSSL: /usr/lib/aarch64-linux-gnu/libcrypto.so (found version "1.1.1f")  
[4.643s] -- Found FastRTPS: /opt/ros/foxy/include  
[5.107s] -- Using all available rosidl_typesupport_cpp: rosidl_typesupport_fastrtps_cpp;rosidl_typesupport_introspection_cpp
[5.269s] -- Found ament_lint_auto: 0.9.8 (/opt/ros/foxy/share/ament_lint_auto/cmake)
[5.698s] -- Found PythonInterp: /usr/bin/python3 (found version "3.8.10") 
[6.432s] -- Found ament_cmake_ros: 0.9.2 (/opt/ros/foxy/share/ament_cmake_ros/cmake)
[7.136s] -- Using all available rosidl_typesupport_c: rosidl_typesupport_fastrtps_c;rosidl_typesupport_introspection_c
[7.293s] -- Using all available rosidl_typesupport_cpp: rosidl_typesupport_fastrtps_cpp;rosidl_typesupport_introspection_cpp
[7.417s] -- Found PythonInterp: /usr/bin/python3 (found suitable version "3.8.10", minimum required is "3.5") 
[7.427s] -- Found python_cmake_module: 0.8.1 (/opt/ros/foxy/share/python_cmake_module/cmake)
[7.559s] -- Found PythonLibs: /usr/lib/aarch64-linux-gnu/libpython3.8.so (found suitable version "3.8.10", minimum required is "3.5") 
[7.560s] -- Using PYTHON_EXECUTABLE: /usr/bin/python3
[7.560s] -- Using PYTHON_INCLUDE_DIRS: /usr/include/python3.8
[7.560s] -- Using PYTHON_LIBRARIES: /usr/lib/aarch64-linux-gnu/libpython3.8.so
[7.661s] -- Found PythonExtra: .so  
[7.933s] -- Added test 'copyright' to check source files copyright and LICENSE
[7.943s] -- Added test 'lint_cmake' to check CMake code style
[7.950s] -- Added test 'xmllint' to check XML markup files
[8.001s] -- Configuring done
[8.316s] -- Generating done
[8.418s] -- Build files have been written to: /home/jetson/f1tenth2_ws/src/f1tenth_workspace_airos/build/teleop_tools_msgs
[8.477s] Invoked command in '/home/jetson/f1tenth2_ws/src/f1tenth_workspace_airos/build/teleop_tools_msgs' returned '0': CMAKE_PREFIX_PATH=/opt/ros/foxy /usr/bin/cmake /home/jetson/f1tenth2_ws/src/f1tenth_workspace_airos/f1tenth_system/teleop_tools/teleop_tools_msgs -DCMAKE_INSTALL_PREFIX=/home/jetson/f1tenth2_ws/src/f1tenth_workspace_airos/install/teleop_tools_msgs
[8.483s] Invoking command in '/home/jetson/f1tenth2_ws/src/f1tenth_workspace_airos/build/teleop_tools_msgs': CMAKE_PREFIX_PATH=/opt/ros/foxy /usr/bin/cmake --build /home/jetson/f1tenth2_ws/src/f1tenth_workspace_airos/build/teleop_tools_msgs -- -j4 -l4
[8.722s] [35m[1mScanning dependencies of target teleop_tools_msgs__cpp[0m
[8.778s] [  6%] [34m[1mGenerating C++ code for ROS interfaces[0m
[8.779s] [  6%] [34m[1mGenerating C code for ROS interfaces[0m
[10.800s] [  6%] Built target teleop_tools_msgs__cpp
[10.872s] [  9%] [34m[1mGenerating C++ type support dispatch for ROS interfaces[0m
[10.882s] [ 12%] [34m[1mGenerating C++ introspection for ROS interfaces[0m
[10.939s] [ 16%] [34m[1mGenerating C++ type support for eProsima Fast-RTPS[0m
[10.982s] [35m[1mScanning dependencies of target teleop_tools_msgs__rosidl_generator_c[0m
[11.149s] [ 19%] [32mBuilding C object CMakeFiles/teleop_tools_msgs__rosidl_generator_c.dir/rosidl_generator_c/teleop_tools_msgs/action/detail/increment__functions.c.o[0m
[12.890s] [ 22%] [32m[1mLinking C shared library libteleop_tools_msgs__rosidl_generator_c.so[0m
[13.444s] [ 22%] Built target teleop_tools_msgs__rosidl_generator_c
[13.569s] [ 25%] [34m[1mGenerating C introspection for ROS interfaces[0m
[13.808s] [35m[1mScanning dependencies of target teleop_tools_msgs__rosidl_typesupport_cpp[0m
[14.062s] [ 29%] [32mBuilding CXX object CMakeFiles/teleop_tools_msgs__rosidl_typesupport_cpp.dir/rosidl_typesupport_cpp/teleop_tools_msgs/action/increment__type_support.cpp.o[0m
[14.094s] [35m[1mScanning dependencies of target teleop_tools_msgs__rosidl_typesupport_introspection_cpp[0m
[14.383s] [ 32%] [32mBuilding CXX object CMakeFiles/teleop_tools_msgs__rosidl_typesupport_introspection_cpp.dir/rosidl_typesupport_introspection_cpp/teleop_tools_msgs/action/detail/increment__type_support.cpp.o[0m
[14.459s] [35m[1mScanning dependencies of target teleop_tools_msgs__rosidl_typesupport_fastrtps_cpp[0m
[14.816s] [ 35%] [32mBuilding CXX object CMakeFiles/teleop_tools_msgs__rosidl_typesupport_fastrtps_cpp.dir/rosidl_typesupport_fastrtps_cpp/teleop_tools_msgs/action/detail/dds_fastrtps/increment__type_support.cpp.o[0m
[17.349s] [35m[1mScanning dependencies of target teleop_tools_msgs__rosidl_typesupport_introspection_c[0m
[17.590s] [ 38%] [32mBuilding C object CMakeFiles/teleop_tools_msgs__rosidl_typesupport_introspection_c.dir/rosidl_typesupport_introspection_c/teleop_tools_msgs/action/detail/increment__type_support.c.o[0m
[18.462s] [ 41%] [32m[1mLinking C shared library libteleop_tools_msgs__rosidl_typesupport_introspection_c.so[0m
[18.566s] [ 45%] [32m[1mLinking CXX shared library libteleop_tools_msgs__rosidl_typesupport_cpp.so[0m
[19.068s] [ 45%] Built target teleop_tools_msgs__rosidl_typesupport_introspection_c
[19.250s] [ 48%] [34m[1mGenerating C type support dispatch for ROS interfaces[0m
[19.318s] [ 48%] Built target teleop_tools_msgs__rosidl_typesupport_cpp
[19.465s] [ 51%] [32m[1mLinking CXX shared library libteleop_tools_msgs__rosidl_typesupport_introspection_cpp.so[0m
[20.425s] [ 51%] Built target teleop_tools_msgs__rosidl_typesupport_introspection_cpp
[21.936s] [35m[1mScanning dependencies of target teleop_tools_msgs__rosidl_typesupport_c[0m
[22.180s] [ 54%] [32mBuilding CXX object CMakeFiles/teleop_tools_msgs__rosidl_typesupport_c.dir/rosidl_typesupport_c/teleop_tools_msgs/action/increment__type_support.cpp.o[0m
[22.180s] [ 58%] [32m[1mLinking CXX shared library libteleop_tools_msgs__rosidl_typesupport_fastrtps_cpp.so[0m
[22.996s] [ 61%] [32m[1mLinking CXX shared library libteleop_tools_msgs__rosidl_typesupport_c.so[0m
[23.292s] [ 61%] Built target teleop_tools_msgs__rosidl_typesupport_fastrtps_cpp
[23.456s] [ 64%] [34m[1mGenerating C type support for eProsima Fast-RTPS[0m
[23.616s] [ 64%] Built target teleop_tools_msgs__rosidl_typesupport_c
[26.705s] [35m[1mScanning dependencies of target teleop_tools_msgs__rosidl_typesupport_fastrtps_c[0m
[26.988s] [ 67%] [32mBuilding CXX object CMakeFiles/teleop_tools_msgs__rosidl_typesupport_fastrtps_c.dir/rosidl_typesupport_fastrtps_c/teleop_tools_msgs/action/detail/increment__type_support_c.cpp.o[0m
[31.630s] [ 70%] [32m[1mLinking CXX shared library libteleop_tools_msgs__rosidl_typesupport_fastrtps_c.so[0m
[32.698s] [ 70%] Built target teleop_tools_msgs__rosidl_typesupport_fastrtps_c
[32.910s] [35m[1mScanning dependencies of target teleop_tools_msgs[0m
[33.071s] [ 70%] Built target teleop_tools_msgs
[33.189s] [35m[1mScanning dependencies of target teleop_tools_msgs__py[0m
[33.315s] [ 74%] [34m[1mGenerating Python code for ROS interfaces[0m
[39.332s] [ 74%] Built target teleop_tools_msgs__py
[39.382s] [35m[1mScanning dependencies of target teleop_tools_msgs__python[0m
[39.544s] [ 77%] [32mBuilding C object CMakeFiles/teleop_tools_msgs__python.dir/rosidl_generator_py/teleop_tools_msgs/action/_increment_s.c.o[0m
[40.327s] [ 80%] [32m[1mLinking C shared library rosidl_generator_py/teleop_tools_msgs/libteleop_tools_msgs__python.so[0m
[40.569s] [ 80%] Built target teleop_tools_msgs__python
[40.628s] [35m[1mScanning dependencies of target teleop_tools_msgs__rosidl_typesupport_c__pyext[0m
[40.684s] [35m[1mScanning dependencies of target teleop_tools_msgs__rosidl_typesupport_introspection_c__pyext[0m
[40.749s] [ 83%] [32mBuilding C object CMakeFiles/teleop_tools_msgs__rosidl_typesupport_c__pyext.dir/rosidl_generator_py/teleop_tools_msgs/_teleop_tools_msgs_s.ep.rosidl_typesupport_c.c.o[0m
[40.863s] [ 87%] [32mBuilding C object CMakeFiles/teleop_tools_msgs__rosidl_typesupport_introspection_c__pyext.dir/rosidl_generator_py/teleop_tools_msgs/_teleop_tools_msgs_s.ep.rosidl_typesupport_introspection_c.c.o[0m
[41.570s] [ 90%] [32m[1mLinking C shared library rosidl_generator_py/teleop_tools_msgs/teleop_tools_msgs_s__rosidl_typesupport_c.cpython-38-aarch64-linux-gnu.so[0m
[41.671s] [ 93%] [32m[1mLinking C shared library rosidl_generator_py/teleop_tools_msgs/teleop_tools_msgs_s__rosidl_typesupport_introspection_c.cpython-38-aarch64-linux-gnu.so[0m
[41.894s] [ 93%] Built target teleop_tools_msgs__rosidl_typesupport_c__pyext
[41.972s] [35m[1mScanning dependencies of target teleop_tools_msgs__rosidl_typesupport_fastrtps_c__pyext[0m
[42.040s] [ 93%] Built target teleop_tools_msgs__rosidl_typesupport_introspection_c__pyext
[42.110s] [ 96%] [32mBuilding C object CMakeFiles/teleop_tools_msgs__rosidl_typesupport_fastrtps_c__pyext.dir/rosidl_generator_py/teleop_tools_msgs/_teleop_tools_msgs_s.ep.rosidl_typesupport_fastrtps_c.c.o[0m
[42.988s] [100%] [32m[1mLinking CXX shared library rosidl_generator_py/teleop_tools_msgs/teleop_tools_msgs_s__rosidl_typesupport_fastrtps_c.cpython-38-aarch64-linux-gnu.so[0m
[43.534s] [100%] Built target teleop_tools_msgs__rosidl_typesupport_fastrtps_c__pyext
[43.644s] Invoked command in '/home/jetson/f1tenth2_ws/src/f1tenth_workspace_airos/build/teleop_tools_msgs' returned '0': CMAKE_PREFIX_PATH=/opt/ros/foxy /usr/bin/cmake --build /home/jetson/f1tenth2_ws/src/f1tenth_workspace_airos/build/teleop_tools_msgs -- -j4 -l4
[43.746s] Invoking command in '/home/jetson/f1tenth2_ws/src/f1tenth_workspace_airos/build/teleop_tools_msgs': CMAKE_PREFIX_PATH=/opt/ros/foxy /usr/bin/cmake --install /home/jetson/f1tenth2_ws/src/f1tenth_workspace_airos/build/teleop_tools_msgs
[43.842s] -- Install configuration: ""
[43.843s] -- Installing: /home/jetson/f1tenth2_ws/src/f1tenth_workspace_airos/install/teleop_tools_msgs/share/ament_index/resource_index/rosidl_interfaces/teleop_tools_msgs
[43.844s] -- Installing: /home/jetson/f1tenth2_ws/src/f1tenth_workspace_airos/install/teleop_tools_msgs/include/teleop_tools_msgs
[43.845s] -- Installing: /home/jetson/f1tenth2_ws/src/f1tenth_workspace_airos/install/teleop_tools_msgs/include/teleop_tools_msgs/action
[43.845s] -- Installing: /home/jetson/f1tenth2_ws/src/f1tenth_workspace_airos/install/teleop_tools_msgs/include/teleop_tools_msgs/action/detail
[43.846s] -- Installing: /home/jetson/f1tenth2_ws/src/f1tenth_workspace_airos/install/teleop_tools_msgs/include/teleop_tools_msgs/action/detail/increment__functions.c
[43.847s] -- Installing: /home/jetson/f1tenth2_ws/src/f1tenth_workspace_airos/install/teleop_tools_msgs/include/teleop_tools_msgs/action/detail/increment__struct.h
[43.848s] -- Installing: /home/jetson/f1tenth2_ws/src/f1tenth_workspace_airos/install/teleop_tools_msgs/include/teleop_tools_msgs/action/detail/increment__type_support.h
[43.849s] -- Installing: /home/jetson/f1tenth2_ws/src/f1tenth_workspace_airos/install/teleop_tools_msgs/include/teleop_tools_msgs/action/detail/increment__functions.h
[43.850s] -- Installing: /home/jetson/f1tenth2_ws/src/f1tenth_workspace_airos/install/teleop_tools_msgs/include/teleop_tools_msgs/action/increment.h
[43.851s] -- Installing: /home/jetson/f1tenth2_ws/src/f1tenth_workspace_airos/install/teleop_tools_msgs/include/teleop_tools_msgs/msg
[43.851s] -- Installing: /home/jetson/f1tenth2_ws/src/f1tenth_workspace_airos/install/teleop_tools_msgs/include/teleop_tools_msgs/msg/rosidl_generator_c__visibility_control.h
[43.853s] -- Installing: /home/jetson/f1tenth2_ws/src/f1tenth_workspace_airos/install/teleop_tools_msgs/share/teleop_tools_msgs/environment/library_path.sh
[43.854s] -- Installing: /home/jetson/f1tenth2_ws/src/f1tenth_workspace_airos/install/teleop_tools_msgs/share/teleop_tools_msgs/environment/library_path.dsv
[43.855s] -- Installing: /home/jetson/f1tenth2_ws/src/f1tenth_workspace_airos/install/teleop_tools_msgs/lib/libteleop_tools_msgs__rosidl_generator_c.so
[43.859s] -- Set runtime path of "/home/jetson/f1tenth2_ws/src/f1tenth_workspace_airos/install/teleop_tools_msgs/lib/libteleop_tools_msgs__rosidl_generator_c.so" to ""
[43.860s] -- Up-to-date: /home/jetson/f1tenth2_ws/src/f1tenth_workspace_airos/install/teleop_tools_msgs/include/teleop_tools_msgs
[43.860s] -- Up-to-date: /home/jetson/f1tenth2_ws/src/f1tenth_workspace_airos/install/teleop_tools_msgs/include/teleop_tools_msgs/action
[43.862s] -- Up-to-date: /home/jetson/f1tenth2_ws/src/f1tenth_workspace_airos/install/teleop_tools_msgs/include/teleop_tools_msgs/action/detail
[43.863s] -- Installing: /home/jetson/f1tenth2_ws/src/f1tenth_workspace_airos/install/teleop_tools_msgs/include/teleop_tools_msgs/action/detail/increment__rosidl_typesupport_fastrtps_c.h
[43.863s] -- Up-to-date: /home/jetson/f1tenth2_ws/src/f1tenth_workspace_airos/install/teleop_tools_msgs/include/teleop_tools_msgs/msg
[43.863s] -- Installing: /home/jetson/f1tenth2_ws/src/f1tenth_workspace_airos/install/teleop_tools_msgs/include/teleop_tools_msgs/msg/rosidl_typesupport_fastrtps_c__visibility_control.h
[43.864s] -- Installing: /home/jetson/f1tenth2_ws/src/f1tenth_workspace_airos/install/teleop_tools_msgs/lib/libteleop_tools_msgs__rosidl_typesupport_fastrtps_c.so
[43.868s] -- Set runtime path of "/home/jetson/f1tenth2_ws/src/f1tenth_workspace_airos/install/teleop_tools_msgs/lib/libteleop_tools_msgs__rosidl_typesupport_fastrtps_c.so" to ""
[43.869s] -- Up-to-date: /home/jetson/f1tenth2_ws/src/f1tenth_workspace_airos/install/teleop_tools_msgs/include/teleop_tools_msgs
[43.869s] -- Up-to-date: /home/jetson/f1tenth2_ws/src/f1tenth_workspace_airos/install/teleop_tools_msgs/include/teleop_tools_msgs/action
[43.870s] -- Up-to-date: /home/jetson/f1tenth2_ws/src/f1tenth_workspace_airos/install/teleop_tools_msgs/include/teleop_tools_msgs/action/detail
[43.870s] -- Installing: /home/jetson/f1tenth2_ws/src/f1tenth_workspace_airos/install/teleop_tools_msgs/include/teleop_tools_msgs/action/detail/dds_fastrtps
[43.871s] -- Installing: /home/jetson/f1tenth2_ws/src/f1tenth_workspace_airos/install/teleop_tools_msgs/include/teleop_tools_msgs/action/detail/increment__rosidl_typesupport_fastrtps_cpp.hpp
[43.871s] -- Up-to-date: /home/jetson/f1tenth2_ws/src/f1tenth_workspace_airos/install/teleop_tools_msgs/include/teleop_tools_msgs/msg
[43.871s] -- Installing: /home/jetson/f1tenth2_ws/src/f1tenth_workspace_airos/install/teleop_tools_msgs/include/teleop_tools_msgs/msg/rosidl_typesupport_fastrtps_cpp__visibility_control.h
[43.872s] -- Installing: /home/jetson/f1tenth2_ws/src/f1tenth_workspace_airos/install/teleop_tools_msgs/lib/libteleop_tools_msgs__rosidl_typesupport_fastrtps_cpp.so
[43.876s] -- Set runtime path of "/home/jetson/f1tenth2_ws/src/f1tenth_workspace_airos/install/teleop_tools_msgs/lib/libteleop_tools_msgs__rosidl_typesupport_fastrtps_cpp.so" to ""
[43.876s] -- Up-to-date: /home/jetson/f1tenth2_ws/src/f1tenth_workspace_airos/install/teleop_tools_msgs/include/teleop_tools_msgs
[43.877s] -- Up-to-date: /home/jetson/f1tenth2_ws/src/f1tenth_workspace_airos/install/teleop_tools_msgs/include/teleop_tools_msgs/action
[43.877s] -- Up-to-date: /home/jetson/f1tenth2_ws/src/f1tenth_workspace_airos/install/teleop_tools_msgs/include/teleop_tools_msgs/action/detail
[43.878s] -- Installing: /home/jetson/f1tenth2_ws/src/f1tenth_workspace_airos/install/teleop_tools_msgs/include/teleop_tools_msgs/action/detail/increment__rosidl_typesupport_introspection_c.h
[43.878s] -- Installing: /home/jetson/f1tenth2_ws/src/f1tenth_workspace_airos/install/teleop_tools_msgs/include/teleop_tools_msgs/action/detail/increment__type_support.c
[43.879s] -- Up-to-date: /home/jetson/f1tenth2_ws/src/f1tenth_workspace_airos/install/teleop_tools_msgs/include/teleop_tools_msgs/msg
[43.879s] -- Installing: /home/jetson/f1tenth2_ws/src/f1tenth_workspace_airos/install/teleop_tools_msgs/include/teleop_tools_msgs/msg/rosidl_typesupport_introspection_c__visibility_control.h
[43.880s] -- Installing: /home/jetson/f1tenth2_ws/src/f1tenth_workspace_airos/install/teleop_tools_msgs/lib/libteleop_tools_msgs__rosidl_typesupport_introspection_c.so
[43.883s] -- Set runtime path of "/home/jetson/f1tenth2_ws/src/f1tenth_workspace_airos/install/teleop_tools_msgs/lib/libteleop_tools_msgs__rosidl_typesupport_introspection_c.so" to ""
[43.885s] -- Installing: /home/jetson/f1tenth2_ws/src/f1tenth_workspace_airos/install/teleop_tools_msgs/lib/libteleop_tools_msgs__rosidl_typesupport_c.so
[43.887s] -- Set runtime path of "/home/jetson/f1tenth2_ws/src/f1tenth_workspace_airos/install/teleop_tools_msgs/lib/libteleop_tools_msgs__rosidl_typesupport_c.so" to ""
[43.896s] -- Up-to-date: /home/jetson/f1tenth2_ws/src/f1tenth_workspace_airos/install/teleop_tools_msgs/include/teleop_tools_msgs
[43.897s] -- Up-to-date: /home/jetson/f1tenth2_ws/src/f1tenth_workspace_airos/install/teleop_tools_msgs/include/teleop_tools_msgs/action
[43.898s] -- Installing: /home/jetson/f1tenth2_ws/src/f1tenth_workspace_airos/install/teleop_tools_msgs/include/teleop_tools_msgs/action/increment.hpp
[43.898s] -- Up-to-date: /home/jetson/f1tenth2_ws/src/f1tenth_workspace_airos/install/teleop_tools_msgs/include/teleop_tools_msgs/action/detail
[43.898s] -- Installing: /home/jetson/f1tenth2_ws/src/f1tenth_workspace_airos/install/teleop_tools_msgs/include/teleop_tools_msgs/action/detail/increment__builder.hpp
[43.899s] -- Installing: /home/jetson/f1tenth2_ws/src/f1tenth_workspace_airos/install/teleop_tools_msgs/include/teleop_tools_msgs/action/detail/increment__type_support.hpp
[43.899s] -- Installing: /home/jetson/f1tenth2_ws/src/f1tenth_workspace_airos/install/teleop_tools_msgs/include/teleop_tools_msgs/action/detail/increment__struct.hpp
[43.899s] -- Installing: /home/jetson/f1tenth2_ws/src/f1tenth_workspace_airos/install/teleop_tools_msgs/include/teleop_tools_msgs/action/detail/increment__traits.hpp
[43.900s] -- Up-to-date: /home/jetson/f1tenth2_ws/src/f1tenth_workspace_airos/install/teleop_tools_msgs/include/teleop_tools_msgs/msg
[43.900s] -- Installing: /home/jetson/f1tenth2_ws/src/f1tenth_workspace_airos/install/teleop_tools_msgs/include/teleop_tools_msgs/msg/rosidl_generator_cpp__visibility_control.hpp
[43.900s] -- Up-to-date: /home/jetson/f1tenth2_ws/src/f1tenth_workspace_airos/install/teleop_tools_msgs/include/teleop_tools_msgs
[43.901s] -- Up-to-date: /home/jetson/f1tenth2_ws/src/f1tenth_workspace_airos/install/teleop_tools_msgs/include/teleop_tools_msgs/action
[43.901s] -- Up-to-date: /home/jetson/f1tenth2_ws/src/f1tenth_workspace_airos/install/teleop_tools_msgs/include/teleop_tools_msgs/action/detail
[43.902s] -- Installing: /home/jetson/f1tenth2_ws/src/f1tenth_workspace_airos/install/teleop_tools_msgs/include/teleop_tools_msgs/action/detail/increment__rosidl_typesupport_introspection_cpp.hpp
[43.902s] -- Installing: /home/jetson/f1tenth2_ws/src/f1tenth_workspace_airos/install/teleop_tools_msgs/include/teleop_tools_msgs/action/detail/increment__type_support.cpp
[43.902s] -- Installing: /home/jetson/f1tenth2_ws/src/f1tenth_workspace_airos/install/teleop_tools_msgs/lib/libteleop_tools_msgs__rosidl_typesupport_introspection_cpp.so
[43.903s] -- Set runtime path of "/home/jetson/f1tenth2_ws/src/f1tenth_workspace_airos/install/teleop_tools_msgs/lib/libteleop_tools_msgs__rosidl_typesupport_introspection_cpp.so" to ""
[43.903s] -- Installing: /home/jetson/f1tenth2_ws/src/f1tenth_workspace_airos/install/teleop_tools_msgs/lib/libteleop_tools_msgs__rosidl_typesupport_cpp.so
[43.904s] -- Set runtime path of "/home/jetson/f1tenth2_ws/src/f1tenth_workspace_airos/install/teleop_tools_msgs/lib/libteleop_tools_msgs__rosidl_typesupport_cpp.so" to ""
[43.907s] -- Installing: /home/jetson/f1tenth2_ws/src/f1tenth_workspace_airos/install/teleop_tools_msgs/share/teleop_tools_msgs/environment/pythonpath.sh
[43.907s] -- Installing: /home/jetson/f1tenth2_ws/src/f1tenth_workspace_airos/install/teleop_tools_msgs/share/teleop_tools_msgs/environment/pythonpath.dsv
[43.909s] -- Installing: /home/jetson/f1tenth2_ws/src/f1tenth_workspace_airos/install/teleop_tools_msgs/lib/python3.8/site-packages/teleop_tools_msgs/__init__.py
[44.134s] Compiling '/home/jetson/f1tenth2_ws/src/f1tenth_workspace_airos/install/teleop_tools_msgs/lib/python3.8/site-packages/teleop_tools_msgs/__init__.py'...
[44.153s] -- Installing: /home/jetson/f1tenth2_ws/src/f1tenth_workspace_airos/install/teleop_tools_msgs/lib/python3.8/site-packages/teleop_tools_msgs/action
[44.153s] -- Installing: /home/jetson/f1tenth2_ws/src/f1tenth_workspace_airos/install/teleop_tools_msgs/lib/python3.8/site-packages/teleop_tools_msgs/action/_increment.py
[44.154s] -- Installing: /home/jetson/f1tenth2_ws/src/f1tenth_workspace_airos/install/teleop_tools_msgs/lib/python3.8/site-packages/teleop_tools_msgs/action/__init__.py
[44.155s] -- Installing: /home/jetson/f1tenth2_ws/src/f1tenth_workspace_airos/install/teleop_tools_msgs/lib/python3.8/site-packages/teleop_tools_msgs/action/_increment_s.c
[44.157s] -- Installing: /home/jetson/f1tenth2_ws/src/f1tenth_workspace_airos/install/teleop_tools_msgs/lib/python3.8/site-packages/teleop_tools_msgs/teleop_tools_msgs_s__rosidl_typesupport_fastrtps_c.cpython-38-aarch64-linux-gnu.so
[44.160s] -- Set runtime path of "/home/jetson/f1tenth2_ws/src/f1tenth_workspace_airos/install/teleop_tools_msgs/lib/python3.8/site-packages/teleop_tools_msgs/teleop_tools_msgs_s__rosidl_typesupport_fastrtps_c.cpython-38-aarch64-linux-gnu.so" to ""
[44.161s] -- Installing: /home/jetson/f1tenth2_ws/src/f1tenth_workspace_airos/install/teleop_tools_msgs/lib/python3.8/site-packages/teleop_tools_msgs/teleop_tools_msgs_s__rosidl_typesupport_introspection_c.cpython-38-aarch64-linux-gnu.so
[44.174s] -- Set runtime path of "/home/jetson/f1tenth2_ws/src/f1tenth_workspace_airos/install/teleop_tools_msgs/lib/python3.8/site-packages/teleop_tools_msgs/teleop_tools_msgs_s__rosidl_typesupport_introspection_c.cpython-38-aarch64-linux-gnu.so" to ""
[44.175s] -- Installing: /home/jetson/f1tenth2_ws/src/f1tenth_workspace_airos/install/teleop_tools_msgs/lib/python3.8/site-packages/teleop_tools_msgs/teleop_tools_msgs_s__rosidl_typesupport_c.cpython-38-aarch64-linux-gnu.so
[44.178s] -- Set runtime path of "/home/jetson/f1tenth2_ws/src/f1tenth_workspace_airos/install/teleop_tools_msgs/lib/python3.8/site-packages/teleop_tools_msgs/teleop_tools_msgs_s__rosidl_typesupport_c.cpython-38-aarch64-linux-gnu.so" to ""
[44.179s] -- Installing: /home/jetson/f1tenth2_ws/src/f1tenth_workspace_airos/install/teleop_tools_msgs/lib/libteleop_tools_msgs__python.so
[44.190s] -- Set runtime path of "/home/jetson/f1tenth2_ws/src/f1tenth_workspace_airos/install/teleop_tools_msgs/lib/libteleop_tools_msgs__python.so" to ""
[44.192s] -- Installing: /home/jetson/f1tenth2_ws/src/f1tenth_workspace_airos/install/teleop_tools_msgs/share/teleop_tools_msgs/action/Increment.idl
[44.194s] -- Installing: /home/jetson/f1tenth2_ws/src/f1tenth_workspace_airos/install/teleop_tools_msgs/share/teleop_tools_msgs/action/Increment.action
[44.196s] -- Installing: /home/jetson/f1tenth2_ws/src/f1tenth_workspace_airos/install/teleop_tools_msgs/share/ament_index/resource_index/package_run_dependencies/teleop_tools_msgs
[44.198s] -- Installing: /home/jetson/f1tenth2_ws/src/f1tenth_workspace_airos/install/teleop_tools_msgs/share/ament_index/resource_index/parent_prefix_path/teleop_tools_msgs
[44.206s] -- Installing: /home/jetson/f1tenth2_ws/src/f1tenth_workspace_airos/install/teleop_tools_msgs/share/teleop_tools_msgs/environment/ament_prefix_path.sh
[44.209s] -- Installing: /home/jetson/f1tenth2_ws/src/f1tenth_workspace_airos/install/teleop_tools_msgs/share/teleop_tools_msgs/environment/ament_prefix_path.dsv
[44.211s] -- Installing: /home/jetson/f1tenth2_ws/src/f1tenth_workspace_airos/install/teleop_tools_msgs/share/teleop_tools_msgs/environment/path.sh
[44.213s] -- Installing: /home/jetson/f1tenth2_ws/src/f1tenth_workspace_airos/install/teleop_tools_msgs/share/teleop_tools_msgs/environment/path.dsv
[44.214s] -- Installing: /home/jetson/f1tenth2_ws/src/f1tenth_workspace_airos/install/teleop_tools_msgs/share/teleop_tools_msgs/local_setup.bash
[44.216s] -- Installing: /home/jetson/f1tenth2_ws/src/f1tenth_workspace_airos/install/teleop_tools_msgs/share/teleop_tools_msgs/local_setup.sh
[44.218s] -- Installing: /home/jetson/f1tenth2_ws/src/f1tenth_workspace_airos/install/teleop_tools_msgs/share/teleop_tools_msgs/local_setup.zsh
[44.219s] -- Installing: /home/jetson/f1tenth2_ws/src/f1tenth_workspace_airos/install/teleop_tools_msgs/share/teleop_tools_msgs/local_setup.dsv
[44.221s] -- Installing: /home/jetson/f1tenth2_ws/src/f1tenth_workspace_airos/install/teleop_tools_msgs/share/teleop_tools_msgs/package.dsv
[44.223s] -- Installing: /home/jetson/f1tenth2_ws/src/f1tenth_workspace_airos/install/teleop_tools_msgs/share/ament_index/resource_index/packages/teleop_tools_msgs
[44.225s] -- Installing: /home/jetson/f1tenth2_ws/src/f1tenth_workspace_airos/install/teleop_tools_msgs/share/teleop_tools_msgs/cmake/teleop_tools_msgs__rosidl_generator_cExport.cmake
[44.230s] -- Installing: /home/jetson/f1tenth2_ws/src/f1tenth_workspace_airos/install/teleop_tools_msgs/share/teleop_tools_msgs/cmake/teleop_tools_msgs__rosidl_generator_cExport-noconfig.cmake
[44.232s] -- Installing: /home/jetson/f1tenth2_ws/src/f1tenth_workspace_airos/install/teleop_tools_msgs/share/teleop_tools_msgs/cmake/teleop_tools_msgs__rosidl_typesupport_introspection_cExport.cmake
[44.234s] -- Installing: /home/jetson/f1tenth2_ws/src/f1tenth_workspace_airos/install/teleop_tools_msgs/share/teleop_tools_msgs/cmake/teleop_tools_msgs__rosidl_typesupport_introspection_cExport-noconfig.cmake
[44.236s] -- Installing: /home/jetson/f1tenth2_ws/src/f1tenth_workspace_airos/install/teleop_tools_msgs/share/teleop_tools_msgs/cmake/teleop_tools_msgs__rosidl_typesupport_cExport.cmake
[44.237s] -- Installing: /home/jetson/f1tenth2_ws/src/f1tenth_workspace_airos/install/teleop_tools_msgs/share/teleop_tools_msgs/cmake/teleop_tools_msgs__rosidl_typesupport_cExport-noconfig.cmake
[44.239s] -- Installing: /home/jetson/f1tenth2_ws/src/f1tenth_workspace_airos/install/teleop_tools_msgs/share/teleop_tools_msgs/cmake/teleop_tools_msgs__rosidl_generator_cppExport.cmake
[44.241s] -- Installing: /home/jetson/f1tenth2_ws/src/f1tenth_workspace_airos/install/teleop_tools_msgs/share/teleop_tools_msgs/cmake/teleop_tools_msgs__rosidl_typesupport_introspection_cppExport.cmake
[44.243s] -- Installing: /home/jetson/f1tenth2_ws/src/f1tenth_workspace_airos/install/teleop_tools_msgs/share/teleop_tools_msgs/cmake/teleop_tools_msgs__rosidl_typesupport_introspection_cppExport-noconfig.cmake
[44.244s] -- Installing: /home/jetson/f1tenth2_ws/src/f1tenth_workspace_airos/install/teleop_tools_msgs/share/teleop_tools_msgs/cmake/teleop_tools_msgs__rosidl_typesupport_cppExport.cmake
[44.246s] -- Installing: /home/jetson/f1tenth2_ws/src/f1tenth_workspace_airos/install/teleop_tools_msgs/share/teleop_tools_msgs/cmake/teleop_tools_msgs__rosidl_typesupport_cppExport-noconfig.cmake
[44.248s] -- Installing: /home/jetson/f1tenth2_ws/src/f1tenth_workspace_airos/install/teleop_tools_msgs/share/teleop_tools_msgs/cmake/rosidl_cmake-extras.cmake
[44.249s] -- Installing: /home/jetson/f1tenth2_ws/src/f1tenth_workspace_airos/install/teleop_tools_msgs/share/teleop_tools_msgs/cmake/ament_cmake_export_dependencies-extras.cmake
[44.252s] -- Installing: /home/jetson/f1tenth2_ws/src/f1tenth_workspace_airos/install/teleop_tools_msgs/share/teleop_tools_msgs/cmake/ament_cmake_export_libraries-extras.cmake
[44.254s] -- Installing: /home/jetson/f1tenth2_ws/src/f1tenth_workspace_airos/install/teleop_tools_msgs/share/teleop_tools_msgs/cmake/ament_cmake_export_targets-extras.cmake
[44.256s] -- Installing: /home/jetson/f1tenth2_ws/src/f1tenth_workspace_airos/install/teleop_tools_msgs/share/teleop_tools_msgs/cmake/ament_cmake_export_include_directories-extras.cmake
[44.257s] -- Installing: /home/jetson/f1tenth2_ws/src/f1tenth_workspace_airos/install/teleop_tools_msgs/share/teleop_tools_msgs/cmake/rosidl_cmake_export_typesupport_libraries-extras.cmake
[44.259s] -- Installing: /home/jetson/f1tenth2_ws/src/f1tenth_workspace_airos/install/teleop_tools_msgs/share/teleop_tools_msgs/cmake/rosidl_cmake_export_typesupport_targets-extras.cmake
[44.261s] -- Installing: /home/jetson/f1tenth2_ws/src/f1tenth_workspace_airos/install/teleop_tools_msgs/share/teleop_tools_msgs/cmake/teleop_tools_msgsConfig.cmake
[44.262s] -- Installing: /home/jetson/f1tenth2_ws/src/f1tenth_workspace_airos/install/teleop_tools_msgs/share/teleop_tools_msgs/cmake/teleop_tools_msgsConfig-version.cmake
[44.264s] -- Installing: /home/jetson/f1tenth2_ws/src/f1tenth_workspace_airos/install/teleop_tools_msgs/share/teleop_tools_msgs/package.xml
[44.278s] Invoked command in '/home/jetson/f1tenth2_ws/src/f1tenth_workspace_airos/build/teleop_tools_msgs' returned '0': CMAKE_PREFIX_PATH=/opt/ros/foxy /usr/bin/cmake --install /home/jetson/f1tenth2_ws/src/f1tenth_workspace_airos/build/teleop_tools_msgs
