[3.213s] Invoking command in '/home/jetson/f1tenth2_ws/src/f1tenth_workspace_airos/f1tenth_system/teleop_tools/key_teleop': PYTHONPATH=/home/jetson/f1tenth2_ws/src/f1tenth_workspace_airos/build/key_teleop/prefix_override:/usr/lib/python3/dist-packages/colcon_core/task/python/colcon_distutils_commands:/home/jetson/f1tenth2_ws/src/f1tenth_workspace_airos/install/key_teleop/lib/python3.8/site-packages:${PYTHONPATH} /usr/bin/python3 -W ignore:setup.py install is deprecated -W ignore:easy_install command is deprecated setup.py egg_info --egg-base ../../../build/key_teleop build --build-base /home/jetson/f1tenth2_ws/src/f1tenth_workspace_airos/build/key_teleop/build install --record /home/jetson/f1tenth2_ws/src/f1tenth_workspace_airos/build/key_teleop/install.log --install-scripts $base/lib/key_teleop --single-version-externally-managed install_data
[4.268s] running egg_info
[4.271s] creating ../../../build/key_teleop/key_teleop.egg-info
[4.271s] writing ../../../build/key_teleop/key_teleop.egg-info/PKG-INFO
[4.272s] writing dependency_links to ../../../build/key_teleop/key_teleop.egg-info/dependency_links.txt
[4.273s] writing entry points to ../../../build/key_teleop/key_teleop.egg-info/entry_points.txt
[4.273s] writing requirements to ../../../build/key_teleop/key_teleop.egg-info/requires.txt
[4.274s] writing top-level names to ../../../build/key_teleop/key_teleop.egg-info/top_level.txt
[4.286s] writing manifest file '../../../build/key_teleop/key_teleop.egg-info/SOURCES.txt'
[4.437s] reading manifest file '../../../build/key_teleop/key_teleop.egg-info/SOURCES.txt'
[4.441s] writing manifest file '../../../build/key_teleop/key_teleop.egg-info/SOURCES.txt'
[4.442s] running build
[4.443s] running build_py
[4.443s] creating /home/jetson/f1tenth2_ws/src/f1tenth_workspace_airos/build/key_teleop/build
[4.444s] creating /home/jetson/f1tenth2_ws/src/f1tenth_workspace_airos/build/key_teleop/build/lib
[4.444s] creating /home/jetson/f1tenth2_ws/src/f1tenth_workspace_airos/build/key_teleop/build/lib/key_teleop
[4.445s] copying key_teleop/key_teleop.py -> /home/jetson/f1tenth2_ws/src/f1tenth_workspace_airos/build/key_teleop/build/lib/key_teleop
[4.446s] copying key_teleop/__init__.py -> /home/jetson/f1tenth2_ws/src/f1tenth_workspace_airos/build/key_teleop/build/lib/key_teleop
[4.446s] running install
[4.449s] running install_lib
[4.454s] creating /home/jetson/f1tenth2_ws/src/f1tenth_workspace_airos/install/key_teleop/lib/python3.8/site-packages/key_teleop
[4.454s] copying /home/jetson/f1tenth2_ws/src/f1tenth_workspace_airos/build/key_teleop/build/lib/key_teleop/key_teleop.py -> /home/jetson/f1tenth2_ws/src/f1tenth_workspace_airos/install/key_teleop/lib/python3.8/site-packages/key_teleop
[4.455s] copying /home/jetson/f1tenth2_ws/src/f1tenth_workspace_airos/build/key_teleop/build/lib/key_teleop/__init__.py -> /home/jetson/f1tenth2_ws/src/f1tenth_workspace_airos/install/key_teleop/lib/python3.8/site-packages/key_teleop
[4.457s] byte-compiling /home/jetson/f1tenth2_ws/src/f1tenth_workspace_airos/install/key_teleop/lib/python3.8/site-packages/key_teleop/key_teleop.py to key_teleop.cpython-38.pyc
[4.467s] byte-compiling /home/jetson/f1tenth2_ws/src/f1tenth_workspace_airos/install/key_teleop/lib/python3.8/site-packages/key_teleop/__init__.py to __init__.cpython-38.pyc
[4.468s] running install_data
[4.468s] copying package.xml -> /home/jetson/f1tenth2_ws/src/f1tenth_workspace_airos/install/key_teleop/share/key_teleop
[4.469s] creating /home/jetson/f1tenth2_ws/src/f1tenth_workspace_airos/install/key_teleop/share/key_teleop/config
[4.469s] copying config/key_teleop.yaml -> /home/jetson/f1tenth2_ws/src/f1tenth_workspace_airos/install/key_teleop/share/key_teleop/config
[4.470s] creating /home/jetson/f1tenth2_ws/src/f1tenth_workspace_airos/install/key_teleop/share/ament_index
[4.471s] creating /home/jetson/f1tenth2_ws/src/f1tenth_workspace_airos/install/key_teleop/share/ament_index/resource_index
[4.471s] creating /home/jetson/f1tenth2_ws/src/f1tenth_workspace_airos/install/key_teleop/share/ament_index/resource_index/packages
[4.472s] copying resource/key_teleop -> /home/jetson/f1tenth2_ws/src/f1tenth_workspace_airos/install/key_teleop/share/ament_index/resource_index/packages
[4.472s] running install_egg_info
[4.479s] Copying ../../../build/key_teleop/key_teleop.egg-info to /home/jetson/f1tenth2_ws/src/f1tenth_workspace_airos/install/key_teleop/lib/python3.8/site-packages/key_teleop-0.3.0-py3.8.egg-info
[4.484s] running install_scripts
[4.557s] Installing key_teleop script to /home/jetson/f1tenth2_ws/src/f1tenth_workspace_airos/install/key_teleop/lib/key_teleop
[4.559s] writing list of installed files to '/home/jetson/f1tenth2_ws/src/f1tenth_workspace_airos/build/key_teleop/install.log'
[4.663s] Invoked command in '/home/jetson/f1tenth2_ws/src/f1tenth_workspace_airos/f1tenth_system/teleop_tools/key_teleop' returned '0': PYTHONPATH=/home/jetson/f1tenth2_ws/src/f1tenth_workspace_airos/build/key_teleop/prefix_override:/usr/lib/python3/dist-packages/colcon_core/task/python/colcon_distutils_commands:/home/jetson/f1tenth2_ws/src/f1tenth_workspace_airos/install/key_teleop/lib/python3.8/site-packages:${PYTHONPATH} /usr/bin/python3 -W ignore:setup.py install is deprecated -W ignore:easy_install command is deprecated setup.py egg_info --egg-base ../../../build/key_teleop build --build-base /home/jetson/f1tenth2_ws/src/f1tenth_workspace_airos/build/key_teleop/build install --record /home/jetson/f1tenth2_ws/src/f1tenth_workspace_airos/build/key_teleop/install.log --install-scripts $base/lib/key_teleop --single-version-externally-managed install_data
