[0.153s] Invoking command in '/home/jetson/f1tenth2_ws/src/f1tenth_workspace_airos/build/vesc_msgs': CMAKE_PREFIX_PATH=/opt/ros/foxy /usr/bin/cmake /home/jetson/f1tenth2_ws/src/f1tenth_workspace_airos/f1tenth_system/vesc/vesc_msgs -DCMAKE_INSTALL_PREFIX=/home/jetson/f1tenth2_ws/src/f1tenth_workspace_airos/install/vesc_msgs
[1.347s] -- The C compiler identification is GNU 9.4.0
[1.348s] -- The CXX compiler identification is GNU 9.4.0
[1.349s] -- Check for working C compiler: /usr/bin/cc
[1.365s] -- Check for working C compiler: /usr/bin/cc -- works
[1.368s] -- Detecting C compiler ABI info
[1.738s] -- Detecting C compiler ABI info - done
[1.799s] -- Detecting C compile features
[1.803s] -- Detecting C compile features - done
[1.818s] -- Check for working CXX compiler: /usr/bin/c++
[2.225s] -- Check for working CXX compiler: /usr/bin/c++ -- works
[2.232s] -- Detecting CXX compiler ABI info
[2.656s] -- Detecting CXX compiler ABI info - done
[2.726s] -- Detecting CXX compile features
[2.731s] -- Detecting CXX compile features - done
[2.743s] -- Found ament_cmake_auto: 0.9.12 (/opt/ros/foxy/share/ament_cmake_auto/cmake)
[2.869s] -- Found PythonInterp: /usr/bin/python3 (found suitable version "3.8.10", minimum required is "3") 
[2.870s] -- Using PYTHON_EXECUTABLE: /usr/bin/python3
[4.139s] -- Using all available rosidl_typesupport_c: rosidl_typesupport_fastrtps_c;rosidl_typesupport_introspection_c
[4.171s] -- Found rosidl_adapter: 1.3.1 (/opt/ros/foxy/share/rosidl_adapter/cmake)
[4.701s] -- Found OpenSSL: /usr/lib/aarch64-linux-gnu/libcrypto.so (found version "1.1.1f")  
[4.841s] -- Found FastRTPS: /opt/ros/foxy/include  
[5.238s] -- Using all available rosidl_typesupport_cpp: rosidl_typesupport_fastrtps_cpp;rosidl_typesupport_introspection_cpp
[5.893s] -- Found PythonInterp: /usr/bin/python3 (found version "3.8.10") 
[6.715s] -- Found ament_cmake_ros: 0.9.2 (/opt/ros/foxy/share/ament_cmake_ros/cmake)
[8.130s] -- Using all available rosidl_typesupport_c: rosidl_typesupport_fastrtps_c;rosidl_typesupport_introspection_c
[8.858s] -- Using all available rosidl_typesupport_cpp: rosidl_typesupport_fastrtps_cpp;rosidl_typesupport_introspection_cpp
[8.995s] -- Found PythonInterp: /usr/bin/python3 (found suitable version "3.8.10", minimum required is "3.5") 
[8.998s] -- Found python_cmake_module: 0.8.1 (/opt/ros/foxy/share/python_cmake_module/cmake)
[9.191s] -- Found PythonLibs: /usr/lib/aarch64-linux-gnu/libpython3.8.so (found suitable version "3.8.10", minimum required is "3.5") 
[9.193s] -- Using PYTHON_EXECUTABLE: /usr/bin/python3
[9.193s] -- Using PYTHON_INCLUDE_DIRS: /usr/include/python3.8
[9.194s] -- Using PYTHON_LIBRARIES: /usr/lib/aarch64-linux-gnu/libpython3.8.so
[9.326s] -- Found PythonExtra: .so  
[9.859s] -- Found ament_lint_auto: 0.9.8 (/opt/ros/foxy/share/ament_lint_auto/cmake)
[9.954s] -- Added test 'copyright' to check source files copyright and LICENSE
[9.964s] -- Added test 'lint_cmake' to check CMake code style
[9.971s] -- Added test 'xmllint' to check XML markup files
[10.006s] -- Configuring done
[10.404s] -- Generating done
[10.518s] -- Build files have been written to: /home/jetson/f1tenth2_ws/src/f1tenth_workspace_airos/build/vesc_msgs
[10.587s] Invoked command in '/home/jetson/f1tenth2_ws/src/f1tenth_workspace_airos/build/vesc_msgs' returned '0': CMAKE_PREFIX_PATH=/opt/ros/foxy /usr/bin/cmake /home/jetson/f1tenth2_ws/src/f1tenth_workspace_airos/f1tenth_system/vesc/vesc_msgs -DCMAKE_INSTALL_PREFIX=/home/jetson/f1tenth2_ws/src/f1tenth_workspace_airos/install/vesc_msgs
[10.602s] Invoking command in '/home/jetson/f1tenth2_ws/src/f1tenth_workspace_airos/build/vesc_msgs': CMAKE_PREFIX_PATH=/opt/ros/foxy /usr/bin/cmake --build /home/jetson/f1tenth2_ws/src/f1tenth_workspace_airos/build/vesc_msgs -- -j4 -l4
[10.989s] [  1%] [34m[1mGenerating C code for ROS interfaces[0m
[11.002s] [35m[1mScanning dependencies of target vesc_msgs__cpp[0m
[11.128s] [  3%] [34m[1mGenerating C++ code for ROS interfaces[0m
[17.603s] [35m[1mScanning dependencies of target vesc_msgs__rosidl_generator_c[0m
[17.893s] [  5%] [32mBuilding C object CMakeFiles/vesc_msgs__rosidl_generator_c.dir/rosidl_generator_c/vesc_msgs/msg/detail/vesc_state__functions.c.o[0m
[18.125s] [  7%] [32mBuilding C object CMakeFiles/vesc_msgs__rosidl_generator_c.dir/rosidl_generator_c/vesc_msgs/msg/detail/vesc_state_stamped__functions.c.o[0m
[18.134s] [  9%] [32mBuilding C object CMakeFiles/vesc_msgs__rosidl_generator_c.dir/rosidl_generator_c/vesc_msgs/msg/detail/vesc_imu__functions.c.o[0m
[18.188s] [  9%] Built target vesc_msgs__cpp
[18.309s] [ 10%] [32mBuilding C object CMakeFiles/vesc_msgs__rosidl_generator_c.dir/rosidl_generator_c/vesc_msgs/msg/detail/vesc_imu_stamped__functions.c.o[0m
[18.705s] [ 12%] [34m[1mGenerating C++ type support dispatch for ROS interfaces[0m
[19.039s] [ 14%] [32m[1mLinking C shared library libvesc_msgs__rosidl_generator_c.so[0m
[19.063s] [ 16%] [34m[1mGenerating C++ introspection for ROS interfaces[0m
[19.076s] [ 18%] [34m[1mGenerating C++ type support for eProsima Fast-RTPS[0m
[19.736s] [ 18%] Built target vesc_msgs__rosidl_generator_c
[19.960s] [ 20%] [34m[1mGenerating C type support dispatch for ROS interfaces[0m
[23.621s] [35m[1mScanning dependencies of target vesc_msgs__rosidl_typesupport_cpp[0m
[23.725s] [ 21%] [32mBuilding CXX object CMakeFiles/vesc_msgs__rosidl_typesupport_cpp.dir/rosidl_typesupport_cpp/vesc_msgs/msg/vesc_state__type_support.cpp.o[0m
[24.559s] [35m[1mScanning dependencies of target vesc_msgs__rosidl_typesupport_introspection_cpp[0m
[24.631s] [35m[1mScanning dependencies of target vesc_msgs__rosidl_typesupport_c[0m
[24.738s] [ 23%] [32mBuilding CXX object CMakeFiles/vesc_msgs__rosidl_typesupport_introspection_cpp.dir/rosidl_typesupport_introspection_cpp/vesc_msgs/msg/detail/vesc_state__type_support.cpp.o[0m
[24.798s] [ 25%] [32mBuilding CXX object CMakeFiles/vesc_msgs__rosidl_typesupport_c.dir/rosidl_typesupport_c/vesc_msgs/msg/vesc_state__type_support.cpp.o[0m
[24.957s] [35m[1mScanning dependencies of target vesc_msgs__rosidl_typesupport_fastrtps_cpp[0m
[25.193s] [ 27%] [32mBuilding CXX object CMakeFiles/vesc_msgs__rosidl_typesupport_c.dir/rosidl_typesupport_c/vesc_msgs/msg/vesc_state_stamped__type_support.cpp.o[0m
[25.200s] [ 29%] [32mBuilding CXX object CMakeFiles/vesc_msgs__rosidl_typesupport_fastrtps_cpp.dir/rosidl_typesupport_fastrtps_cpp/vesc_msgs/msg/detail/dds_fastrtps/vesc_state__type_support.cpp.o[0m
[25.618s] [ 30%] [32mBuilding CXX object CMakeFiles/vesc_msgs__rosidl_typesupport_c.dir/rosidl_typesupport_c/vesc_msgs/msg/vesc_imu__type_support.cpp.o[0m
[26.031s] [ 32%] [32mBuilding CXX object CMakeFiles/vesc_msgs__rosidl_typesupport_c.dir/rosidl_typesupport_c/vesc_msgs/msg/vesc_imu_stamped__type_support.cpp.o[0m
[26.472s] [ 34%] [32m[1mLinking CXX shared library libvesc_msgs__rosidl_typesupport_c.so[0m
[26.741s] [ 36%] [32mBuilding CXX object CMakeFiles/vesc_msgs__rosidl_typesupport_cpp.dir/rosidl_typesupport_cpp/vesc_msgs/msg/vesc_state_stamped__type_support.cpp.o[0m
[27.070s] [ 36%] Built target vesc_msgs__rosidl_typesupport_c
[27.239s] [ 38%] [34m[1mGenerating C introspection for ROS interfaces[0m
[28.090s] [ 40%] [32mBuilding CXX object CMakeFiles/vesc_msgs__rosidl_typesupport_introspection_cpp.dir/rosidl_typesupport_introspection_cpp/vesc_msgs/msg/detail/vesc_state_stamped__type_support.cpp.o[0m
[30.063s] [ 41%] [32mBuilding CXX object CMakeFiles/vesc_msgs__rosidl_typesupport_cpp.dir/rosidl_typesupport_cpp/vesc_msgs/msg/vesc_imu__type_support.cpp.o[0m
[30.288s] [ 43%] [32mBuilding CXX object CMakeFiles/vesc_msgs__rosidl_typesupport_fastrtps_cpp.dir/rosidl_typesupport_fastrtps_cpp/vesc_msgs/msg/detail/dds_fastrtps/vesc_state_stamped__type_support.cpp.o[0m
[31.480s] [ 45%] [32mBuilding CXX object CMakeFiles/vesc_msgs__rosidl_typesupport_introspection_cpp.dir/rosidl_typesupport_introspection_cpp/vesc_msgs/msg/detail/vesc_imu__type_support.cpp.o[0m
[31.946s] [35m[1mScanning dependencies of target vesc_msgs__rosidl_typesupport_introspection_c[0m
[32.226s] [ 47%] [32mBuilding C object CMakeFiles/vesc_msgs__rosidl_typesupport_introspection_c.dir/rosidl_typesupport_introspection_c/vesc_msgs/msg/detail/vesc_state__type_support.c.o[0m
[32.753s] [ 49%] [32mBuilding C object CMakeFiles/vesc_msgs__rosidl_typesupport_introspection_c.dir/rosidl_typesupport_introspection_c/vesc_msgs/msg/detail/vesc_state_stamped__type_support.c.o[0m
[33.275s] [ 50%] [32mBuilding C object CMakeFiles/vesc_msgs__rosidl_typesupport_introspection_c.dir/rosidl_typesupport_introspection_c/vesc_msgs/msg/detail/vesc_imu__type_support.c.o[0m
[33.326s] [ 52%] [32mBuilding CXX object CMakeFiles/vesc_msgs__rosidl_typesupport_cpp.dir/rosidl_typesupport_cpp/vesc_msgs/msg/vesc_imu_stamped__type_support.cpp.o[0m
[33.784s] [ 54%] [32mBuilding C object CMakeFiles/vesc_msgs__rosidl_typesupport_introspection_c.dir/rosidl_typesupport_introspection_c/vesc_msgs/msg/detail/vesc_imu_stamped__type_support.c.o[0m
[34.266s] [ 56%] [32m[1mLinking C shared library libvesc_msgs__rosidl_typesupport_introspection_c.so[0m
[34.486s] [ 58%] [32mBuilding CXX object CMakeFiles/vesc_msgs__rosidl_typesupport_introspection_cpp.dir/rosidl_typesupport_introspection_cpp/vesc_msgs/msg/detail/vesc_imu_stamped__type_support.cpp.o[0m
[34.681s] [ 58%] Built target vesc_msgs__rosidl_typesupport_introspection_c
[34.763s] [ 60%] [32mBuilding CXX object CMakeFiles/vesc_msgs__rosidl_typesupport_fastrtps_cpp.dir/rosidl_typesupport_fastrtps_cpp/vesc_msgs/msg/detail/dds_fastrtps/vesc_imu__type_support.cpp.o[0m
[34.993s] [ 61%] [32mBuilding CXX object CMakeFiles/vesc_msgs__rosidl_typesupport_fastrtps_cpp.dir/rosidl_typesupport_fastrtps_cpp/vesc_msgs/msg/detail/dds_fastrtps/vesc_imu_stamped__type_support.cpp.o[0m
[36.273s] [ 63%] [32m[1mLinking CXX shared library libvesc_msgs__rosidl_typesupport_cpp.so[0m
[36.783s] [ 63%] Built target vesc_msgs__rosidl_typesupport_cpp
[37.363s] [ 65%] [32m[1mLinking CXX shared library libvesc_msgs__rosidl_typesupport_introspection_cpp.so[0m
[38.065s] [ 65%] Built target vesc_msgs__rosidl_typesupport_introspection_cpp
[38.649s] [ 67%] [32m[1mLinking CXX shared library libvesc_msgs__rosidl_typesupport_fastrtps_cpp.so[0m
[39.279s] [ 67%] Built target vesc_msgs__rosidl_typesupport_fastrtps_cpp
[39.364s] [ 69%] [34m[1mGenerating C type support for eProsima Fast-RTPS[0m
[41.826s] [35m[1mScanning dependencies of target vesc_msgs__rosidl_typesupport_fastrtps_c[0m
[42.015s] [ 70%] [32mBuilding CXX object CMakeFiles/vesc_msgs__rosidl_typesupport_fastrtps_c.dir/rosidl_typesupport_fastrtps_c/vesc_msgs/msg/detail/vesc_state__type_support_c.cpp.o[0m
[42.031s] [ 72%] [32mBuilding CXX object CMakeFiles/vesc_msgs__rosidl_typesupport_fastrtps_c.dir/rosidl_typesupport_fastrtps_c/vesc_msgs/msg/detail/vesc_state_stamped__type_support_c.cpp.o[0m
[44.225s] [ 74%] [32mBuilding CXX object CMakeFiles/vesc_msgs__rosidl_typesupport_fastrtps_c.dir/rosidl_typesupport_fastrtps_c/vesc_msgs/msg/detail/vesc_imu_stamped__type_support_c.cpp.o[0m
[44.227s] [ 76%] [32mBuilding CXX object CMakeFiles/vesc_msgs__rosidl_typesupport_fastrtps_c.dir/rosidl_typesupport_fastrtps_c/vesc_msgs/msg/detail/vesc_imu__type_support_c.cpp.o[0m
[46.369s] [ 78%] [32m[1mLinking CXX shared library libvesc_msgs__rosidl_typesupport_fastrtps_c.so[0m
[46.809s] [ 78%] Built target vesc_msgs__rosidl_typesupport_fastrtps_c
[46.860s] [35m[1mScanning dependencies of target vesc_msgs[0m
[46.910s] [ 78%] Built target vesc_msgs
[46.961s] [35m[1mScanning dependencies of target vesc_msgs__py[0m
[47.015s] [ 80%] [34m[1mGenerating Python code for ROS interfaces[0m
[51.470s] [ 80%] Built target vesc_msgs__py
[51.517s] [35m[1mScanning dependencies of target vesc_msgs__python[0m
[51.672s] [ 81%] [32mBuilding C object CMakeFiles/vesc_msgs__python.dir/rosidl_generator_py/vesc_msgs/msg/_vesc_state_s.c.o[0m
[52.276s] [ 83%] [32mBuilding C object CMakeFiles/vesc_msgs__python.dir/rosidl_generator_py/vesc_msgs/msg/_vesc_imu_stamped_s.c.o[0m
[52.779s] [ 85%] [32mBuilding C object CMakeFiles/vesc_msgs__python.dir/rosidl_generator_py/vesc_msgs/msg/_vesc_imu_s.c.o[0m
[53.282s] [ 87%] [32mBuilding C object CMakeFiles/vesc_msgs__python.dir/rosidl_generator_py/vesc_msgs/msg/_vesc_state_stamped_s.c.o[0m
[53.767s] [ 89%] [32m[1mLinking C shared library rosidl_generator_py/vesc_msgs/libvesc_msgs__python.so[0m
[53.991s] [ 89%] Built target vesc_msgs__python
[54.038s] [35m[1mScanning dependencies of target vesc_msgs__rosidl_typesupport_c__pyext[0m
[54.143s] [ 90%] [32mBuilding C object CMakeFiles/vesc_msgs__rosidl_typesupport_c__pyext.dir/rosidl_generator_py/vesc_msgs/_vesc_msgs_s.ep.rosidl_typesupport_c.c.o[0m
[54.625s] [ 92%] [32m[1mLinking C shared library rosidl_generator_py/vesc_msgs/vesc_msgs_s__rosidl_typesupport_c.cpython-38-aarch64-linux-gnu.so[0m
[54.815s] [ 92%] Built target vesc_msgs__rosidl_typesupport_c__pyext
[54.862s] [35m[1mScanning dependencies of target vesc_msgs__rosidl_typesupport_fastrtps_c__pyext[0m
[54.982s] [ 94%] [32mBuilding C object CMakeFiles/vesc_msgs__rosidl_typesupport_fastrtps_c__pyext.dir/rosidl_generator_py/vesc_msgs/_vesc_msgs_s.ep.rosidl_typesupport_fastrtps_c.c.o[0m
[55.466s] [ 96%] [32m[1mLinking CXX shared library rosidl_generator_py/vesc_msgs/vesc_msgs_s__rosidl_typesupport_fastrtps_c.cpython-38-aarch64-linux-gnu.so[0m
[55.792s] [ 96%] Built target vesc_msgs__rosidl_typesupport_fastrtps_c__pyext
[55.837s] [35m[1mScanning dependencies of target vesc_msgs__rosidl_typesupport_introspection_c__pyext[0m
[55.942s] [ 98%] [32mBuilding C object CMakeFiles/vesc_msgs__rosidl_typesupport_introspection_c__pyext.dir/rosidl_generator_py/vesc_msgs/_vesc_msgs_s.ep.rosidl_typesupport_introspection_c.c.o[0m
[56.391s] [100%] [32m[1mLinking C shared library rosidl_generator_py/vesc_msgs/vesc_msgs_s__rosidl_typesupport_introspection_c.cpython-38-aarch64-linux-gnu.so[0m
[56.575s] [100%] Built target vesc_msgs__rosidl_typesupport_introspection_c__pyext
[56.630s] Invoked command in '/home/jetson/f1tenth2_ws/src/f1tenth_workspace_airos/build/vesc_msgs' returned '0': CMAKE_PREFIX_PATH=/opt/ros/foxy /usr/bin/cmake --build /home/jetson/f1tenth2_ws/src/f1tenth_workspace_airos/build/vesc_msgs -- -j4 -l4
[56.643s] Invoking command in '/home/jetson/f1tenth2_ws/src/f1tenth_workspace_airos/build/vesc_msgs': CMAKE_PREFIX_PATH=/opt/ros/foxy /usr/bin/cmake --install /home/jetson/f1tenth2_ws/src/f1tenth_workspace_airos/build/vesc_msgs
[56.680s] -- Install configuration: ""
[56.681s] -- Installing: /home/jetson/f1tenth2_ws/src/f1tenth_workspace_airos/install/vesc_msgs/share/ament_index/resource_index/rosidl_interfaces/vesc_msgs
[56.681s] -- Installing: /home/jetson/f1tenth2_ws/src/f1tenth_workspace_airos/install/vesc_msgs/include/vesc_msgs
[56.683s] -- Installing: /home/jetson/f1tenth2_ws/src/f1tenth_workspace_airos/install/vesc_msgs/include/vesc_msgs/msg
[56.683s] -- Installing: /home/jetson/f1tenth2_ws/src/f1tenth_workspace_airos/install/vesc_msgs/include/vesc_msgs/msg/vesc_state.h
[56.684s] -- Installing: /home/jetson/f1tenth2_ws/src/f1tenth_workspace_airos/install/vesc_msgs/include/vesc_msgs/msg/vesc_imu.h
[56.685s] -- Installing: /home/jetson/f1tenth2_ws/src/f1tenth_workspace_airos/install/vesc_msgs/include/vesc_msgs/msg/rosidl_generator_c__visibility_control.h
[56.686s] -- Installing: /home/jetson/f1tenth2_ws/src/f1tenth_workspace_airos/install/vesc_msgs/include/vesc_msgs/msg/vesc_imu_stamped.h
[56.686s] -- Installing: /home/jetson/f1tenth2_ws/src/f1tenth_workspace_airos/install/vesc_msgs/include/vesc_msgs/msg/vesc_state_stamped.h
[56.687s] -- Installing: /home/jetson/f1tenth2_ws/src/f1tenth_workspace_airos/install/vesc_msgs/include/vesc_msgs/msg/detail
[56.688s] -- Installing: /home/jetson/f1tenth2_ws/src/f1tenth_workspace_airos/install/vesc_msgs/include/vesc_msgs/msg/detail/vesc_imu_stamped__functions.h
[56.689s] -- Installing: /home/jetson/f1tenth2_ws/src/f1tenth_workspace_airos/install/vesc_msgs/include/vesc_msgs/msg/detail/vesc_imu__functions.h
[56.689s] -- Installing: /home/jetson/f1tenth2_ws/src/f1tenth_workspace_airos/install/vesc_msgs/include/vesc_msgs/msg/detail/vesc_state__functions.h
[56.690s] -- Installing: /home/jetson/f1tenth2_ws/src/f1tenth_workspace_airos/install/vesc_msgs/include/vesc_msgs/msg/detail/vesc_imu__type_support.h
[56.691s] -- Installing: /home/jetson/f1tenth2_ws/src/f1tenth_workspace_airos/install/vesc_msgs/include/vesc_msgs/msg/detail/vesc_imu__functions.c
[56.691s] -- Installing: /home/jetson/f1tenth2_ws/src/f1tenth_workspace_airos/install/vesc_msgs/include/vesc_msgs/msg/detail/vesc_state_stamped__functions.h
[56.692s] -- Installing: /home/jetson/f1tenth2_ws/src/f1tenth_workspace_airos/install/vesc_msgs/include/vesc_msgs/msg/detail/vesc_state_stamped__functions.c
[56.693s] -- Installing: /home/jetson/f1tenth2_ws/src/f1tenth_workspace_airos/install/vesc_msgs/include/vesc_msgs/msg/detail/vesc_state__struct.h
[56.693s] -- Installing: /home/jetson/f1tenth2_ws/src/f1tenth_workspace_airos/install/vesc_msgs/include/vesc_msgs/msg/detail/vesc_imu_stamped__struct.h
[56.694s] -- Installing: /home/jetson/f1tenth2_ws/src/f1tenth_workspace_airos/install/vesc_msgs/include/vesc_msgs/msg/detail/vesc_state__type_support.h
[56.695s] -- Installing: /home/jetson/f1tenth2_ws/src/f1tenth_workspace_airos/install/vesc_msgs/include/vesc_msgs/msg/detail/vesc_imu_stamped__functions.c
[56.695s] -- Installing: /home/jetson/f1tenth2_ws/src/f1tenth_workspace_airos/install/vesc_msgs/include/vesc_msgs/msg/detail/vesc_state_stamped__type_support.h
[56.696s] -- Installing: /home/jetson/f1tenth2_ws/src/f1tenth_workspace_airos/install/vesc_msgs/include/vesc_msgs/msg/detail/vesc_state__functions.c
[56.697s] -- Installing: /home/jetson/f1tenth2_ws/src/f1tenth_workspace_airos/install/vesc_msgs/include/vesc_msgs/msg/detail/vesc_imu__struct.h
[56.698s] -- Installing: /home/jetson/f1tenth2_ws/src/f1tenth_workspace_airos/install/vesc_msgs/include/vesc_msgs/msg/detail/vesc_imu_stamped__type_support.h
[56.698s] -- Installing: /home/jetson/f1tenth2_ws/src/f1tenth_workspace_airos/install/vesc_msgs/include/vesc_msgs/msg/detail/vesc_state_stamped__struct.h
[56.700s] -- Installing: /home/jetson/f1tenth2_ws/src/f1tenth_workspace_airos/install/vesc_msgs/share/vesc_msgs/environment/library_path.sh
[56.701s] -- Installing: /home/jetson/f1tenth2_ws/src/f1tenth_workspace_airos/install/vesc_msgs/share/vesc_msgs/environment/library_path.dsv
[56.702s] -- Installing: /home/jetson/f1tenth2_ws/src/f1tenth_workspace_airos/install/vesc_msgs/lib/libvesc_msgs__rosidl_generator_c.so
[56.706s] -- Set runtime path of "/home/jetson/f1tenth2_ws/src/f1tenth_workspace_airos/install/vesc_msgs/lib/libvesc_msgs__rosidl_generator_c.so" to ""
[56.707s] -- Up-to-date: /home/jetson/f1tenth2_ws/src/f1tenth_workspace_airos/install/vesc_msgs/include/vesc_msgs
[56.707s] -- Up-to-date: /home/jetson/f1tenth2_ws/src/f1tenth_workspace_airos/install/vesc_msgs/include/vesc_msgs/msg
[56.708s] -- Installing: /home/jetson/f1tenth2_ws/src/f1tenth_workspace_airos/install/vesc_msgs/include/vesc_msgs/msg/rosidl_typesupport_fastrtps_c__visibility_control.h
[56.708s] -- Up-to-date: /home/jetson/f1tenth2_ws/src/f1tenth_workspace_airos/install/vesc_msgs/include/vesc_msgs/msg/detail
[56.709s] -- Installing: /home/jetson/f1tenth2_ws/src/f1tenth_workspace_airos/install/vesc_msgs/include/vesc_msgs/msg/detail/vesc_state__rosidl_typesupport_fastrtps_c.h
[56.709s] -- Installing: /home/jetson/f1tenth2_ws/src/f1tenth_workspace_airos/install/vesc_msgs/include/vesc_msgs/msg/detail/vesc_imu_stamped__rosidl_typesupport_fastrtps_c.h
[56.710s] -- Installing: /home/jetson/f1tenth2_ws/src/f1tenth_workspace_airos/install/vesc_msgs/include/vesc_msgs/msg/detail/vesc_state_stamped__rosidl_typesupport_fastrtps_c.h
[56.710s] -- Installing: /home/jetson/f1tenth2_ws/src/f1tenth_workspace_airos/install/vesc_msgs/include/vesc_msgs/msg/detail/vesc_imu__rosidl_typesupport_fastrtps_c.h
[56.711s] -- Installing: /home/jetson/f1tenth2_ws/src/f1tenth_workspace_airos/install/vesc_msgs/lib/libvesc_msgs__rosidl_typesupport_fastrtps_c.so
[56.714s] -- Set runtime path of "/home/jetson/f1tenth2_ws/src/f1tenth_workspace_airos/install/vesc_msgs/lib/libvesc_msgs__rosidl_typesupport_fastrtps_c.so" to ""
[56.715s] -- Up-to-date: /home/jetson/f1tenth2_ws/src/f1tenth_workspace_airos/install/vesc_msgs/include/vesc_msgs
[56.715s] -- Up-to-date: /home/jetson/f1tenth2_ws/src/f1tenth_workspace_airos/install/vesc_msgs/include/vesc_msgs/msg
[56.716s] -- Installing: /home/jetson/f1tenth2_ws/src/f1tenth_workspace_airos/install/vesc_msgs/include/vesc_msgs/msg/rosidl_typesupport_fastrtps_cpp__visibility_control.h
[56.717s] -- Up-to-date: /home/jetson/f1tenth2_ws/src/f1tenth_workspace_airos/install/vesc_msgs/include/vesc_msgs/msg/detail
[56.717s] -- Installing: /home/jetson/f1tenth2_ws/src/f1tenth_workspace_airos/install/vesc_msgs/include/vesc_msgs/msg/detail/vesc_state__rosidl_typesupport_fastrtps_cpp.hpp
[56.717s] -- Installing: /home/jetson/f1tenth2_ws/src/f1tenth_workspace_airos/install/vesc_msgs/include/vesc_msgs/msg/detail/vesc_state_stamped__rosidl_typesupport_fastrtps_cpp.hpp
[56.718s] -- Installing: /home/jetson/f1tenth2_ws/src/f1tenth_workspace_airos/install/vesc_msgs/include/vesc_msgs/msg/detail/dds_fastrtps
[56.718s] -- Installing: /home/jetson/f1tenth2_ws/src/f1tenth_workspace_airos/install/vesc_msgs/include/vesc_msgs/msg/detail/vesc_imu_stamped__rosidl_typesupport_fastrtps_cpp.hpp
[56.719s] -- Installing: /home/jetson/f1tenth2_ws/src/f1tenth_workspace_airos/install/vesc_msgs/include/vesc_msgs/msg/detail/vesc_imu__rosidl_typesupport_fastrtps_cpp.hpp
[56.719s] -- Installing: /home/jetson/f1tenth2_ws/src/f1tenth_workspace_airos/install/vesc_msgs/lib/libvesc_msgs__rosidl_typesupport_fastrtps_cpp.so
[56.723s] -- Set runtime path of "/home/jetson/f1tenth2_ws/src/f1tenth_workspace_airos/install/vesc_msgs/lib/libvesc_msgs__rosidl_typesupport_fastrtps_cpp.so" to ""
[56.724s] -- Up-to-date: /home/jetson/f1tenth2_ws/src/f1tenth_workspace_airos/install/vesc_msgs/include/vesc_msgs
[56.724s] -- Up-to-date: /home/jetson/f1tenth2_ws/src/f1tenth_workspace_airos/install/vesc_msgs/include/vesc_msgs/msg
[56.725s] -- Installing: /home/jetson/f1tenth2_ws/src/f1tenth_workspace_airos/install/vesc_msgs/include/vesc_msgs/msg/rosidl_typesupport_introspection_c__visibility_control.h
[56.725s] -- Up-to-date: /home/jetson/f1tenth2_ws/src/f1tenth_workspace_airos/install/vesc_msgs/include/vesc_msgs/msg/detail
[56.726s] -- Installing: /home/jetson/f1tenth2_ws/src/f1tenth_workspace_airos/install/vesc_msgs/include/vesc_msgs/msg/detail/vesc_imu_stamped__type_support.c
[56.726s] -- Installing: /home/jetson/f1tenth2_ws/src/f1tenth_workspace_airos/install/vesc_msgs/include/vesc_msgs/msg/detail/vesc_state_stamped__type_support.c
[56.727s] -- Installing: /home/jetson/f1tenth2_ws/src/f1tenth_workspace_airos/install/vesc_msgs/include/vesc_msgs/msg/detail/vesc_state__rosidl_typesupport_introspection_c.h
[56.727s] -- Installing: /home/jetson/f1tenth2_ws/src/f1tenth_workspace_airos/install/vesc_msgs/include/vesc_msgs/msg/detail/vesc_state_stamped__rosidl_typesupport_introspection_c.h
[56.728s] -- Installing: /home/jetson/f1tenth2_ws/src/f1tenth_workspace_airos/install/vesc_msgs/include/vesc_msgs/msg/detail/vesc_state__type_support.c
[56.728s] -- Installing: /home/jetson/f1tenth2_ws/src/f1tenth_workspace_airos/install/vesc_msgs/include/vesc_msgs/msg/detail/vesc_imu__rosidl_typesupport_introspection_c.h
[56.729s] -- Installing: /home/jetson/f1tenth2_ws/src/f1tenth_workspace_airos/install/vesc_msgs/include/vesc_msgs/msg/detail/vesc_imu_stamped__rosidl_typesupport_introspection_c.h
[56.729s] -- Installing: /home/jetson/f1tenth2_ws/src/f1tenth_workspace_airos/install/vesc_msgs/include/vesc_msgs/msg/detail/vesc_imu__type_support.c
[56.730s] -- Installing: /home/jetson/f1tenth2_ws/src/f1tenth_workspace_airos/install/vesc_msgs/lib/libvesc_msgs__rosidl_typesupport_introspection_c.so
[56.733s] -- Set runtime path of "/home/jetson/f1tenth2_ws/src/f1tenth_workspace_airos/install/vesc_msgs/lib/libvesc_msgs__rosidl_typesupport_introspection_c.so" to ""
[56.734s] -- Installing: /home/jetson/f1tenth2_ws/src/f1tenth_workspace_airos/install/vesc_msgs/lib/libvesc_msgs__rosidl_typesupport_c.so
[56.737s] -- Set runtime path of "/home/jetson/f1tenth2_ws/src/f1tenth_workspace_airos/install/vesc_msgs/lib/libvesc_msgs__rosidl_typesupport_c.so" to ""
[56.737s] -- Up-to-date: /home/jetson/f1tenth2_ws/src/f1tenth_workspace_airos/install/vesc_msgs/include/vesc_msgs
[56.738s] -- Up-to-date: /home/jetson/f1tenth2_ws/src/f1tenth_workspace_airos/install/vesc_msgs/include/vesc_msgs/msg
[56.739s] -- Installing: /home/jetson/f1tenth2_ws/src/f1tenth_workspace_airos/install/vesc_msgs/include/vesc_msgs/msg/vesc_imu.hpp
[56.739s] -- Installing: /home/jetson/f1tenth2_ws/src/f1tenth_workspace_airos/install/vesc_msgs/include/vesc_msgs/msg/vesc_state_stamped.hpp
[56.739s] -- Installing: /home/jetson/f1tenth2_ws/src/f1tenth_workspace_airos/install/vesc_msgs/include/vesc_msgs/msg/vesc_imu_stamped.hpp
[56.740s] -- Installing: /home/jetson/f1tenth2_ws/src/f1tenth_workspace_airos/install/vesc_msgs/include/vesc_msgs/msg/rosidl_generator_cpp__visibility_control.hpp
[56.740s] -- Up-to-date: /home/jetson/f1tenth2_ws/src/f1tenth_workspace_airos/install/vesc_msgs/include/vesc_msgs/msg/detail
[56.741s] -- Installing: /home/jetson/f1tenth2_ws/src/f1tenth_workspace_airos/install/vesc_msgs/include/vesc_msgs/msg/detail/vesc_imu_stamped__builder.hpp
[56.741s] -- Installing: /home/jetson/f1tenth2_ws/src/f1tenth_workspace_airos/install/vesc_msgs/include/vesc_msgs/msg/detail/vesc_imu__struct.hpp
[56.742s] -- Installing: /home/jetson/f1tenth2_ws/src/f1tenth_workspace_airos/install/vesc_msgs/include/vesc_msgs/msg/detail/vesc_state_stamped__struct.hpp
[56.742s] -- Installing: /home/jetson/f1tenth2_ws/src/f1tenth_workspace_airos/install/vesc_msgs/include/vesc_msgs/msg/detail/vesc_state__traits.hpp
[56.743s] -- Installing: /home/jetson/f1tenth2_ws/src/f1tenth_workspace_airos/install/vesc_msgs/include/vesc_msgs/msg/detail/vesc_state__type_support.hpp
[56.744s] -- Installing: /home/jetson/f1tenth2_ws/src/f1tenth_workspace_airos/install/vesc_msgs/include/vesc_msgs/msg/detail/vesc_state__struct.hpp
[56.745s] -- Installing: /home/jetson/f1tenth2_ws/src/f1tenth_workspace_airos/install/vesc_msgs/include/vesc_msgs/msg/detail/vesc_imu_stamped__type_support.hpp
[56.745s] -- Installing: /home/jetson/f1tenth2_ws/src/f1tenth_workspace_airos/install/vesc_msgs/include/vesc_msgs/msg/detail/vesc_state_stamped__builder.hpp
[56.746s] -- Installing: /home/jetson/f1tenth2_ws/src/f1tenth_workspace_airos/install/vesc_msgs/include/vesc_msgs/msg/detail/vesc_imu_stamped__traits.hpp
[56.747s] -- Installing: /home/jetson/f1tenth2_ws/src/f1tenth_workspace_airos/install/vesc_msgs/include/vesc_msgs/msg/detail/vesc_imu__builder.hpp
[56.747s] -- Installing: /home/jetson/f1tenth2_ws/src/f1tenth_workspace_airos/install/vesc_msgs/include/vesc_msgs/msg/detail/vesc_imu__type_support.hpp
[56.748s] -- Installing: /home/jetson/f1tenth2_ws/src/f1tenth_workspace_airos/install/vesc_msgs/include/vesc_msgs/msg/detail/vesc_state__builder.hpp
[56.749s] -- Installing: /home/jetson/f1tenth2_ws/src/f1tenth_workspace_airos/install/vesc_msgs/include/vesc_msgs/msg/detail/vesc_state_stamped__traits.hpp
[56.749s] -- Installing: /home/jetson/f1tenth2_ws/src/f1tenth_workspace_airos/install/vesc_msgs/include/vesc_msgs/msg/detail/vesc_state_stamped__type_support.hpp
[56.750s] -- Installing: /home/jetson/f1tenth2_ws/src/f1tenth_workspace_airos/install/vesc_msgs/include/vesc_msgs/msg/detail/vesc_imu__traits.hpp
[56.751s] -- Installing: /home/jetson/f1tenth2_ws/src/f1tenth_workspace_airos/install/vesc_msgs/include/vesc_msgs/msg/detail/vesc_imu_stamped__struct.hpp
[56.752s] -- Installing: /home/jetson/f1tenth2_ws/src/f1tenth_workspace_airos/install/vesc_msgs/include/vesc_msgs/msg/vesc_state.hpp
[56.754s] -- Up-to-date: /home/jetson/f1tenth2_ws/src/f1tenth_workspace_airos/install/vesc_msgs/include/vesc_msgs
[56.754s] -- Up-to-date: /home/jetson/f1tenth2_ws/src/f1tenth_workspace_airos/install/vesc_msgs/include/vesc_msgs/msg
[56.755s] -- Up-to-date: /home/jetson/f1tenth2_ws/src/f1tenth_workspace_airos/install/vesc_msgs/include/vesc_msgs/msg/detail
[56.755s] -- Installing: /home/jetson/f1tenth2_ws/src/f1tenth_workspace_airos/install/vesc_msgs/include/vesc_msgs/msg/detail/vesc_state__type_support.cpp
[56.756s] -- Installing: /home/jetson/f1tenth2_ws/src/f1tenth_workspace_airos/install/vesc_msgs/include/vesc_msgs/msg/detail/vesc_imu_stamped__type_support.cpp
[56.756s] -- Installing: /home/jetson/f1tenth2_ws/src/f1tenth_workspace_airos/install/vesc_msgs/include/vesc_msgs/msg/detail/vesc_state_stamped__rosidl_typesupport_introspection_cpp.hpp
[56.757s] -- Installing: /home/jetson/f1tenth2_ws/src/f1tenth_workspace_airos/install/vesc_msgs/include/vesc_msgs/msg/detail/vesc_imu_stamped__rosidl_typesupport_introspection_cpp.hpp
[56.757s] -- Installing: /home/jetson/f1tenth2_ws/src/f1tenth_workspace_airos/install/vesc_msgs/include/vesc_msgs/msg/detail/vesc_state_stamped__type_support.cpp
[56.758s] -- Installing: /home/jetson/f1tenth2_ws/src/f1tenth_workspace_airos/install/vesc_msgs/include/vesc_msgs/msg/detail/vesc_state__rosidl_typesupport_introspection_cpp.hpp
[56.758s] -- Installing: /home/jetson/f1tenth2_ws/src/f1tenth_workspace_airos/install/vesc_msgs/include/vesc_msgs/msg/detail/vesc_imu__rosidl_typesupport_introspection_cpp.hpp
[56.759s] -- Installing: /home/jetson/f1tenth2_ws/src/f1tenth_workspace_airos/install/vesc_msgs/include/vesc_msgs/msg/detail/vesc_imu__type_support.cpp
[56.760s] -- Installing: /home/jetson/f1tenth2_ws/src/f1tenth_workspace_airos/install/vesc_msgs/lib/libvesc_msgs__rosidl_typesupport_introspection_cpp.so
[56.763s] -- Set runtime path of "/home/jetson/f1tenth2_ws/src/f1tenth_workspace_airos/install/vesc_msgs/lib/libvesc_msgs__rosidl_typesupport_introspection_cpp.so" to ""
[56.764s] -- Installing: /home/jetson/f1tenth2_ws/src/f1tenth_workspace_airos/install/vesc_msgs/lib/libvesc_msgs__rosidl_typesupport_cpp.so
[56.767s] -- Set runtime path of "/home/jetson/f1tenth2_ws/src/f1tenth_workspace_airos/install/vesc_msgs/lib/libvesc_msgs__rosidl_typesupport_cpp.so" to ""
[56.767s] -- Installing: /home/jetson/f1tenth2_ws/src/f1tenth_workspace_airos/install/vesc_msgs/share/vesc_msgs/environment/pythonpath.sh
[56.768s] -- Installing: /home/jetson/f1tenth2_ws/src/f1tenth_workspace_airos/install/vesc_msgs/share/vesc_msgs/environment/pythonpath.dsv
[56.769s] -- Installing: /home/jetson/f1tenth2_ws/src/f1tenth_workspace_airos/install/vesc_msgs/lib/python3.8/site-packages/vesc_msgs/__init__.py
[56.899s] Compiling '/home/jetson/f1tenth2_ws/src/f1tenth_workspace_airos/install/vesc_msgs/lib/python3.8/site-packages/vesc_msgs/__init__.py'...
[56.915s] -- Installing: /home/jetson/f1tenth2_ws/src/f1tenth_workspace_airos/install/vesc_msgs/lib/python3.8/site-packages/vesc_msgs/msg
[56.916s] -- Installing: /home/jetson/f1tenth2_ws/src/f1tenth_workspace_airos/install/vesc_msgs/lib/python3.8/site-packages/vesc_msgs/msg/_vesc_state_stamped_s.c
[56.916s] -- Installing: /home/jetson/f1tenth2_ws/src/f1tenth_workspace_airos/install/vesc_msgs/lib/python3.8/site-packages/vesc_msgs/msg/_vesc_state_stamped.py
[56.917s] -- Installing: /home/jetson/f1tenth2_ws/src/f1tenth_workspace_airos/install/vesc_msgs/lib/python3.8/site-packages/vesc_msgs/msg/_vesc_state.py
[56.917s] -- Installing: /home/jetson/f1tenth2_ws/src/f1tenth_workspace_airos/install/vesc_msgs/lib/python3.8/site-packages/vesc_msgs/msg/_vesc_imu.py
[56.918s] -- Installing: /home/jetson/f1tenth2_ws/src/f1tenth_workspace_airos/install/vesc_msgs/lib/python3.8/site-packages/vesc_msgs/msg/_vesc_state_s.c
[56.919s] -- Installing: /home/jetson/f1tenth2_ws/src/f1tenth_workspace_airos/install/vesc_msgs/lib/python3.8/site-packages/vesc_msgs/msg/_vesc_imu_stamped.py
[56.920s] -- Installing: /home/jetson/f1tenth2_ws/src/f1tenth_workspace_airos/install/vesc_msgs/lib/python3.8/site-packages/vesc_msgs/msg/__init__.py
[56.920s] -- Installing: /home/jetson/f1tenth2_ws/src/f1tenth_workspace_airos/install/vesc_msgs/lib/python3.8/site-packages/vesc_msgs/msg/_vesc_imu_stamped_s.c
[56.921s] -- Installing: /home/jetson/f1tenth2_ws/src/f1tenth_workspace_airos/install/vesc_msgs/lib/python3.8/site-packages/vesc_msgs/msg/_vesc_imu_s.c
[56.923s] -- Installing: /home/jetson/f1tenth2_ws/src/f1tenth_workspace_airos/install/vesc_msgs/lib/python3.8/site-packages/vesc_msgs/vesc_msgs_s__rosidl_typesupport_fastrtps_c.cpython-38-aarch64-linux-gnu.so
[56.926s] -- Set runtime path of "/home/jetson/f1tenth2_ws/src/f1tenth_workspace_airos/install/vesc_msgs/lib/python3.8/site-packages/vesc_msgs/vesc_msgs_s__rosidl_typesupport_fastrtps_c.cpython-38-aarch64-linux-gnu.so" to ""
[56.927s] -- Installing: /home/jetson/f1tenth2_ws/src/f1tenth_workspace_airos/install/vesc_msgs/lib/python3.8/site-packages/vesc_msgs/vesc_msgs_s__rosidl_typesupport_introspection_c.cpython-38-aarch64-linux-gnu.so
[56.930s] -- Set runtime path of "/home/jetson/f1tenth2_ws/src/f1tenth_workspace_airos/install/vesc_msgs/lib/python3.8/site-packages/vesc_msgs/vesc_msgs_s__rosidl_typesupport_introspection_c.cpython-38-aarch64-linux-gnu.so" to ""
[56.930s] -- Installing: /home/jetson/f1tenth2_ws/src/f1tenth_workspace_airos/install/vesc_msgs/lib/python3.8/site-packages/vesc_msgs/vesc_msgs_s__rosidl_typesupport_c.cpython-38-aarch64-linux-gnu.so
[56.934s] -- Set runtime path of "/home/jetson/f1tenth2_ws/src/f1tenth_workspace_airos/install/vesc_msgs/lib/python3.8/site-packages/vesc_msgs/vesc_msgs_s__rosidl_typesupport_c.cpython-38-aarch64-linux-gnu.so" to ""
[56.935s] -- Installing: /home/jetson/f1tenth2_ws/src/f1tenth_workspace_airos/install/vesc_msgs/lib/libvesc_msgs__python.so
[56.937s] -- Set runtime path of "/home/jetson/f1tenth2_ws/src/f1tenth_workspace_airos/install/vesc_msgs/lib/libvesc_msgs__python.so" to ""
[56.938s] -- Installing: /home/jetson/f1tenth2_ws/src/f1tenth_workspace_airos/install/vesc_msgs/share/vesc_msgs/msg/VescState.idl
[56.939s] -- Installing: /home/jetson/f1tenth2_ws/src/f1tenth_workspace_airos/install/vesc_msgs/share/vesc_msgs/msg/VescStateStamped.idl
[56.940s] -- Installing: /home/jetson/f1tenth2_ws/src/f1tenth_workspace_airos/install/vesc_msgs/share/vesc_msgs/msg/VescImu.idl
[56.941s] -- Installing: /home/jetson/f1tenth2_ws/src/f1tenth_workspace_airos/install/vesc_msgs/share/vesc_msgs/msg/VescImuStamped.idl
[56.942s] -- Installing: /home/jetson/f1tenth2_ws/src/f1tenth_workspace_airos/install/vesc_msgs/share/vesc_msgs/msg/VescState.msg
[56.943s] -- Installing: /home/jetson/f1tenth2_ws/src/f1tenth_workspace_airos/install/vesc_msgs/share/vesc_msgs/msg/VescStateStamped.msg
[56.944s] -- Installing: /home/jetson/f1tenth2_ws/src/f1tenth_workspace_airos/install/vesc_msgs/share/vesc_msgs/msg/VescImu.msg
[56.945s] -- Installing: /home/jetson/f1tenth2_ws/src/f1tenth_workspace_airos/install/vesc_msgs/share/vesc_msgs/msg/VescImuStamped.msg
[56.946s] -- Installing: /home/jetson/f1tenth2_ws/src/f1tenth_workspace_airos/install/vesc_msgs/share/ament_index/resource_index/package_run_dependencies/vesc_msgs
[56.948s] -- Installing: /home/jetson/f1tenth2_ws/src/f1tenth_workspace_airos/install/vesc_msgs/share/ament_index/resource_index/parent_prefix_path/vesc_msgs
[56.948s] -- Installing: /home/jetson/f1tenth2_ws/src/f1tenth_workspace_airos/install/vesc_msgs/share/vesc_msgs/environment/ament_prefix_path.sh
[56.949s] -- Installing: /home/jetson/f1tenth2_ws/src/f1tenth_workspace_airos/install/vesc_msgs/share/vesc_msgs/environment/ament_prefix_path.dsv
[56.950s] -- Installing: /home/jetson/f1tenth2_ws/src/f1tenth_workspace_airos/install/vesc_msgs/share/vesc_msgs/environment/path.sh
[56.951s] -- Installing: /home/jetson/f1tenth2_ws/src/f1tenth_workspace_airos/install/vesc_msgs/share/vesc_msgs/environment/path.dsv
[56.953s] -- Installing: /home/jetson/f1tenth2_ws/src/f1tenth_workspace_airos/install/vesc_msgs/share/vesc_msgs/local_setup.bash
[56.953s] -- Installing: /home/jetson/f1tenth2_ws/src/f1tenth_workspace_airos/install/vesc_msgs/share/vesc_msgs/local_setup.sh
[56.954s] -- Installing: /home/jetson/f1tenth2_ws/src/f1tenth_workspace_airos/install/vesc_msgs/share/vesc_msgs/local_setup.zsh
[56.955s] -- Installing: /home/jetson/f1tenth2_ws/src/f1tenth_workspace_airos/install/vesc_msgs/share/vesc_msgs/local_setup.dsv
[56.956s] -- Installing: /home/jetson/f1tenth2_ws/src/f1tenth_workspace_airos/install/vesc_msgs/share/vesc_msgs/package.dsv
[56.957s] -- Installing: /home/jetson/f1tenth2_ws/src/f1tenth_workspace_airos/install/vesc_msgs/share/ament_index/resource_index/packages/vesc_msgs
[56.959s] -- Installing: /home/jetson/f1tenth2_ws/src/f1tenth_workspace_airos/install/vesc_msgs/share/vesc_msgs/cmake/vesc_msgs__rosidl_generator_cExport.cmake
[56.960s] -- Installing: /home/jetson/f1tenth2_ws/src/f1tenth_workspace_airos/install/vesc_msgs/share/vesc_msgs/cmake/vesc_msgs__rosidl_generator_cExport-noconfig.cmake
[56.961s] -- Installing: /home/jetson/f1tenth2_ws/src/f1tenth_workspace_airos/install/vesc_msgs/share/vesc_msgs/cmake/vesc_msgs__rosidl_typesupport_introspection_cExport.cmake
[56.962s] -- Installing: /home/jetson/f1tenth2_ws/src/f1tenth_workspace_airos/install/vesc_msgs/share/vesc_msgs/cmake/vesc_msgs__rosidl_typesupport_introspection_cExport-noconfig.cmake
[56.963s] -- Installing: /home/jetson/f1tenth2_ws/src/f1tenth_workspace_airos/install/vesc_msgs/share/vesc_msgs/cmake/vesc_msgs__rosidl_typesupport_cExport.cmake
[56.964s] -- Installing: /home/jetson/f1tenth2_ws/src/f1tenth_workspace_airos/install/vesc_msgs/share/vesc_msgs/cmake/vesc_msgs__rosidl_typesupport_cExport-noconfig.cmake
[56.965s] -- Installing: /home/jetson/f1tenth2_ws/src/f1tenth_workspace_airos/install/vesc_msgs/share/vesc_msgs/cmake/vesc_msgs__rosidl_generator_cppExport.cmake
[56.966s] -- Installing: /home/jetson/f1tenth2_ws/src/f1tenth_workspace_airos/install/vesc_msgs/share/vesc_msgs/cmake/vesc_msgs__rosidl_typesupport_introspection_cppExport.cmake
[56.967s] -- Installing: /home/jetson/f1tenth2_ws/src/f1tenth_workspace_airos/install/vesc_msgs/share/vesc_msgs/cmake/vesc_msgs__rosidl_typesupport_introspection_cppExport-noconfig.cmake
[56.968s] -- Installing: /home/jetson/f1tenth2_ws/src/f1tenth_workspace_airos/install/vesc_msgs/share/vesc_msgs/cmake/vesc_msgs__rosidl_typesupport_cppExport.cmake
[56.969s] -- Installing: /home/jetson/f1tenth2_ws/src/f1tenth_workspace_airos/install/vesc_msgs/share/vesc_msgs/cmake/vesc_msgs__rosidl_typesupport_cppExport-noconfig.cmake
[56.970s] -- Installing: /home/jetson/f1tenth2_ws/src/f1tenth_workspace_airos/install/vesc_msgs/share/vesc_msgs/cmake/rosidl_cmake-extras.cmake
[56.971s] -- Installing: /home/jetson/f1tenth2_ws/src/f1tenth_workspace_airos/install/vesc_msgs/share/vesc_msgs/cmake/ament_cmake_export_dependencies-extras.cmake
[56.972s] -- Installing: /home/jetson/f1tenth2_ws/src/f1tenth_workspace_airos/install/vesc_msgs/share/vesc_msgs/cmake/ament_cmake_export_libraries-extras.cmake
[56.973s] -- Installing: /home/jetson/f1tenth2_ws/src/f1tenth_workspace_airos/install/vesc_msgs/share/vesc_msgs/cmake/ament_cmake_export_targets-extras.cmake
[56.974s] -- Installing: /home/jetson/f1tenth2_ws/src/f1tenth_workspace_airos/install/vesc_msgs/share/vesc_msgs/cmake/ament_cmake_export_include_directories-extras.cmake
[56.975s] -- Installing: /home/jetson/f1tenth2_ws/src/f1tenth_workspace_airos/install/vesc_msgs/share/vesc_msgs/cmake/rosidl_cmake_export_typesupport_libraries-extras.cmake
[56.976s] -- Installing: /home/jetson/f1tenth2_ws/src/f1tenth_workspace_airos/install/vesc_msgs/share/vesc_msgs/cmake/rosidl_cmake_export_typesupport_targets-extras.cmake
[56.977s] -- Installing: /home/jetson/f1tenth2_ws/src/f1tenth_workspace_airos/install/vesc_msgs/share/vesc_msgs/cmake/vesc_msgsConfig.cmake
[56.977s] -- Installing: /home/jetson/f1tenth2_ws/src/f1tenth_workspace_airos/install/vesc_msgs/share/vesc_msgs/cmake/vesc_msgsConfig-version.cmake
[56.978s] -- Installing: /home/jetson/f1tenth2_ws/src/f1tenth_workspace_airos/install/vesc_msgs/share/vesc_msgs/package.xml
[56.993s] Invoked command in '/home/jetson/f1tenth2_ws/src/f1tenth_workspace_airos/build/vesc_msgs' returned '0': CMAKE_PREFIX_PATH=/opt/ros/foxy /usr/bin/cmake --install /home/jetson/f1tenth2_ws/src/f1tenth_workspace_airos/build/vesc_msgs
