[0.125s] Invoking command in '/home/jetson/f1tenth2_ws/src/f1tenth_workspace_airos/build/ackermann_mux': CMAKE_PREFIX_PATH=/opt/ros/foxy /usr/bin/cmake /home/jetson/f1tenth2_ws/src/f1tenth_workspace_airos/f1tenth_system/ackermann_mux -DCMAKE_INSTALL_PREFIX=/home/jetson/f1tenth2_ws/src/f1tenth_workspace_airos/install/ackermann_mux
[1.286s] -- The C compiler identification is GNU 9.4.0
[1.287s] -- The CXX compiler identification is GNU 9.4.0
[1.287s] -- Check for working C compiler: /usr/bin/cc
[1.287s] -- Check for working C compiler: /usr/bin/cc -- works
[1.289s] -- Detecting C compiler ABI info
[1.678s] -- Detecting C compiler ABI info - done
[1.738s] -- Detecting C compile features
[1.740s] -- Detecting C compile features - done
[1.752s] -- Check for working CXX compiler: /usr/bin/c++
[2.170s] -- Check for working CXX compiler: /usr/bin/c++ -- works
[2.178s] -- Detecting CXX compiler ABI info
[2.600s] -- Detecting CXX compiler ABI info - done
[2.662s] -- Detecting CXX compile features
[2.664s] -- Detecting CXX compile features - done
[2.681s] -- Found ament_cmake: 0.9.12 (/opt/ros/foxy/share/ament_cmake/cmake)
[2.796s] -- Found PythonInterp: /usr/bin/python3 (found suitable version "3.8.10", minimum required is "3") 
[2.799s] -- Using PYTHON_EXECUTABLE: /usr/bin/python3
[3.794s] -- Found rclcpp: 2.4.3 (/opt/ros/foxy/share/rclcpp/cmake)
[4.037s] -- Using all available rosidl_typesupport_c: rosidl_typesupport_fastrtps_c;rosidl_typesupport_introspection_c
[4.073s] -- Found rosidl_adapter: 1.3.1 (/opt/ros/foxy/share/rosidl_adapter/cmake)
[4.523s] -- Found OpenSSL: /usr/lib/aarch64-linux-gnu/libcrypto.so (found version "1.1.1f")  
[4.678s] -- Found FastRTPS: /opt/ros/foxy/include  
[5.090s] -- Using all available rosidl_typesupport_cpp: rosidl_typesupport_fastrtps_cpp;rosidl_typesupport_introspection_cpp
[5.425s] -- Found rmw_implementation_cmake: 1.0.4 (/opt/ros/foxy/share/rmw_implementation_cmake/cmake)
[5.434s] -- Using RMW implementation 'rmw_fastrtps_cpp' as default
[5.440s] -- Looking for pthread.h
[5.858s] -- Looking for pthread.h - found
[5.861s] -- Performing Test CMAKE_HAVE_LIBC_PTHREAD
[6.296s] -- Performing Test CMAKE_HAVE_LIBC_PTHREAD - Failed
[6.298s] -- Looking for pthread_create in pthreads
[6.603s] -- Looking for pthread_create in pthreads - not found
[6.604s] -- Looking for pthread_create in pthread
[6.962s] -- Looking for pthread_create in pthread - found
[6.970s] -- Found Threads: TRUE  
[7.891s] -- Found ackermann_msgs: 2.0.2 (/opt/ros/foxy/share/ackermann_msgs/cmake)
[8.092s] -- Found diagnostic_updater: 3.1.2 (/opt/ros/foxy/share/diagnostic_updater/cmake)
[8.457s] -- Found ament_lint_auto: 0.9.8 (/opt/ros/foxy/share/ament_lint_auto/cmake)
[8.894s] -- Found python_cmake_module: 0.8.1 (/opt/ros/foxy/share/python_cmake_module/cmake)
[9.006s] -- Found PythonInterp: /usr/bin/python3 (found suitable version "3.8.10", minimum required is "3.5") 
[9.039s] -- Found PythonLibs: /usr/lib/aarch64-linux-gnu/libpython3.8.so (found suitable version "3.8.10", minimum required is "3.5") 
[9.041s] -- Using PYTHON_EXECUTABLE: /usr/bin/python3
[9.042s] -- Using PYTHON_INCLUDE_DIRS: /usr/include/python3.8
[9.043s] -- Using PYTHON_LIBRARIES: /usr/lib/aarch64-linux-gnu/libpython3.8.so
[9.161s] -- Found PythonExtra: .so  
[9.262s] -- Added test 'xmllint' to check XML markup files
[9.264s] -- Added test 'copyright' to check source files copyright and LICENSE
[9.277s] -- Added test 'cppcheck' to perform static code analysis on C / C++ code
[9.278s] -- Configured cppcheck include dirs: /home/jetson/f1tenth2_ws/src/f1tenth_workspace_airos/f1tenth_system/ackermann_mux/include
[9.278s] -- Configured cppcheck exclude dirs and/or files: 
[9.295s] -- Added test 'cpplint' to check C / C++ code against the Google style
[9.296s] -- Configured cpplint exclude dirs and/or files: 
[9.297s] -- Added test 'flake8' to check Python code syntax and style conventions
[9.302s] -- Added test 'lint_cmake' to check CMake code style
[9.305s] -- Added test 'pep257' to check Python code against some of the style conventions in PEP 257
[9.317s] -- Added test 'uncrustify' to check C / C++ code style
[9.318s] -- Configured uncrustify additional arguments: 
[9.347s] -- Configuring done
[9.395s] -- Generating done
[9.418s] -- Build files have been written to: /home/jetson/f1tenth2_ws/src/f1tenth_workspace_airos/build/ackermann_mux
[10.407s] Invoked command in '/home/jetson/f1tenth2_ws/src/f1tenth_workspace_airos/build/ackermann_mux' returned '0': CMAKE_PREFIX_PATH=/opt/ros/foxy /usr/bin/cmake /home/jetson/f1tenth2_ws/src/f1tenth_workspace_airos/f1tenth_system/ackermann_mux -DCMAKE_INSTALL_PREFIX=/home/jetson/f1tenth2_ws/src/f1tenth_workspace_airos/install/ackermann_mux
[10.415s] Invoking command in '/home/jetson/f1tenth2_ws/src/f1tenth_workspace_airos/build/ackermann_mux': CMAKE_PREFIX_PATH=/opt/ros/foxy /usr/bin/cmake --build /home/jetson/f1tenth2_ws/src/f1tenth_workspace_airos/build/ackermann_mux -- -j4 -l4
[10.721s] [35m[1mScanning dependencies of target ackermann_mux[0m
[11.570s] [ 25%] [32mBuilding CXX object CMakeFiles/ackermann_mux.dir/src/ackermann_mux.cpp.o[0m
[11.576s] [ 50%] [32mBuilding CXX object CMakeFiles/ackermann_mux.dir/src/ackermann_mux_node.cpp.o[0m
[11.593s] [ 75%] [32mBuilding CXX object CMakeFiles/ackermann_mux.dir/src/ackermann_mux_diagnostics.cpp.o[0m
[59.625s] [100%] [32m[1mLinking CXX executable ackermann_mux[0m
[61.446s] [100%] Built target ackermann_mux
[61.501s] Invoked command in '/home/jetson/f1tenth2_ws/src/f1tenth_workspace_airos/build/ackermann_mux' returned '0': CMAKE_PREFIX_PATH=/opt/ros/foxy /usr/bin/cmake --build /home/jetson/f1tenth2_ws/src/f1tenth_workspace_airos/build/ackermann_mux -- -j4 -l4
[61.508s] Invoking command in '/home/jetson/f1tenth2_ws/src/f1tenth_workspace_airos/build/ackermann_mux': CMAKE_PREFIX_PATH=/opt/ros/foxy /usr/bin/cmake --install /home/jetson/f1tenth2_ws/src/f1tenth_workspace_airos/build/ackermann_mux
[61.554s] -- Install configuration: ""
[61.556s] -- Installing: /home/jetson/f1tenth2_ws/src/f1tenth_workspace_airos/install/ackermann_mux/lib/ackermann_mux/ackermann_mux
[61.587s] -- Set runtime path of "/home/jetson/f1tenth2_ws/src/f1tenth_workspace_airos/install/ackermann_mux/lib/ackermann_mux/ackermann_mux" to ""
[61.588s] -- Installing: /home/jetson/f1tenth2_ws/src/f1tenth_workspace_airos/install/ackermann_mux/share/ackermann_mux/launch
[61.589s] -- Installing: /home/jetson/f1tenth2_ws/src/f1tenth_workspace_airos/install/ackermann_mux/share/ackermann_mux/launch/ackermann_mux_launch.py
[61.593s] -- Installing: /home/jetson/f1tenth2_ws/src/f1tenth_workspace_airos/install/ackermann_mux/share/ackermann_mux/config
[61.594s] -- Installing: /home/jetson/f1tenth2_ws/src/f1tenth_workspace_airos/install/ackermann_mux/share/ackermann_mux/config/ackermann_mux_topics.yaml
[61.595s] -- Installing: /home/jetson/f1tenth2_ws/src/f1tenth_workspace_airos/install/ackermann_mux/share/ackermann_mux/config/joystick.yaml
[61.596s] -- Installing: /home/jetson/f1tenth2_ws/src/f1tenth_workspace_airos/install/ackermann_mux/share/ackermann_mux/config/ackermann_mux_locks.yaml
[61.598s] -- Installing: /home/jetson/f1tenth2_ws/src/f1tenth_workspace_airos/install/ackermann_mux/include
[61.598s] -- Installing: /home/jetson/f1tenth2_ws/src/f1tenth_workspace_airos/install/ackermann_mux/include/ackermann_mux
[61.599s] -- Installing: /home/jetson/f1tenth2_ws/src/f1tenth_workspace_airos/install/ackermann_mux/include/ackermann_mux/topic_handle.hpp
[61.600s] -- Installing: /home/jetson/f1tenth2_ws/src/f1tenth_workspace_airos/install/ackermann_mux/include/ackermann_mux/ackermann_mux_diagnostics.hpp
[61.601s] -- Installing: /home/jetson/f1tenth2_ws/src/f1tenth_workspace_airos/install/ackermann_mux/include/ackermann_mux/utils.hpp
[61.602s] -- Installing: /home/jetson/f1tenth2_ws/src/f1tenth_workspace_airos/install/ackermann_mux/include/ackermann_mux/ackermann_mux_diagnostics_status.hpp
[61.602s] -- Installing: /home/jetson/f1tenth2_ws/src/f1tenth_workspace_airos/install/ackermann_mux/include/ackermann_mux/ackermann_mux.hpp
[61.603s] -- Installing: /home/jetson/f1tenth2_ws/src/f1tenth_workspace_airos/install/ackermann_mux/include/ackermann_mux/params_helpers.hpp
[61.605s] -- Installing: /home/jetson/f1tenth2_ws/src/f1tenth_workspace_airos/install/ackermann_mux/share/ament_index/resource_index/package_run_dependencies/ackermann_mux
[61.606s] -- Installing: /home/jetson/f1tenth2_ws/src/f1tenth_workspace_airos/install/ackermann_mux/share/ament_index/resource_index/parent_prefix_path/ackermann_mux
[61.607s] -- Installing: /home/jetson/f1tenth2_ws/src/f1tenth_workspace_airos/install/ackermann_mux/share/ackermann_mux/environment/ament_prefix_path.sh
[61.609s] -- Installing: /home/jetson/f1tenth2_ws/src/f1tenth_workspace_airos/install/ackermann_mux/share/ackermann_mux/environment/ament_prefix_path.dsv
[61.609s] -- Installing: /home/jetson/f1tenth2_ws/src/f1tenth_workspace_airos/install/ackermann_mux/share/ackermann_mux/environment/path.sh
[61.610s] -- Installing: /home/jetson/f1tenth2_ws/src/f1tenth_workspace_airos/install/ackermann_mux/share/ackermann_mux/environment/path.dsv
[61.611s] -- Installing: /home/jetson/f1tenth2_ws/src/f1tenth_workspace_airos/install/ackermann_mux/share/ackermann_mux/local_setup.bash
[61.612s] -- Installing: /home/jetson/f1tenth2_ws/src/f1tenth_workspace_airos/install/ackermann_mux/share/ackermann_mux/local_setup.sh
[61.613s] -- Installing: /home/jetson/f1tenth2_ws/src/f1tenth_workspace_airos/install/ackermann_mux/share/ackermann_mux/local_setup.zsh
[61.614s] -- Installing: /home/jetson/f1tenth2_ws/src/f1tenth_workspace_airos/install/ackermann_mux/share/ackermann_mux/local_setup.dsv
[61.615s] -- Installing: /home/jetson/f1tenth2_ws/src/f1tenth_workspace_airos/install/ackermann_mux/share/ackermann_mux/package.dsv
[61.616s] -- Installing: /home/jetson/f1tenth2_ws/src/f1tenth_workspace_airos/install/ackermann_mux/share/ament_index/resource_index/packages/ackermann_mux
[61.617s] -- Installing: /home/jetson/f1tenth2_ws/src/f1tenth_workspace_airos/install/ackermann_mux/share/ackermann_mux/cmake/ament_cmake_export_include_directories-extras.cmake
[61.618s] -- Installing: /home/jetson/f1tenth2_ws/src/f1tenth_workspace_airos/install/ackermann_mux/share/ackermann_mux/cmake/ament_cmake_export_dependencies-extras.cmake
[61.619s] -- Installing: /home/jetson/f1tenth2_ws/src/f1tenth_workspace_airos/install/ackermann_mux/share/ackermann_mux/cmake/ackermann_muxConfig.cmake
[61.620s] -- Installing: /home/jetson/f1tenth2_ws/src/f1tenth_workspace_airos/install/ackermann_mux/share/ackermann_mux/cmake/ackermann_muxConfig-version.cmake
[61.621s] -- Installing: /home/jetson/f1tenth2_ws/src/f1tenth_workspace_airos/install/ackermann_mux/share/ackermann_mux/package.xml
[61.633s] Invoked command in '/home/jetson/f1tenth2_ws/src/f1tenth_workspace_airos/build/ackermann_mux' returned '0': CMAKE_PREFIX_PATH=/opt/ros/foxy /usr/bin/cmake --install /home/jetson/f1tenth2_ws/src/f1tenth_workspace_airos/build/ackermann_mux
