[0.166s] Invoking command in '/home/jetson/f1tenth2_ws/src/f1tenth_workspace_airos/build/ackermann_mux': CMAKE_PREFIX_PATH=${CMAKE_PREFIX_PATH}:/home/jetson/f1tenth2_ws/src/f1tenth_workspace_airos/install/f1tenth_stack:/home/jetson/f1tenth2_ws/src/f1tenth_workspace_airos/install/joy_teleop:/home/jetson/f1tenth2_ws/src/f1tenth_workspace_airos/install/mouse_teleop:/home/jetson/f1tenth2_ws/src/f1tenth_workspace_airos/install/key_teleop:/home/jetson/f1tenth2_ws/src/f1tenth_workspace_airos/install/autonomy_manager:/home/jetson/f1tenth2_ws/src/f1tenth_workspace_airos/install/RPP_node:/home/jetson/f1tenth2_ws/src/f1tenth_workspace_airos/install/FTG_node:/home/jetson/f1tenth2_ws/install/f1tenth_stack:/home/jetson/f1tenth2_ws/install/joy_teleop:/home/jetson/f1tenth2_ws/install/mouse_teleop:/home/jetson/f1tenth2_ws/install/key_teleop:/home/jetson/f1tenth2_ws/install/autonomy_manager:/home/jetson/f1tenth2_ws/install/RPP_node:/home/jetson/f1tenth2_ws/install/FTG_node:/opt/ros/foxy /usr/bin/cmake --build /home/jetson/f1tenth2_ws/src/f1tenth_workspace_airos/build/ackermann_mux -- -j4 -l4
[0.629s] [100%] Built target ackermann_mux
[1.655s] Invoked command in '/home/jetson/f1tenth2_ws/src/f1tenth_workspace_airos/build/ackermann_mux' returned '0': CMAKE_PREFIX_PATH=${CMAKE_PREFIX_PATH}:/home/jetson/f1tenth2_ws/src/f1tenth_workspace_airos/install/f1tenth_stack:/home/jetson/f1tenth2_ws/src/f1tenth_workspace_airos/install/joy_teleop:/home/jetson/f1tenth2_ws/src/f1tenth_workspace_airos/install/mouse_teleop:/home/jetson/f1tenth2_ws/src/f1tenth_workspace_airos/install/key_teleop:/home/jetson/f1tenth2_ws/src/f1tenth_workspace_airos/install/autonomy_manager:/home/jetson/f1tenth2_ws/src/f1tenth_workspace_airos/install/RPP_node:/home/jetson/f1tenth2_ws/src/f1tenth_workspace_airos/install/FTG_node:/home/jetson/f1tenth2_ws/install/f1tenth_stack:/home/jetson/f1tenth2_ws/install/joy_teleop:/home/jetson/f1tenth2_ws/install/mouse_teleop:/home/jetson/f1tenth2_ws/install/key_teleop:/home/jetson/f1tenth2_ws/install/autonomy_manager:/home/jetson/f1tenth2_ws/install/RPP_node:/home/jetson/f1tenth2_ws/install/FTG_node:/opt/ros/foxy /usr/bin/cmake --build /home/jetson/f1tenth2_ws/src/f1tenth_workspace_airos/build/ackermann_mux -- -j4 -l4
[1.752s] Invoking command in '/home/jetson/f1tenth2_ws/src/f1tenth_workspace_airos/build/ackermann_mux': CMAKE_PREFIX_PATH=${CMAKE_PREFIX_PATH}:/home/jetson/f1tenth2_ws/src/f1tenth_workspace_airos/install/f1tenth_stack:/home/jetson/f1tenth2_ws/src/f1tenth_workspace_airos/install/joy_teleop:/home/jetson/f1tenth2_ws/src/f1tenth_workspace_airos/install/mouse_teleop:/home/jetson/f1tenth2_ws/src/f1tenth_workspace_airos/install/key_teleop:/home/jetson/f1tenth2_ws/src/f1tenth_workspace_airos/install/autonomy_manager:/home/jetson/f1tenth2_ws/src/f1tenth_workspace_airos/install/RPP_node:/home/jetson/f1tenth2_ws/src/f1tenth_workspace_airos/install/FTG_node:/home/jetson/f1tenth2_ws/install/f1tenth_stack:/home/jetson/f1tenth2_ws/install/joy_teleop:/home/jetson/f1tenth2_ws/install/mouse_teleop:/home/jetson/f1tenth2_ws/install/key_teleop:/home/jetson/f1tenth2_ws/install/autonomy_manager:/home/jetson/f1tenth2_ws/install/RPP_node:/home/jetson/f1tenth2_ws/install/FTG_node:/opt/ros/foxy /usr/bin/cmake --install /home/jetson/f1tenth2_ws/src/f1tenth_workspace_airos/build/ackermann_mux
[1.833s] -- Install configuration: ""
[1.834s] -- Up-to-date: /home/jetson/f1tenth2_ws/src/f1tenth_workspace_airos/install/ackermann_mux/lib/ackermann_mux/ackermann_mux
[1.836s] -- Up-to-date: /home/jetson/f1tenth2_ws/src/f1tenth_workspace_airos/install/ackermann_mux/share/ackermann_mux/launch
[1.837s] -- Up-to-date: /home/jetson/f1tenth2_ws/src/f1tenth_workspace_airos/install/ackermann_mux/share/ackermann_mux/launch/ackermann_mux_launch.py
[1.838s] -- Up-to-date: /home/jetson/f1tenth2_ws/src/f1tenth_workspace_airos/install/ackermann_mux/share/ackermann_mux/config
[1.838s] -- Up-to-date: /home/jetson/f1tenth2_ws/src/f1tenth_workspace_airos/install/ackermann_mux/share/ackermann_mux/config/ackermann_mux_topics.yaml
[1.839s] -- Up-to-date: /home/jetson/f1tenth2_ws/src/f1tenth_workspace_airos/install/ackermann_mux/share/ackermann_mux/config/joystick.yaml
[1.840s] -- Up-to-date: /home/jetson/f1tenth2_ws/src/f1tenth_workspace_airos/install/ackermann_mux/share/ackermann_mux/config/ackermann_mux_locks.yaml
[1.840s] -- Up-to-date: /home/jetson/f1tenth2_ws/src/f1tenth_workspace_airos/install/ackermann_mux/include
[1.841s] -- Up-to-date: /home/jetson/f1tenth2_ws/src/f1tenth_workspace_airos/install/ackermann_mux/include/ackermann_mux
[1.841s] -- Up-to-date: /home/jetson/f1tenth2_ws/src/f1tenth_workspace_airos/install/ackermann_mux/include/ackermann_mux/topic_handle.hpp
[1.842s] -- Up-to-date: /home/jetson/f1tenth2_ws/src/f1tenth_workspace_airos/install/ackermann_mux/include/ackermann_mux/ackermann_mux_diagnostics.hpp
[1.842s] -- Up-to-date: /home/jetson/f1tenth2_ws/src/f1tenth_workspace_airos/install/ackermann_mux/include/ackermann_mux/utils.hpp
[1.843s] -- Up-to-date: /home/jetson/f1tenth2_ws/src/f1tenth_workspace_airos/install/ackermann_mux/include/ackermann_mux/ackermann_mux_diagnostics_status.hpp
[1.843s] -- Up-to-date: /home/jetson/f1tenth2_ws/src/f1tenth_workspace_airos/install/ackermann_mux/include/ackermann_mux/ackermann_mux.hpp
[1.844s] -- Up-to-date: /home/jetson/f1tenth2_ws/src/f1tenth_workspace_airos/install/ackermann_mux/include/ackermann_mux/params_helpers.hpp
[1.844s] -- Up-to-date: /home/jetson/f1tenth2_ws/src/f1tenth_workspace_airos/install/ackermann_mux/share/ament_index/resource_index/package_run_dependencies/ackermann_mux
[1.845s] -- Up-to-date: /home/jetson/f1tenth2_ws/src/f1tenth_workspace_airos/install/ackermann_mux/share/ament_index/resource_index/parent_prefix_path/ackermann_mux
[1.845s] -- Up-to-date: /home/jetson/f1tenth2_ws/src/f1tenth_workspace_airos/install/ackermann_mux/share/ackermann_mux/environment/ament_prefix_path.sh
[1.845s] -- Up-to-date: /home/jetson/f1tenth2_ws/src/f1tenth_workspace_airos/install/ackermann_mux/share/ackermann_mux/environment/ament_prefix_path.dsv
[1.846s] -- Up-to-date: /home/jetson/f1tenth2_ws/src/f1tenth_workspace_airos/install/ackermann_mux/share/ackermann_mux/environment/path.sh
[1.846s] -- Up-to-date: /home/jetson/f1tenth2_ws/src/f1tenth_workspace_airos/install/ackermann_mux/share/ackermann_mux/environment/path.dsv
[1.846s] -- Up-to-date: /home/jetson/f1tenth2_ws/src/f1tenth_workspace_airos/install/ackermann_mux/share/ackermann_mux/local_setup.bash
[1.846s] -- Up-to-date: /home/jetson/f1tenth2_ws/src/f1tenth_workspace_airos/install/ackermann_mux/share/ackermann_mux/local_setup.sh
[1.847s] -- Up-to-date: /home/jetson/f1tenth2_ws/src/f1tenth_workspace_airos/install/ackermann_mux/share/ackermann_mux/local_setup.zsh
[1.848s] -- Up-to-date: /home/jetson/f1tenth2_ws/src/f1tenth_workspace_airos/install/ackermann_mux/share/ackermann_mux/local_setup.dsv
[1.848s] -- Installing: /home/jetson/f1tenth2_ws/src/f1tenth_workspace_airos/install/ackermann_mux/share/ackermann_mux/package.dsv
[1.848s] -- Up-to-date: /home/jetson/f1tenth2_ws/src/f1tenth_workspace_airos/install/ackermann_mux/share/ament_index/resource_index/packages/ackermann_mux
[1.849s] -- Up-to-date: /home/jetson/f1tenth2_ws/src/f1tenth_workspace_airos/install/ackermann_mux/share/ackermann_mux/cmake/ament_cmake_export_include_directories-extras.cmake
[1.849s] -- Up-to-date: /home/jetson/f1tenth2_ws/src/f1tenth_workspace_airos/install/ackermann_mux/share/ackermann_mux/cmake/ament_cmake_export_dependencies-extras.cmake
[1.849s] -- Up-to-date: /home/jetson/f1tenth2_ws/src/f1tenth_workspace_airos/install/ackermann_mux/share/ackermann_mux/cmake/ackermann_muxConfig.cmake
[1.850s] -- Up-to-date: /home/jetson/f1tenth2_ws/src/f1tenth_workspace_airos/install/ackermann_mux/share/ackermann_mux/cmake/ackermann_muxConfig-version.cmake
[1.850s] -- Up-to-date: /home/jetson/f1tenth2_ws/src/f1tenth_workspace_airos/install/ackermann_mux/share/ackermann_mux/package.xml
[1.897s] Invoked command in '/home/jetson/f1tenth2_ws/src/f1tenth_workspace_airos/build/ackermann_mux' returned '0': CMAKE_PREFIX_PATH=${CMAKE_PREFIX_PATH}:/home/jetson/f1tenth2_ws/src/f1tenth_workspace_airos/install/f1tenth_stack:/home/jetson/f1tenth2_ws/src/f1tenth_workspace_airos/install/joy_teleop:/home/jetson/f1tenth2_ws/src/f1tenth_workspace_airos/install/mouse_teleop:/home/jetson/f1tenth2_ws/src/f1tenth_workspace_airos/install/key_teleop:/home/jetson/f1tenth2_ws/src/f1tenth_workspace_airos/install/autonomy_manager:/home/jetson/f1tenth2_ws/src/f1tenth_workspace_airos/install/RPP_node:/home/jetson/f1tenth2_ws/src/f1tenth_workspace_airos/install/FTG_node:/home/jetson/f1tenth2_ws/install/f1tenth_stack:/home/jetson/f1tenth2_ws/install/joy_teleop:/home/jetson/f1tenth2_ws/install/mouse_teleop:/home/jetson/f1tenth2_ws/install/key_teleop:/home/jetson/f1tenth2_ws/install/autonomy_manager:/home/jetson/f1tenth2_ws/install/RPP_node:/home/jetson/f1tenth2_ws/install/FTG_node:/opt/ros/foxy /usr/bin/cmake --install /home/jetson/f1tenth2_ws/src/f1tenth_workspace_airos/build/ackermann_mux
