[0.078s] Invoking command in '/home/jetson/f1tenth2_ws/src/f1tenth_workspace_airos/build/vesc': AMENT_PREFIX_PATH=/home/jetson/f1tenth2_ws/src/f1tenth_workspace_airos/install/vesc_driver:/home/jetson/f1tenth2_ws/src/f1tenth_workspace_airos/install/vesc_ackermann:/home/jetson/f1tenth2_ws/src/f1tenth_workspace_airos/install/vesc_msgs:${AMENT_PREFIX_PATH} CMAKE_PREFIX_PATH=/home/jetson/f1tenth2_ws/src/f1tenth_workspace_airos/install/vesc_driver:/home/jetson/f1tenth2_ws/src/f1tenth_workspace_airos/install/vesc_ackermann:/home/jetson/f1tenth2_ws/src/f1tenth_workspace_airos/install/vesc_msgs:/opt/ros/foxy LD_LIBRARY_PATH=/home/jetson/f1tenth2_ws/src/f1tenth_workspace_airos/install/vesc_driver/lib:/home/jetson/f1tenth2_ws/src/f1tenth_workspace_airos/install/vesc_ackermann/lib:/home/jetson/f1tenth2_ws/src/f1tenth_workspace_airos/install/vesc_msgs/lib:${LD_LIBRARY_PATH} PYTHONPATH=/home/jetson/f1tenth2_ws/src/f1tenth_workspace_airos/install/vesc_msgs/lib/python3.8/site-packages:${PYTHONPATH} /usr/bin/cmake /home/jetson/f1tenth2_ws/src/f1tenth_workspace_airos/f1tenth_system/vesc/vesc -DCMAKE_INSTALL_PREFIX=/home/jetson/f1tenth2_ws/src/f1tenth_workspace_airos/install/vesc
[0.351s] -- The C compiler identification is GNU 9.4.0
[0.618s] -- The CXX compiler identification is GNU 9.4.0
[0.637s] -- Check for working C compiler: /usr/bin/cc
[0.981s] -- Check for working C compiler: /usr/bin/cc -- works
[0.985s] -- Detecting C compiler ABI info
[1.318s] -- Detecting C compiler ABI info - done
[1.371s] -- Detecting C compile features
[1.371s] -- Detecting C compile features - done
[1.381s] -- Check for working CXX compiler: /usr/bin/c++
[1.753s] -- Check for working CXX compiler: /usr/bin/c++ -- works
[1.757s] -- Detecting CXX compiler ABI info
[2.137s] -- Detecting CXX compiler ABI info - done
[2.189s] -- Detecting CXX compile features
[2.191s] -- Detecting CXX compile features - done
[2.200s] -- Found ament_cmake_auto: 0.9.12 (/opt/ros/foxy/share/ament_cmake_auto/cmake)
[2.308s] -- Found PythonInterp: /usr/bin/python3 (found suitable version "3.8.10", minimum required is "3") 
[2.310s] -- Using PYTHON_EXECUTABLE: /usr/bin/python3
[3.373s] -- Configuring done
[3.383s] -- Generating done
[3.391s] -- Build files have been written to: /home/jetson/f1tenth2_ws/src/f1tenth_workspace_airos/build/vesc
[3.406s] Invoked command in '/home/jetson/f1tenth2_ws/src/f1tenth_workspace_airos/build/vesc' returned '0': AMENT_PREFIX_PATH=/home/jetson/f1tenth2_ws/src/f1tenth_workspace_airos/install/vesc_driver:/home/jetson/f1tenth2_ws/src/f1tenth_workspace_airos/install/vesc_ackermann:/home/jetson/f1tenth2_ws/src/f1tenth_workspace_airos/install/vesc_msgs:${AMENT_PREFIX_PATH} CMAKE_PREFIX_PATH=/home/jetson/f1tenth2_ws/src/f1tenth_workspace_airos/install/vesc_driver:/home/jetson/f1tenth2_ws/src/f1tenth_workspace_airos/install/vesc_ackermann:/home/jetson/f1tenth2_ws/src/f1tenth_workspace_airos/install/vesc_msgs:/opt/ros/foxy LD_LIBRARY_PATH=/home/jetson/f1tenth2_ws/src/f1tenth_workspace_airos/install/vesc_driver/lib:/home/jetson/f1tenth2_ws/src/f1tenth_workspace_airos/install/vesc_ackermann/lib:/home/jetson/f1tenth2_ws/src/f1tenth_workspace_airos/install/vesc_msgs/lib:${LD_LIBRARY_PATH} PYTHONPATH=/home/jetson/f1tenth2_ws/src/f1tenth_workspace_airos/install/vesc_msgs/lib/python3.8/site-packages:${PYTHONPATH} /usr/bin/cmake /home/jetson/f1tenth2_ws/src/f1tenth_workspace_airos/f1tenth_system/vesc/vesc -DCMAKE_INSTALL_PREFIX=/home/jetson/f1tenth2_ws/src/f1tenth_workspace_airos/install/vesc
[3.420s] Invoking command in '/home/jetson/f1tenth2_ws/src/f1tenth_workspace_airos/build/vesc': AMENT_PREFIX_PATH=/home/jetson/f1tenth2_ws/src/f1tenth_workspace_airos/install/vesc_driver:/home/jetson/f1tenth2_ws/src/f1tenth_workspace_airos/install/vesc_ackermann:/home/jetson/f1tenth2_ws/src/f1tenth_workspace_airos/install/vesc_msgs:${AMENT_PREFIX_PATH} CMAKE_PREFIX_PATH=/home/jetson/f1tenth2_ws/src/f1tenth_workspace_airos/install/vesc_driver:/home/jetson/f1tenth2_ws/src/f1tenth_workspace_airos/install/vesc_ackermann:/home/jetson/f1tenth2_ws/src/f1tenth_workspace_airos/install/vesc_msgs:/opt/ros/foxy LD_LIBRARY_PATH=/home/jetson/f1tenth2_ws/src/f1tenth_workspace_airos/install/vesc_driver/lib:/home/jetson/f1tenth2_ws/src/f1tenth_workspace_airos/install/vesc_ackermann/lib:/home/jetson/f1tenth2_ws/src/f1tenth_workspace_airos/install/vesc_msgs/lib:${LD_LIBRARY_PATH} PYTHONPATH=/home/jetson/f1tenth2_ws/src/f1tenth_workspace_airos/install/vesc_msgs/lib/python3.8/site-packages:${PYTHONPATH} /usr/bin/cmake --build /home/jetson/f1tenth2_ws/src/f1tenth_workspace_airos/build/vesc -- -j4 -l4
[3.608s] Invoked command in '/home/jetson/f1tenth2_ws/src/f1tenth_workspace_airos/build/vesc' returned '0': AMENT_PREFIX_PATH=/home/jetson/f1tenth2_ws/src/f1tenth_workspace_airos/install/vesc_driver:/home/jetson/f1tenth2_ws/src/f1tenth_workspace_airos/install/vesc_ackermann:/home/jetson/f1tenth2_ws/src/f1tenth_workspace_airos/install/vesc_msgs:${AMENT_PREFIX_PATH} CMAKE_PREFIX_PATH=/home/jetson/f1tenth2_ws/src/f1tenth_workspace_airos/install/vesc_driver:/home/jetson/f1tenth2_ws/src/f1tenth_workspace_airos/install/vesc_ackermann:/home/jetson/f1tenth2_ws/src/f1tenth_workspace_airos/install/vesc_msgs:/opt/ros/foxy LD_LIBRARY_PATH=/home/jetson/f1tenth2_ws/src/f1tenth_workspace_airos/install/vesc_driver/lib:/home/jetson/f1tenth2_ws/src/f1tenth_workspace_airos/install/vesc_ackermann/lib:/home/jetson/f1tenth2_ws/src/f1tenth_workspace_airos/install/vesc_msgs/lib:${LD_LIBRARY_PATH} PYTHONPATH=/home/jetson/f1tenth2_ws/src/f1tenth_workspace_airos/install/vesc_msgs/lib/python3.8/site-packages:${PYTHONPATH} /usr/bin/cmake --build /home/jetson/f1tenth2_ws/src/f1tenth_workspace_airos/build/vesc -- -j4 -l4
[3.621s] Invoking command in '/home/jetson/f1tenth2_ws/src/f1tenth_workspace_airos/build/vesc': AMENT_PREFIX_PATH=/home/jetson/f1tenth2_ws/src/f1tenth_workspace_airos/install/vesc_driver:/home/jetson/f1tenth2_ws/src/f1tenth_workspace_airos/install/vesc_ackermann:/home/jetson/f1tenth2_ws/src/f1tenth_workspace_airos/install/vesc_msgs:${AMENT_PREFIX_PATH} CMAKE_PREFIX_PATH=/home/jetson/f1tenth2_ws/src/f1tenth_workspace_airos/install/vesc_driver:/home/jetson/f1tenth2_ws/src/f1tenth_workspace_airos/install/vesc_ackermann:/home/jetson/f1tenth2_ws/src/f1tenth_workspace_airos/install/vesc_msgs:/opt/ros/foxy LD_LIBRARY_PATH=/home/jetson/f1tenth2_ws/src/f1tenth_workspace_airos/install/vesc_driver/lib:/home/jetson/f1tenth2_ws/src/f1tenth_workspace_airos/install/vesc_ackermann/lib:/home/jetson/f1tenth2_ws/src/f1tenth_workspace_airos/install/vesc_msgs/lib:${LD_LIBRARY_PATH} PYTHONPATH=/home/jetson/f1tenth2_ws/src/f1tenth_workspace_airos/install/vesc_msgs/lib/python3.8/site-packages:${PYTHONPATH} /usr/bin/cmake --install /home/jetson/f1tenth2_ws/src/f1tenth_workspace_airos/build/vesc
[3.660s] -- Install configuration: ""
[3.661s] -- Installing: /home/jetson/f1tenth2_ws/src/f1tenth_workspace_airos/install/vesc/share/ament_index/resource_index/package_run_dependencies/vesc
[3.662s] -- Installing: /home/jetson/f1tenth2_ws/src/f1tenth_workspace_airos/install/vesc/share/ament_index/resource_index/parent_prefix_path/vesc
[3.664s] -- Installing: /home/jetson/f1tenth2_ws/src/f1tenth_workspace_airos/install/vesc/share/vesc/environment/ament_prefix_path.sh
[3.664s] -- Installing: /home/jetson/f1tenth2_ws/src/f1tenth_workspace_airos/install/vesc/share/vesc/environment/ament_prefix_path.dsv
[3.665s] -- Installing: /home/jetson/f1tenth2_ws/src/f1tenth_workspace_airos/install/vesc/share/vesc/environment/path.sh
[3.666s] -- Installing: /home/jetson/f1tenth2_ws/src/f1tenth_workspace_airos/install/vesc/share/vesc/environment/path.dsv
[3.667s] -- Installing: /home/jetson/f1tenth2_ws/src/f1tenth_workspace_airos/install/vesc/share/vesc/local_setup.bash
[3.667s] -- Installing: /home/jetson/f1tenth2_ws/src/f1tenth_workspace_airos/install/vesc/share/vesc/local_setup.sh
[3.668s] -- Installing: /home/jetson/f1tenth2_ws/src/f1tenth_workspace_airos/install/vesc/share/vesc/local_setup.zsh
[3.669s] -- Installing: /home/jetson/f1tenth2_ws/src/f1tenth_workspace_airos/install/vesc/share/vesc/local_setup.dsv
[3.670s] -- Installing: /home/jetson/f1tenth2_ws/src/f1tenth_workspace_airos/install/vesc/share/vesc/package.dsv
[3.671s] -- Installing: /home/jetson/f1tenth2_ws/src/f1tenth_workspace_airos/install/vesc/share/ament_index/resource_index/packages/vesc
[3.672s] -- Installing: /home/jetson/f1tenth2_ws/src/f1tenth_workspace_airos/install/vesc/share/vesc/cmake/vescConfig.cmake
[3.673s] -- Installing: /home/jetson/f1tenth2_ws/src/f1tenth_workspace_airos/install/vesc/share/vesc/cmake/vescConfig-version.cmake
[3.674s] -- Installing: /home/jetson/f1tenth2_ws/src/f1tenth_workspace_airos/install/vesc/share/vesc/package.xml
[3.686s] Invoked command in '/home/jetson/f1tenth2_ws/src/f1tenth_workspace_airos/build/vesc' returned '0': AMENT_PREFIX_PATH=/home/jetson/f1tenth2_ws/src/f1tenth_workspace_airos/install/vesc_driver:/home/jetson/f1tenth2_ws/src/f1tenth_workspace_airos/install/vesc_ackermann:/home/jetson/f1tenth2_ws/src/f1tenth_workspace_airos/install/vesc_msgs:${AMENT_PREFIX_PATH} CMAKE_PREFIX_PATH=/home/jetson/f1tenth2_ws/src/f1tenth_workspace_airos/install/vesc_driver:/home/jetson/f1tenth2_ws/src/f1tenth_workspace_airos/install/vesc_ackermann:/home/jetson/f1tenth2_ws/src/f1tenth_workspace_airos/install/vesc_msgs:/opt/ros/foxy LD_LIBRARY_PATH=/home/jetson/f1tenth2_ws/src/f1tenth_workspace_airos/install/vesc_driver/lib:/home/jetson/f1tenth2_ws/src/f1tenth_workspace_airos/install/vesc_ackermann/lib:/home/jetson/f1tenth2_ws/src/f1tenth_workspace_airos/install/vesc_msgs/lib:${LD_LIBRARY_PATH} PYTHONPATH=/home/jetson/f1tenth2_ws/src/f1tenth_workspace_airos/install/vesc_msgs/lib/python3.8/site-packages:${PYTHONPATH} /usr/bin/cmake --install /home/jetson/f1tenth2_ws/src/f1tenth_workspace_airos/build/vesc
