[7.611s] Invoking command in '/home/jetson/f1tenth2_ws/src/f1tenth_workspace_airos/autonomy_manager': PYTHONPATH=/home/jetson/f1tenth2_ws/src/f1tenth_workspace_airos/build/autonomy_manager/prefix_override:/usr/lib/python3/dist-packages/colcon_core/task/python/colcon_distutils_commands:/home/jetson/f1tenth2_ws/src/f1tenth_workspace_airos/install/autonomy_manager/lib/python3.8/site-packages:${PYTHONPATH} /usr/bin/python3 -W ignore:setup.py install is deprecated -W ignore:easy_install command is deprecated setup.py egg_info --egg-base ../build/autonomy_manager build --build-base /home/jetson/f1tenth2_ws/src/f1tenth_workspace_airos/build/autonomy_manager/build install --record /home/jetson/f1tenth2_ws/src/f1tenth_workspace_airos/build/autonomy_manager/install.log --install-scripts $base/lib/autonomy_manager --single-version-externally-managed install_data
[9.955s] running egg_info
[9.972s] creating ../build/autonomy_manager/autonomy_manager.egg-info
[9.972s] writing ../build/autonomy_manager/autonomy_manager.egg-info/PKG-INFO
[9.973s] writing dependency_links to ../build/autonomy_manager/autonomy_manager.egg-info/dependency_links.txt
[9.974s] writing entry points to ../build/autonomy_manager/autonomy_manager.egg-info/entry_points.txt
[9.975s] writing requirements to ../build/autonomy_manager/autonomy_manager.egg-info/requires.txt
[9.975s] writing top-level names to ../build/autonomy_manager/autonomy_manager.egg-info/top_level.txt
[9.998s] writing manifest file '../build/autonomy_manager/autonomy_manager.egg-info/SOURCES.txt'
[10.362s] reading manifest file '../build/autonomy_manager/autonomy_manager.egg-info/SOURCES.txt'
[10.365s] writing manifest file '../build/autonomy_manager/autonomy_manager.egg-info/SOURCES.txt'
[10.366s] running build
[10.366s] running build_py
[10.367s] creating /home/jetson/f1tenth2_ws/src/f1tenth_workspace_airos/build/autonomy_manager/build
[10.367s] creating /home/jetson/f1tenth2_ws/src/f1tenth_workspace_airos/build/autonomy_manager/build/lib
[10.368s] creating /home/jetson/f1tenth2_ws/src/f1tenth_workspace_airos/build/autonomy_manager/build/lib/autonomy_manager
[10.368s] copying autonomy_manager/autonomy_manager_node.py -> /home/jetson/f1tenth2_ws/src/f1tenth_workspace_airos/build/autonomy_manager/build/lib/autonomy_manager
[10.378s] copying autonomy_manager/__init__.py -> /home/jetson/f1tenth2_ws/src/f1tenth_workspace_airos/build/autonomy_manager/build/lib/autonomy_manager
[10.379s] running install
[10.383s] running install_lib
[10.387s] creating /home/jetson/f1tenth2_ws/src/f1tenth_workspace_airos/install/autonomy_manager/lib/python3.8/site-packages/autonomy_manager
[10.387s] copying /home/jetson/f1tenth2_ws/src/f1tenth_workspace_airos/build/autonomy_manager/build/lib/autonomy_manager/autonomy_manager_node.py -> /home/jetson/f1tenth2_ws/src/f1tenth_workspace_airos/install/autonomy_manager/lib/python3.8/site-packages/autonomy_manager
[10.388s] copying /home/jetson/f1tenth2_ws/src/f1tenth_workspace_airos/build/autonomy_manager/build/lib/autonomy_manager/__init__.py -> /home/jetson/f1tenth2_ws/src/f1tenth_workspace_airos/install/autonomy_manager/lib/python3.8/site-packages/autonomy_manager
[10.403s] byte-compiling /home/jetson/f1tenth2_ws/src/f1tenth_workspace_airos/install/autonomy_manager/lib/python3.8/site-packages/autonomy_manager/autonomy_manager_node.py to autonomy_manager_node.cpython-38.pyc
[10.409s] byte-compiling /home/jetson/f1tenth2_ws/src/f1tenth_workspace_airos/install/autonomy_manager/lib/python3.8/site-packages/autonomy_manager/__init__.py to __init__.cpython-38.pyc
[10.410s] running install_data
[10.410s] creating /home/jetson/f1tenth2_ws/src/f1tenth_workspace_airos/install/autonomy_manager/share/ament_index
[10.411s] creating /home/jetson/f1tenth2_ws/src/f1tenth_workspace_airos/install/autonomy_manager/share/ament_index/resource_index
[10.411s] creating /home/jetson/f1tenth2_ws/src/f1tenth_workspace_airos/install/autonomy_manager/share/ament_index/resource_index/packages
[10.412s] copying resource/autonomy_manager -> /home/jetson/f1tenth2_ws/src/f1tenth_workspace_airos/install/autonomy_manager/share/ament_index/resource_index/packages
[10.412s] copying package.xml -> /home/jetson/f1tenth2_ws/src/f1tenth_workspace_airos/install/autonomy_manager/share/autonomy_manager
[10.412s] creating /home/jetson/f1tenth2_ws/src/f1tenth_workspace_airos/install/autonomy_manager/share/autonomy_manager/launch
[10.413s] copying launch/navigation.launch.py -> /home/jetson/f1tenth2_ws/src/f1tenth_workspace_airos/install/autonomy_manager/share/autonomy_manager/launch
[10.427s] creating /home/jetson/f1tenth2_ws/src/f1tenth_workspace_airos/install/autonomy_manager/share/autonomy_manager/autonomy_manager
[10.427s] creating /home/jetson/f1tenth2_ws/src/f1tenth_workspace_airos/install/autonomy_manager/share/autonomy_manager/src
[10.428s] running install_egg_info
[10.434s] Copying ../build/autonomy_manager/autonomy_manager.egg-info to /home/jetson/f1tenth2_ws/src/f1tenth_workspace_airos/install/autonomy_manager/lib/python3.8/site-packages/autonomy_manager-0.0.0-py3.8.egg-info
[10.441s] running install_scripts
[10.600s] Installing autonomy_manager_node script to /home/jetson/f1tenth2_ws/src/f1tenth_workspace_airos/install/autonomy_manager/lib/autonomy_manager
[10.601s] writing list of installed files to '/home/jetson/f1tenth2_ws/src/f1tenth_workspace_airos/build/autonomy_manager/install.log'
[10.827s] Invoked command in '/home/jetson/f1tenth2_ws/src/f1tenth_workspace_airos/autonomy_manager' returned '0': PYTHONPATH=/home/jetson/f1tenth2_ws/src/f1tenth_workspace_airos/build/autonomy_manager/prefix_override:/usr/lib/python3/dist-packages/colcon_core/task/python/colcon_distutils_commands:/home/jetson/f1tenth2_ws/src/f1tenth_workspace_airos/install/autonomy_manager/lib/python3.8/site-packages:${PYTHONPATH} /usr/bin/python3 -W ignore:setup.py install is deprecated -W ignore:easy_install command is deprecated setup.py egg_info --egg-base ../build/autonomy_manager build --build-base /home/jetson/f1tenth2_ws/src/f1tenth_workspace_airos/build/autonomy_manager/build install --record /home/jetson/f1tenth2_ws/src/f1tenth_workspace_airos/build/autonomy_manager/install.log --install-scripts $base/lib/autonomy_manager --single-version-externally-managed install_data
