[3.109s] Invoking command in '/home/jetson/f1tenth2_ws/src/f1tenth_workspace_airos/f1tenth_system/teleop_tools/joy_teleop': AMENT_PREFIX_PATH=/home/jetson/f1tenth2_ws/src/f1tenth_workspace_airos/install/teleop_tools_msgs:${AMENT_PREFIX_PATH} CMAKE_PREFIX_PATH=/home/jetson/f1tenth2_ws/src/f1tenth_workspace_airos/install/teleop_tools_msgs LD_LIBRARY_PATH=/home/jetson/f1tenth2_ws/src/f1tenth_workspace_airos/install/teleop_tools_msgs/lib:${LD_LIBRARY_PATH} PYTHONPATH=/home/jetson/f1tenth2_ws/src/f1tenth_workspace_airos/build/joy_teleop/prefix_override:/usr/lib/python3/dist-packages/colcon_core/task/python/colcon_distutils_commands:/home/jetson/f1tenth2_ws/src/f1tenth_workspace_airos/install/joy_teleop/lib/python3.8/site-packages:/home/jetson/f1tenth2_ws/src/f1tenth_workspace_airos/install/teleop_tools_msgs/lib/python3.8/site-packages:${PYTHONPATH} /usr/bin/python3 -W ignore:setup.py install is deprecated -W ignore:easy_install command is deprecated setup.py egg_info --egg-base ../../../build/joy_teleop build --build-base /home/jetson/f1tenth2_ws/src/f1tenth_workspace_airos/build/joy_teleop/build install --record /home/jetson/f1tenth2_ws/src/f1tenth_workspace_airos/build/joy_teleop/install.log --install-scripts $base/lib/joy_teleop --single-version-externally-managed install_data
[4.085s] running egg_info
[4.088s] creating ../../../build/joy_teleop/joy_teleop.egg-info
[4.088s] writing ../../../build/joy_teleop/joy_teleop.egg-info/PKG-INFO
[4.091s] writing dependency_links to ../../../build/joy_teleop/joy_teleop.egg-info/dependency_links.txt
[4.092s] writing entry points to ../../../build/joy_teleop/joy_teleop.egg-info/entry_points.txt
[4.093s] writing requirements to ../../../build/joy_teleop/joy_teleop.egg-info/requires.txt
[4.093s] writing top-level names to ../../../build/joy_teleop/joy_teleop.egg-info/top_level.txt
[4.098s] writing manifest file '../../../build/joy_teleop/joy_teleop.egg-info/SOURCES.txt'
[4.238s] reading manifest file '../../../build/joy_teleop/joy_teleop.egg-info/SOURCES.txt'
[4.242s] writing manifest file '../../../build/joy_teleop/joy_teleop.egg-info/SOURCES.txt'
[4.243s] running build
[4.244s] running build_py
[4.245s] creating /home/jetson/f1tenth2_ws/src/f1tenth_workspace_airos/build/joy_teleop/build
[4.245s] creating /home/jetson/f1tenth2_ws/src/f1tenth_workspace_airos/build/joy_teleop/build/lib
[4.247s] creating /home/jetson/f1tenth2_ws/src/f1tenth_workspace_airos/build/joy_teleop/build/lib/joy_teleop
[4.247s] copying joy_teleop/incrementer_server.py -> /home/jetson/f1tenth2_ws/src/f1tenth_workspace_airos/build/joy_teleop/build/lib/joy_teleop
[4.248s] copying joy_teleop/__init__.py -> /home/jetson/f1tenth2_ws/src/f1tenth_workspace_airos/build/joy_teleop/build/lib/joy_teleop
[4.249s] copying joy_teleop/joy_teleop.py -> /home/jetson/f1tenth2_ws/src/f1tenth_workspace_airos/build/joy_teleop/build/lib/joy_teleop
[4.249s] running install
[4.252s] running install_lib
[4.256s] creating /home/jetson/f1tenth2_ws/src/f1tenth_workspace_airos/install/joy_teleop/lib/python3.8/site-packages/joy_teleop
[4.257s] copying /home/jetson/f1tenth2_ws/src/f1tenth_workspace_airos/build/joy_teleop/build/lib/joy_teleop/incrementer_server.py -> /home/jetson/f1tenth2_ws/src/f1tenth_workspace_airos/install/joy_teleop/lib/python3.8/site-packages/joy_teleop
[4.257s] copying /home/jetson/f1tenth2_ws/src/f1tenth_workspace_airos/build/joy_teleop/build/lib/joy_teleop/__init__.py -> /home/jetson/f1tenth2_ws/src/f1tenth_workspace_airos/install/joy_teleop/lib/python3.8/site-packages/joy_teleop
[4.258s] copying /home/jetson/f1tenth2_ws/src/f1tenth_workspace_airos/build/joy_teleop/build/lib/joy_teleop/joy_teleop.py -> /home/jetson/f1tenth2_ws/src/f1tenth_workspace_airos/install/joy_teleop/lib/python3.8/site-packages/joy_teleop
[4.260s] byte-compiling /home/jetson/f1tenth2_ws/src/f1tenth_workspace_airos/install/joy_teleop/lib/python3.8/site-packages/joy_teleop/incrementer_server.py to incrementer_server.cpython-38.pyc
[4.266s] byte-compiling /home/jetson/f1tenth2_ws/src/f1tenth_workspace_airos/install/joy_teleop/lib/python3.8/site-packages/joy_teleop/__init__.py to __init__.cpython-38.pyc
[4.267s] byte-compiling /home/jetson/f1tenth2_ws/src/f1tenth_workspace_airos/install/joy_teleop/lib/python3.8/site-packages/joy_teleop/joy_teleop.py to joy_teleop.cpython-38.pyc
[4.278s] running install_data
[4.278s] copying package.xml -> /home/jetson/f1tenth2_ws/src/f1tenth_workspace_airos/install/joy_teleop/share/joy_teleop
[4.279s] creating /home/jetson/f1tenth2_ws/src/f1tenth_workspace_airos/install/joy_teleop/share/joy_teleop/config
[4.280s] copying config/joy_teleop_example.yaml -> /home/jetson/f1tenth2_ws/src/f1tenth_workspace_airos/install/joy_teleop/share/joy_teleop/config
[4.280s] creating /home/jetson/f1tenth2_ws/src/f1tenth_workspace_airos/install/joy_teleop/share/joy_teleop/launch
[4.281s] copying launch/example.launch.py -> /home/jetson/f1tenth2_ws/src/f1tenth_workspace_airos/install/joy_teleop/share/joy_teleop/launch
[4.282s] creating /home/jetson/f1tenth2_ws/src/f1tenth_workspace_airos/install/joy_teleop/share/ament_index
[4.282s] creating /home/jetson/f1tenth2_ws/src/f1tenth_workspace_airos/install/joy_teleop/share/ament_index/resource_index
[4.282s] creating /home/jetson/f1tenth2_ws/src/f1tenth_workspace_airos/install/joy_teleop/share/ament_index/resource_index/packages
[4.283s] copying resource/joy_teleop -> /home/jetson/f1tenth2_ws/src/f1tenth_workspace_airos/install/joy_teleop/share/ament_index/resource_index/packages
[4.283s] running install_egg_info
[4.289s] Copying ../../../build/joy_teleop/joy_teleop.egg-info to /home/jetson/f1tenth2_ws/src/f1tenth_workspace_airos/install/joy_teleop/lib/python3.8/site-packages/joy_teleop-0.3.0-py3.8.egg-info
[4.294s] running install_scripts
[4.366s] Installing incrementer_server script to /home/jetson/f1tenth2_ws/src/f1tenth_workspace_airos/install/joy_teleop/lib/joy_teleop
[4.367s] Installing joy_teleop script to /home/jetson/f1tenth2_ws/src/f1tenth_workspace_airos/install/joy_teleop/lib/joy_teleop
[4.368s] writing list of installed files to '/home/jetson/f1tenth2_ws/src/f1tenth_workspace_airos/build/joy_teleop/install.log'
[4.469s] Invoked command in '/home/jetson/f1tenth2_ws/src/f1tenth_workspace_airos/f1tenth_system/teleop_tools/joy_teleop' returned '0': AMENT_PREFIX_PATH=/home/jetson/f1tenth2_ws/src/f1tenth_workspace_airos/install/teleop_tools_msgs:${AMENT_PREFIX_PATH} CMAKE_PREFIX_PATH=/home/jetson/f1tenth2_ws/src/f1tenth_workspace_airos/install/teleop_tools_msgs LD_LIBRARY_PATH=/home/jetson/f1tenth2_ws/src/f1tenth_workspace_airos/install/teleop_tools_msgs/lib:${LD_LIBRARY_PATH} PYTHONPATH=/home/jetson/f1tenth2_ws/src/f1tenth_workspace_airos/build/joy_teleop/prefix_override:/usr/lib/python3/dist-packages/colcon_core/task/python/colcon_distutils_commands:/home/jetson/f1tenth2_ws/src/f1tenth_workspace_airos/install/joy_teleop/lib/python3.8/site-packages:/home/jetson/f1tenth2_ws/src/f1tenth_workspace_airos/install/teleop_tools_msgs/lib/python3.8/site-packages:${PYTHONPATH} /usr/bin/python3 -W ignore:setup.py install is deprecated -W ignore:easy_install command is deprecated setup.py egg_info --egg-base ../../../build/joy_teleop build --build-base /home/jetson/f1tenth2_ws/src/f1tenth_workspace_airos/build/joy_teleop/build install --record /home/jetson/f1tenth2_ws/src/f1tenth_workspace_airos/build/joy_teleop/install.log --install-scripts $base/lib/joy_teleop --single-version-externally-managed install_data
