running egg_info
creating ../build/odom_pp_node/odom_pp_node.egg-info
writing ../build/odom_pp_node/odom_pp_node.egg-info/PKG-INFO
writing dependency_links to ../build/odom_pp_node/odom_pp_node.egg-info/dependency_links.txt
writing entry points to ../build/odom_pp_node/odom_pp_node.egg-info/entry_points.txt
writing requirements to ../build/odom_pp_node/odom_pp_node.egg-info/requires.txt
writing top-level names to ../build/odom_pp_node/odom_pp_node.egg-info/top_level.txt
writing manifest file '../build/odom_pp_node/odom_pp_node.egg-info/SOURCES.txt'
reading manifest file '../build/odom_pp_node/odom_pp_node.egg-info/SOURCES.txt'
writing manifest file '../build/odom_pp_node/odom_pp_node.egg-info/SOURCES.txt'
running build
running build_py
creating /home/jetson/f1tenth2_ws/src/f1tenth_workspace_airos/build/odom_pp_node/build
creating /home/jetson/f1tenth2_ws/src/f1tenth_workspace_airos/build/odom_pp_node/build/lib
creating /home/jetson/f1tenth2_ws/src/f1tenth_workspace_airos/build/odom_pp_node/build/lib/odom_pp_node
copying odom_pp_node/__init__.py -> /home/jetson/f1tenth2_ws/src/f1tenth_workspace_airos/build/odom_pp_node/build/lib/odom_pp_node
copying odom_pp_node/odom_pp.py -> /home/jetson/f1tenth2_ws/src/f1tenth_workspace_airos/build/odom_pp_node/build/lib/odom_pp_node
running install
running install_lib
creating /home/jetson/f1tenth2_ws/src/f1tenth_workspace_airos/install/odom_pp_node/lib/python3.8/site-packages/odom_pp_node
copying /home/jetson/f1tenth2_ws/src/f1tenth_workspace_airos/build/odom_pp_node/build/lib/odom_pp_node/__init__.py -> /home/jetson/f1tenth2_ws/src/f1tenth_workspace_airos/install/odom_pp_node/lib/python3.8/site-packages/odom_pp_node
copying /home/jetson/f1tenth2_ws/src/f1tenth_workspace_airos/build/odom_pp_node/build/lib/odom_pp_node/odom_pp.py -> /home/jetson/f1tenth2_ws/src/f1tenth_workspace_airos/install/odom_pp_node/lib/python3.8/site-packages/odom_pp_node
byte-compiling /home/jetson/f1tenth2_ws/src/f1tenth_workspace_airos/install/odom_pp_node/lib/python3.8/site-packages/odom_pp_node/__init__.py to __init__.cpython-38.pyc
byte-compiling /home/jetson/f1tenth2_ws/src/f1tenth_workspace_airos/install/odom_pp_node/lib/python3.8/site-packages/odom_pp_node/odom_pp.py to odom_pp.cpython-38.pyc
running install_data
creating /home/jetson/f1tenth2_ws/src/f1tenth_workspace_airos/install/odom_pp_node/share/ament_index
creating /home/jetson/f1tenth2_ws/src/f1tenth_workspace_airos/install/odom_pp_node/share/ament_index/resource_index
creating /home/jetson/f1tenth2_ws/src/f1tenth_workspace_airos/install/odom_pp_node/share/ament_index/resource_index/packages
copying resource/odom_pp_node -> /home/jetson/f1tenth2_ws/src/f1tenth_workspace_airos/install/odom_pp_node/share/ament_index/resource_index/packages
copying package.xml -> /home/jetson/f1tenth2_ws/src/f1tenth_workspace_airos/install/odom_pp_node/share/odom_pp_node
creating /home/jetson/f1tenth2_ws/src/f1tenth_workspace_airos/install/odom_pp_node/share/odom_pp_node/config
copying config/odom_pp_params.yaml -> /home/jetson/f1tenth2_ws/src/f1tenth_workspace_airos/install/odom_pp_node/share/odom_pp_node/config
creating /home/jetson/f1tenth2_ws/src/f1tenth_workspace_airos/install/odom_pp_node/share/odom_pp_node/waypoints
running install_egg_info
Copying ../build/odom_pp_node/odom_pp_node.egg-info to /home/jetson/f1tenth2_ws/src/f1tenth_workspace_airos/install/odom_pp_node/lib/python3.8/site-packages/odom_pp_node-0.0.0-py3.8.egg-info
running install_scripts
Installing odom_pp_executable script to /home/jetson/f1tenth2_ws/src/f1tenth_workspace_airos/install/odom_pp_node/lib/odom_pp_node
writing list of installed files to '/home/jetson/f1tenth2_ws/src/f1tenth_workspace_airos/build/odom_pp_node/install.log'
