[3.433s] Invoking command in '/home/jetson/f1tenth2_ws/src/f1tenth_workspace_airos/odom_pp_node': PYTHONPATH=/home/jetson/f1tenth2_ws/src/f1tenth_workspace_airos/build/odom_pp_node/prefix_override:/usr/lib/python3/dist-packages/colcon_core/task/python/colcon_distutils_commands:/home/jetson/f1tenth2_ws/src/f1tenth_workspace_airos/install/odom_pp_node/lib/python3.8/site-packages:${PYTHONPATH} /usr/bin/python3 -W ignore:setup.py install is deprecated -W ignore:easy_install command is deprecated setup.py egg_info --egg-base ../build/odom_pp_node build --build-base /home/jetson/f1tenth2_ws/src/f1tenth_workspace_airos/build/odom_pp_node/build install --record /home/jetson/f1tenth2_ws/src/f1tenth_workspace_airos/build/odom_pp_node/install.log --install-scripts $base/lib/odom_pp_node --single-version-externally-managed install_data
[4.414s] running egg_info
[4.416s] creating ../build/odom_pp_node/odom_pp_node.egg-info
[4.416s] writing ../build/odom_pp_node/odom_pp_node.egg-info/PKG-INFO
[4.417s] writing dependency_links to ../build/odom_pp_node/odom_pp_node.egg-info/dependency_links.txt
[4.418s] writing entry points to ../build/odom_pp_node/odom_pp_node.egg-info/entry_points.txt
[4.419s] writing requirements to ../build/odom_pp_node/odom_pp_node.egg-info/requires.txt
[4.419s] writing top-level names to ../build/odom_pp_node/odom_pp_node.egg-info/top_level.txt
[4.424s] writing manifest file '../build/odom_pp_node/odom_pp_node.egg-info/SOURCES.txt'
[4.551s] reading manifest file '../build/odom_pp_node/odom_pp_node.egg-info/SOURCES.txt'
[4.554s] writing manifest file '../build/odom_pp_node/odom_pp_node.egg-info/SOURCES.txt'
[4.555s] running build
[4.555s] running build_py
[4.556s] creating /home/jetson/f1tenth2_ws/src/f1tenth_workspace_airos/build/odom_pp_node/build
[4.556s] creating /home/jetson/f1tenth2_ws/src/f1tenth_workspace_airos/build/odom_pp_node/build/lib
[4.557s] creating /home/jetson/f1tenth2_ws/src/f1tenth_workspace_airos/build/odom_pp_node/build/lib/odom_pp_node
[4.557s] copying odom_pp_node/__init__.py -> /home/jetson/f1tenth2_ws/src/f1tenth_workspace_airos/build/odom_pp_node/build/lib/odom_pp_node
[4.558s] copying odom_pp_node/odom_pp.py -> /home/jetson/f1tenth2_ws/src/f1tenth_workspace_airos/build/odom_pp_node/build/lib/odom_pp_node
[4.558s] running install
[4.561s] running install_lib
[4.566s] creating /home/jetson/f1tenth2_ws/src/f1tenth_workspace_airos/install/odom_pp_node/lib/python3.8/site-packages/odom_pp_node
[4.566s] copying /home/jetson/f1tenth2_ws/src/f1tenth_workspace_airos/build/odom_pp_node/build/lib/odom_pp_node/__init__.py -> /home/jetson/f1tenth2_ws/src/f1tenth_workspace_airos/install/odom_pp_node/lib/python3.8/site-packages/odom_pp_node
[4.566s] copying /home/jetson/f1tenth2_ws/src/f1tenth_workspace_airos/build/odom_pp_node/build/lib/odom_pp_node/odom_pp.py -> /home/jetson/f1tenth2_ws/src/f1tenth_workspace_airos/install/odom_pp_node/lib/python3.8/site-packages/odom_pp_node
[4.569s] byte-compiling /home/jetson/f1tenth2_ws/src/f1tenth_workspace_airos/install/odom_pp_node/lib/python3.8/site-packages/odom_pp_node/__init__.py to __init__.cpython-38.pyc
[4.573s] byte-compiling /home/jetson/f1tenth2_ws/src/f1tenth_workspace_airos/install/odom_pp_node/lib/python3.8/site-packages/odom_pp_node/odom_pp.py to odom_pp.cpython-38.pyc
[4.589s] running install_data
[4.590s] creating /home/jetson/f1tenth2_ws/src/f1tenth_workspace_airos/install/odom_pp_node/share/ament_index
[4.591s] creating /home/jetson/f1tenth2_ws/src/f1tenth_workspace_airos/install/odom_pp_node/share/ament_index/resource_index
[4.591s] creating /home/jetson/f1tenth2_ws/src/f1tenth_workspace_airos/install/odom_pp_node/share/ament_index/resource_index/packages
[4.591s] copying resource/odom_pp_node -> /home/jetson/f1tenth2_ws/src/f1tenth_workspace_airos/install/odom_pp_node/share/ament_index/resource_index/packages
[4.592s] copying package.xml -> /home/jetson/f1tenth2_ws/src/f1tenth_workspace_airos/install/odom_pp_node/share/odom_pp_node
[4.593s] creating /home/jetson/f1tenth2_ws/src/f1tenth_workspace_airos/install/odom_pp_node/share/odom_pp_node/config
[4.593s] copying config/odom_pp_params.yaml -> /home/jetson/f1tenth2_ws/src/f1tenth_workspace_airos/install/odom_pp_node/share/odom_pp_node/config
[4.593s] creating /home/jetson/f1tenth2_ws/src/f1tenth_workspace_airos/install/odom_pp_node/share/odom_pp_node/waypoints
[4.594s] running install_egg_info
[4.601s] Copying ../build/odom_pp_node/odom_pp_node.egg-info to /home/jetson/f1tenth2_ws/src/f1tenth_workspace_airos/install/odom_pp_node/lib/python3.8/site-packages/odom_pp_node-0.0.0-py3.8.egg-info
[4.605s] running install_scripts
[4.669s] Installing odom_pp_executable script to /home/jetson/f1tenth2_ws/src/f1tenth_workspace_airos/install/odom_pp_node/lib/odom_pp_node
[4.671s] writing list of installed files to '/home/jetson/f1tenth2_ws/src/f1tenth_workspace_airos/build/odom_pp_node/install.log'
[4.762s] Invoked command in '/home/jetson/f1tenth2_ws/src/f1tenth_workspace_airos/odom_pp_node' returned '0': PYTHONPATH=/home/jetson/f1tenth2_ws/src/f1tenth_workspace_airos/build/odom_pp_node/prefix_override:/usr/lib/python3/dist-packages/colcon_core/task/python/colcon_distutils_commands:/home/jetson/f1tenth2_ws/src/f1tenth_workspace_airos/install/odom_pp_node/lib/python3.8/site-packages:${PYTHONPATH} /usr/bin/python3 -W ignore:setup.py install is deprecated -W ignore:easy_install command is deprecated setup.py egg_info --egg-base ../build/odom_pp_node build --build-base /home/jetson/f1tenth2_ws/src/f1tenth_workspace_airos/build/odom_pp_node/build install --record /home/jetson/f1tenth2_ws/src/f1tenth_workspace_airos/build/odom_pp_node/install.log --install-scripts $base/lib/odom_pp_node --single-version-externally-managed install_data
