[0.133s] Invoking command in '/home/jetson/f1tenth2_ws/src/f1tenth_workspace_airos/build/ackermann_mux': CMAKE_PREFIX_PATH=/opt/ros/foxy /usr/bin/cmake /home/jetson/f1tenth2_ws/src/f1tenth_workspace_airos/f1tenth_system/ackermann_mux -DCMAKE_INSTALL_PREFIX=/home/jetson/f1tenth2_ws/src/f1tenth_workspace_airos/install/ackermann_mux
[1.354s] -- The C compiler identification is GNU 9.4.0
[1.354s] -- The CXX compiler identification is GNU 9.4.0
[1.354s] -- Check for working C compiler: /usr/bin/cc
[1.355s] -- Check for working C compiler: /usr/bin/cc -- works
[1.355s] -- Detecting C compiler ABI info
[1.692s] -- Detecting C compiler ABI info - done
[1.758s] -- Detecting C compile features
[1.762s] -- Detecting C compile features - done
[1.779s] -- Check for working CXX compiler: /usr/bin/c++
[2.238s] -- Check for working CXX compiler: /usr/bin/c++ -- works
[2.248s] -- Detecting CXX compiler ABI info
[2.697s] -- Detecting CXX compiler ABI info - done
[2.779s] -- Detecting CXX compile features
[2.783s] -- Detecting CXX compile features - done
[2.796s] -- Found ament_cmake: 0.9.12 (/opt/ros/foxy/share/ament_cmake/cmake)
[2.916s] -- Found PythonInterp: /usr/bin/python3 (found suitable version "3.8.10", minimum required is "3") 
[2.917s] -- Using PYTHON_EXECUTABLE: /usr/bin/python3
[3.854s] -- Found rclcpp: 2.4.3 (/opt/ros/foxy/share/rclcpp/cmake)
[4.101s] -- Using all available rosidl_typesupport_c: rosidl_typesupport_fastrtps_c;rosidl_typesupport_introspection_c
[4.133s] -- Found rosidl_adapter: 1.3.1 (/opt/ros/foxy/share/rosidl_adapter/cmake)
[4.613s] -- Found OpenSSL: /usr/lib/aarch64-linux-gnu/libcrypto.so (found version "1.1.1f")  
[4.772s] -- Found FastRTPS: /opt/ros/foxy/include  
[5.183s] -- Using all available rosidl_typesupport_cpp: rosidl_typesupport_fastrtps_cpp;rosidl_typesupport_introspection_cpp
[5.526s] -- Found rmw_implementation_cmake: 1.0.4 (/opt/ros/foxy/share/rmw_implementation_cmake/cmake)
[5.536s] -- Using RMW implementation 'rmw_fastrtps_cpp' as default
[5.543s] -- Looking for pthread.h
[5.968s] -- Looking for pthread.h - found
[5.970s] -- Performing Test CMAKE_HAVE_LIBC_PTHREAD
[6.360s] -- Performing Test CMAKE_HAVE_LIBC_PTHREAD - Failed
[6.362s] -- Looking for pthread_create in pthreads
[6.673s] -- Looking for pthread_create in pthreads - not found
[6.676s] -- Looking for pthread_create in pthread
[7.079s] -- Looking for pthread_create in pthread - found
[7.087s] -- Found Threads: TRUE  
[8.118s] -- Found ackermann_msgs: 2.0.2 (/opt/ros/foxy/share/ackermann_msgs/cmake)
[8.345s] -- Found diagnostic_updater: 3.1.2 (/opt/ros/foxy/share/diagnostic_updater/cmake)
[8.719s] -- Found ament_lint_auto: 0.9.8 (/opt/ros/foxy/share/ament_lint_auto/cmake)
[9.180s] -- Found python_cmake_module: 0.8.1 (/opt/ros/foxy/share/python_cmake_module/cmake)
[9.290s] -- Found PythonInterp: /usr/bin/python3 (found suitable version "3.8.10", minimum required is "3.5") 
[9.314s] -- Found PythonLibs: /usr/lib/aarch64-linux-gnu/libpython3.8.so (found suitable version "3.8.10", minimum required is "3.5") 
[9.315s] -- Using PYTHON_EXECUTABLE: /usr/bin/python3
[9.315s] -- Using PYTHON_INCLUDE_DIRS: /usr/include/python3.8
[9.316s] -- Using PYTHON_LIBRARIES: /usr/lib/aarch64-linux-gnu/libpython3.8.so
[9.421s] -- Found PythonExtra: .so  
[9.494s] -- Added test 'xmllint' to check XML markup files
[9.497s] -- Added test 'copyright' to check source files copyright and LICENSE
[9.509s] -- Added test 'cppcheck' to perform static code analysis on C / C++ code
[9.511s] -- Configured cppcheck include dirs: /home/jetson/f1tenth2_ws/src/f1tenth_workspace_airos/f1tenth_system/ackermann_mux/include
[9.511s] -- Configured cppcheck exclude dirs and/or files: 
[9.524s] -- Added test 'cpplint' to check C / C++ code against the Google style
[9.524s] -- Configured cpplint exclude dirs and/or files: 
[9.528s] -- Added test 'flake8' to check Python code syntax and style conventions
[9.533s] -- Added test 'lint_cmake' to check CMake code style
[9.537s] -- Added test 'pep257' to check Python code against some of the style conventions in PEP 257
[9.551s] -- Added test 'uncrustify' to check C / C++ code style
[9.552s] -- Configured uncrustify additional arguments: 
[9.582s] -- Configuring done
[9.633s] -- Generating done
[9.658s] -- Build files have been written to: /home/jetson/f1tenth2_ws/src/f1tenth_workspace_airos/build/ackermann_mux
[10.270s] Invoked command in '/home/jetson/f1tenth2_ws/src/f1tenth_workspace_airos/build/ackermann_mux' returned '0': CMAKE_PREFIX_PATH=/opt/ros/foxy /usr/bin/cmake /home/jetson/f1tenth2_ws/src/f1tenth_workspace_airos/f1tenth_system/ackermann_mux -DCMAKE_INSTALL_PREFIX=/home/jetson/f1tenth2_ws/src/f1tenth_workspace_airos/install/ackermann_mux
[10.277s] Invoking command in '/home/jetson/f1tenth2_ws/src/f1tenth_workspace_airos/build/ackermann_mux': CMAKE_PREFIX_PATH=/opt/ros/foxy /usr/bin/cmake --build /home/jetson/f1tenth2_ws/src/f1tenth_workspace_airos/build/ackermann_mux -- -j4 -l4
[10.600s] [35m[1mScanning dependencies of target ackermann_mux[0m
[11.447s] [ 25%] [32mBuilding CXX object CMakeFiles/ackermann_mux.dir/src/ackermann_mux_diagnostics.cpp.o[0m
[11.482s] [ 50%] [32mBuilding CXX object CMakeFiles/ackermann_mux.dir/src/ackermann_mux.cpp.o[0m
[11.499s] [ 75%] [32mBuilding CXX object CMakeFiles/ackermann_mux.dir/src/ackermann_mux_node.cpp.o[0m
[61.855s] [100%] [32m[1mLinking CXX executable ackermann_mux[0m
[63.665s] [100%] Built target ackermann_mux
[63.720s] Invoked command in '/home/jetson/f1tenth2_ws/src/f1tenth_workspace_airos/build/ackermann_mux' returned '0': CMAKE_PREFIX_PATH=/opt/ros/foxy /usr/bin/cmake --build /home/jetson/f1tenth2_ws/src/f1tenth_workspace_airos/build/ackermann_mux -- -j4 -l4
[63.727s] Invoking command in '/home/jetson/f1tenth2_ws/src/f1tenth_workspace_airos/build/ackermann_mux': CMAKE_PREFIX_PATH=/opt/ros/foxy /usr/bin/cmake --install /home/jetson/f1tenth2_ws/src/f1tenth_workspace_airos/build/ackermann_mux
[63.775s] -- Install configuration: ""
[63.776s] -- Installing: /home/jetson/f1tenth2_ws/src/f1tenth_workspace_airos/install/ackermann_mux/lib/ackermann_mux/ackermann_mux
[63.809s] -- Set runtime path of "/home/jetson/f1tenth2_ws/src/f1tenth_workspace_airos/install/ackermann_mux/lib/ackermann_mux/ackermann_mux" to ""
[63.809s] -- Installing: /home/jetson/f1tenth2_ws/src/f1tenth_workspace_airos/install/ackermann_mux/share/ackermann_mux/launch
[63.810s] -- Installing: /home/jetson/f1tenth2_ws/src/f1tenth_workspace_airos/install/ackermann_mux/share/ackermann_mux/launch/ackermann_mux_launch.py
[63.814s] -- Installing: /home/jetson/f1tenth2_ws/src/f1tenth_workspace_airos/install/ackermann_mux/share/ackermann_mux/config
[63.815s] -- Installing: /home/jetson/f1tenth2_ws/src/f1tenth_workspace_airos/install/ackermann_mux/share/ackermann_mux/config/ackermann_mux_topics.yaml
[63.816s] -- Installing: /home/jetson/f1tenth2_ws/src/f1tenth_workspace_airos/install/ackermann_mux/share/ackermann_mux/config/joystick.yaml
[63.816s] -- Installing: /home/jetson/f1tenth2_ws/src/f1tenth_workspace_airos/install/ackermann_mux/share/ackermann_mux/config/ackermann_mux_locks.yaml
[63.817s] -- Installing: /home/jetson/f1tenth2_ws/src/f1tenth_workspace_airos/install/ackermann_mux/include
[63.818s] -- Installing: /home/jetson/f1tenth2_ws/src/f1tenth_workspace_airos/install/ackermann_mux/include/ackermann_mux
[63.818s] -- Installing: /home/jetson/f1tenth2_ws/src/f1tenth_workspace_airos/install/ackermann_mux/include/ackermann_mux/topic_handle.hpp
[63.819s] -- Installing: /home/jetson/f1tenth2_ws/src/f1tenth_workspace_airos/install/ackermann_mux/include/ackermann_mux/ackermann_mux_diagnostics.hpp
[63.819s] -- Installing: /home/jetson/f1tenth2_ws/src/f1tenth_workspace_airos/install/ackermann_mux/include/ackermann_mux/utils.hpp
[63.820s] -- Installing: /home/jetson/f1tenth2_ws/src/f1tenth_workspace_airos/install/ackermann_mux/include/ackermann_mux/ackermann_mux_diagnostics_status.hpp
[63.821s] -- Installing: /home/jetson/f1tenth2_ws/src/f1tenth_workspace_airos/install/ackermann_mux/include/ackermann_mux/ackermann_mux.hpp
[63.821s] -- Installing: /home/jetson/f1tenth2_ws/src/f1tenth_workspace_airos/install/ackermann_mux/include/ackermann_mux/params_helpers.hpp
[63.823s] -- Installing: /home/jetson/f1tenth2_ws/src/f1tenth_workspace_airos/install/ackermann_mux/share/ament_index/resource_index/package_run_dependencies/ackermann_mux
[63.825s] -- Installing: /home/jetson/f1tenth2_ws/src/f1tenth_workspace_airos/install/ackermann_mux/share/ament_index/resource_index/parent_prefix_path/ackermann_mux
[63.826s] -- Installing: /home/jetson/f1tenth2_ws/src/f1tenth_workspace_airos/install/ackermann_mux/share/ackermann_mux/environment/ament_prefix_path.sh
[63.827s] -- Installing: /home/jetson/f1tenth2_ws/src/f1tenth_workspace_airos/install/ackermann_mux/share/ackermann_mux/environment/ament_prefix_path.dsv
[63.828s] -- Installing: /home/jetson/f1tenth2_ws/src/f1tenth_workspace_airos/install/ackermann_mux/share/ackermann_mux/environment/path.sh
[63.829s] -- Installing: /home/jetson/f1tenth2_ws/src/f1tenth_workspace_airos/install/ackermann_mux/share/ackermann_mux/environment/path.dsv
[63.830s] -- Installing: /home/jetson/f1tenth2_ws/src/f1tenth_workspace_airos/install/ackermann_mux/share/ackermann_mux/local_setup.bash
[63.831s] -- Installing: /home/jetson/f1tenth2_ws/src/f1tenth_workspace_airos/install/ackermann_mux/share/ackermann_mux/local_setup.sh
[63.832s] -- Installing: /home/jetson/f1tenth2_ws/src/f1tenth_workspace_airos/install/ackermann_mux/share/ackermann_mux/local_setup.zsh
[63.834s] -- Installing: /home/jetson/f1tenth2_ws/src/f1tenth_workspace_airos/install/ackermann_mux/share/ackermann_mux/local_setup.dsv
[63.835s] -- Installing: /home/jetson/f1tenth2_ws/src/f1tenth_workspace_airos/install/ackermann_mux/share/ackermann_mux/package.dsv
[63.836s] -- Installing: /home/jetson/f1tenth2_ws/src/f1tenth_workspace_airos/install/ackermann_mux/share/ament_index/resource_index/packages/ackermann_mux
[63.837s] -- Installing: /home/jetson/f1tenth2_ws/src/f1tenth_workspace_airos/install/ackermann_mux/share/ackermann_mux/cmake/ament_cmake_export_include_directories-extras.cmake
[63.838s] -- Installing: /home/jetson/f1tenth2_ws/src/f1tenth_workspace_airos/install/ackermann_mux/share/ackermann_mux/cmake/ament_cmake_export_dependencies-extras.cmake
[63.839s] -- Installing: /home/jetson/f1tenth2_ws/src/f1tenth_workspace_airos/install/ackermann_mux/share/ackermann_mux/cmake/ackermann_muxConfig.cmake
[63.841s] -- Installing: /home/jetson/f1tenth2_ws/src/f1tenth_workspace_airos/install/ackermann_mux/share/ackermann_mux/cmake/ackermann_muxConfig-version.cmake
[63.841s] -- Installing: /home/jetson/f1tenth2_ws/src/f1tenth_workspace_airos/install/ackermann_mux/share/ackermann_mux/package.xml
[63.854s] Invoked command in '/home/jetson/f1tenth2_ws/src/f1tenth_workspace_airos/build/ackermann_mux' returned '0': CMAKE_PREFIX_PATH=/opt/ros/foxy /usr/bin/cmake --install /home/jetson/f1tenth2_ws/src/f1tenth_workspace_airos/build/ackermann_mux
