[0.146s] Invoking command in '/home/jetson/f1tenth2_ws/src/f1tenth_workspace_airos/build/teleop_tools_msgs': CMAKE_PREFIX_PATH=/opt/ros/foxy /usr/bin/cmake /home/jetson/f1tenth2_ws/src/f1tenth_workspace_airos/f1tenth_system/teleop_tools/teleop_tools_msgs -DCMAKE_INSTALL_PREFIX=/home/jetson/f1tenth2_ws/src/f1tenth_workspace_airos/install/teleop_tools_msgs
[1.376s] -- The C compiler identification is GNU 9.4.0
[1.376s] -- The CXX compiler identification is GNU 9.4.0
[1.377s] -- Check for working C compiler: /usr/bin/cc
[1.377s] -- Check for working C compiler: /usr/bin/cc -- works
[1.377s] -- Detecting C compiler ABI info
[1.718s] -- Detecting C compiler ABI info - done
[1.782s] -- Detecting C compile features
[1.785s] -- Detecting C compile features - done
[1.800s] -- Check for working CXX compiler: /usr/bin/c++
[2.223s] -- Check for working CXX compiler: /usr/bin/c++ -- works
[2.231s] -- Detecting CXX compiler ABI info
[2.682s] -- Detecting CXX compiler ABI info - done
[2.750s] -- Detecting CXX compile features
[2.753s] -- Detecting CXX compile features - done
[2.764s] -- Found ament_cmake: 0.9.12 (/opt/ros/foxy/share/ament_cmake/cmake)
[2.873s] -- Found PythonInterp: /usr/bin/python3 (found suitable version "3.8.10", minimum required is "3") 
[2.875s] -- Using PYTHON_EXECUTABLE: /usr/bin/python3
[3.898s] -- Found rosidl_default_generators: 1.0.1 (/opt/ros/foxy/share/rosidl_default_generators/cmake)
[3.919s] -- Using all available rosidl_typesupport_c: rosidl_typesupport_fastrtps_c;rosidl_typesupport_introspection_c
[3.960s] -- Found rosidl_adapter: 1.3.1 (/opt/ros/foxy/share/rosidl_adapter/cmake)
[4.562s] -- Found OpenSSL: /usr/lib/aarch64-linux-gnu/libcrypto.so (found version "1.1.1f")  
[4.738s] -- Found FastRTPS: /opt/ros/foxy/include  
[5.205s] -- Using all available rosidl_typesupport_cpp: rosidl_typesupport_fastrtps_cpp;rosidl_typesupport_introspection_cpp
[5.369s] -- Found ament_lint_auto: 0.9.8 (/opt/ros/foxy/share/ament_lint_auto/cmake)
[5.834s] -- Found PythonInterp: /usr/bin/python3 (found version "3.8.10") 
[6.630s] -- Found ament_cmake_ros: 0.9.2 (/opt/ros/foxy/share/ament_cmake_ros/cmake)
[7.336s] -- Using all available rosidl_typesupport_c: rosidl_typesupport_fastrtps_c;rosidl_typesupport_introspection_c
[7.499s] -- Using all available rosidl_typesupport_cpp: rosidl_typesupport_fastrtps_cpp;rosidl_typesupport_introspection_cpp
[7.625s] -- Found PythonInterp: /usr/bin/python3 (found suitable version "3.8.10", minimum required is "3.5") 
[7.634s] -- Found python_cmake_module: 0.8.1 (/opt/ros/foxy/share/python_cmake_module/cmake)
[7.757s] -- Found PythonLibs: /usr/lib/aarch64-linux-gnu/libpython3.8.so (found suitable version "3.8.10", minimum required is "3.5") 
[7.757s] -- Using PYTHON_EXECUTABLE: /usr/bin/python3
[7.758s] -- Using PYTHON_INCLUDE_DIRS: /usr/include/python3.8
[7.758s] -- Using PYTHON_LIBRARIES: /usr/lib/aarch64-linux-gnu/libpython3.8.so
[7.852s] -- Found PythonExtra: .so  
[8.124s] -- Added test 'copyright' to check source files copyright and LICENSE
[8.134s] -- Added test 'lint_cmake' to check CMake code style
[8.140s] -- Added test 'xmllint' to check XML markup files
[8.190s] -- Configuring done
[8.518s] -- Generating done
[8.629s] -- Build files have been written to: /home/jetson/f1tenth2_ws/src/f1tenth_workspace_airos/build/teleop_tools_msgs
[8.682s] Invoked command in '/home/jetson/f1tenth2_ws/src/f1tenth_workspace_airos/build/teleop_tools_msgs' returned '0': CMAKE_PREFIX_PATH=/opt/ros/foxy /usr/bin/cmake /home/jetson/f1tenth2_ws/src/f1tenth_workspace_airos/f1tenth_system/teleop_tools/teleop_tools_msgs -DCMAKE_INSTALL_PREFIX=/home/jetson/f1tenth2_ws/src/f1tenth_workspace_airos/install/teleop_tools_msgs
[8.684s] Invoking command in '/home/jetson/f1tenth2_ws/src/f1tenth_workspace_airos/build/teleop_tools_msgs': CMAKE_PREFIX_PATH=/opt/ros/foxy /usr/bin/cmake --build /home/jetson/f1tenth2_ws/src/f1tenth_workspace_airos/build/teleop_tools_msgs -- -j4 -l4
[8.938s] [35m[1mScanning dependencies of target teleop_tools_msgs__cpp[0m
[8.983s] [  3%] [34m[1mGenerating C code for ROS interfaces[0m
[9.032s] [  6%] [34m[1mGenerating C++ code for ROS interfaces[0m
[11.054s] [  6%] Built target teleop_tools_msgs__cpp
[11.199s] [  9%] [34m[1mGenerating C++ type support dispatch for ROS interfaces[0m
[11.220s] [ 12%] [34m[1mGenerating C++ introspection for ROS interfaces[0m
[11.309s] [ 16%] [34m[1mGenerating C++ type support for eProsima Fast-RTPS[0m
[11.312s] [35m[1mScanning dependencies of target teleop_tools_msgs__rosidl_generator_c[0m
[11.543s] [ 19%] [32mBuilding C object CMakeFiles/teleop_tools_msgs__rosidl_generator_c.dir/rosidl_generator_c/teleop_tools_msgs/action/detail/increment__functions.c.o[0m
[13.711s] [35m[1mScanning dependencies of target teleop_tools_msgs__rosidl_typesupport_cpp[0m
[13.787s] [35m[1mScanning dependencies of target teleop_tools_msgs__rosidl_typesupport_introspection_cpp[0m
[13.986s] [ 22%] [32mBuilding CXX object CMakeFiles/teleop_tools_msgs__rosidl_typesupport_cpp.dir/rosidl_typesupport_cpp/teleop_tools_msgs/action/increment__type_support.cpp.o[0m
[14.005s] [ 25%] [32mBuilding CXX object CMakeFiles/teleop_tools_msgs__rosidl_typesupport_introspection_cpp.dir/rosidl_typesupport_introspection_cpp/teleop_tools_msgs/action/detail/increment__type_support.cpp.o[0m
[14.238s] [ 29%] [32m[1mLinking C shared library libteleop_tools_msgs__rosidl_generator_c.so[0m
[14.588s] [35m[1mScanning dependencies of target teleop_tools_msgs__rosidl_typesupport_fastrtps_cpp[0m
[14.683s] [ 29%] Built target teleop_tools_msgs__rosidl_generator_c
[14.854s] [ 32%] [34m[1mGenerating C introspection for ROS interfaces[0m
[15.054s] [ 35%] [32mBuilding CXX object CMakeFiles/teleop_tools_msgs__rosidl_typesupport_fastrtps_cpp.dir/rosidl_typesupport_fastrtps_cpp/teleop_tools_msgs/action/detail/dds_fastrtps/increment__type_support.cpp.o[0m
[16.974s] [ 38%] [32m[1mLinking CXX shared library libteleop_tools_msgs__rosidl_typesupport_cpp.so[0m
[17.357s] [ 38%] Built target teleop_tools_msgs__rosidl_typesupport_cpp
[17.424s] [ 41%] [32m[1mLinking CXX shared library libteleop_tools_msgs__rosidl_typesupport_introspection_cpp.so[0m
[17.468s] [ 45%] [34m[1mGenerating C type support dispatch for ROS interfaces[0m
[18.206s] [ 45%] Built target teleop_tools_msgs__rosidl_typesupport_introspection_cpp
[18.314s] [35m[1mScanning dependencies of target teleop_tools_msgs__rosidl_typesupport_introspection_c[0m
[18.656s] [ 48%] [32mBuilding C object CMakeFiles/teleop_tools_msgs__rosidl_typesupport_introspection_c.dir/rosidl_typesupport_introspection_c/teleop_tools_msgs/action/detail/increment__type_support.c.o[0m
[19.243s] [ 51%] [32m[1mLinking C shared library libteleop_tools_msgs__rosidl_typesupport_introspection_c.so[0m
[19.485s] [ 51%] Built target teleop_tools_msgs__rosidl_typesupport_introspection_c
[20.052s] [35m[1mScanning dependencies of target teleop_tools_msgs__rosidl_typesupport_c[0m
[20.156s] [ 54%] [32mBuilding CXX object CMakeFiles/teleop_tools_msgs__rosidl_typesupport_c.dir/rosidl_typesupport_c/teleop_tools_msgs/action/increment__type_support.cpp.o[0m
[20.630s] [ 58%] [32m[1mLinking CXX shared library libteleop_tools_msgs__rosidl_typesupport_c.so[0m
[21.301s] [ 58%] Built target teleop_tools_msgs__rosidl_typesupport_c
[22.120s] [ 61%] [32m[1mLinking CXX shared library libteleop_tools_msgs__rosidl_typesupport_fastrtps_cpp.so[0m
[23.481s] [ 61%] Built target teleop_tools_msgs__rosidl_typesupport_fastrtps_cpp
[23.724s] [ 64%] [34m[1mGenerating C type support for eProsima Fast-RTPS[0m
[27.292s] [35m[1mScanning dependencies of target teleop_tools_msgs__rosidl_typesupport_fastrtps_c[0m
[27.561s] [ 67%] [32mBuilding CXX object CMakeFiles/teleop_tools_msgs__rosidl_typesupport_fastrtps_c.dir/rosidl_typesupport_fastrtps_c/teleop_tools_msgs/action/detail/increment__type_support_c.cpp.o[0m
[32.415s] [ 70%] [32m[1mLinking CXX shared library libteleop_tools_msgs__rosidl_typesupport_fastrtps_c.so[0m
[33.939s] [ 70%] Built target teleop_tools_msgs__rosidl_typesupport_fastrtps_c
[34.042s] [35m[1mScanning dependencies of target teleop_tools_msgs[0m
[34.167s] [ 70%] Built target teleop_tools_msgs
[34.319s] [35m[1mScanning dependencies of target teleop_tools_msgs__py[0m
[34.376s] [ 74%] [34m[1mGenerating Python code for ROS interfaces[0m
[39.516s] [ 74%] Built target teleop_tools_msgs__py
[39.565s] [35m[1mScanning dependencies of target teleop_tools_msgs__python[0m
[39.724s] [ 77%] [32mBuilding C object CMakeFiles/teleop_tools_msgs__python.dir/rosidl_generator_py/teleop_tools_msgs/action/_increment_s.c.o[0m
[40.549s] [ 80%] [32m[1mLinking C shared library rosidl_generator_py/teleop_tools_msgs/libteleop_tools_msgs__python.so[0m
[40.797s] [ 80%] Built target teleop_tools_msgs__python
[40.850s] [35m[1mScanning dependencies of target teleop_tools_msgs__rosidl_typesupport_c__pyext[0m
[40.977s] [ 83%] [32mBuilding C object CMakeFiles/teleop_tools_msgs__rosidl_typesupport_c__pyext.dir/rosidl_generator_py/teleop_tools_msgs/_teleop_tools_msgs_s.ep.rosidl_typesupport_c.c.o[0m
[41.583s] [ 87%] [32m[1mLinking C shared library rosidl_generator_py/teleop_tools_msgs/teleop_tools_msgs_s__rosidl_typesupport_c.cpython-38-aarch64-linux-gnu.so[0m
[41.801s] [ 87%] Built target teleop_tools_msgs__rosidl_typesupport_c__pyext
[41.853s] [35m[1mScanning dependencies of target teleop_tools_msgs__rosidl_typesupport_fastrtps_c__pyext[0m
[41.993s] [ 90%] [32mBuilding C object CMakeFiles/teleop_tools_msgs__rosidl_typesupport_fastrtps_c__pyext.dir/rosidl_generator_py/teleop_tools_msgs/_teleop_tools_msgs_s.ep.rosidl_typesupport_fastrtps_c.c.o[0m
[42.622s] [ 93%] [32m[1mLinking CXX shared library rosidl_generator_py/teleop_tools_msgs/teleop_tools_msgs_s__rosidl_typesupport_fastrtps_c.cpython-38-aarch64-linux-gnu.so[0m
[43.026s] [ 93%] Built target teleop_tools_msgs__rosidl_typesupport_fastrtps_c__pyext
[43.086s] [35m[1mScanning dependencies of target teleop_tools_msgs__rosidl_typesupport_introspection_c__pyext[0m
[43.228s] [ 96%] [32mBuilding C object CMakeFiles/teleop_tools_msgs__rosidl_typesupport_introspection_c__pyext.dir/rosidl_generator_py/teleop_tools_msgs/_teleop_tools_msgs_s.ep.rosidl_typesupport_introspection_c.c.o[0m
[43.899s] [100%] [32m[1mLinking C shared library rosidl_generator_py/teleop_tools_msgs/teleop_tools_msgs_s__rosidl_typesupport_introspection_c.cpython-38-aarch64-linux-gnu.so[0m
[44.120s] [100%] Built target teleop_tools_msgs__rosidl_typesupport_introspection_c__pyext
[44.180s] Invoked command in '/home/jetson/f1tenth2_ws/src/f1tenth_workspace_airos/build/teleop_tools_msgs' returned '0': CMAKE_PREFIX_PATH=/opt/ros/foxy /usr/bin/cmake --build /home/jetson/f1tenth2_ws/src/f1tenth_workspace_airos/build/teleop_tools_msgs -- -j4 -l4
[44.254s] Invoking command in '/home/jetson/f1tenth2_ws/src/f1tenth_workspace_airos/build/teleop_tools_msgs': CMAKE_PREFIX_PATH=/opt/ros/foxy /usr/bin/cmake --install /home/jetson/f1tenth2_ws/src/f1tenth_workspace_airos/build/teleop_tools_msgs
[44.295s] -- Install configuration: ""
[44.296s] -- Installing: /home/jetson/f1tenth2_ws/src/f1tenth_workspace_airos/install/teleop_tools_msgs/share/ament_index/resource_index/rosidl_interfaces/teleop_tools_msgs
[44.298s] -- Installing: /home/jetson/f1tenth2_ws/src/f1tenth_workspace_airos/install/teleop_tools_msgs/include/teleop_tools_msgs
[44.298s] -- Installing: /home/jetson/f1tenth2_ws/src/f1tenth_workspace_airos/install/teleop_tools_msgs/include/teleop_tools_msgs/action
[44.299s] -- Installing: /home/jetson/f1tenth2_ws/src/f1tenth_workspace_airos/install/teleop_tools_msgs/include/teleop_tools_msgs/action/detail
[44.300s] -- Installing: /home/jetson/f1tenth2_ws/src/f1tenth_workspace_airos/install/teleop_tools_msgs/include/teleop_tools_msgs/action/detail/increment__functions.c
[44.302s] -- Installing: /home/jetson/f1tenth2_ws/src/f1tenth_workspace_airos/install/teleop_tools_msgs/include/teleop_tools_msgs/action/detail/increment__struct.h
[44.303s] -- Installing: /home/jetson/f1tenth2_ws/src/f1tenth_workspace_airos/install/teleop_tools_msgs/include/teleop_tools_msgs/action/detail/increment__type_support.h
[44.304s] -- Installing: /home/jetson/f1tenth2_ws/src/f1tenth_workspace_airos/install/teleop_tools_msgs/include/teleop_tools_msgs/action/detail/increment__functions.h
[44.306s] -- Installing: /home/jetson/f1tenth2_ws/src/f1tenth_workspace_airos/install/teleop_tools_msgs/include/teleop_tools_msgs/action/increment.h
[44.307s] -- Installing: /home/jetson/f1tenth2_ws/src/f1tenth_workspace_airos/install/teleop_tools_msgs/include/teleop_tools_msgs/msg
[44.308s] -- Installing: /home/jetson/f1tenth2_ws/src/f1tenth_workspace_airos/install/teleop_tools_msgs/include/teleop_tools_msgs/msg/rosidl_generator_c__visibility_control.h
[44.310s] -- Installing: /home/jetson/f1tenth2_ws/src/f1tenth_workspace_airos/install/teleop_tools_msgs/share/teleop_tools_msgs/environment/library_path.sh
[44.312s] -- Installing: /home/jetson/f1tenth2_ws/src/f1tenth_workspace_airos/install/teleop_tools_msgs/share/teleop_tools_msgs/environment/library_path.dsv
[44.314s] -- Installing: /home/jetson/f1tenth2_ws/src/f1tenth_workspace_airos/install/teleop_tools_msgs/lib/libteleop_tools_msgs__rosidl_generator_c.so
[44.318s] -- Set runtime path of "/home/jetson/f1tenth2_ws/src/f1tenth_workspace_airos/install/teleop_tools_msgs/lib/libteleop_tools_msgs__rosidl_generator_c.so" to ""
[44.319s] -- Up-to-date: /home/jetson/f1tenth2_ws/src/f1tenth_workspace_airos/install/teleop_tools_msgs/include/teleop_tools_msgs
[44.320s] -- Up-to-date: /home/jetson/f1tenth2_ws/src/f1tenth_workspace_airos/install/teleop_tools_msgs/include/teleop_tools_msgs/action
[44.320s] -- Up-to-date: /home/jetson/f1tenth2_ws/src/f1tenth_workspace_airos/install/teleop_tools_msgs/include/teleop_tools_msgs/action/detail
[44.321s] -- Installing: /home/jetson/f1tenth2_ws/src/f1tenth_workspace_airos/install/teleop_tools_msgs/include/teleop_tools_msgs/action/detail/increment__rosidl_typesupport_fastrtps_c.h
[44.322s] -- Up-to-date: /home/jetson/f1tenth2_ws/src/f1tenth_workspace_airos/install/teleop_tools_msgs/include/teleop_tools_msgs/msg
[44.322s] -- Installing: /home/jetson/f1tenth2_ws/src/f1tenth_workspace_airos/install/teleop_tools_msgs/include/teleop_tools_msgs/msg/rosidl_typesupport_fastrtps_c__visibility_control.h
[44.324s] -- Installing: /home/jetson/f1tenth2_ws/src/f1tenth_workspace_airos/install/teleop_tools_msgs/lib/libteleop_tools_msgs__rosidl_typesupport_fastrtps_c.so
[44.328s] -- Set runtime path of "/home/jetson/f1tenth2_ws/src/f1tenth_workspace_airos/install/teleop_tools_msgs/lib/libteleop_tools_msgs__rosidl_typesupport_fastrtps_c.so" to ""
[44.329s] -- Up-to-date: /home/jetson/f1tenth2_ws/src/f1tenth_workspace_airos/install/teleop_tools_msgs/include/teleop_tools_msgs
[44.330s] -- Up-to-date: /home/jetson/f1tenth2_ws/src/f1tenth_workspace_airos/install/teleop_tools_msgs/include/teleop_tools_msgs/action
[44.331s] -- Up-to-date: /home/jetson/f1tenth2_ws/src/f1tenth_workspace_airos/install/teleop_tools_msgs/include/teleop_tools_msgs/action/detail
[44.331s] -- Installing: /home/jetson/f1tenth2_ws/src/f1tenth_workspace_airos/install/teleop_tools_msgs/include/teleop_tools_msgs/action/detail/dds_fastrtps
[44.332s] -- Installing: /home/jetson/f1tenth2_ws/src/f1tenth_workspace_airos/install/teleop_tools_msgs/include/teleop_tools_msgs/action/detail/increment__rosidl_typesupport_fastrtps_cpp.hpp
[44.333s] -- Up-to-date: /home/jetson/f1tenth2_ws/src/f1tenth_workspace_airos/install/teleop_tools_msgs/include/teleop_tools_msgs/msg
[44.333s] -- Installing: /home/jetson/f1tenth2_ws/src/f1tenth_workspace_airos/install/teleop_tools_msgs/include/teleop_tools_msgs/msg/rosidl_typesupport_fastrtps_cpp__visibility_control.h
[44.335s] -- Installing: /home/jetson/f1tenth2_ws/src/f1tenth_workspace_airos/install/teleop_tools_msgs/lib/libteleop_tools_msgs__rosidl_typesupport_fastrtps_cpp.so
[44.339s] -- Set runtime path of "/home/jetson/f1tenth2_ws/src/f1tenth_workspace_airos/install/teleop_tools_msgs/lib/libteleop_tools_msgs__rosidl_typesupport_fastrtps_cpp.so" to ""
[44.340s] -- Up-to-date: /home/jetson/f1tenth2_ws/src/f1tenth_workspace_airos/install/teleop_tools_msgs/include/teleop_tools_msgs
[44.341s] -- Up-to-date: /home/jetson/f1tenth2_ws/src/f1tenth_workspace_airos/install/teleop_tools_msgs/include/teleop_tools_msgs/action
[44.342s] -- Up-to-date: /home/jetson/f1tenth2_ws/src/f1tenth_workspace_airos/install/teleop_tools_msgs/include/teleop_tools_msgs/action/detail
[44.342s] -- Installing: /home/jetson/f1tenth2_ws/src/f1tenth_workspace_airos/install/teleop_tools_msgs/include/teleop_tools_msgs/action/detail/increment__rosidl_typesupport_introspection_c.h
[44.344s] -- Installing: /home/jetson/f1tenth2_ws/src/f1tenth_workspace_airos/install/teleop_tools_msgs/include/teleop_tools_msgs/action/detail/increment__type_support.c
[44.345s] -- Up-to-date: /home/jetson/f1tenth2_ws/src/f1tenth_workspace_airos/install/teleop_tools_msgs/include/teleop_tools_msgs/msg
[44.346s] -- Installing: /home/jetson/f1tenth2_ws/src/f1tenth_workspace_airos/install/teleop_tools_msgs/include/teleop_tools_msgs/msg/rosidl_typesupport_introspection_c__visibility_control.h
[44.350s] -- Installing: /home/jetson/f1tenth2_ws/src/f1tenth_workspace_airos/install/teleop_tools_msgs/lib/libteleop_tools_msgs__rosidl_typesupport_introspection_c.so
[44.352s] -- Set runtime path of "/home/jetson/f1tenth2_ws/src/f1tenth_workspace_airos/install/teleop_tools_msgs/lib/libteleop_tools_msgs__rosidl_typesupport_introspection_c.so" to ""
[44.353s] -- Installing: /home/jetson/f1tenth2_ws/src/f1tenth_workspace_airos/install/teleop_tools_msgs/lib/libteleop_tools_msgs__rosidl_typesupport_c.so
[44.357s] -- Set runtime path of "/home/jetson/f1tenth2_ws/src/f1tenth_workspace_airos/install/teleop_tools_msgs/lib/libteleop_tools_msgs__rosidl_typesupport_c.so" to ""
[44.358s] -- Up-to-date: /home/jetson/f1tenth2_ws/src/f1tenth_workspace_airos/install/teleop_tools_msgs/include/teleop_tools_msgs
[44.359s] -- Up-to-date: /home/jetson/f1tenth2_ws/src/f1tenth_workspace_airos/install/teleop_tools_msgs/include/teleop_tools_msgs/action
[44.360s] -- Installing: /home/jetson/f1tenth2_ws/src/f1tenth_workspace_airos/install/teleop_tools_msgs/include/teleop_tools_msgs/action/increment.hpp
[44.361s] -- Up-to-date: /home/jetson/f1tenth2_ws/src/f1tenth_workspace_airos/install/teleop_tools_msgs/include/teleop_tools_msgs/action/detail
[44.361s] -- Installing: /home/jetson/f1tenth2_ws/src/f1tenth_workspace_airos/install/teleop_tools_msgs/include/teleop_tools_msgs/action/detail/increment__builder.hpp
[44.362s] -- Installing: /home/jetson/f1tenth2_ws/src/f1tenth_workspace_airos/install/teleop_tools_msgs/include/teleop_tools_msgs/action/detail/increment__type_support.hpp
[44.363s] -- Installing: /home/jetson/f1tenth2_ws/src/f1tenth_workspace_airos/install/teleop_tools_msgs/include/teleop_tools_msgs/action/detail/increment__struct.hpp
[44.366s] -- Installing: /home/jetson/f1tenth2_ws/src/f1tenth_workspace_airos/install/teleop_tools_msgs/include/teleop_tools_msgs/action/detail/increment__traits.hpp
[44.366s] -- Up-to-date: /home/jetson/f1tenth2_ws/src/f1tenth_workspace_airos/install/teleop_tools_msgs/include/teleop_tools_msgs/msg
[44.368s] -- Installing: /home/jetson/f1tenth2_ws/src/f1tenth_workspace_airos/install/teleop_tools_msgs/include/teleop_tools_msgs/msg/rosidl_generator_cpp__visibility_control.hpp
[44.369s] -- Up-to-date: /home/jetson/f1tenth2_ws/src/f1tenth_workspace_airos/install/teleop_tools_msgs/include/teleop_tools_msgs
[44.369s] -- Up-to-date: /home/jetson/f1tenth2_ws/src/f1tenth_workspace_airos/install/teleop_tools_msgs/include/teleop_tools_msgs/action
[44.370s] -- Up-to-date: /home/jetson/f1tenth2_ws/src/f1tenth_workspace_airos/install/teleop_tools_msgs/include/teleop_tools_msgs/action/detail
[44.371s] -- Installing: /home/jetson/f1tenth2_ws/src/f1tenth_workspace_airos/install/teleop_tools_msgs/include/teleop_tools_msgs/action/detail/increment__rosidl_typesupport_introspection_cpp.hpp
[44.372s] -- Installing: /home/jetson/f1tenth2_ws/src/f1tenth_workspace_airos/install/teleop_tools_msgs/include/teleop_tools_msgs/action/detail/increment__type_support.cpp
[44.374s] -- Installing: /home/jetson/f1tenth2_ws/src/f1tenth_workspace_airos/install/teleop_tools_msgs/lib/libteleop_tools_msgs__rosidl_typesupport_introspection_cpp.so
[44.378s] -- Set runtime path of "/home/jetson/f1tenth2_ws/src/f1tenth_workspace_airos/install/teleop_tools_msgs/lib/libteleop_tools_msgs__rosidl_typesupport_introspection_cpp.so" to ""
[44.379s] -- Installing: /home/jetson/f1tenth2_ws/src/f1tenth_workspace_airos/install/teleop_tools_msgs/lib/libteleop_tools_msgs__rosidl_typesupport_cpp.so
[44.383s] -- Set runtime path of "/home/jetson/f1tenth2_ws/src/f1tenth_workspace_airos/install/teleop_tools_msgs/lib/libteleop_tools_msgs__rosidl_typesupport_cpp.so" to ""
[44.384s] -- Installing: /home/jetson/f1tenth2_ws/src/f1tenth_workspace_airos/install/teleop_tools_msgs/share/teleop_tools_msgs/environment/pythonpath.sh
[44.385s] -- Installing: /home/jetson/f1tenth2_ws/src/f1tenth_workspace_airos/install/teleop_tools_msgs/share/teleop_tools_msgs/environment/pythonpath.dsv
[44.388s] -- Installing: /home/jetson/f1tenth2_ws/src/f1tenth_workspace_airos/install/teleop_tools_msgs/lib/python3.8/site-packages/teleop_tools_msgs/__init__.py
[44.546s] Compiling '/home/jetson/f1tenth2_ws/src/f1tenth_workspace_airos/install/teleop_tools_msgs/lib/python3.8/site-packages/teleop_tools_msgs/__init__.py'...
[44.568s] -- Installing: /home/jetson/f1tenth2_ws/src/f1tenth_workspace_airos/install/teleop_tools_msgs/lib/python3.8/site-packages/teleop_tools_msgs/action
[44.568s] -- Installing: /home/jetson/f1tenth2_ws/src/f1tenth_workspace_airos/install/teleop_tools_msgs/lib/python3.8/site-packages/teleop_tools_msgs/action/_increment.py
[44.570s] -- Installing: /home/jetson/f1tenth2_ws/src/f1tenth_workspace_airos/install/teleop_tools_msgs/lib/python3.8/site-packages/teleop_tools_msgs/action/__init__.py
[44.571s] -- Installing: /home/jetson/f1tenth2_ws/src/f1tenth_workspace_airos/install/teleop_tools_msgs/lib/python3.8/site-packages/teleop_tools_msgs/action/_increment_s.c
[44.573s] -- Installing: /home/jetson/f1tenth2_ws/src/f1tenth_workspace_airos/install/teleop_tools_msgs/lib/python3.8/site-packages/teleop_tools_msgs/teleop_tools_msgs_s__rosidl_typesupport_fastrtps_c.cpython-38-aarch64-linux-gnu.so
[44.577s] -- Set runtime path of "/home/jetson/f1tenth2_ws/src/f1tenth_workspace_airos/install/teleop_tools_msgs/lib/python3.8/site-packages/teleop_tools_msgs/teleop_tools_msgs_s__rosidl_typesupport_fastrtps_c.cpython-38-aarch64-linux-gnu.so" to ""
[44.578s] -- Installing: /home/jetson/f1tenth2_ws/src/f1tenth_workspace_airos/install/teleop_tools_msgs/lib/python3.8/site-packages/teleop_tools_msgs/teleop_tools_msgs_s__rosidl_typesupport_introspection_c.cpython-38-aarch64-linux-gnu.so
[44.582s] -- Set runtime path of "/home/jetson/f1tenth2_ws/src/f1tenth_workspace_airos/install/teleop_tools_msgs/lib/python3.8/site-packages/teleop_tools_msgs/teleop_tools_msgs_s__rosidl_typesupport_introspection_c.cpython-38-aarch64-linux-gnu.so" to ""
[44.584s] -- Installing: /home/jetson/f1tenth2_ws/src/f1tenth_workspace_airos/install/teleop_tools_msgs/lib/python3.8/site-packages/teleop_tools_msgs/teleop_tools_msgs_s__rosidl_typesupport_c.cpython-38-aarch64-linux-gnu.so
[44.588s] -- Set runtime path of "/home/jetson/f1tenth2_ws/src/f1tenth_workspace_airos/install/teleop_tools_msgs/lib/python3.8/site-packages/teleop_tools_msgs/teleop_tools_msgs_s__rosidl_typesupport_c.cpython-38-aarch64-linux-gnu.so" to ""
[44.589s] -- Installing: /home/jetson/f1tenth2_ws/src/f1tenth_workspace_airos/install/teleop_tools_msgs/lib/libteleop_tools_msgs__python.so
[44.593s] -- Set runtime path of "/home/jetson/f1tenth2_ws/src/f1tenth_workspace_airos/install/teleop_tools_msgs/lib/libteleop_tools_msgs__python.so" to ""
[44.594s] -- Installing: /home/jetson/f1tenth2_ws/src/f1tenth_workspace_airos/install/teleop_tools_msgs/share/teleop_tools_msgs/action/Increment.idl
[44.595s] -- Installing: /home/jetson/f1tenth2_ws/src/f1tenth_workspace_airos/install/teleop_tools_msgs/share/teleop_tools_msgs/action/Increment.action
[44.597s] -- Installing: /home/jetson/f1tenth2_ws/src/f1tenth_workspace_airos/install/teleop_tools_msgs/share/ament_index/resource_index/package_run_dependencies/teleop_tools_msgs
[44.599s] -- Installing: /home/jetson/f1tenth2_ws/src/f1tenth_workspace_airos/install/teleop_tools_msgs/share/ament_index/resource_index/parent_prefix_path/teleop_tools_msgs
[44.600s] -- Installing: /home/jetson/f1tenth2_ws/src/f1tenth_workspace_airos/install/teleop_tools_msgs/share/teleop_tools_msgs/environment/ament_prefix_path.sh
[44.602s] -- Installing: /home/jetson/f1tenth2_ws/src/f1tenth_workspace_airos/install/teleop_tools_msgs/share/teleop_tools_msgs/environment/ament_prefix_path.dsv
[44.603s] -- Installing: /home/jetson/f1tenth2_ws/src/f1tenth_workspace_airos/install/teleop_tools_msgs/share/teleop_tools_msgs/environment/path.sh
[44.604s] -- Installing: /home/jetson/f1tenth2_ws/src/f1tenth_workspace_airos/install/teleop_tools_msgs/share/teleop_tools_msgs/environment/path.dsv
[44.606s] -- Installing: /home/jetson/f1tenth2_ws/src/f1tenth_workspace_airos/install/teleop_tools_msgs/share/teleop_tools_msgs/local_setup.bash
[44.607s] -- Installing: /home/jetson/f1tenth2_ws/src/f1tenth_workspace_airos/install/teleop_tools_msgs/share/teleop_tools_msgs/local_setup.sh
[44.608s] -- Installing: /home/jetson/f1tenth2_ws/src/f1tenth_workspace_airos/install/teleop_tools_msgs/share/teleop_tools_msgs/local_setup.zsh
[44.609s] -- Installing: /home/jetson/f1tenth2_ws/src/f1tenth_workspace_airos/install/teleop_tools_msgs/share/teleop_tools_msgs/local_setup.dsv
[44.611s] -- Installing: /home/jetson/f1tenth2_ws/src/f1tenth_workspace_airos/install/teleop_tools_msgs/share/teleop_tools_msgs/package.dsv
[44.612s] -- Installing: /home/jetson/f1tenth2_ws/src/f1tenth_workspace_airos/install/teleop_tools_msgs/share/ament_index/resource_index/packages/teleop_tools_msgs
[44.614s] -- Installing: /home/jetson/f1tenth2_ws/src/f1tenth_workspace_airos/install/teleop_tools_msgs/share/teleop_tools_msgs/cmake/teleop_tools_msgs__rosidl_generator_cExport.cmake
[44.616s] -- Installing: /home/jetson/f1tenth2_ws/src/f1tenth_workspace_airos/install/teleop_tools_msgs/share/teleop_tools_msgs/cmake/teleop_tools_msgs__rosidl_generator_cExport-noconfig.cmake
[44.617s] -- Installing: /home/jetson/f1tenth2_ws/src/f1tenth_workspace_airos/install/teleop_tools_msgs/share/teleop_tools_msgs/cmake/teleop_tools_msgs__rosidl_typesupport_introspection_cExport.cmake
[44.620s] -- Installing: /home/jetson/f1tenth2_ws/src/f1tenth_workspace_airos/install/teleop_tools_msgs/share/teleop_tools_msgs/cmake/teleop_tools_msgs__rosidl_typesupport_introspection_cExport-noconfig.cmake
[44.620s] -- Installing: /home/jetson/f1tenth2_ws/src/f1tenth_workspace_airos/install/teleop_tools_msgs/share/teleop_tools_msgs/cmake/teleop_tools_msgs__rosidl_typesupport_cExport.cmake
[44.623s] -- Installing: /home/jetson/f1tenth2_ws/src/f1tenth_workspace_airos/install/teleop_tools_msgs/share/teleop_tools_msgs/cmake/teleop_tools_msgs__rosidl_typesupport_cExport-noconfig.cmake
[44.624s] -- Installing: /home/jetson/f1tenth2_ws/src/f1tenth_workspace_airos/install/teleop_tools_msgs/share/teleop_tools_msgs/cmake/teleop_tools_msgs__rosidl_generator_cppExport.cmake
[44.626s] -- Installing: /home/jetson/f1tenth2_ws/src/f1tenth_workspace_airos/install/teleop_tools_msgs/share/teleop_tools_msgs/cmake/teleop_tools_msgs__rosidl_typesupport_introspection_cppExport.cmake
[44.627s] -- Installing: /home/jetson/f1tenth2_ws/src/f1tenth_workspace_airos/install/teleop_tools_msgs/share/teleop_tools_msgs/cmake/teleop_tools_msgs__rosidl_typesupport_introspection_cppExport-noconfig.cmake
[44.629s] -- Installing: /home/jetson/f1tenth2_ws/src/f1tenth_workspace_airos/install/teleop_tools_msgs/share/teleop_tools_msgs/cmake/teleop_tools_msgs__rosidl_typesupport_cppExport.cmake
[44.630s] -- Installing: /home/jetson/f1tenth2_ws/src/f1tenth_workspace_airos/install/teleop_tools_msgs/share/teleop_tools_msgs/cmake/teleop_tools_msgs__rosidl_typesupport_cppExport-noconfig.cmake
[44.631s] -- Installing: /home/jetson/f1tenth2_ws/src/f1tenth_workspace_airos/install/teleop_tools_msgs/share/teleop_tools_msgs/cmake/rosidl_cmake-extras.cmake
[44.633s] -- Installing: /home/jetson/f1tenth2_ws/src/f1tenth_workspace_airos/install/teleop_tools_msgs/share/teleop_tools_msgs/cmake/ament_cmake_export_dependencies-extras.cmake
[44.634s] -- Installing: /home/jetson/f1tenth2_ws/src/f1tenth_workspace_airos/install/teleop_tools_msgs/share/teleop_tools_msgs/cmake/ament_cmake_export_libraries-extras.cmake
[44.635s] -- Installing: /home/jetson/f1tenth2_ws/src/f1tenth_workspace_airos/install/teleop_tools_msgs/share/teleop_tools_msgs/cmake/ament_cmake_export_targets-extras.cmake
[44.636s] -- Installing: /home/jetson/f1tenth2_ws/src/f1tenth_workspace_airos/install/teleop_tools_msgs/share/teleop_tools_msgs/cmake/ament_cmake_export_include_directories-extras.cmake
[44.638s] -- Installing: /home/jetson/f1tenth2_ws/src/f1tenth_workspace_airos/install/teleop_tools_msgs/share/teleop_tools_msgs/cmake/rosidl_cmake_export_typesupport_libraries-extras.cmake
[44.640s] -- Installing: /home/jetson/f1tenth2_ws/src/f1tenth_workspace_airos/install/teleop_tools_msgs/share/teleop_tools_msgs/cmake/rosidl_cmake_export_typesupport_targets-extras.cmake
[44.641s] -- Installing: /home/jetson/f1tenth2_ws/src/f1tenth_workspace_airos/install/teleop_tools_msgs/share/teleop_tools_msgs/cmake/teleop_tools_msgsConfig.cmake
[44.642s] -- Installing: /home/jetson/f1tenth2_ws/src/f1tenth_workspace_airos/install/teleop_tools_msgs/share/teleop_tools_msgs/cmake/teleop_tools_msgsConfig-version.cmake
[44.644s] -- Installing: /home/jetson/f1tenth2_ws/src/f1tenth_workspace_airos/install/teleop_tools_msgs/share/teleop_tools_msgs/package.xml
[44.660s] Invoked command in '/home/jetson/f1tenth2_ws/src/f1tenth_workspace_airos/build/teleop_tools_msgs' returned '0': CMAKE_PREFIX_PATH=/opt/ros/foxy /usr/bin/cmake --install /home/jetson/f1tenth2_ws/src/f1tenth_workspace_airos/build/teleop_tools_msgs
