[0.072s] Invoking command in '/home/jetson/f1tenth2_ws/src/f1tenth_workspace_airos/build/vesc_driver': AMENT_PREFIX_PATH=/home/jetson/f1tenth2_ws/src/f1tenth_workspace_airos/install/vesc_msgs:${AMENT_PREFIX_PATH} CMAKE_PREFIX_PATH=/home/jetson/f1tenth2_ws/src/f1tenth_workspace_airos/install/vesc_msgs:/opt/ros/foxy LD_LIBRARY_PATH=/home/jetson/f1tenth2_ws/src/f1tenth_workspace_airos/install/vesc_msgs/lib:${LD_LIBRARY_PATH} PYTHONPATH=/home/jetson/f1tenth2_ws/src/f1tenth_workspace_airos/install/vesc_msgs/lib/python3.8/site-packages:${PYTHONPATH} /usr/bin/cmake /home/jetson/f1tenth2_ws/src/f1tenth_workspace_airos/f1tenth_system/vesc/vesc_driver -DCMAKE_INSTALL_PREFIX=/home/jetson/f1tenth2_ws/src/f1tenth_workspace_airos/install/vesc_driver
[0.377s] -- The C compiler identification is GNU 9.4.0
[0.665s] -- The CXX compiler identification is GNU 9.4.0
[0.690s] -- Check for working C compiler: /usr/bin/cc
[1.035s] -- Check for working C compiler: /usr/bin/cc -- works
[1.041s] -- Detecting C compiler ABI info
[1.390s] -- Detecting C compiler ABI info - done
[1.450s] -- Detecting C compile features
[1.453s] -- Detecting C compile features - done
[1.466s] -- Check for working CXX compiler: /usr/bin/c++
[1.874s] -- Check for working CXX compiler: /usr/bin/c++ -- works
[1.881s] -- Detecting CXX compiler ABI info
[2.279s] -- Detecting CXX compiler ABI info - done
[2.336s] -- Detecting CXX compile features
[2.338s] -- Detecting CXX compile features - done
[2.349s] -- Found ament_cmake_auto: 0.9.12 (/opt/ros/foxy/share/ament_cmake_auto/cmake)
[2.467s] -- Found PythonInterp: /usr/bin/python3 (found suitable version "3.8.10", minimum required is "3") 
[2.467s] -- Using PYTHON_EXECUTABLE: /usr/bin/python3
[3.871s] -- Using all available rosidl_typesupport_c: rosidl_typesupport_fastrtps_c;rosidl_typesupport_introspection_c
[3.905s] -- Found rosidl_adapter: 1.3.1 (/opt/ros/foxy/share/rosidl_adapter/cmake)
[4.332s] -- Found OpenSSL: /usr/lib/aarch64-linux-gnu/libcrypto.so (found version "1.1.1f")  
[4.464s] -- Found FastRTPS: /opt/ros/foxy/include  
[4.830s] -- Using all available rosidl_typesupport_cpp: rosidl_typesupport_fastrtps_cpp;rosidl_typesupport_introspection_cpp
[5.094s] -- Found rmw_implementation_cmake: 1.0.4 (/opt/ros/foxy/share/rmw_implementation_cmake/cmake)
[5.100s] -- Using RMW implementation 'rmw_fastrtps_cpp' as default
[5.103s] -- Looking for pthread.h
[5.444s] -- Looking for pthread.h - found
[5.445s] -- Performing Test CMAKE_HAVE_LIBC_PTHREAD
[5.795s] -- Performing Test CMAKE_HAVE_LIBC_PTHREAD - Failed
[5.797s] -- Looking for pthread_create in pthreads
[6.084s] -- Looking for pthread_create in pthreads - not found
[6.085s] -- Looking for pthread_create in pthread
[6.415s] -- Looking for pthread_create in pthread - found
[6.423s] -- Found Threads: TRUE  
[9.059s] -- Found ament_lint_auto: 0.9.8 (/opt/ros/foxy/share/ament_lint_auto/cmake)
[9.137s] -- Added test 'copyright' to check source files copyright and LICENSE
[9.148s] -- Added test 'cppcheck' to perform static code analysis on C / C++ code
[9.149s] -- Configured cppcheck include dirs: /home/jetson/f1tenth2_ws/src/f1tenth_workspace_airos/f1tenth_system/vesc/vesc_driver/include
[9.149s] -- Configured cppcheck exclude dirs and/or files: 
[9.159s] -- Added test 'cpplint' to check C / C++ code against the Google style
[9.159s] -- Configured cpplint exclude dirs and/or files: 
[9.163s] -- Added test 'flake8' to check Python code syntax and style conventions
[9.167s] -- Added test 'lint_cmake' to check CMake code style
[9.170s] -- Added test 'pep257' to check Python code against some of the style conventions in PEP 257
[9.179s] -- Added test 'uncrustify' to check C / C++ code style
[9.180s] -- Configured uncrustify additional arguments: 
[9.182s] -- Added test 'xmllint' to check XML markup files
[9.216s] -- Configuring done
[9.526s] -- Generating done
[9.609s] -- Build files have been written to: /home/jetson/f1tenth2_ws/src/f1tenth_workspace_airos/build/vesc_driver
[9.654s] Invoked command in '/home/jetson/f1tenth2_ws/src/f1tenth_workspace_airos/build/vesc_driver' returned '0': AMENT_PREFIX_PATH=/home/jetson/f1tenth2_ws/src/f1tenth_workspace_airos/install/vesc_msgs:${AMENT_PREFIX_PATH} CMAKE_PREFIX_PATH=/home/jetson/f1tenth2_ws/src/f1tenth_workspace_airos/install/vesc_msgs:/opt/ros/foxy LD_LIBRARY_PATH=/home/jetson/f1tenth2_ws/src/f1tenth_workspace_airos/install/vesc_msgs/lib:${LD_LIBRARY_PATH} PYTHONPATH=/home/jetson/f1tenth2_ws/src/f1tenth_workspace_airos/install/vesc_msgs/lib/python3.8/site-packages:${PYTHONPATH} /usr/bin/cmake /home/jetson/f1tenth2_ws/src/f1tenth_workspace_airos/f1tenth_system/vesc/vesc_driver -DCMAKE_INSTALL_PREFIX=/home/jetson/f1tenth2_ws/src/f1tenth_workspace_airos/install/vesc_driver
[9.662s] Invoking command in '/home/jetson/f1tenth2_ws/src/f1tenth_workspace_airos/build/vesc_driver': AMENT_PREFIX_PATH=/home/jetson/f1tenth2_ws/src/f1tenth_workspace_airos/install/vesc_msgs:${AMENT_PREFIX_PATH} CMAKE_PREFIX_PATH=/home/jetson/f1tenth2_ws/src/f1tenth_workspace_airos/install/vesc_msgs:/opt/ros/foxy LD_LIBRARY_PATH=/home/jetson/f1tenth2_ws/src/f1tenth_workspace_airos/install/vesc_msgs/lib:${LD_LIBRARY_PATH} PYTHONPATH=/home/jetson/f1tenth2_ws/src/f1tenth_workspace_airos/install/vesc_msgs/lib/python3.8/site-packages:${PYTHONPATH} /usr/bin/cmake --build /home/jetson/f1tenth2_ws/src/f1tenth_workspace_airos/build/vesc_driver -- -j4 -l4
[9.864s] [35m[1mScanning dependencies of target vesc_driver_node[0m
[9.864s] [35m[1mScanning dependencies of target vesc_driver[0m
[10.101s] [ 10%] [32mBuilding CXX object CMakeFiles/vesc_driver_node.dir/rclcpp_components/node_main_vesc_driver_node.cpp.o[0m
[10.159s] [ 20%] [32mBuilding CXX object CMakeFiles/vesc_driver.dir/src/vesc_driver.cpp.o[0m
[10.215s] [ 30%] [32mBuilding CXX object CMakeFiles/vesc_driver.dir/src/vesc_interface.cpp.o[0m
[11.351s] [ 40%] [32mBuilding CXX object CMakeFiles/vesc_driver.dir/src/vesc_packet.cpp.o[0m
[15.905s] [ 50%] [32mBuilding CXX object CMakeFiles/vesc_driver.dir/src/vesc_packet_factory.cpp.o[0m
[23.400s] [ 60%] [32m[1mLinking CXX executable vesc_driver_node[0m
[23.968s] [ 60%] Built target vesc_driver_node
[41.181s] [ 70%] [32m[1mLinking CXX shared library libvesc_driver.so[0m
[42.952s] [ 70%] Built target vesc_driver
[42.998s] [35m[1mScanning dependencies of target vesc_device_namer[0m
[43.057s] [ 90%] [32mBuilding CXX object CMakeFiles/vesc_device_namer.dir/src/vesc_device_namer.cpp.o[0m
[43.058s] [ 90%] [32mBuilding CXX object CMakeFiles/vesc_device_namer.dir/src/vesc_device_uuid_lookup.cpp.o[0m
[45.442s] [100%] [32m[1mLinking CXX executable vesc_device_namer[0m
[46.238s] [100%] Built target vesc_device_namer
[46.289s] Invoked command in '/home/jetson/f1tenth2_ws/src/f1tenth_workspace_airos/build/vesc_driver' returned '0': AMENT_PREFIX_PATH=/home/jetson/f1tenth2_ws/src/f1tenth_workspace_airos/install/vesc_msgs:${AMENT_PREFIX_PATH} CMAKE_PREFIX_PATH=/home/jetson/f1tenth2_ws/src/f1tenth_workspace_airos/install/vesc_msgs:/opt/ros/foxy LD_LIBRARY_PATH=/home/jetson/f1tenth2_ws/src/f1tenth_workspace_airos/install/vesc_msgs/lib:${LD_LIBRARY_PATH} PYTHONPATH=/home/jetson/f1tenth2_ws/src/f1tenth_workspace_airos/install/vesc_msgs/lib/python3.8/site-packages:${PYTHONPATH} /usr/bin/cmake --build /home/jetson/f1tenth2_ws/src/f1tenth_workspace_airos/build/vesc_driver -- -j4 -l4
[46.305s] Invoking command in '/home/jetson/f1tenth2_ws/src/f1tenth_workspace_airos/build/vesc_driver': AMENT_PREFIX_PATH=/home/jetson/f1tenth2_ws/src/f1tenth_workspace_airos/install/vesc_msgs:${AMENT_PREFIX_PATH} CMAKE_PREFIX_PATH=/home/jetson/f1tenth2_ws/src/f1tenth_workspace_airos/install/vesc_msgs:/opt/ros/foxy LD_LIBRARY_PATH=/home/jetson/f1tenth2_ws/src/f1tenth_workspace_airos/install/vesc_msgs/lib:${LD_LIBRARY_PATH} PYTHONPATH=/home/jetson/f1tenth2_ws/src/f1tenth_workspace_airos/install/vesc_msgs/lib/python3.8/site-packages:${PYTHONPATH} /usr/bin/cmake --install /home/jetson/f1tenth2_ws/src/f1tenth_workspace_airos/build/vesc_driver
[46.338s] -- Install configuration: ""
[46.339s] -- Installing: /home/jetson/f1tenth2_ws/src/f1tenth_workspace_airos/install/vesc_driver/lib/vesc_driver/vesc_driver_node
[46.344s] -- Set runtime path of "/home/jetson/f1tenth2_ws/src/f1tenth_workspace_airos/install/vesc_driver/lib/vesc_driver/vesc_driver_node" to ""
[46.345s] -- Installing: /home/jetson/f1tenth2_ws/src/f1tenth_workspace_airos/install/vesc_driver/include
[46.345s] -- Installing: /home/jetson/f1tenth2_ws/src/f1tenth_workspace_airos/install/vesc_driver/include/vesc_driver
[46.346s] -- Installing: /home/jetson/f1tenth2_ws/src/f1tenth_workspace_airos/install/vesc_driver/include/vesc_driver/datatypes.hpp
[46.346s] -- Installing: /home/jetson/f1tenth2_ws/src/f1tenth_workspace_airos/install/vesc_driver/include/vesc_driver/vesc_interface.hpp
[46.347s] -- Installing: /home/jetson/f1tenth2_ws/src/f1tenth_workspace_airos/install/vesc_driver/include/vesc_driver/vesc_driver.hpp
[46.347s] -- Installing: /home/jetson/f1tenth2_ws/src/f1tenth_workspace_airos/install/vesc_driver/include/vesc_driver/vesc_device_uuid_lookup.hpp
[46.348s] -- Installing: /home/jetson/f1tenth2_ws/src/f1tenth_workspace_airos/install/vesc_driver/include/vesc_driver/vesc_packet_factory.hpp
[46.349s] -- Installing: /home/jetson/f1tenth2_ws/src/f1tenth_workspace_airos/install/vesc_driver/include/vesc_driver/crc.hpp
[46.351s] -- Installing: /home/jetson/f1tenth2_ws/src/f1tenth_workspace_airos/install/vesc_driver/include/vesc_driver/vesc_packet.hpp
[46.353s] -- Installing: /home/jetson/f1tenth2_ws/src/f1tenth_workspace_airos/install/vesc_driver/share/vesc_driver/environment/library_path.sh
[46.354s] -- Installing: /home/jetson/f1tenth2_ws/src/f1tenth_workspace_airos/install/vesc_driver/share/vesc_driver/environment/library_path.dsv
[46.355s] -- Installing: /home/jetson/f1tenth2_ws/src/f1tenth_workspace_airos/install/vesc_driver/lib/libvesc_driver.so
[46.398s] -- Set runtime path of "/home/jetson/f1tenth2_ws/src/f1tenth_workspace_airos/install/vesc_driver/lib/libvesc_driver.so" to ""
[46.399s] -- Installing: /home/jetson/f1tenth2_ws/src/f1tenth_workspace_airos/install/vesc_driver/lib/vesc_driver/vesc_device_namer
[46.402s] -- Set runtime path of "/home/jetson/f1tenth2_ws/src/f1tenth_workspace_airos/install/vesc_driver/lib/vesc_driver/vesc_device_namer" to ""
[46.403s] -- Installing: /home/jetson/f1tenth2_ws/src/f1tenth_workspace_airos/install/vesc_driver/share/vesc_driver/launch
[46.403s] -- Installing: /home/jetson/f1tenth2_ws/src/f1tenth_workspace_airos/install/vesc_driver/share/vesc_driver/launch/vesc_driver_node.launch.py
[46.407s] -- Installing: /home/jetson/f1tenth2_ws/src/f1tenth_workspace_airos/install/vesc_driver/share/vesc_driver/params
[46.407s] -- Installing: /home/jetson/f1tenth2_ws/src/f1tenth_workspace_airos/install/vesc_driver/share/vesc_driver/params/vesc_config.yaml
[46.409s] -- Installing: /home/jetson/f1tenth2_ws/src/f1tenth_workspace_airos/install/vesc_driver/share/ament_index/resource_index/package_run_dependencies/vesc_driver
[46.410s] -- Installing: /home/jetson/f1tenth2_ws/src/f1tenth_workspace_airos/install/vesc_driver/share/ament_index/resource_index/parent_prefix_path/vesc_driver
[46.411s] -- Installing: /home/jetson/f1tenth2_ws/src/f1tenth_workspace_airos/install/vesc_driver/share/vesc_driver/environment/ament_prefix_path.sh
[46.412s] -- Installing: /home/jetson/f1tenth2_ws/src/f1tenth_workspace_airos/install/vesc_driver/share/vesc_driver/environment/ament_prefix_path.dsv
[46.413s] -- Installing: /home/jetson/f1tenth2_ws/src/f1tenth_workspace_airos/install/vesc_driver/share/vesc_driver/environment/path.sh
[46.414s] -- Installing: /home/jetson/f1tenth2_ws/src/f1tenth_workspace_airos/install/vesc_driver/share/vesc_driver/environment/path.dsv
[46.415s] -- Installing: /home/jetson/f1tenth2_ws/src/f1tenth_workspace_airos/install/vesc_driver/share/vesc_driver/local_setup.bash
[46.415s] -- Installing: /home/jetson/f1tenth2_ws/src/f1tenth_workspace_airos/install/vesc_driver/share/vesc_driver/local_setup.sh
[46.416s] -- Installing: /home/jetson/f1tenth2_ws/src/f1tenth_workspace_airos/install/vesc_driver/share/vesc_driver/local_setup.zsh
[46.417s] -- Installing: /home/jetson/f1tenth2_ws/src/f1tenth_workspace_airos/install/vesc_driver/share/vesc_driver/local_setup.dsv
[46.418s] -- Installing: /home/jetson/f1tenth2_ws/src/f1tenth_workspace_airos/install/vesc_driver/share/vesc_driver/package.dsv
[46.419s] -- Installing: /home/jetson/f1tenth2_ws/src/f1tenth_workspace_airos/install/vesc_driver/share/ament_index/resource_index/packages/vesc_driver
[46.421s] -- Installing: /home/jetson/f1tenth2_ws/src/f1tenth_workspace_airos/install/vesc_driver/share/ament_index/resource_index/rclcpp_components/vesc_driver
[46.421s] -- Installing: /home/jetson/f1tenth2_ws/src/f1tenth_workspace_airos/install/vesc_driver/share/vesc_driver/cmake/ament_cmake_export_dependencies-extras.cmake
[46.422s] -- Installing: /home/jetson/f1tenth2_ws/src/f1tenth_workspace_airos/install/vesc_driver/share/vesc_driver/cmake/ament_cmake_export_include_directories-extras.cmake
[46.423s] -- Installing: /home/jetson/f1tenth2_ws/src/f1tenth_workspace_airos/install/vesc_driver/share/vesc_driver/cmake/ament_cmake_export_libraries-extras.cmake
[46.424s] -- Installing: /home/jetson/f1tenth2_ws/src/f1tenth_workspace_airos/install/vesc_driver/share/vesc_driver/cmake/vesc_driverConfig.cmake
[46.425s] -- Installing: /home/jetson/f1tenth2_ws/src/f1tenth_workspace_airos/install/vesc_driver/share/vesc_driver/cmake/vesc_driverConfig-version.cmake
[46.426s] -- Installing: /home/jetson/f1tenth2_ws/src/f1tenth_workspace_airos/install/vesc_driver/share/vesc_driver/package.xml
[46.438s] Invoked command in '/home/jetson/f1tenth2_ws/src/f1tenth_workspace_airos/build/vesc_driver' returned '0': AMENT_PREFIX_PATH=/home/jetson/f1tenth2_ws/src/f1tenth_workspace_airos/install/vesc_msgs:${AMENT_PREFIX_PATH} CMAKE_PREFIX_PATH=/home/jetson/f1tenth2_ws/src/f1tenth_workspace_airos/install/vesc_msgs:/opt/ros/foxy LD_LIBRARY_PATH=/home/jetson/f1tenth2_ws/src/f1tenth_workspace_airos/install/vesc_msgs/lib:${LD_LIBRARY_PATH} PYTHONPATH=/home/jetson/f1tenth2_ws/src/f1tenth_workspace_airos/install/vesc_msgs/lib/python3.8/site-packages:${PYTHONPATH} /usr/bin/cmake --install /home/jetson/f1tenth2_ws/src/f1tenth_workspace_airos/build/vesc_driver
