running egg_info
writing ../build/RPP_node/RPP_node.egg-info/PKG-INFO
writing dependency_links to ../build/RPP_node/RPP_node.egg-info/dependency_links.txt
writing entry points to ../build/RPP_node/RPP_node.egg-info/entry_points.txt
writing requirements to ../build/RPP_node/RPP_node.egg-info/requires.txt
writing top-level names to ../build/RPP_node/RPP_node.egg-info/top_level.txt
reading manifest file '../build/RPP_node/RPP_node.egg-info/SOURCES.txt'
writing manifest file '../build/RPP_node/RPP_node.egg-info/SOURCES.txt'
running build
running build_py
copying RPP_node/rpp_node_2.py -> /home/jetson/f1tenth2_ws/src/f1tenth_workspace_airos/build/RPP_node/build/lib/RPP_node
running install
running install_lib
copying /home/jetson/f1tenth2_ws/src/f1tenth_workspace_airos/build/RPP_node/build/lib/RPP_node/rpp_node_2.py -> /home/jetson/f1tenth2_ws/src/f1tenth_workspace_airos/install/RPP_node/lib/python3.8/site-packages/RPP_node
byte-compiling /home/jetson/f1tenth2_ws/src/f1tenth_workspace_airos/install/RPP_node/lib/python3.8/site-packages/RPP_node/rpp_node_2.py to rpp_node_2.cpython-38.pyc
running install_data
copying launch/direct_test.launch.py -> /home/jetson/f1tenth2_ws/src/f1tenth_workspace_airos/install/RPP_node/share/RPP_node/launch
running install_egg_info
removing '/home/jetson/f1tenth2_ws/src/f1tenth_workspace_airos/install/RPP_node/lib/python3.8/site-packages/RPP_node-0.0.0-py3.8.egg-info' (and everything under it)
Copying ../build/RPP_node/RPP_node.egg-info to /home/jetson/f1tenth2_ws/src/f1tenth_workspace_airos/install/RPP_node/lib/python3.8/site-packages/RPP_node-0.0.0-py3.8.egg-info
running install_scripts
Installing rpp_node_executable script to /home/jetson/f1tenth2_ws/src/f1tenth_workspace_airos/install/RPP_node/lib/RPP_node
Installing rpp_node_executable_2 script to /home/jetson/f1tenth2_ws/src/f1tenth_workspace_airos/install/RPP_node/lib/RPP_node
writing list of installed files to '/home/jetson/f1tenth2_ws/src/f1tenth_workspace_airos/build/RPP_node/install.log'
