[4.206s] Invoking command in '/home/jetson/f1tenth2_ws/src/f1tenth_workspace_airos/RPP_node': PYTHONPATH=/home/jetson/f1tenth2_ws/src/f1tenth_workspace_airos/build/RPP_node/prefix_override:/usr/lib/python3/dist-packages/colcon_core/task/python/colcon_distutils_commands:/home/jetson/f1tenth2_ws/src/f1tenth_workspace_airos/install/RPP_node/lib/python3.8/site-packages:${PYTHONPATH} /usr/bin/python3 -W ignore:setup.py install is deprecated -W ignore:easy_install command is deprecated setup.py egg_info --egg-base ../build/RPP_node build --build-base /home/jetson/f1tenth2_ws/src/f1tenth_workspace_airos/build/RPP_node/build install --record /home/jetson/f1tenth2_ws/src/f1tenth_workspace_airos/build/RPP_node/install.log --install-scripts $base/lib/RPP_node --single-version-externally-managed install_data
[5.301s] running egg_info
[5.305s] writing ../build/RPP_node/RPP_node.egg-info/PKG-INFO
[5.307s] writing dependency_links to ../build/RPP_node/RPP_node.egg-info/dependency_links.txt
[5.309s] writing entry points to ../build/RPP_node/RPP_node.egg-info/entry_points.txt
[5.310s] writing requirements to ../build/RPP_node/RPP_node.egg-info/requires.txt
[5.311s] writing top-level names to ../build/RPP_node/RPP_node.egg-info/top_level.txt
[5.462s] reading manifest file '../build/RPP_node/RPP_node.egg-info/SOURCES.txt'
[5.467s] writing manifest file '../build/RPP_node/RPP_node.egg-info/SOURCES.txt'
[5.468s] running build
[5.469s] running build_py
[5.469s] copying RPP_node/rpp_node_2.py -> /home/jetson/f1tenth2_ws/src/f1tenth_workspace_airos/build/RPP_node/build/lib/RPP_node
[5.470s] running install
[5.474s] running install_lib
[5.479s] copying /home/jetson/f1tenth2_ws/src/f1tenth_workspace_airos/build/RPP_node/build/lib/RPP_node/rpp_node_2.py -> /home/jetson/f1tenth2_ws/src/f1tenth_workspace_airos/install/RPP_node/lib/python3.8/site-packages/RPP_node
[5.482s] byte-compiling /home/jetson/f1tenth2_ws/src/f1tenth_workspace_airos/install/RPP_node/lib/python3.8/site-packages/RPP_node/rpp_node_2.py to rpp_node_2.cpython-38.pyc
[5.507s] running install_data
[5.508s] copying launch/direct_test.launch.py -> /home/jetson/f1tenth2_ws/src/f1tenth_workspace_airos/install/RPP_node/share/RPP_node/launch
[5.508s] running install_egg_info
[5.515s] removing '/home/jetson/f1tenth2_ws/src/f1tenth_workspace_airos/install/RPP_node/lib/python3.8/site-packages/RPP_node-0.0.0-py3.8.egg-info' (and everything under it)
[5.517s] Copying ../build/RPP_node/RPP_node.egg-info to /home/jetson/f1tenth2_ws/src/f1tenth_workspace_airos/install/RPP_node/lib/python3.8/site-packages/RPP_node-0.0.0-py3.8.egg-info
[5.523s] running install_scripts
[5.600s] Installing rpp_node_executable script to /home/jetson/f1tenth2_ws/src/f1tenth_workspace_airos/install/RPP_node/lib/RPP_node
[5.602s] Installing rpp_node_executable_2 script to /home/jetson/f1tenth2_ws/src/f1tenth_workspace_airos/install/RPP_node/lib/RPP_node
[5.604s] writing list of installed files to '/home/jetson/f1tenth2_ws/src/f1tenth_workspace_airos/build/RPP_node/install.log'
[5.734s] Invoked command in '/home/jetson/f1tenth2_ws/src/f1tenth_workspace_airos/RPP_node' returned '0': PYTHONPATH=/home/jetson/f1tenth2_ws/src/f1tenth_workspace_airos/build/RPP_node/prefix_override:/usr/lib/python3/dist-packages/colcon_core/task/python/colcon_distutils_commands:/home/jetson/f1tenth2_ws/src/f1tenth_workspace_airos/install/RPP_node/lib/python3.8/site-packages:${PYTHONPATH} /usr/bin/python3 -W ignore:setup.py install is deprecated -W ignore:easy_install command is deprecated setup.py egg_info --egg-base ../build/RPP_node build --build-base /home/jetson/f1tenth2_ws/src/f1tenth_workspace_airos/build/RPP_node/build install --record /home/jetson/f1tenth2_ws/src/f1tenth_workspace_airos/build/RPP_node/install.log --install-scripts $base/lib/RPP_node --single-version-externally-managed install_data
